ARM GAS  /tmp/cc8sApFs.s 			page 1


   1              		.syntax unified
   2              		.cpu cortex-m4
   3              		.fpu softvfp
   4              		.eabi_attribute 20, 1
   5              		.eabi_attribute 21, 1
   6              		.eabi_attribute 23, 3
   7              		.eabi_attribute 24, 1
   8              		.eabi_attribute 25, 1
   9              		.eabi_attribute 26, 1
  10              		.eabi_attribute 30, 2
  11              		.eabi_attribute 34, 1
  12              		.eabi_attribute 18, 4
  13              		.thumb
  14              		.syntax unified
  15              		.file	"chcore_v7m.c"
  16              		.text
  17              	.Ltext0:
  18              		.cfi_sections	.debug_frame
  19              		.section	.text._port_switch_from_isr,"ax",%progbits
  20              		.align	2
  21              		.p2align 4,,15
  22              		.global	_port_switch_from_isr
  23              		.thumb
  24              		.thumb_func
  25              		.type	_port_switch_from_isr, %function
  26              	_port_switch_from_isr:
  27              	.LFB11:
  28              		.file 1 "../ChibiOS_2.6.9/os/ports/GCC/ARMCMx/chcore_v7m.c"
  29              		.loc 1 200 0
  30              		.cfi_startproc
  31              		@ Naked Function: prologue and epilogue provided by programmer.
  32              		@ args = 0, pretend = 0, frame = 0
  33              		@ frame_needed = 0, uses_anonymous_args = 0
  34              		.loc 1 203 0
  35 0000 FFF7FEFF 		bl	chSchDoReschedule
  36              	.LVL0:
  37              		.loc 1 205 0
  38              		.syntax unified
  39              	@ 205 "../ChibiOS_2.6.9/os/ports/GCC/ARMCMx/chcore_v7m.c" 1
  40              		_port_exit_from_isr:
  41              	@ 0 "" 2
  42              		.loc 1 207 0
  43              	@ 207 "../ChibiOS_2.6.9/os/ports/GCC/ARMCMx/chcore_v7m.c" 1
  44 0004 00DF     		svc     #0
  45              	@ 0 "" 2
  46              		.loc 1 214 0
  47              		.thumb
  48              		.syntax unified
  49              		.cfi_endproc
  50              	.LFE11:
  51              		.size	_port_switch_from_isr, .-_port_switch_from_isr
  52 0006 00BF     		.section	.text.SVCallVector,"ax",%progbits
  53              		.align	2
  54              		.p2align 4,,15
  55              		.global	SVCallVector
  56              		.thumb
  57              		.thumb_func
ARM GAS  /tmp/cc8sApFs.s 			page 2


  58              		.type	SVCallVector, %function
  59              	SVCallVector:
  60              	.LFB8:
  61              		.loc 1 65 0
  62              		.cfi_startproc
  63              		@ args = 0, pretend = 0, frame = 0
  64              		@ frame_needed = 0, uses_anonymous_args = 0
  65              		@ link register save eliminated.
  66              		.loc 1 74 0
  67              		.syntax unified
  68              	@ 74 "../ChibiOS_2.6.9/os/ports/GCC/ARMCMx/chcore_v7m.c" 1
  69 0000 EFF30983 		mrs     r3, PSP
  70              	@ 0 "" 2
  71              	.LVL1:
  72              		.loc 1 81 0
  73              		.thumb
  74              		.syntax unified
  75 0004 2033     		adds	r3, r3, #32
  76              	.LVL2:
  77              		.syntax unified
  78              	@ 81 "../ChibiOS_2.6.9/os/ports/GCC/ARMCMx/chcore_v7m.c" 1
  79 0006 83F30988 		msr     PSP, r3
  80              	@ 0 "" 2
  81              		.thumb
  82              		.syntax unified
  83              	.LBB5:
  84              		.loc 1 82 0
  85 000a 0023     		movs	r3, #0
  86              	.LVL3:
  87              		.syntax unified
  88              	@ 82 "../ChibiOS_2.6.9/os/ports/GCC/ARMCMx/chcore_v7m.c" 1
  89 000c 83F31188 		msr     BASEPRI, r3
  90              	@ 0 "" 2
  91              		.thumb
  92              		.syntax unified
  93 0010 7047     		bx	lr
  94              	.LBE5:
  95              		.cfi_endproc
  96              	.LFE8:
  97              		.size	SVCallVector, .-SVCallVector
  98 0012 00BF     		.section	.text._port_init,"ax",%progbits
  99              		.align	2
 100              		.p2align 4,,15
 101              		.global	_port_init
 102              		.thumb
 103              		.thumb_func
 104              		.type	_port_init, %function
 105              	_port_init:
 106              	.LFB9:
 107              		.loc 1 120 0
 108              		.cfi_startproc
 109              		@ args = 0, pretend = 0, frame = 0
 110              		@ frame_needed = 0, uses_anonymous_args = 0
 111 0000 08B5     		push	{r3, lr}
 112              		.cfi_def_cfa_offset 8
 113              		.cfi_offset 3, -8
 114              		.cfi_offset 14, -4
ARM GAS  /tmp/cc8sApFs.s 			page 3


 115              		.loc 1 123 0
 116 0002 094B     		ldr	r3, .L5
 117              		.loc 1 124 0
 118 0004 094A     		ldr	r2, .L5+4
 119              		.loc 1 123 0
 120 0006 0021     		movs	r1, #0
 121 0008 9960     		str	r1, [r3, #8]
 122              		.loc 1 127 0
 123 000a 0720     		movs	r0, #7
 124              		.loc 1 124 0
 125 000c DA60     		str	r2, [r3, #12]
 126              		.loc 1 127 0
 127 000e 1021     		movs	r1, #16
 128 0010 FFF7FEFF 		bl	nvicSetSystemHandlerPriority
 129              	.LVL4:
 130              		.loc 1 129 0
 131 0014 2021     		movs	r1, #32
 132 0016 0A20     		movs	r0, #10
 133 0018 FFF7FEFF 		bl	nvicSetSystemHandlerPriority
 134              	.LVL5:
 135              		.loc 1 131 0
 136 001c 8021     		movs	r1, #128
 137 001e 0B20     		movs	r0, #11
 138              		.loc 1 133 0
 139 0020 BDE80840 		pop	{r3, lr}
 140              		.cfi_restore 14
 141              		.cfi_restore 3
 142              		.cfi_def_cfa_offset 0
 143              		.loc 1 131 0
 144 0024 FFF7FEBF 		b	nvicSetSystemHandlerPriority
 145              	.LVL6:
 146              	.L6:
 147              		.align	2
 148              	.L5:
 149 0028 00ED00E0 		.word	-536810240
 150 002c 0003FA05 		.word	100270848
 151              		.cfi_endproc
 152              	.LFE9:
 153              		.size	_port_init, .-_port_init
 154              		.section	.text._port_irq_epilogue,"ax",%progbits
 155              		.align	2
 156              		.p2align 4,,15
 157              		.global	_port_irq_epilogue
 158              		.thumb
 159              		.thumb_func
 160              		.type	_port_irq_epilogue, %function
 161              	_port_irq_epilogue:
 162              	.LFB10:
 163              		.loc 1 150 0
 164              		.cfi_startproc
 165              		@ args = 0, pretend = 0, frame = 0
 166              		@ frame_needed = 0, uses_anonymous_args = 0
 167              		@ link register save eliminated.
 168              	.LBB13:
 169              		.loc 1 152 0
 170 0000 2023     		movs	r3, #32
 171              		.syntax unified
ARM GAS  /tmp/cc8sApFs.s 			page 4


 172              	@ 152 "../ChibiOS_2.6.9/os/ports/GCC/ARMCMx/chcore_v7m.c" 1
 173 0002 83F31188 		msr     BASEPRI, r3
 174              	@ 0 "" 2
 175              		.thumb
 176              		.syntax unified
 177              	.LBE13:
 178              		.loc 1 153 0
 179 0006 174B     		ldr	r3, .L15
 180 0008 5B68     		ldr	r3, [r3, #4]
 181 000a 13F40063 		ands	r3, r3, #2048
 182 000e 19D0     		beq	.L8
 183              	.LBB14:
 184              	.LBB15:
 185              		.loc 1 163 0
 186              		.syntax unified
 187              	@ 163 "../ChibiOS_2.6.9/os/ports/GCC/ARMCMx/chcore_v7m.c" 1
 188 0010 EFF30983 		mrs     r3, PSP
 189              	@ 0 "" 2
 190              	.LVL7:
 191              		.loc 1 168 0
 192              		.thumb
 193              		.syntax unified
 194 0014 4FF08072 		mov	r2, #16777216
 195 0018 43F8042C 		str	r2, [r3, #-4]
 196              		.loc 1 172 0
 197 001c A3F12002 		sub	r2, r3, #32
 198              	.LVL8:
 199              		.syntax unified
 200              	@ 172 "../ChibiOS_2.6.9/os/ports/GCC/ARMCMx/chcore_v7m.c" 1
 201 0020 82F30988 		msr     PSP, r2
 202              	@ 0 "" 2
 203              		.loc 1 176 0
 204              		.thumb
 205              		.syntax unified
 206 0024 1049     		ldr	r1, .L15+4
 207 0026 8A69     		ldr	r2, [r1, #24]
 208              	.LVL9:
 209 0028 D07F     		ldrb	r0, [r2, #31]	@ zero_extendqisi2
 210 002a 70B1     		cbz	r0, .L9
 211 002c 0868     		ldr	r0, [r1]
 212 002e 9168     		ldr	r1, [r2, #8]
 213 0030 8268     		ldr	r2, [r0, #8]
 214 0032 8A42     		cmp	r2, r1
 215 0034 94BF     		ite	ls
 216 0036 0022     		movls	r2, #0
 217 0038 0122     		movhi	r2, #1
 218 003a 7AB1     		cbz	r2, .L11
 219              	.L14:
 220              		.loc 1 178 0
 221 003c 0B4A     		ldr	r2, .L15+8
 222 003e 43F8082C 		str	r2, [r3, #-8]
 223 0042 7047     		bx	lr
 224              	.LVL10:
 225              	.L8:
 226              	.LBE15:
 227              	.LBE14:
 228              	.LBB17:
ARM GAS  /tmp/cc8sApFs.s 			page 5


 229              		.loc 1 190 0
 230              		.syntax unified
 231              	@ 190 "../ChibiOS_2.6.9/os/ports/GCC/ARMCMx/chcore_v7m.c" 1
 232 0044 83F31188 		msr     BASEPRI, r3
 233              	@ 0 "" 2
 234              		.thumb
 235              		.syntax unified
 236 0048 7047     		bx	lr
 237              	.LVL11:
 238              	.L9:
 239              	.LBE17:
 240              	.LBB18:
 241              	.LBB16:
 242              		.loc 1 176 0
 243 004a 0868     		ldr	r0, [r1]
 244 004c 9168     		ldr	r1, [r2, #8]
 245 004e 8268     		ldr	r2, [r0, #8]
 246 0050 8A42     		cmp	r2, r1
 247 0052 34BF     		ite	cc
 248 0054 0022     		movcc	r2, #0
 249 0056 0122     		movcs	r2, #1
 250 0058 002A     		cmp	r2, #0
 251 005a EFD1     		bne	.L14
 252              	.L11:
 253              		.loc 1 183 0
 254 005c 044A     		ldr	r2, .L15+12
 255 005e 43F8082C 		str	r2, [r3, #-8]
 256 0062 7047     		bx	lr
 257              	.L16:
 258              		.align	2
 259              	.L15:
 260 0064 00ED00E0 		.word	-536810240
 261 0068 00000000 		.word	rlist
 262 006c 00000000 		.word	_port_switch_from_isr
 263 0070 04000000 		.word	_port_exit_from_isr
 264              	.LBE16:
 265              	.LBE18:
 266              		.cfi_endproc
 267              	.LFE10:
 268              		.size	_port_irq_epilogue, .-_port_irq_epilogue
 269              		.section	.text.SysTickVector,"ax",%progbits
 270              		.align	2
 271              		.p2align 4,,15
 272              		.global	SysTickVector
 273              		.thumb
 274              		.thumb_func
 275              		.type	SysTickVector, %function
 276              	SysTickVector:
 277              	.LFB7:
 278              		.loc 1 47 0
 279              		.cfi_startproc
 280              		@ args = 0, pretend = 0, frame = 0
 281              		@ frame_needed = 0, uses_anonymous_args = 0
 282 0000 08B5     		push	{r3, lr}
 283              		.cfi_def_cfa_offset 8
 284              		.cfi_offset 3, -8
 285              		.cfi_offset 14, -4
ARM GAS  /tmp/cc8sApFs.s 			page 6


 286              	.LBB19:
 287              		.loc 1 51 0
 288 0002 2023     		movs	r3, #32
 289              		.syntax unified
 290              	@ 51 "../ChibiOS_2.6.9/os/ports/GCC/ARMCMx/chcore_v7m.c" 1
 291 0004 83F31188 		msr     BASEPRI, r3
 292              	@ 0 "" 2
 293              		.thumb
 294              		.syntax unified
 295              	.LBE19:
 296              		.loc 1 52 0
 297 0008 FFF7FEFF 		bl	chSysTimerHandlerI
 298              	.LVL12:
 299              	.LBB20:
 300              		.loc 1 53 0
 301 000c 0023     		movs	r3, #0
 302              		.syntax unified
 303              	@ 53 "../ChibiOS_2.6.9/os/ports/GCC/ARMCMx/chcore_v7m.c" 1
 304 000e 83F31188 		msr     BASEPRI, r3
 305              	@ 0 "" 2
 306              		.thumb
 307              		.syntax unified
 308              	.LBE20:
 309              		.loc 1 56 0
 310 0012 BDE80840 		pop	{r3, lr}
 311              		.cfi_restore 14
 312              		.cfi_restore 3
 313              		.cfi_def_cfa_offset 0
 314              		.loc 1 55 0
 315 0016 FFF7FEBF 		b	_port_irq_epilogue
 316              	.LVL13:
 317              		.cfi_endproc
 318              	.LFE7:
 319              		.size	SysTickVector, .-SysTickVector
 320 001a 00BF     		.section	.text._port_switch,"ax",%progbits
 321              		.align	2
 322              		.p2align 4,,15
 323              		.global	_port_switch
 324              		.thumb
 325              		.thumb_func
 326              		.type	_port_switch, %function
 327              	_port_switch:
 328              	.LFB12:
 329              		.loc 1 229 0
 330              		.cfi_startproc
 331              		@ Naked Function: prologue and epilogue provided by programmer.
 332              		@ args = 0, pretend = 0, frame = 0
 333              		@ frame_needed = 0, uses_anonymous_args = 0
 334              	.LVL14:
 335              		.loc 1 231 0
 336              		.syntax unified
 337              	@ 231 "../ChibiOS_2.6.9/os/ports/GCC/ARMCMx/chcore_v7m.c" 1
 338 0000 2DE9F04F 		push    {r4, r5, r6, r7, r8, r9, r10, r11, lr}
 339              	@ 0 "" 2
 340              		.loc 1 237 0
 341              	@ 237 "../ChibiOS_2.6.9/os/ports/GCC/ARMCMx/chcore_v7m.c" 1
 342 0004 C1F80CD0 		str     sp, [r1, #12]                          
ARM GAS  /tmp/cc8sApFs.s 			page 7


 343 0008 D0F80CD0 		ldr     sp, [r0, #12]
 344              	@ 0 "" 2
 345              		.loc 1 243 0
 346              	@ 243 "../ChibiOS_2.6.9/os/ports/GCC/ARMCMx/chcore_v7m.c" 1
 347 000c BDE8F08F 		pop     {r4, r5, r6, r7, r8, r9, r10, r11, pc}
 348              	@ 0 "" 2
 349              		.loc 1 245 0
 350              		.thumb
 351              		.syntax unified
 352              		.cfi_endproc
 353              	.LFE12:
 354              		.size	_port_switch, .-_port_switch
 355              		.section	.text._port_thread_start,"ax",%progbits
 356              		.align	2
 357              		.p2align 4,,15
 358              		.global	_port_thread_start
 359              		.thumb
 360              		.thumb_func
 361              		.type	_port_thread_start, %function
 362              	_port_thread_start:
 363              	.LFB13:
 364              		.loc 1 252 0
 365              		.cfi_startproc
 366              		@ args = 0, pretend = 0, frame = 0
 367              		@ frame_needed = 0, uses_anonymous_args = 0
 368              		@ link register save eliminated.
 369              	.LBB21:
 370              		.loc 1 254 0
 371 0000 0023     		movs	r3, #0
 372              		.syntax unified
 373              	@ 254 "../ChibiOS_2.6.9/os/ports/GCC/ARMCMx/chcore_v7m.c" 1
 374 0002 83F31188 		msr     BASEPRI, r3
 375              	@ 0 "" 2
 376              		.thumb
 377              		.syntax unified
 378              	.LBE21:
 379              		.loc 1 255 0
 380              		.syntax unified
 381              	@ 255 "../ChibiOS_2.6.9/os/ports/GCC/ARMCMx/chcore_v7m.c" 1
 382 0006 2846     		mov     r0, r5                                 
 383 0008 A047     		blx     r4                                     
 384 000a FFF7FEFF 		bl      chThdExit
 385              	@ 0 "" 2
 386              		.thumb
 387              		.syntax unified
 388 000e 7047     		bx	lr
 389              		.cfi_endproc
 390              	.LFE13:
 391              		.size	_port_thread_start, .-_port_thread_start
 392              		.text
 393              	.Letext0:
 394              		.file 2 "/usr/local/gcc-arm-none-eabi-5_4-2016q3/arm-none-eabi/include/machine/_default_types.h"
 395              		.file 3 "/usr/local/gcc-arm-none-eabi-5_4-2016q3/arm-none-eabi/include/sys/_stdint.h"
 396              		.file 4 "../ChibiOS_2.6.9/os/ports/GCC/ARMCMx/chtypes.h"
 397              		.file 5 "../ChibiOS_2.6.9/os/kernel/include/chlists.h"
 398              		.file 6 "../ChibiOS_2.6.9/os/kernel/include/chthreads.h"
 399              		.file 7 "../ChibiOS_2.6.9/os/ports/GCC/ARMCMx/chcore_v7m.h"
ARM GAS  /tmp/cc8sApFs.s 			page 8


 400              		.file 8 "../ChibiOS_2.6.9/os/ports/common/ARMCMx/nvic.h"
 401              		.file 9 "../ChibiOS_2.6.9/os/kernel/include/chschd.h"
 402              		.file 10 "../ChibiOS_2.6.9/os/kernel/include/chmtx.h"
 403              		.file 11 "../ChibiOS_2.6.9/os/kernel/include/chsys.h"
 404              		.section	.debug_info,"",%progbits
 405              	.Ldebug_info0:
 406 0000 FE070000 		.4byte	0x7fe
 407 0004 0400     		.2byte	0x4
 408 0006 00000000 		.4byte	.Ldebug_abbrev0
 409 000a 04       		.byte	0x4
 410 000b 01       		.uleb128 0x1
 411 000c 32000000 		.4byte	.LASF95
 412 0010 0C       		.byte	0xc
 413 0011 F7020000 		.4byte	.LASF96
 414 0015 4A040000 		.4byte	.LASF97
 415 0019 18000000 		.4byte	.Ldebug_ranges0+0x18
 416 001d 00000000 		.4byte	0
 417 0021 00000000 		.4byte	.Ldebug_line0
 418 0025 02       		.uleb128 0x2
 419 0026 04       		.byte	0x4
 420 0027 05       		.byte	0x5
 421 0028 696E7400 		.ascii	"int\000"
 422 002c 03       		.uleb128 0x3
 423 002d 04       		.byte	0x4
 424 002e 07       		.byte	0x7
 425 002f FD010000 		.4byte	.LASF0
 426 0033 03       		.uleb128 0x3
 427 0034 08       		.byte	0x8
 428 0035 05       		.byte	0x5
 429 0036 47010000 		.4byte	.LASF1
 430 003a 03       		.uleb128 0x3
 431 003b 08       		.byte	0x8
 432 003c 04       		.byte	0x4
 433 003d CB020000 		.4byte	.LASF2
 434 0041 03       		.uleb128 0x3
 435 0042 01       		.byte	0x1
 436 0043 06       		.byte	0x6
 437 0044 55010000 		.4byte	.LASF3
 438 0048 04       		.uleb128 0x4
 439 0049 0D000000 		.4byte	.LASF7
 440 004d 02       		.byte	0x2
 441 004e 1D       		.byte	0x1d
 442 004f 53000000 		.4byte	0x53
 443 0053 03       		.uleb128 0x3
 444 0054 01       		.byte	0x1
 445 0055 08       		.byte	0x8
 446 0056 65030000 		.4byte	.LASF4
 447 005a 03       		.uleb128 0x3
 448 005b 02       		.byte	0x2
 449 005c 05       		.byte	0x5
 450 005d 83030000 		.4byte	.LASF5
 451 0061 03       		.uleb128 0x3
 452 0062 02       		.byte	0x2
 453 0063 07       		.byte	0x7
 454 0064 52020000 		.4byte	.LASF6
 455 0068 04       		.uleb128 0x4
 456 0069 10040000 		.4byte	.LASF8
ARM GAS  /tmp/cc8sApFs.s 			page 9


 457 006d 02       		.byte	0x2
 458 006e 3F       		.byte	0x3f
 459 006f 73000000 		.4byte	0x73
 460 0073 03       		.uleb128 0x3
 461 0074 04       		.byte	0x4
 462 0075 05       		.byte	0x5
 463 0076 7B010000 		.4byte	.LASF9
 464 007a 04       		.uleb128 0x4
 465 007b BA010000 		.4byte	.LASF10
 466 007f 02       		.byte	0x2
 467 0080 41       		.byte	0x41
 468 0081 85000000 		.4byte	0x85
 469 0085 03       		.uleb128 0x3
 470 0086 04       		.byte	0x4
 471 0087 07       		.byte	0x7
 472 0088 25020000 		.4byte	.LASF11
 473 008c 03       		.uleb128 0x3
 474 008d 08       		.byte	0x8
 475 008e 07       		.byte	0x7
 476 008f 1A010000 		.4byte	.LASF12
 477 0093 04       		.uleb128 0x4
 478 0094 78040000 		.4byte	.LASF13
 479 0098 03       		.byte	0x3
 480 0099 18       		.byte	0x18
 481 009a 48000000 		.4byte	0x48
 482 009e 04       		.uleb128 0x4
 483 009f 5D030000 		.4byte	.LASF14
 484 00a3 03       		.byte	0x3
 485 00a4 2C       		.byte	0x2c
 486 00a5 68000000 		.4byte	0x68
 487 00a9 04       		.uleb128 0x4
 488 00aa D3030000 		.4byte	.LASF15
 489 00ae 03       		.byte	0x3
 490 00af 30       		.byte	0x30
 491 00b0 7A000000 		.4byte	0x7a
 492 00b4 03       		.uleb128 0x3
 493 00b5 01       		.byte	0x1
 494 00b6 02       		.byte	0x2
 495 00b7 57030000 		.4byte	.LASF16
 496 00bb 04       		.uleb128 0x4
 497 00bc 9C020000 		.4byte	.LASF17
 498 00c0 04       		.byte	0x4
 499 00c1 2C       		.byte	0x2c
 500 00c2 93000000 		.4byte	0x93
 501 00c6 04       		.uleb128 0x4
 502 00c7 91010000 		.4byte	.LASF18
 503 00cb 04       		.byte	0x4
 504 00cc 2D       		.byte	0x2d
 505 00cd 93000000 		.4byte	0x93
 506 00d1 04       		.uleb128 0x4
 507 00d2 3B030000 		.4byte	.LASF19
 508 00d6 04       		.byte	0x4
 509 00d7 2E       		.byte	0x2e
 510 00d8 93000000 		.4byte	0x93
 511 00dc 04       		.uleb128 0x4
 512 00dd 71010000 		.4byte	.LASF20
 513 00e1 04       		.byte	0x4
ARM GAS  /tmp/cc8sApFs.s 			page 10


 514 00e2 2F       		.byte	0x2f
 515 00e3 93000000 		.4byte	0x93
 516 00e7 04       		.uleb128 0x4
 517 00e8 4F030000 		.4byte	.LASF21
 518 00ec 04       		.byte	0x4
 519 00ed 30       		.byte	0x30
 520 00ee A9000000 		.4byte	0xa9
 521 00f2 04       		.uleb128 0x4
 522 00f3 6A020000 		.4byte	.LASF22
 523 00f7 04       		.byte	0x4
 524 00f8 31       		.byte	0x31
 525 00f9 9E000000 		.4byte	0x9e
 526 00fd 04       		.uleb128 0x4
 527 00fe B0020000 		.4byte	.LASF23
 528 0102 04       		.byte	0x4
 529 0103 33       		.byte	0x33
 530 0104 A9000000 		.4byte	0xa9
 531 0108 04       		.uleb128 0x4
 532 0109 C1030000 		.4byte	.LASF24
 533 010d 05       		.byte	0x5
 534 010e 2A       		.byte	0x2a
 535 010f 13010000 		.4byte	0x113
 536 0113 05       		.uleb128 0x5
 537 0114 C1030000 		.4byte	.LASF24
 538 0118 44       		.byte	0x44
 539 0119 06       		.byte	0x6
 540 011a 5E       		.byte	0x5e
 541 011b 04020000 		.4byte	0x204
 542 011f 06       		.uleb128 0x6
 543 0120 B2030000 		.4byte	.LASF25
 544 0124 06       		.byte	0x6
 545 0125 5F       		.byte	0x5f
 546 0126 25020000 		.4byte	0x225
 547 012a 00       		.byte	0
 548 012b 06       		.uleb128 0x6
 549 012c 48030000 		.4byte	.LASF26
 550 0130 06       		.byte	0x6
 551 0131 61       		.byte	0x61
 552 0132 25020000 		.4byte	0x225
 553 0136 04       		.byte	0x4
 554 0137 06       		.uleb128 0x6
 555 0138 40010000 		.4byte	.LASF27
 556 013c 06       		.byte	0x6
 557 013d 63       		.byte	0x63
 558 013e E7000000 		.4byte	0xe7
 559 0142 08       		.byte	0x8
 560 0143 06       		.uleb128 0x6
 561 0144 AC040000 		.4byte	.LASF28
 562 0148 06       		.byte	0x6
 563 0149 64       		.byte	0x64
 564 014a 47030000 		.4byte	0x347
 565 014e 0C       		.byte	0xc
 566 014f 06       		.uleb128 0x6
 567 0150 AD010000 		.4byte	.LASF29
 568 0154 06       		.byte	0x6
 569 0155 66       		.byte	0x66
 570 0156 25020000 		.4byte	0x225
ARM GAS  /tmp/cc8sApFs.s 			page 11


 571 015a 10       		.byte	0x10
 572 015b 06       		.uleb128 0x6
 573 015c DC020000 		.4byte	.LASF30
 574 0160 06       		.byte	0x6
 575 0161 67       		.byte	0x67
 576 0162 25020000 		.4byte	0x225
 577 0166 14       		.byte	0x14
 578 0167 06       		.uleb128 0x6
 579 0168 92040000 		.4byte	.LASF31
 580 016c 06       		.byte	0x6
 581 016d 6E       		.byte	0x6e
 582 016e BB050000 		.4byte	0x5bb
 583 0172 18       		.byte	0x18
 584 0173 06       		.uleb128 0x6
 585 0174 8D030000 		.4byte	.LASF32
 586 0178 06       		.byte	0x6
 587 0179 79       		.byte	0x79
 588 017a C6000000 		.4byte	0xc6
 589 017e 1C       		.byte	0x1c
 590 017f 06       		.uleb128 0x6
 591 0180 B9030000 		.4byte	.LASF33
 592 0184 06       		.byte	0x6
 593 0185 7D       		.byte	0x7d
 594 0186 BB000000 		.4byte	0xbb
 595 018a 1D       		.byte	0x1d
 596 018b 06       		.uleb128 0x6
 597 018c 39040000 		.4byte	.LASF34
 598 0190 06       		.byte	0x6
 599 0191 82       		.byte	0x82
 600 0192 D1000000 		.4byte	0xd1
 601 0196 1E       		.byte	0x1e
 602 0197 06       		.uleb128 0x6
 603 0198 95030000 		.4byte	.LASF35
 604 019c 06       		.byte	0x6
 605 019d 88       		.byte	0x88
 606 019e DC000000 		.4byte	0xdc
 607 01a2 1F       		.byte	0x1f
 608 01a3 07       		.uleb128 0x7
 609 01a4 705F7500 		.ascii	"p_u\000"
 610 01a8 06       		.byte	0x6
 611 01a9 B4       		.byte	0xb4
 612 01aa 86050000 		.4byte	0x586
 613 01ae 20       		.byte	0x20
 614 01af 06       		.uleb128 0x6
 615 01b0 B2040000 		.4byte	.LASF36
 616 01b4 06       		.byte	0x6
 617 01b5 B9       		.byte	0xb9
 618 01b6 4B020000 		.4byte	0x24b
 619 01ba 24       		.byte	0x24
 620 01bb 06       		.uleb128 0x6
 621 01bc 2E040000 		.4byte	.LASF37
 622 01c0 06       		.byte	0x6
 623 01c1 BF       		.byte	0xbf
 624 01c2 2B020000 		.4byte	0x22b
 625 01c6 28       		.byte	0x28
 626 01c7 06       		.uleb128 0x6
 627 01c8 00000000 		.4byte	.LASF38
ARM GAS  /tmp/cc8sApFs.s 			page 12


 628 01cc 06       		.byte	0x6
 629 01cd C3       		.byte	0xc3
 630 01ce F2000000 		.4byte	0xf2
 631 01d2 30       		.byte	0x30
 632 01d3 06       		.uleb128 0x6
 633 01d4 C8030000 		.4byte	.LASF39
 634 01d8 06       		.byte	0x6
 635 01d9 C9       		.byte	0xc9
 636 01da FD000000 		.4byte	0xfd
 637 01de 34       		.byte	0x34
 638 01df 06       		.uleb128 0x6
 639 01e0 79030000 		.4byte	.LASF40
 640 01e4 06       		.byte	0x6
 641 01e5 D0       		.byte	0xd0
 642 01e6 CD050000 		.4byte	0x5cd
 643 01ea 38       		.byte	0x38
 644 01eb 06       		.uleb128 0x6
 645 01ec 05040000 		.4byte	.LASF41
 646 01f0 06       		.byte	0x6
 647 01f1 D4       		.byte	0xd4
 648 01f2 E7000000 		.4byte	0xe7
 649 01f6 3C       		.byte	0x3c
 650 01f7 06       		.uleb128 0x6
 651 01f8 61010000 		.4byte	.LASF42
 652 01fc 06       		.byte	0x6
 653 01fd DA       		.byte	0xda
 654 01fe 61020000 		.4byte	0x261
 655 0202 40       		.byte	0x40
 656 0203 00       		.byte	0
 657 0204 08       		.uleb128 0x8
 658 0205 08       		.byte	0x8
 659 0206 05       		.byte	0x5
 660 0207 61       		.byte	0x61
 661 0208 25020000 		.4byte	0x225
 662 020c 06       		.uleb128 0x6
 663 020d B2030000 		.4byte	.LASF25
 664 0211 05       		.byte	0x5
 665 0212 62       		.byte	0x62
 666 0213 25020000 		.4byte	0x225
 667 0217 00       		.byte	0
 668 0218 06       		.uleb128 0x6
 669 0219 48030000 		.4byte	.LASF26
 670 021d 05       		.byte	0x5
 671 021e 64       		.byte	0x64
 672 021f 25020000 		.4byte	0x225
 673 0223 04       		.byte	0x4
 674 0224 00       		.byte	0
 675 0225 09       		.uleb128 0x9
 676 0226 04       		.byte	0x4
 677 0227 08010000 		.4byte	0x108
 678 022b 04       		.uleb128 0x4
 679 022c EA020000 		.4byte	.LASF43
 680 0230 05       		.byte	0x5
 681 0231 66       		.byte	0x66
 682 0232 04020000 		.4byte	0x204
 683 0236 08       		.uleb128 0x8
 684 0237 04       		.byte	0x4
ARM GAS  /tmp/cc8sApFs.s 			page 13


 685 0238 05       		.byte	0x5
 686 0239 6B       		.byte	0x6b
 687 023a 4B020000 		.4byte	0x24b
 688 023e 06       		.uleb128 0x6
 689 023f B2030000 		.4byte	.LASF25
 690 0243 05       		.byte	0x5
 691 0244 6D       		.byte	0x6d
 692 0245 25020000 		.4byte	0x225
 693 0249 00       		.byte	0
 694 024a 00       		.byte	0
 695 024b 04       		.uleb128 0x4
 696 024c A4020000 		.4byte	.LASF44
 697 0250 05       		.byte	0x5
 698 0251 70       		.byte	0x70
 699 0252 36020000 		.4byte	0x236
 700 0256 04       		.uleb128 0x4
 701 0257 E2010000 		.4byte	.LASF45
 702 025b 07       		.byte	0x7
 703 025c E5       		.byte	0xe5
 704 025d 61020000 		.4byte	0x261
 705 0261 0A       		.uleb128 0xa
 706 0262 04       		.byte	0x4
 707 0263 05       		.uleb128 0x5
 708 0264 11020000 		.4byte	.LASF46
 709 0268 20       		.byte	0x20
 710 0269 07       		.byte	0x7
 711 026a ED       		.byte	0xed
 712 026b CB020000 		.4byte	0x2cb
 713 026f 07       		.uleb128 0x7
 714 0270 723000   		.ascii	"r0\000"
 715 0273 07       		.byte	0x7
 716 0274 EE       		.byte	0xee
 717 0275 56020000 		.4byte	0x256
 718 0279 00       		.byte	0
 719 027a 07       		.uleb128 0x7
 720 027b 723100   		.ascii	"r1\000"
 721 027e 07       		.byte	0x7
 722 027f EF       		.byte	0xef
 723 0280 56020000 		.4byte	0x256
 724 0284 04       		.byte	0x4
 725 0285 07       		.uleb128 0x7
 726 0286 723200   		.ascii	"r2\000"
 727 0289 07       		.byte	0x7
 728 028a F0       		.byte	0xf0
 729 028b 56020000 		.4byte	0x256
 730 028f 08       		.byte	0x8
 731 0290 07       		.uleb128 0x7
 732 0291 723300   		.ascii	"r3\000"
 733 0294 07       		.byte	0x7
 734 0295 F1       		.byte	0xf1
 735 0296 56020000 		.4byte	0x256
 736 029a 0C       		.byte	0xc
 737 029b 07       		.uleb128 0x7
 738 029c 72313200 		.ascii	"r12\000"
 739 02a0 07       		.byte	0x7
 740 02a1 F2       		.byte	0xf2
 741 02a2 56020000 		.4byte	0x256
ARM GAS  /tmp/cc8sApFs.s 			page 14


 742 02a6 10       		.byte	0x10
 743 02a7 06       		.uleb128 0x6
 744 02a8 0A020000 		.4byte	.LASF47
 745 02ac 07       		.byte	0x7
 746 02ad F3       		.byte	0xf3
 747 02ae 56020000 		.4byte	0x256
 748 02b2 14       		.byte	0x14
 749 02b3 07       		.uleb128 0x7
 750 02b4 706300   		.ascii	"pc\000"
 751 02b7 07       		.byte	0x7
 752 02b8 F4       		.byte	0xf4
 753 02b9 56020000 		.4byte	0x256
 754 02bd 18       		.byte	0x18
 755 02be 06       		.uleb128 0x6
 756 02bf 9F030000 		.4byte	.LASF48
 757 02c3 07       		.byte	0x7
 758 02c4 F5       		.byte	0xf5
 759 02c5 56020000 		.4byte	0x256
 760 02c9 1C       		.byte	0x1c
 761 02ca 00       		.byte	0
 762 02cb 0B       		.uleb128 0xb
 763 02cc 27040000 		.4byte	.LASF49
 764 02d0 24       		.byte	0x24
 765 02d1 07       		.byte	0x7
 766 02d2 0C01     		.2byte	0x10c
 767 02d4 47030000 		.4byte	0x347
 768 02d8 0C       		.uleb128 0xc
 769 02d9 723400   		.ascii	"r4\000"
 770 02dc 07       		.byte	0x7
 771 02dd 1F01     		.2byte	0x11f
 772 02df 56020000 		.4byte	0x256
 773 02e3 00       		.byte	0
 774 02e4 0C       		.uleb128 0xc
 775 02e5 723500   		.ascii	"r5\000"
 776 02e8 07       		.byte	0x7
 777 02e9 2001     		.2byte	0x120
 778 02eb 56020000 		.4byte	0x256
 779 02ef 04       		.byte	0x4
 780 02f0 0C       		.uleb128 0xc
 781 02f1 723600   		.ascii	"r6\000"
 782 02f4 07       		.byte	0x7
 783 02f5 2101     		.2byte	0x121
 784 02f7 56020000 		.4byte	0x256
 785 02fb 08       		.byte	0x8
 786 02fc 0C       		.uleb128 0xc
 787 02fd 723700   		.ascii	"r7\000"
 788 0300 07       		.byte	0x7
 789 0301 2201     		.2byte	0x122
 790 0303 56020000 		.4byte	0x256
 791 0307 0C       		.byte	0xc
 792 0308 0C       		.uleb128 0xc
 793 0309 723800   		.ascii	"r8\000"
 794 030c 07       		.byte	0x7
 795 030d 2301     		.2byte	0x123
 796 030f 56020000 		.4byte	0x256
 797 0313 10       		.byte	0x10
 798 0314 0C       		.uleb128 0xc
ARM GAS  /tmp/cc8sApFs.s 			page 15


 799 0315 723900   		.ascii	"r9\000"
 800 0318 07       		.byte	0x7
 801 0319 2401     		.2byte	0x124
 802 031b 56020000 		.4byte	0x256
 803 031f 14       		.byte	0x14
 804 0320 0C       		.uleb128 0xc
 805 0321 72313000 		.ascii	"r10\000"
 806 0325 07       		.byte	0x7
 807 0326 2501     		.2byte	0x125
 808 0328 56020000 		.4byte	0x256
 809 032c 18       		.byte	0x18
 810 032d 0C       		.uleb128 0xc
 811 032e 72313100 		.ascii	"r11\000"
 812 0332 07       		.byte	0x7
 813 0333 2601     		.2byte	0x126
 814 0335 56020000 		.4byte	0x256
 815 0339 1C       		.byte	0x1c
 816 033a 0C       		.uleb128 0xc
 817 033b 6C7200   		.ascii	"lr\000"
 818 033e 07       		.byte	0x7
 819 033f 2701     		.2byte	0x127
 820 0341 56020000 		.4byte	0x256
 821 0345 20       		.byte	0x20
 822 0346 00       		.byte	0
 823 0347 0B       		.uleb128 0xb
 824 0348 1A040000 		.4byte	.LASF50
 825 034c 04       		.byte	0x4
 826 034d 07       		.byte	0x7
 827 034e 3101     		.2byte	0x131
 828 0350 62030000 		.4byte	0x362
 829 0354 0C       		.uleb128 0xc
 830 0355 72313300 		.ascii	"r13\000"
 831 0359 07       		.byte	0x7
 832 035a 3201     		.2byte	0x132
 833 035c 62030000 		.4byte	0x362
 834 0360 00       		.byte	0
 835 0361 00       		.byte	0
 836 0362 09       		.uleb128 0x9
 837 0363 04       		.byte	0x4
 838 0364 CB020000 		.4byte	0x2cb
 839 0368 04       		.uleb128 0x4
 840 0369 F6030000 		.4byte	.LASF51
 841 036d 08       		.byte	0x8
 842 036e 3A       		.byte	0x3a
 843 036f 73030000 		.4byte	0x373
 844 0373 0D       		.uleb128 0xd
 845 0374 A9000000 		.4byte	0xa9
 846 0378 03       		.uleb128 0x3
 847 0379 04       		.byte	0x4
 848 037a 07       		.byte	0x7
 849 037b C2020000 		.4byte	.LASF52
 850 037f 08       		.uleb128 0x8
 851 0380 8C       		.byte	0x8c
 852 0381 08       		.byte	0x8
 853 0382 89       		.byte	0x89
 854 0383 84040000 		.4byte	0x484
 855 0387 06       		.uleb128 0x6
ARM GAS  /tmp/cc8sApFs.s 			page 16


 856 0388 3A010000 		.4byte	.LASF53
 857 038c 08       		.byte	0x8
 858 038d 8A       		.byte	0x8a
 859 038e 68030000 		.4byte	0x368
 860 0392 00       		.byte	0
 861 0393 06       		.uleb128 0x6
 862 0394 65020000 		.4byte	.LASF54
 863 0398 08       		.byte	0x8
 864 0399 8B       		.byte	0x8b
 865 039a 68030000 		.4byte	0x368
 866 039e 04       		.byte	0x4
 867 039f 06       		.uleb128 0x6
 868 03a0 37020000 		.4byte	.LASF55
 869 03a4 08       		.byte	0x8
 870 03a5 8C       		.byte	0x8c
 871 03a6 68030000 		.4byte	0x368
 872 03aa 08       		.byte	0x8
 873 03ab 06       		.uleb128 0x6
 874 03ac 70020000 		.4byte	.LASF56
 875 03b0 08       		.byte	0x8
 876 03b1 8D       		.byte	0x8d
 877 03b2 68030000 		.4byte	0x368
 878 03b6 0C       		.byte	0xc
 879 03b7 07       		.uleb128 0x7
 880 03b8 53435200 		.ascii	"SCR\000"
 881 03bc 08       		.byte	0x8
 882 03bd 8E       		.byte	0x8e
 883 03be 68030000 		.4byte	0x368
 884 03c2 10       		.byte	0x10
 885 03c3 07       		.uleb128 0x7
 886 03c4 43435200 		.ascii	"CCR\000"
 887 03c8 08       		.byte	0x8
 888 03c9 8F       		.byte	0x8f
 889 03ca 68030000 		.4byte	0x368
 890 03ce 14       		.byte	0x14
 891 03cf 06       		.uleb128 0x6
 892 03d0 22040000 		.4byte	.LASF57
 893 03d4 08       		.byte	0x8
 894 03d5 90       		.byte	0x90
 895 03d6 94040000 		.4byte	0x494
 896 03da 18       		.byte	0x18
 897 03db 06       		.uleb128 0x6
 898 03dc 73030000 		.4byte	.LASF58
 899 03e0 08       		.byte	0x8
 900 03e1 91       		.byte	0x91
 901 03e2 68030000 		.4byte	0x368
 902 03e6 24       		.byte	0x24
 903 03e7 06       		.uleb128 0x6
 904 03e8 D7020000 		.4byte	.LASF59
 905 03ec 08       		.byte	0x8
 906 03ed 92       		.byte	0x92
 907 03ee 68030000 		.4byte	0x368
 908 03f2 28       		.byte	0x28
 909 03f3 06       		.uleb128 0x6
 910 03f4 9F040000 		.4byte	.LASF60
 911 03f8 08       		.byte	0x8
 912 03f9 93       		.byte	0x93
ARM GAS  /tmp/cc8sApFs.s 			page 17


 913 03fa 68030000 		.4byte	0x368
 914 03fe 2C       		.byte	0x2c
 915 03ff 06       		.uleb128 0x6
 916 0400 76020000 		.4byte	.LASF61
 917 0404 08       		.byte	0x8
 918 0405 94       		.byte	0x94
 919 0406 68030000 		.4byte	0x368
 920 040a 30       		.byte	0x30
 921 040b 06       		.uleb128 0x6
 922 040c 83020000 		.4byte	.LASF62
 923 0410 08       		.byte	0x8
 924 0411 95       		.byte	0x95
 925 0412 68030000 		.4byte	0x368
 926 0416 34       		.byte	0x34
 927 0417 06       		.uleb128 0x6
 928 0418 B5010000 		.4byte	.LASF63
 929 041c 08       		.byte	0x8
 930 041d 96       		.byte	0x96
 931 041e 68030000 		.4byte	0x368
 932 0422 38       		.byte	0x38
 933 0423 06       		.uleb128 0x6
 934 0424 E4030000 		.4byte	.LASF64
 935 0428 08       		.byte	0x8
 936 0429 97       		.byte	0x97
 937 042a 68030000 		.4byte	0x368
 938 042e 3C       		.byte	0x3c
 939 042f 07       		.uleb128 0x7
 940 0430 50465200 		.ascii	"PFR\000"
 941 0434 08       		.byte	0x8
 942 0435 98       		.byte	0x98
 943 0436 A9040000 		.4byte	0x4a9
 944 043a 40       		.byte	0x40
 945 043b 07       		.uleb128 0x7
 946 043c 44465200 		.ascii	"DFR\000"
 947 0440 08       		.byte	0x8
 948 0441 99       		.byte	0x99
 949 0442 68030000 		.4byte	0x368
 950 0446 48       		.byte	0x48
 951 0447 07       		.uleb128 0x7
 952 0448 41445200 		.ascii	"ADR\000"
 953 044c 08       		.byte	0x8
 954 044d 9A       		.byte	0x9a
 955 044e 68030000 		.4byte	0x368
 956 0452 4C       		.byte	0x4c
 957 0453 06       		.uleb128 0x6
 958 0454 6D040000 		.4byte	.LASF65
 959 0458 08       		.byte	0x8
 960 0459 9B       		.byte	0x9b
 961 045a BE040000 		.4byte	0x4be
 962 045e 50       		.byte	0x50
 963 045f 07       		.uleb128 0x7
 964 0460 53415200 		.ascii	"SAR\000"
 965 0464 08       		.byte	0x8
 966 0465 9C       		.byte	0x9c
 967 0466 D3040000 		.4byte	0x4d3
 968 046a 60       		.byte	0x60
 969 046b 06       		.uleb128 0x6
ARM GAS  /tmp/cc8sApFs.s 			page 18


 970 046c E9030000 		.4byte	.LASF66
 971 0470 08       		.byte	0x8
 972 0471 9D       		.byte	0x9d
 973 0472 D8040000 		.4byte	0x4d8
 974 0476 74       		.byte	0x74
 975 0477 06       		.uleb128 0x6
 976 0478 99040000 		.4byte	.LASF67
 977 047c 08       		.byte	0x8
 978 047d 9E       		.byte	0x9e
 979 047e 68030000 		.4byte	0x368
 980 0482 88       		.byte	0x88
 981 0483 00       		.byte	0
 982 0484 0E       		.uleb128 0xe
 983 0485 68030000 		.4byte	0x368
 984 0489 94040000 		.4byte	0x494
 985 048d 0F       		.uleb128 0xf
 986 048e 78030000 		.4byte	0x378
 987 0492 02       		.byte	0x2
 988 0493 00       		.byte	0
 989 0494 0D       		.uleb128 0xd
 990 0495 84040000 		.4byte	0x484
 991 0499 0E       		.uleb128 0xe
 992 049a 68030000 		.4byte	0x368
 993 049e A9040000 		.4byte	0x4a9
 994 04a2 0F       		.uleb128 0xf
 995 04a3 78030000 		.4byte	0x378
 996 04a7 01       		.byte	0x1
 997 04a8 00       		.byte	0
 998 04a9 0D       		.uleb128 0xd
 999 04aa 99040000 		.4byte	0x499
 1000 04ae 0E       		.uleb128 0xe
 1001 04af 68030000 		.4byte	0x368
 1002 04b3 BE040000 		.4byte	0x4be
 1003 04b7 0F       		.uleb128 0xf
 1004 04b8 78030000 		.4byte	0x378
 1005 04bc 03       		.byte	0x3
 1006 04bd 00       		.byte	0
 1007 04be 0D       		.uleb128 0xd
 1008 04bf AE040000 		.4byte	0x4ae
 1009 04c3 0E       		.uleb128 0xe
 1010 04c4 68030000 		.4byte	0x368
 1011 04c8 D3040000 		.4byte	0x4d3
 1012 04cc 0F       		.uleb128 0xf
 1013 04cd 78030000 		.4byte	0x378
 1014 04d1 04       		.byte	0x4
 1015 04d2 00       		.byte	0
 1016 04d3 0D       		.uleb128 0xd
 1017 04d4 C3040000 		.4byte	0x4c3
 1018 04d8 0D       		.uleb128 0xd
 1019 04d9 C3040000 		.4byte	0x4c3
 1020 04dd 04       		.uleb128 0x4
 1021 04de 17000000 		.4byte	.LASF68
 1022 04e2 08       		.byte	0x8
 1023 04e3 9F       		.byte	0x9f
 1024 04e4 7F030000 		.4byte	0x37f
 1025 04e8 08       		.uleb128 0x8
 1026 04e9 1C       		.byte	0x1c
ARM GAS  /tmp/cc8sApFs.s 			page 19


 1027 04ea 09       		.byte	0x9
 1028 04eb 5E       		.byte	0x5e
 1029 04ec 39050000 		.4byte	0x539
 1030 04f0 06       		.uleb128 0x6
 1031 04f1 DC030000 		.4byte	.LASF69
 1032 04f5 09       		.byte	0x9
 1033 04f6 5F       		.byte	0x5f
 1034 04f7 2B020000 		.4byte	0x22b
 1035 04fb 00       		.byte	0
 1036 04fc 06       		.uleb128 0x6
 1037 04fd A4030000 		.4byte	.LASF70
 1038 0501 09       		.byte	0x9
 1039 0502 60       		.byte	0x60
 1040 0503 E7000000 		.4byte	0xe7
 1041 0507 08       		.byte	0x8
 1042 0508 06       		.uleb128 0x6
 1043 0509 E4020000 		.4byte	.LASF71
 1044 050d 09       		.byte	0x9
 1045 050e 62       		.byte	0x62
 1046 050f 47030000 		.4byte	0x347
 1047 0513 0C       		.byte	0xc
 1048 0514 06       		.uleb128 0x6
 1049 0515 7B020000 		.4byte	.LASF72
 1050 0519 09       		.byte	0x9
 1051 051a 65       		.byte	0x65
 1052 051b 25020000 		.4byte	0x225
 1053 051f 10       		.byte	0x10
 1054 0520 06       		.uleb128 0x6
 1055 0521 33030000 		.4byte	.LASF73
 1056 0525 09       		.byte	0x9
 1057 0526 66       		.byte	0x66
 1058 0527 25020000 		.4byte	0x225
 1059 052b 14       		.byte	0x14
 1060 052c 06       		.uleb128 0x6
 1061 052d 29030000 		.4byte	.LASF74
 1062 0531 09       		.byte	0x9
 1063 0532 69       		.byte	0x69
 1064 0533 25020000 		.4byte	0x225
 1065 0537 18       		.byte	0x18
 1066 0538 00       		.byte	0
 1067 0539 04       		.uleb128 0x4
 1068 053a 40040000 		.4byte	.LASF75
 1069 053e 09       		.byte	0x9
 1070 053f 6B       		.byte	0x6b
 1071 0540 E8040000 		.4byte	0x4e8
 1072 0544 05       		.uleb128 0x5
 1073 0545 BC020000 		.4byte	.LASF76
 1074 0549 10       		.byte	0x10
 1075 054a 0A       		.byte	0xa
 1076 054b 2C       		.byte	0x2c
 1077 054c 75050000 		.4byte	0x575
 1078 0550 06       		.uleb128 0x6
 1079 0551 69010000 		.4byte	.LASF77
 1080 0555 0A       		.byte	0xa
 1081 0556 2D       		.byte	0x2d
 1082 0557 2B020000 		.4byte	0x22b
 1083 055b 00       		.byte	0
ARM GAS  /tmp/cc8sApFs.s 			page 20


 1084 055c 06       		.uleb128 0x6
 1085 055d A4040000 		.4byte	.LASF78
 1086 0561 0A       		.byte	0xa
 1087 0562 2F       		.byte	0x2f
 1088 0563 25020000 		.4byte	0x225
 1089 0567 08       		.byte	0x8
 1090 0568 06       		.uleb128 0x6
 1091 0569 FE030000 		.4byte	.LASF79
 1092 056d 0A       		.byte	0xa
 1093 056e 31       		.byte	0x31
 1094 056f 75050000 		.4byte	0x575
 1095 0573 0C       		.byte	0xc
 1096 0574 00       		.byte	0
 1097 0575 09       		.uleb128 0x9
 1098 0576 04       		.byte	0x4
 1099 0577 44050000 		.4byte	0x544
 1100 057b 04       		.uleb128 0x4
 1101 057c BC020000 		.4byte	.LASF76
 1102 0580 0A       		.byte	0xa
 1103 0581 33       		.byte	0x33
 1104 0582 44050000 		.4byte	0x544
 1105 0586 10       		.uleb128 0x10
 1106 0587 04       		.byte	0x4
 1107 0588 06       		.byte	0x6
 1108 0589 96       		.byte	0x96
 1109 058a BB050000 		.4byte	0x5bb
 1110 058e 11       		.uleb128 0x11
 1111 058f 06000000 		.4byte	.LASF80
 1112 0593 06       		.byte	0x6
 1113 0594 9D       		.byte	0x9d
 1114 0595 F2000000 		.4byte	0xf2
 1115 0599 11       		.uleb128 0x11
 1116 059a 31010000 		.4byte	.LASF81
 1117 059e 06       		.byte	0x6
 1118 059f A4       		.byte	0xa4
 1119 05a0 F2000000 		.4byte	0xf2
 1120 05a4 11       		.uleb128 0x11
 1121 05a5 8B040000 		.4byte	.LASF82
 1122 05a9 06       		.byte	0x6
 1123 05aa AB       		.byte	0xab
 1124 05ab 61020000 		.4byte	0x261
 1125 05af 11       		.uleb128 0x11
 1126 05b0 AB030000 		.4byte	.LASF83
 1127 05b4 06       		.byte	0x6
 1128 05b5 B2       		.byte	0xb2
 1129 05b6 FD000000 		.4byte	0xfd
 1130 05ba 00       		.byte	0
 1131 05bb 09       		.uleb128 0x9
 1132 05bc 04       		.byte	0x4
 1133 05bd C8050000 		.4byte	0x5c8
 1134 05c1 03       		.uleb128 0x3
 1135 05c2 01       		.byte	0x1
 1136 05c3 08       		.byte	0x8
 1137 05c4 F1030000 		.4byte	.LASF84
 1138 05c8 12       		.uleb128 0x12
 1139 05c9 C1050000 		.4byte	0x5c1
 1140 05cd 09       		.uleb128 0x9
ARM GAS  /tmp/cc8sApFs.s 			page 21


 1141 05ce 04       		.byte	0x4
 1142 05cf 7B050000 		.4byte	0x57b
 1143 05d3 13       		.uleb128 0x13
 1144 05d4 89020000 		.4byte	.LASF98
 1145 05d8 01       		.byte	0x1
 1146 05d9 96       		.byte	0x96
 1147 05da 01       		.byte	0x1
 1148 05db 0F060000 		.4byte	0x60f
 1149 05df 14       		.uleb128 0x14
 1150 05e0 F0050000 		.4byte	0x5f0
 1151 05e4 15       		.uleb128 0x15
 1152 05e5 746D7000 		.ascii	"tmp\000"
 1153 05e9 01       		.byte	0x1
 1154 05ea 98       		.byte	0x98
 1155 05eb A9000000 		.4byte	0xa9
 1156 05ef 00       		.byte	0
 1157 05f0 14       		.uleb128 0x14
 1158 05f1 01060000 		.4byte	0x601
 1159 05f5 16       		.uleb128 0x16
 1160 05f6 43030000 		.4byte	.LASF85
 1161 05fa 01       		.byte	0x1
 1162 05fb 9A       		.byte	0x9a
 1163 05fc 0F060000 		.4byte	0x60f
 1164 0600 00       		.byte	0
 1165 0601 17       		.uleb128 0x17
 1166 0602 15       		.uleb128 0x15
 1167 0603 746D7000 		.ascii	"tmp\000"
 1168 0607 01       		.byte	0x1
 1169 0608 BE       		.byte	0xbe
 1170 0609 A9000000 		.4byte	0xa9
 1171 060d 00       		.byte	0
 1172 060e 00       		.byte	0
 1173 060f 09       		.uleb128 0x9
 1174 0610 04       		.byte	0x4
 1175 0611 63020000 		.4byte	0x263
 1176 0615 18       		.uleb128 0x18
 1177 0616 3C020000 		.4byte	.LASF86
 1178 061a 01       		.byte	0x1
 1179 061b C8       		.byte	0xc8
 1180 061c 00000000 		.4byte	.LFB11
 1181 0620 06000000 		.4byte	.LFE11-.LFB11
 1182 0624 01       		.uleb128 0x1
 1183 0625 9C       		.byte	0x9c
 1184 0626 34060000 		.4byte	0x634
 1185 062a 19       		.uleb128 0x19
 1186 062b 04000000 		.4byte	.LVL0
 1187 062f DF070000 		.4byte	0x7df
 1188 0633 00       		.byte	0
 1189 0634 18       		.uleb128 0x18
 1190 0635 84010000 		.4byte	.LASF87
 1191 0639 01       		.byte	0x1
 1192 063a 41       		.byte	0x41
 1193 063b 00000000 		.4byte	.LFB8
 1194 063f 12000000 		.4byte	.LFE8-.LFB8
 1195 0643 01       		.uleb128 0x1
 1196 0644 9C       		.byte	0x9c
 1197 0645 70060000 		.4byte	0x670
ARM GAS  /tmp/cc8sApFs.s 			page 22


 1198 0649 1A       		.uleb128 0x1a
 1199 064a 43030000 		.4byte	.LASF85
 1200 064e 01       		.byte	0x1
 1201 064f 42       		.byte	0x42
 1202 0650 0F060000 		.4byte	0x60f
 1203 0654 00000000 		.4byte	.LLST0
 1204 0658 1B       		.uleb128 0x1b
 1205 0659 0A000000 		.4byte	.LBB5
 1206 065d 08000000 		.4byte	.LBE5-.LBB5
 1207 0661 1C       		.uleb128 0x1c
 1208 0662 746D7000 		.ascii	"tmp\000"
 1209 0666 01       		.byte	0x1
 1210 0667 52       		.byte	0x52
 1211 0668 A9000000 		.4byte	0xa9
 1212 066c 01       		.uleb128 0x1
 1213 066d 53       		.byte	0x53
 1214 066e 00       		.byte	0
 1215 066f 00       		.byte	0
 1216 0670 18       		.uleb128 0x18
 1217 0671 80040000 		.4byte	.LASF88
 1218 0675 01       		.byte	0x1
 1219 0676 78       		.byte	0x78
 1220 0677 00000000 		.4byte	.LFB9
 1221 067b 30000000 		.4byte	.LFE9-.LFB9
 1222 067f 01       		.uleb128 0x1
 1223 0680 9C       		.byte	0x9c
 1224 0681 CC060000 		.4byte	0x6cc
 1225 0685 1D       		.uleb128 0x1d
 1226 0686 14000000 		.4byte	.LVL4
 1227 068a EA070000 		.4byte	0x7ea
 1228 068e 9D060000 		.4byte	0x69d
 1229 0692 1E       		.uleb128 0x1e
 1230 0693 01       		.uleb128 0x1
 1231 0694 50       		.byte	0x50
 1232 0695 01       		.uleb128 0x1
 1233 0696 37       		.byte	0x37
 1234 0697 1E       		.uleb128 0x1e
 1235 0698 01       		.uleb128 0x1
 1236 0699 51       		.byte	0x51
 1237 069a 01       		.uleb128 0x1
 1238 069b 40       		.byte	0x40
 1239 069c 00       		.byte	0
 1240 069d 1D       		.uleb128 0x1d
 1241 069e 1C000000 		.4byte	.LVL5
 1242 06a2 EA070000 		.4byte	0x7ea
 1243 06a6 B6060000 		.4byte	0x6b6
 1244 06aa 1E       		.uleb128 0x1e
 1245 06ab 01       		.uleb128 0x1
 1246 06ac 50       		.byte	0x50
 1247 06ad 01       		.uleb128 0x1
 1248 06ae 3A       		.byte	0x3a
 1249 06af 1E       		.uleb128 0x1e
 1250 06b0 01       		.uleb128 0x1
 1251 06b1 51       		.byte	0x51
 1252 06b2 02       		.uleb128 0x2
 1253 06b3 08       		.byte	0x8
 1254 06b4 20       		.byte	0x20
ARM GAS  /tmp/cc8sApFs.s 			page 23


 1255 06b5 00       		.byte	0
 1256 06b6 1F       		.uleb128 0x1f
 1257 06b7 28000000 		.4byte	.LVL6
 1258 06bb EA070000 		.4byte	0x7ea
 1259 06bf 1E       		.uleb128 0x1e
 1260 06c0 01       		.uleb128 0x1
 1261 06c1 50       		.byte	0x50
 1262 06c2 01       		.uleb128 0x1
 1263 06c3 3B       		.byte	0x3b
 1264 06c4 1E       		.uleb128 0x1e
 1265 06c5 01       		.uleb128 0x1
 1266 06c6 51       		.byte	0x51
 1267 06c7 02       		.uleb128 0x2
 1268 06c8 08       		.byte	0x8
 1269 06c9 80       		.byte	0x80
 1270 06ca 00       		.byte	0
 1271 06cb 00       		.byte	0
 1272 06cc 20       		.uleb128 0x20
 1273 06cd D3050000 		.4byte	0x5d3
 1274 06d1 00000000 		.4byte	.LFB10
 1275 06d5 74000000 		.4byte	.LFE10-.LFB10
 1276 06d9 01       		.uleb128 0x1
 1277 06da 9C       		.byte	0x9c
 1278 06db 19070000 		.4byte	0x719
 1279 06df 21       		.uleb128 0x21
 1280 06e0 00000000 		.4byte	.LBB13
 1281 06e4 06000000 		.4byte	.LBE13-.LBB13
 1282 06e8 F4060000 		.4byte	0x6f4
 1283 06ec 22       		.uleb128 0x22
 1284 06ed E4050000 		.4byte	0x5e4
 1285 06f1 01       		.uleb128 0x1
 1286 06f2 53       		.byte	0x53
 1287 06f3 00       		.byte	0
 1288 06f4 23       		.uleb128 0x23
 1289 06f5 00000000 		.4byte	.Ldebug_ranges0+0
 1290 06f9 07070000 		.4byte	0x707
 1291 06fd 24       		.uleb128 0x24
 1292 06fe F5050000 		.4byte	0x5f5
 1293 0702 20000000 		.4byte	.LLST1
 1294 0706 00       		.byte	0
 1295 0707 1B       		.uleb128 0x1b
 1296 0708 44000000 		.4byte	.LBB17
 1297 070c 06000000 		.4byte	.LBE17-.LBB17
 1298 0710 22       		.uleb128 0x22
 1299 0711 02060000 		.4byte	0x602
 1300 0715 01       		.uleb128 0x1
 1301 0716 53       		.byte	0x53
 1302 0717 00       		.byte	0
 1303 0718 00       		.byte	0
 1304 0719 18       		.uleb128 0x18
 1305 071a 0C010000 		.4byte	.LASF89
 1306 071e 01       		.byte	0x1
 1307 071f 2F       		.byte	0x2f
 1308 0720 00000000 		.4byte	.LFB7
 1309 0724 1A000000 		.4byte	.LFE7-.LFB7
 1310 0728 01       		.uleb128 0x1
 1311 0729 9C       		.byte	0x9c
ARM GAS  /tmp/cc8sApFs.s 			page 24


 1312 072a 77070000 		.4byte	0x777
 1313 072e 21       		.uleb128 0x21
 1314 072f 02000000 		.4byte	.LBB19
 1315 0733 06000000 		.4byte	.LBE19-.LBB19
 1316 0737 49070000 		.4byte	0x749
 1317 073b 1C       		.uleb128 0x1c
 1318 073c 746D7000 		.ascii	"tmp\000"
 1319 0740 01       		.byte	0x1
 1320 0741 33       		.byte	0x33
 1321 0742 A9000000 		.4byte	0xa9
 1322 0746 01       		.uleb128 0x1
 1323 0747 53       		.byte	0x53
 1324 0748 00       		.byte	0
 1325 0749 21       		.uleb128 0x21
 1326 074a 0C000000 		.4byte	.LBB20
 1327 074e 06000000 		.4byte	.LBE20-.LBB20
 1328 0752 64070000 		.4byte	0x764
 1329 0756 1C       		.uleb128 0x1c
 1330 0757 746D7000 		.ascii	"tmp\000"
 1331 075b 01       		.byte	0x1
 1332 075c 35       		.byte	0x35
 1333 075d A9000000 		.4byte	0xa9
 1334 0761 01       		.uleb128 0x1
 1335 0762 53       		.byte	0x53
 1336 0763 00       		.byte	0
 1337 0764 19       		.uleb128 0x19
 1338 0765 0C000000 		.4byte	.LVL12
 1339 0769 F6070000 		.4byte	0x7f6
 1340 076d 25       		.uleb128 0x25
 1341 076e 1A000000 		.4byte	.LVL13
 1342 0772 D3050000 		.4byte	0x5d3
 1343 0776 00       		.byte	0
 1344 0777 18       		.uleb128 0x18
 1345 0778 18020000 		.4byte	.LASF90
 1346 077c 01       		.byte	0x1
 1347 077d E5       		.byte	0xe5
 1348 077e 00000000 		.4byte	.LFB12
 1349 0782 10000000 		.4byte	.LFE12-.LFB12
 1350 0786 01       		.uleb128 0x1
 1351 0787 9C       		.byte	0x9c
 1352 0788 A7070000 		.4byte	0x7a7
 1353 078c 26       		.uleb128 0x26
 1354 078d 6E747000 		.ascii	"ntp\000"
 1355 0791 01       		.byte	0x1
 1356 0792 E5       		.byte	0xe5
 1357 0793 25020000 		.4byte	0x225
 1358 0797 01       		.uleb128 0x1
 1359 0798 50       		.byte	0x50
 1360 0799 26       		.uleb128 0x26
 1361 079a 6F747000 		.ascii	"otp\000"
 1362 079e 01       		.byte	0x1
 1363 079f E5       		.byte	0xe5
 1364 07a0 25020000 		.4byte	0x225
 1365 07a4 01       		.uleb128 0x1
 1366 07a5 51       		.byte	0x51
 1367 07a6 00       		.byte	0
 1368 07a7 18       		.uleb128 0x18
ARM GAS  /tmp/cc8sApFs.s 			page 25


 1369 07a8 9A010000 		.4byte	.LASF91
 1370 07ac 01       		.byte	0x1
 1371 07ad FC       		.byte	0xfc
 1372 07ae 00000000 		.4byte	.LFB13
 1373 07b2 10000000 		.4byte	.LFE13-.LFB13
 1374 07b6 01       		.uleb128 0x1
 1375 07b7 9C       		.byte	0x9c
 1376 07b8 D4070000 		.4byte	0x7d4
 1377 07bc 1B       		.uleb128 0x1b
 1378 07bd 00000000 		.4byte	.LBB21
 1379 07c1 06000000 		.4byte	.LBE21-.LBB21
 1380 07c5 1C       		.uleb128 0x1c
 1381 07c6 746D7000 		.ascii	"tmp\000"
 1382 07ca 01       		.byte	0x1
 1383 07cb FE       		.byte	0xfe
 1384 07cc A9000000 		.4byte	0xa9
 1385 07d0 01       		.uleb128 0x1
 1386 07d1 53       		.byte	0x53
 1387 07d2 00       		.byte	0
 1388 07d3 00       		.byte	0
 1389 07d4 27       		.uleb128 0x27
 1390 07d5 72040000 		.4byte	.LASF99
 1391 07d9 09       		.byte	0x9
 1392 07da 6F       		.byte	0x6f
 1393 07db 39050000 		.4byte	0x539
 1394 07df 28       		.uleb128 0x28
 1395 07e0 EB010000 		.4byte	.LASF92
 1396 07e4 EB010000 		.4byte	.LASF92
 1397 07e8 09       		.byte	0x9
 1398 07e9 A8       		.byte	0xa8
 1399 07ea 29       		.uleb128 0x29
 1400 07eb C5010000 		.4byte	.LASF93
 1401 07ef C5010000 		.4byte	.LASF93
 1402 07f3 08       		.byte	0x8
 1403 07f4 2501     		.2byte	0x125
 1404 07f6 28       		.uleb128 0x28
 1405 07f7 1F000000 		.4byte	.LASF94
 1406 07fb 1F000000 		.4byte	.LASF94
 1407 07ff 0B       		.byte	0xb
 1408 0800 F7       		.byte	0xf7
 1409 0801 00       		.byte	0
 1410              		.section	.debug_abbrev,"",%progbits
 1411              	.Ldebug_abbrev0:
 1412 0000 01       		.uleb128 0x1
 1413 0001 11       		.uleb128 0x11
 1414 0002 01       		.byte	0x1
 1415 0003 25       		.uleb128 0x25
 1416 0004 0E       		.uleb128 0xe
 1417 0005 13       		.uleb128 0x13
 1418 0006 0B       		.uleb128 0xb
 1419 0007 03       		.uleb128 0x3
 1420 0008 0E       		.uleb128 0xe
 1421 0009 1B       		.uleb128 0x1b
 1422 000a 0E       		.uleb128 0xe
 1423 000b 55       		.uleb128 0x55
 1424 000c 17       		.uleb128 0x17
 1425 000d 11       		.uleb128 0x11
ARM GAS  /tmp/cc8sApFs.s 			page 26


 1426 000e 01       		.uleb128 0x1
 1427 000f 10       		.uleb128 0x10
 1428 0010 17       		.uleb128 0x17
 1429 0011 00       		.byte	0
 1430 0012 00       		.byte	0
 1431 0013 02       		.uleb128 0x2
 1432 0014 24       		.uleb128 0x24
 1433 0015 00       		.byte	0
 1434 0016 0B       		.uleb128 0xb
 1435 0017 0B       		.uleb128 0xb
 1436 0018 3E       		.uleb128 0x3e
 1437 0019 0B       		.uleb128 0xb
 1438 001a 03       		.uleb128 0x3
 1439 001b 08       		.uleb128 0x8
 1440 001c 00       		.byte	0
 1441 001d 00       		.byte	0
 1442 001e 03       		.uleb128 0x3
 1443 001f 24       		.uleb128 0x24
 1444 0020 00       		.byte	0
 1445 0021 0B       		.uleb128 0xb
 1446 0022 0B       		.uleb128 0xb
 1447 0023 3E       		.uleb128 0x3e
 1448 0024 0B       		.uleb128 0xb
 1449 0025 03       		.uleb128 0x3
 1450 0026 0E       		.uleb128 0xe
 1451 0027 00       		.byte	0
 1452 0028 00       		.byte	0
 1453 0029 04       		.uleb128 0x4
 1454 002a 16       		.uleb128 0x16
 1455 002b 00       		.byte	0
 1456 002c 03       		.uleb128 0x3
 1457 002d 0E       		.uleb128 0xe
 1458 002e 3A       		.uleb128 0x3a
 1459 002f 0B       		.uleb128 0xb
 1460 0030 3B       		.uleb128 0x3b
 1461 0031 0B       		.uleb128 0xb
 1462 0032 49       		.uleb128 0x49
 1463 0033 13       		.uleb128 0x13
 1464 0034 00       		.byte	0
 1465 0035 00       		.byte	0
 1466 0036 05       		.uleb128 0x5
 1467 0037 13       		.uleb128 0x13
 1468 0038 01       		.byte	0x1
 1469 0039 03       		.uleb128 0x3
 1470 003a 0E       		.uleb128 0xe
 1471 003b 0B       		.uleb128 0xb
 1472 003c 0B       		.uleb128 0xb
 1473 003d 3A       		.uleb128 0x3a
 1474 003e 0B       		.uleb128 0xb
 1475 003f 3B       		.uleb128 0x3b
 1476 0040 0B       		.uleb128 0xb
 1477 0041 01       		.uleb128 0x1
 1478 0042 13       		.uleb128 0x13
 1479 0043 00       		.byte	0
 1480 0044 00       		.byte	0
 1481 0045 06       		.uleb128 0x6
 1482 0046 0D       		.uleb128 0xd
ARM GAS  /tmp/cc8sApFs.s 			page 27


 1483 0047 00       		.byte	0
 1484 0048 03       		.uleb128 0x3
 1485 0049 0E       		.uleb128 0xe
 1486 004a 3A       		.uleb128 0x3a
 1487 004b 0B       		.uleb128 0xb
 1488 004c 3B       		.uleb128 0x3b
 1489 004d 0B       		.uleb128 0xb
 1490 004e 49       		.uleb128 0x49
 1491 004f 13       		.uleb128 0x13
 1492 0050 38       		.uleb128 0x38
 1493 0051 0B       		.uleb128 0xb
 1494 0052 00       		.byte	0
 1495 0053 00       		.byte	0
 1496 0054 07       		.uleb128 0x7
 1497 0055 0D       		.uleb128 0xd
 1498 0056 00       		.byte	0
 1499 0057 03       		.uleb128 0x3
 1500 0058 08       		.uleb128 0x8
 1501 0059 3A       		.uleb128 0x3a
 1502 005a 0B       		.uleb128 0xb
 1503 005b 3B       		.uleb128 0x3b
 1504 005c 0B       		.uleb128 0xb
 1505 005d 49       		.uleb128 0x49
 1506 005e 13       		.uleb128 0x13
 1507 005f 38       		.uleb128 0x38
 1508 0060 0B       		.uleb128 0xb
 1509 0061 00       		.byte	0
 1510 0062 00       		.byte	0
 1511 0063 08       		.uleb128 0x8
 1512 0064 13       		.uleb128 0x13
 1513 0065 01       		.byte	0x1
 1514 0066 0B       		.uleb128 0xb
 1515 0067 0B       		.uleb128 0xb
 1516 0068 3A       		.uleb128 0x3a
 1517 0069 0B       		.uleb128 0xb
 1518 006a 3B       		.uleb128 0x3b
 1519 006b 0B       		.uleb128 0xb
 1520 006c 01       		.uleb128 0x1
 1521 006d 13       		.uleb128 0x13
 1522 006e 00       		.byte	0
 1523 006f 00       		.byte	0
 1524 0070 09       		.uleb128 0x9
 1525 0071 0F       		.uleb128 0xf
 1526 0072 00       		.byte	0
 1527 0073 0B       		.uleb128 0xb
 1528 0074 0B       		.uleb128 0xb
 1529 0075 49       		.uleb128 0x49
 1530 0076 13       		.uleb128 0x13
 1531 0077 00       		.byte	0
 1532 0078 00       		.byte	0
 1533 0079 0A       		.uleb128 0xa
 1534 007a 0F       		.uleb128 0xf
 1535 007b 00       		.byte	0
 1536 007c 0B       		.uleb128 0xb
 1537 007d 0B       		.uleb128 0xb
 1538 007e 00       		.byte	0
 1539 007f 00       		.byte	0
ARM GAS  /tmp/cc8sApFs.s 			page 28


 1540 0080 0B       		.uleb128 0xb
 1541 0081 13       		.uleb128 0x13
 1542 0082 01       		.byte	0x1
 1543 0083 03       		.uleb128 0x3
 1544 0084 0E       		.uleb128 0xe
 1545 0085 0B       		.uleb128 0xb
 1546 0086 0B       		.uleb128 0xb
 1547 0087 3A       		.uleb128 0x3a
 1548 0088 0B       		.uleb128 0xb
 1549 0089 3B       		.uleb128 0x3b
 1550 008a 05       		.uleb128 0x5
 1551 008b 01       		.uleb128 0x1
 1552 008c 13       		.uleb128 0x13
 1553 008d 00       		.byte	0
 1554 008e 00       		.byte	0
 1555 008f 0C       		.uleb128 0xc
 1556 0090 0D       		.uleb128 0xd
 1557 0091 00       		.byte	0
 1558 0092 03       		.uleb128 0x3
 1559 0093 08       		.uleb128 0x8
 1560 0094 3A       		.uleb128 0x3a
 1561 0095 0B       		.uleb128 0xb
 1562 0096 3B       		.uleb128 0x3b
 1563 0097 05       		.uleb128 0x5
 1564 0098 49       		.uleb128 0x49
 1565 0099 13       		.uleb128 0x13
 1566 009a 38       		.uleb128 0x38
 1567 009b 0B       		.uleb128 0xb
 1568 009c 00       		.byte	0
 1569 009d 00       		.byte	0
 1570 009e 0D       		.uleb128 0xd
 1571 009f 35       		.uleb128 0x35
 1572 00a0 00       		.byte	0
 1573 00a1 49       		.uleb128 0x49
 1574 00a2 13       		.uleb128 0x13
 1575 00a3 00       		.byte	0
 1576 00a4 00       		.byte	0
 1577 00a5 0E       		.uleb128 0xe
 1578 00a6 01       		.uleb128 0x1
 1579 00a7 01       		.byte	0x1
 1580 00a8 49       		.uleb128 0x49
 1581 00a9 13       		.uleb128 0x13
 1582 00aa 01       		.uleb128 0x1
 1583 00ab 13       		.uleb128 0x13
 1584 00ac 00       		.byte	0
 1585 00ad 00       		.byte	0
 1586 00ae 0F       		.uleb128 0xf
 1587 00af 21       		.uleb128 0x21
 1588 00b0 00       		.byte	0
 1589 00b1 49       		.uleb128 0x49
 1590 00b2 13       		.uleb128 0x13
 1591 00b3 2F       		.uleb128 0x2f
 1592 00b4 0B       		.uleb128 0xb
 1593 00b5 00       		.byte	0
 1594 00b6 00       		.byte	0
 1595 00b7 10       		.uleb128 0x10
 1596 00b8 17       		.uleb128 0x17
ARM GAS  /tmp/cc8sApFs.s 			page 29


 1597 00b9 01       		.byte	0x1
 1598 00ba 0B       		.uleb128 0xb
 1599 00bb 0B       		.uleb128 0xb
 1600 00bc 3A       		.uleb128 0x3a
 1601 00bd 0B       		.uleb128 0xb
 1602 00be 3B       		.uleb128 0x3b
 1603 00bf 0B       		.uleb128 0xb
 1604 00c0 01       		.uleb128 0x1
 1605 00c1 13       		.uleb128 0x13
 1606 00c2 00       		.byte	0
 1607 00c3 00       		.byte	0
 1608 00c4 11       		.uleb128 0x11
 1609 00c5 0D       		.uleb128 0xd
 1610 00c6 00       		.byte	0
 1611 00c7 03       		.uleb128 0x3
 1612 00c8 0E       		.uleb128 0xe
 1613 00c9 3A       		.uleb128 0x3a
 1614 00ca 0B       		.uleb128 0xb
 1615 00cb 3B       		.uleb128 0x3b
 1616 00cc 0B       		.uleb128 0xb
 1617 00cd 49       		.uleb128 0x49
 1618 00ce 13       		.uleb128 0x13
 1619 00cf 00       		.byte	0
 1620 00d0 00       		.byte	0
 1621 00d1 12       		.uleb128 0x12
 1622 00d2 26       		.uleb128 0x26
 1623 00d3 00       		.byte	0
 1624 00d4 49       		.uleb128 0x49
 1625 00d5 13       		.uleb128 0x13
 1626 00d6 00       		.byte	0
 1627 00d7 00       		.byte	0
 1628 00d8 13       		.uleb128 0x13
 1629 00d9 2E       		.uleb128 0x2e
 1630 00da 01       		.byte	0x1
 1631 00db 3F       		.uleb128 0x3f
 1632 00dc 19       		.uleb128 0x19
 1633 00dd 03       		.uleb128 0x3
 1634 00de 0E       		.uleb128 0xe
 1635 00df 3A       		.uleb128 0x3a
 1636 00e0 0B       		.uleb128 0xb
 1637 00e1 3B       		.uleb128 0x3b
 1638 00e2 0B       		.uleb128 0xb
 1639 00e3 27       		.uleb128 0x27
 1640 00e4 19       		.uleb128 0x19
 1641 00e5 20       		.uleb128 0x20
 1642 00e6 0B       		.uleb128 0xb
 1643 00e7 01       		.uleb128 0x1
 1644 00e8 13       		.uleb128 0x13
 1645 00e9 00       		.byte	0
 1646 00ea 00       		.byte	0
 1647 00eb 14       		.uleb128 0x14
 1648 00ec 0B       		.uleb128 0xb
 1649 00ed 01       		.byte	0x1
 1650 00ee 01       		.uleb128 0x1
 1651 00ef 13       		.uleb128 0x13
 1652 00f0 00       		.byte	0
 1653 00f1 00       		.byte	0
ARM GAS  /tmp/cc8sApFs.s 			page 30


 1654 00f2 15       		.uleb128 0x15
 1655 00f3 34       		.uleb128 0x34
 1656 00f4 00       		.byte	0
 1657 00f5 03       		.uleb128 0x3
 1658 00f6 08       		.uleb128 0x8
 1659 00f7 3A       		.uleb128 0x3a
 1660 00f8 0B       		.uleb128 0xb
 1661 00f9 3B       		.uleb128 0x3b
 1662 00fa 0B       		.uleb128 0xb
 1663 00fb 49       		.uleb128 0x49
 1664 00fc 13       		.uleb128 0x13
 1665 00fd 00       		.byte	0
 1666 00fe 00       		.byte	0
 1667 00ff 16       		.uleb128 0x16
 1668 0100 34       		.uleb128 0x34
 1669 0101 00       		.byte	0
 1670 0102 03       		.uleb128 0x3
 1671 0103 0E       		.uleb128 0xe
 1672 0104 3A       		.uleb128 0x3a
 1673 0105 0B       		.uleb128 0xb
 1674 0106 3B       		.uleb128 0x3b
 1675 0107 0B       		.uleb128 0xb
 1676 0108 49       		.uleb128 0x49
 1677 0109 13       		.uleb128 0x13
 1678 010a 00       		.byte	0
 1679 010b 00       		.byte	0
 1680 010c 17       		.uleb128 0x17
 1681 010d 0B       		.uleb128 0xb
 1682 010e 01       		.byte	0x1
 1683 010f 00       		.byte	0
 1684 0110 00       		.byte	0
 1685 0111 18       		.uleb128 0x18
 1686 0112 2E       		.uleb128 0x2e
 1687 0113 01       		.byte	0x1
 1688 0114 3F       		.uleb128 0x3f
 1689 0115 19       		.uleb128 0x19
 1690 0116 03       		.uleb128 0x3
 1691 0117 0E       		.uleb128 0xe
 1692 0118 3A       		.uleb128 0x3a
 1693 0119 0B       		.uleb128 0xb
 1694 011a 3B       		.uleb128 0x3b
 1695 011b 0B       		.uleb128 0xb
 1696 011c 27       		.uleb128 0x27
 1697 011d 19       		.uleb128 0x19
 1698 011e 11       		.uleb128 0x11
 1699 011f 01       		.uleb128 0x1
 1700 0120 12       		.uleb128 0x12
 1701 0121 06       		.uleb128 0x6
 1702 0122 40       		.uleb128 0x40
 1703 0123 18       		.uleb128 0x18
 1704 0124 9742     		.uleb128 0x2117
 1705 0126 19       		.uleb128 0x19
 1706 0127 01       		.uleb128 0x1
 1707 0128 13       		.uleb128 0x13
 1708 0129 00       		.byte	0
 1709 012a 00       		.byte	0
 1710 012b 19       		.uleb128 0x19
ARM GAS  /tmp/cc8sApFs.s 			page 31


 1711 012c 898201   		.uleb128 0x4109
 1712 012f 00       		.byte	0
 1713 0130 11       		.uleb128 0x11
 1714 0131 01       		.uleb128 0x1
 1715 0132 31       		.uleb128 0x31
 1716 0133 13       		.uleb128 0x13
 1717 0134 00       		.byte	0
 1718 0135 00       		.byte	0
 1719 0136 1A       		.uleb128 0x1a
 1720 0137 34       		.uleb128 0x34
 1721 0138 00       		.byte	0
 1722 0139 03       		.uleb128 0x3
 1723 013a 0E       		.uleb128 0xe
 1724 013b 3A       		.uleb128 0x3a
 1725 013c 0B       		.uleb128 0xb
 1726 013d 3B       		.uleb128 0x3b
 1727 013e 0B       		.uleb128 0xb
 1728 013f 49       		.uleb128 0x49
 1729 0140 13       		.uleb128 0x13
 1730 0141 02       		.uleb128 0x2
 1731 0142 17       		.uleb128 0x17
 1732 0143 00       		.byte	0
 1733 0144 00       		.byte	0
 1734 0145 1B       		.uleb128 0x1b
 1735 0146 0B       		.uleb128 0xb
 1736 0147 01       		.byte	0x1
 1737 0148 11       		.uleb128 0x11
 1738 0149 01       		.uleb128 0x1
 1739 014a 12       		.uleb128 0x12
 1740 014b 06       		.uleb128 0x6
 1741 014c 00       		.byte	0
 1742 014d 00       		.byte	0
 1743 014e 1C       		.uleb128 0x1c
 1744 014f 34       		.uleb128 0x34
 1745 0150 00       		.byte	0
 1746 0151 03       		.uleb128 0x3
 1747 0152 08       		.uleb128 0x8
 1748 0153 3A       		.uleb128 0x3a
 1749 0154 0B       		.uleb128 0xb
 1750 0155 3B       		.uleb128 0x3b
 1751 0156 0B       		.uleb128 0xb
 1752 0157 49       		.uleb128 0x49
 1753 0158 13       		.uleb128 0x13
 1754 0159 02       		.uleb128 0x2
 1755 015a 18       		.uleb128 0x18
 1756 015b 00       		.byte	0
 1757 015c 00       		.byte	0
 1758 015d 1D       		.uleb128 0x1d
 1759 015e 898201   		.uleb128 0x4109
 1760 0161 01       		.byte	0x1
 1761 0162 11       		.uleb128 0x11
 1762 0163 01       		.uleb128 0x1
 1763 0164 31       		.uleb128 0x31
 1764 0165 13       		.uleb128 0x13
 1765 0166 01       		.uleb128 0x1
 1766 0167 13       		.uleb128 0x13
 1767 0168 00       		.byte	0
ARM GAS  /tmp/cc8sApFs.s 			page 32


 1768 0169 00       		.byte	0
 1769 016a 1E       		.uleb128 0x1e
 1770 016b 8A8201   		.uleb128 0x410a
 1771 016e 00       		.byte	0
 1772 016f 02       		.uleb128 0x2
 1773 0170 18       		.uleb128 0x18
 1774 0171 9142     		.uleb128 0x2111
 1775 0173 18       		.uleb128 0x18
 1776 0174 00       		.byte	0
 1777 0175 00       		.byte	0
 1778 0176 1F       		.uleb128 0x1f
 1779 0177 898201   		.uleb128 0x4109
 1780 017a 01       		.byte	0x1
 1781 017b 11       		.uleb128 0x11
 1782 017c 01       		.uleb128 0x1
 1783 017d 9542     		.uleb128 0x2115
 1784 017f 19       		.uleb128 0x19
 1785 0180 31       		.uleb128 0x31
 1786 0181 13       		.uleb128 0x13
 1787 0182 00       		.byte	0
 1788 0183 00       		.byte	0
 1789 0184 20       		.uleb128 0x20
 1790 0185 2E       		.uleb128 0x2e
 1791 0186 01       		.byte	0x1
 1792 0187 31       		.uleb128 0x31
 1793 0188 13       		.uleb128 0x13
 1794 0189 11       		.uleb128 0x11
 1795 018a 01       		.uleb128 0x1
 1796 018b 12       		.uleb128 0x12
 1797 018c 06       		.uleb128 0x6
 1798 018d 40       		.uleb128 0x40
 1799 018e 18       		.uleb128 0x18
 1800 018f 9742     		.uleb128 0x2117
 1801 0191 19       		.uleb128 0x19
 1802 0192 01       		.uleb128 0x1
 1803 0193 13       		.uleb128 0x13
 1804 0194 00       		.byte	0
 1805 0195 00       		.byte	0
 1806 0196 21       		.uleb128 0x21
 1807 0197 0B       		.uleb128 0xb
 1808 0198 01       		.byte	0x1
 1809 0199 11       		.uleb128 0x11
 1810 019a 01       		.uleb128 0x1
 1811 019b 12       		.uleb128 0x12
 1812 019c 06       		.uleb128 0x6
 1813 019d 01       		.uleb128 0x1
 1814 019e 13       		.uleb128 0x13
 1815 019f 00       		.byte	0
 1816 01a0 00       		.byte	0
 1817 01a1 22       		.uleb128 0x22
 1818 01a2 34       		.uleb128 0x34
 1819 01a3 00       		.byte	0
 1820 01a4 31       		.uleb128 0x31
 1821 01a5 13       		.uleb128 0x13
 1822 01a6 02       		.uleb128 0x2
 1823 01a7 18       		.uleb128 0x18
 1824 01a8 00       		.byte	0
ARM GAS  /tmp/cc8sApFs.s 			page 33


 1825 01a9 00       		.byte	0
 1826 01aa 23       		.uleb128 0x23
 1827 01ab 0B       		.uleb128 0xb
 1828 01ac 01       		.byte	0x1
 1829 01ad 55       		.uleb128 0x55
 1830 01ae 17       		.uleb128 0x17
 1831 01af 01       		.uleb128 0x1
 1832 01b0 13       		.uleb128 0x13
 1833 01b1 00       		.byte	0
 1834 01b2 00       		.byte	0
 1835 01b3 24       		.uleb128 0x24
 1836 01b4 34       		.uleb128 0x34
 1837 01b5 00       		.byte	0
 1838 01b6 31       		.uleb128 0x31
 1839 01b7 13       		.uleb128 0x13
 1840 01b8 02       		.uleb128 0x2
 1841 01b9 17       		.uleb128 0x17
 1842 01ba 00       		.byte	0
 1843 01bb 00       		.byte	0
 1844 01bc 25       		.uleb128 0x25
 1845 01bd 898201   		.uleb128 0x4109
 1846 01c0 00       		.byte	0
 1847 01c1 11       		.uleb128 0x11
 1848 01c2 01       		.uleb128 0x1
 1849 01c3 9542     		.uleb128 0x2115
 1850 01c5 19       		.uleb128 0x19
 1851 01c6 31       		.uleb128 0x31
 1852 01c7 13       		.uleb128 0x13
 1853 01c8 00       		.byte	0
 1854 01c9 00       		.byte	0
 1855 01ca 26       		.uleb128 0x26
 1856 01cb 05       		.uleb128 0x5
 1857 01cc 00       		.byte	0
 1858 01cd 03       		.uleb128 0x3
 1859 01ce 08       		.uleb128 0x8
 1860 01cf 3A       		.uleb128 0x3a
 1861 01d0 0B       		.uleb128 0xb
 1862 01d1 3B       		.uleb128 0x3b
 1863 01d2 0B       		.uleb128 0xb
 1864 01d3 49       		.uleb128 0x49
 1865 01d4 13       		.uleb128 0x13
 1866 01d5 02       		.uleb128 0x2
 1867 01d6 18       		.uleb128 0x18
 1868 01d7 00       		.byte	0
 1869 01d8 00       		.byte	0
 1870 01d9 27       		.uleb128 0x27
 1871 01da 34       		.uleb128 0x34
 1872 01db 00       		.byte	0
 1873 01dc 03       		.uleb128 0x3
 1874 01dd 0E       		.uleb128 0xe
 1875 01de 3A       		.uleb128 0x3a
 1876 01df 0B       		.uleb128 0xb
 1877 01e0 3B       		.uleb128 0x3b
 1878 01e1 0B       		.uleb128 0xb
 1879 01e2 49       		.uleb128 0x49
 1880 01e3 13       		.uleb128 0x13
 1881 01e4 3F       		.uleb128 0x3f
ARM GAS  /tmp/cc8sApFs.s 			page 34


 1882 01e5 19       		.uleb128 0x19
 1883 01e6 3C       		.uleb128 0x3c
 1884 01e7 19       		.uleb128 0x19
 1885 01e8 00       		.byte	0
 1886 01e9 00       		.byte	0
 1887 01ea 28       		.uleb128 0x28
 1888 01eb 2E       		.uleb128 0x2e
 1889 01ec 00       		.byte	0
 1890 01ed 3F       		.uleb128 0x3f
 1891 01ee 19       		.uleb128 0x19
 1892 01ef 3C       		.uleb128 0x3c
 1893 01f0 19       		.uleb128 0x19
 1894 01f1 6E       		.uleb128 0x6e
 1895 01f2 0E       		.uleb128 0xe
 1896 01f3 03       		.uleb128 0x3
 1897 01f4 0E       		.uleb128 0xe
 1898 01f5 3A       		.uleb128 0x3a
 1899 01f6 0B       		.uleb128 0xb
 1900 01f7 3B       		.uleb128 0x3b
 1901 01f8 0B       		.uleb128 0xb
 1902 01f9 00       		.byte	0
 1903 01fa 00       		.byte	0
 1904 01fb 29       		.uleb128 0x29
 1905 01fc 2E       		.uleb128 0x2e
 1906 01fd 00       		.byte	0
 1907 01fe 3F       		.uleb128 0x3f
 1908 01ff 19       		.uleb128 0x19
 1909 0200 3C       		.uleb128 0x3c
 1910 0201 19       		.uleb128 0x19
 1911 0202 6E       		.uleb128 0x6e
 1912 0203 0E       		.uleb128 0xe
 1913 0204 03       		.uleb128 0x3
 1914 0205 0E       		.uleb128 0xe
 1915 0206 3A       		.uleb128 0x3a
 1916 0207 0B       		.uleb128 0xb
 1917 0208 3B       		.uleb128 0x3b
 1918 0209 05       		.uleb128 0x5
 1919 020a 00       		.byte	0
 1920 020b 00       		.byte	0
 1921 020c 00       		.byte	0
 1922              		.section	.debug_loc,"",%progbits
 1923              	.Ldebug_loc0:
 1924              	.LLST0:
 1925 0000 04000000 		.4byte	.LVL1
 1926 0004 06000000 		.4byte	.LVL2
 1927 0008 0300     		.2byte	0x3
 1928 000a 73       		.byte	0x73
 1929 000b 20       		.sleb128 32
 1930 000c 9F       		.byte	0x9f
 1931 000d 06000000 		.4byte	.LVL2
 1932 0011 0C000000 		.4byte	.LVL3
 1933 0015 0100     		.2byte	0x1
 1934 0017 53       		.byte	0x53
 1935 0018 00000000 		.4byte	0
 1936 001c 00000000 		.4byte	0
 1937              	.LLST1:
 1938 0020 14000000 		.4byte	.LVL7
ARM GAS  /tmp/cc8sApFs.s 			page 35


 1939 0024 20000000 		.4byte	.LVL8
 1940 0028 0300     		.2byte	0x3
 1941 002a 73       		.byte	0x73
 1942 002b 60       		.sleb128 -32
 1943 002c 9F       		.byte	0x9f
 1944 002d 20000000 		.4byte	.LVL8
 1945 0031 28000000 		.4byte	.LVL9
 1946 0035 0100     		.2byte	0x1
 1947 0037 52       		.byte	0x52
 1948 0038 28000000 		.4byte	.LVL9
 1949 003c 44000000 		.4byte	.LVL10
 1950 0040 0300     		.2byte	0x3
 1951 0042 73       		.byte	0x73
 1952 0043 60       		.sleb128 -32
 1953 0044 9F       		.byte	0x9f
 1954 0045 4A000000 		.4byte	.LVL11
 1955 0049 74000000 		.4byte	.LFE10
 1956 004d 0300     		.2byte	0x3
 1957 004f 73       		.byte	0x73
 1958 0050 60       		.sleb128 -32
 1959 0051 9F       		.byte	0x9f
 1960 0052 00000000 		.4byte	0
 1961 0056 00000000 		.4byte	0
 1962              		.section	.debug_aranges,"",%progbits
 1963 0000 4C000000 		.4byte	0x4c
 1964 0004 0200     		.2byte	0x2
 1965 0006 00000000 		.4byte	.Ldebug_info0
 1966 000a 04       		.byte	0x4
 1967 000b 00       		.byte	0
 1968 000c 0000     		.2byte	0
 1969 000e 0000     		.2byte	0
 1970 0010 00000000 		.4byte	.LFB11
 1971 0014 06000000 		.4byte	.LFE11-.LFB11
 1972 0018 00000000 		.4byte	.LFB8
 1973 001c 12000000 		.4byte	.LFE8-.LFB8
 1974 0020 00000000 		.4byte	.LFB9
 1975 0024 30000000 		.4byte	.LFE9-.LFB9
 1976 0028 00000000 		.4byte	.LFB10
 1977 002c 74000000 		.4byte	.LFE10-.LFB10
 1978 0030 00000000 		.4byte	.LFB7
 1979 0034 1A000000 		.4byte	.LFE7-.LFB7
 1980 0038 00000000 		.4byte	.LFB12
 1981 003c 10000000 		.4byte	.LFE12-.LFB12
 1982 0040 00000000 		.4byte	.LFB13
 1983 0044 10000000 		.4byte	.LFE13-.LFB13
 1984 0048 00000000 		.4byte	0
 1985 004c 00000000 		.4byte	0
 1986              		.section	.debug_ranges,"",%progbits
 1987              	.Ldebug_ranges0:
 1988 0000 10000000 		.4byte	.LBB15
 1989 0004 44000000 		.4byte	.LBE15
 1990 0008 4A000000 		.4byte	.LBB16
 1991 000c 74000000 		.4byte	.LBE16
 1992 0010 00000000 		.4byte	0
 1993 0014 00000000 		.4byte	0
 1994 0018 00000000 		.4byte	.LFB11
 1995 001c 06000000 		.4byte	.LFE11
ARM GAS  /tmp/cc8sApFs.s 			page 36


 1996 0020 00000000 		.4byte	.LFB8
 1997 0024 12000000 		.4byte	.LFE8
 1998 0028 00000000 		.4byte	.LFB9
 1999 002c 30000000 		.4byte	.LFE9
 2000 0030 00000000 		.4byte	.LFB10
 2001 0034 74000000 		.4byte	.LFE10
 2002 0038 00000000 		.4byte	.LFB7
 2003 003c 1A000000 		.4byte	.LFE7
 2004 0040 00000000 		.4byte	.LFB12
 2005 0044 10000000 		.4byte	.LFE12
 2006 0048 00000000 		.4byte	.LFB13
 2007 004c 10000000 		.4byte	.LFE13
 2008 0050 00000000 		.4byte	0
 2009 0054 00000000 		.4byte	0
 2010              		.section	.debug_line,"",%progbits
 2011              	.Ldebug_line0:
 2012 0000 47020000 		.section	.debug_str,"MS",%progbits,1
 2012      0200A101 
 2012      00000201 
 2012      FB0E0D00 
 2012      01010101 
 2013              	.LASF38:
 2014 0000 705F6D73 		.ascii	"p_msg\000"
 2014      6700
 2015              	.LASF80:
 2016 0006 7264796D 		.ascii	"rdymsg\000"
 2016      736700
 2017              	.LASF7:
 2018 000d 5F5F7569 		.ascii	"__uint8_t\000"
 2018      6E74385F 
 2018      7400
 2019              	.LASF68:
 2020 0017 434D785F 		.ascii	"CMx_SCB\000"
 2020      53434200 
 2021              	.LASF94:
 2022 001f 63685379 		.ascii	"chSysTimerHandlerI\000"
 2022      7354696D 
 2022      65724861 
 2022      6E646C65 
 2022      724900
 2023              	.LASF95:
 2024 0032 474E5520 		.ascii	"GNU C11 5.4.1 20160919 (release) [ARM/embedded-5-br"
 2024      43313120 
 2024      352E342E 
 2024      31203230 
 2024      31363039 
 2025 0065 616E6368 		.ascii	"anch revision 240496] -mcpu=cortex-m4 -mno-thumb-in"
 2025      20726576 
 2025      6973696F 
 2025      6E203234 
 2025      30343936 
 2026 0098 74657277 		.ascii	"terwork -mthumb -ggdb -O2 -fomit-frame-pointer -fal"
 2026      6F726B20 
 2026      2D6D7468 
 2026      756D6220 
 2026      2D676764 
 2027 00cb 69676E2D 		.ascii	"ign-functions=16 -ffunction-sections -fdata-section"
ARM GAS  /tmp/cc8sApFs.s 			page 37


 2027      66756E63 
 2027      74696F6E 
 2027      733D3136 
 2027      202D6666 
 2028 00fe 73202D66 		.ascii	"s -fno-common\000"
 2028      6E6F2D63 
 2028      6F6D6D6F 
 2028      6E00
 2029              	.LASF89:
 2030 010c 53797354 		.ascii	"SysTickVector\000"
 2030      69636B56 
 2030      6563746F 
 2030      7200
 2031              	.LASF12:
 2032 011a 6C6F6E67 		.ascii	"long long unsigned int\000"
 2032      206C6F6E 
 2032      6720756E 
 2032      7369676E 
 2032      65642069 
 2033              	.LASF81:
 2034 0131 65786974 		.ascii	"exitcode\000"
 2034      636F6465 
 2034      00
 2035              	.LASF53:
 2036 013a 43505549 		.ascii	"CPUID\000"
 2036      4400
 2037              	.LASF27:
 2038 0140 705F7072 		.ascii	"p_prio\000"
 2038      696F00
 2039              	.LASF1:
 2040 0147 6C6F6E67 		.ascii	"long long int\000"
 2040      206C6F6E 
 2040      6720696E 
 2040      7400
 2041              	.LASF3:
 2042 0155 7369676E 		.ascii	"signed char\000"
 2042      65642063 
 2042      68617200 
 2043              	.LASF42:
 2044 0161 705F6D70 		.ascii	"p_mpool\000"
 2044      6F6F6C00 
 2045              	.LASF77:
 2046 0169 6D5F7175 		.ascii	"m_queue\000"
 2046      65756500 
 2047              	.LASF20:
 2048 0171 74736C69 		.ascii	"tslices_t\000"
 2048      6365735F 
 2048      7400
 2049              	.LASF9:
 2050 017b 6C6F6E67 		.ascii	"long int\000"
 2050      20696E74 
 2050      00
 2051              	.LASF87:
 2052 0184 53564361 		.ascii	"SVCallVector\000"
 2052      6C6C5665 
 2052      63746F72 
 2052      00
ARM GAS  /tmp/cc8sApFs.s 			page 38


 2053              	.LASF18:
 2054 0191 74737461 		.ascii	"tstate_t\000"
 2054      74655F74 
 2054      00
 2055              	.LASF91:
 2056 019a 5F706F72 		.ascii	"_port_thread_start\000"
 2056      745F7468 
 2056      72656164 
 2056      5F737461 
 2056      727400
 2057              	.LASF29:
 2058 01ad 705F6E65 		.ascii	"p_newer\000"
 2058      77657200 
 2059              	.LASF63:
 2060 01b5 42464152 		.ascii	"BFAR\000"
 2060      00
 2061              	.LASF10:
 2062 01ba 5F5F7569 		.ascii	"__uint32_t\000"
 2062      6E743332 
 2062      5F7400
 2063              	.LASF93:
 2064 01c5 6E766963 		.ascii	"nvicSetSystemHandlerPriority\000"
 2064      53657453 
 2064      79737465 
 2064      6D48616E 
 2064      646C6572 
 2065              	.LASF45:
 2066 01e2 72656761 		.ascii	"regarm_t\000"
 2066      726D5F74 
 2066      00
 2067              	.LASF92:
 2068 01eb 63685363 		.ascii	"chSchDoReschedule\000"
 2068      68446F52 
 2068      65736368 
 2068      6564756C 
 2068      6500
 2069              	.LASF0:
 2070 01fd 756E7369 		.ascii	"unsigned int\000"
 2070      676E6564 
 2070      20696E74 
 2070      00
 2071              	.LASF47:
 2072 020a 6C725F74 		.ascii	"lr_thd\000"
 2072      686400
 2073              	.LASF46:
 2074 0211 65787463 		.ascii	"extctx\000"
 2074      747800
 2075              	.LASF90:
 2076 0218 5F706F72 		.ascii	"_port_switch\000"
 2076      745F7377 
 2076      69746368 
 2076      00
 2077              	.LASF11:
 2078 0225 6C6F6E67 		.ascii	"long unsigned int\000"
 2078      20756E73 
 2078      69676E65 
 2078      6420696E 
ARM GAS  /tmp/cc8sApFs.s 			page 39


 2078      7400
 2079              	.LASF55:
 2080 0237 56544F52 		.ascii	"VTOR\000"
 2080      00
 2081              	.LASF86:
 2082 023c 5F706F72 		.ascii	"_port_switch_from_isr\000"
 2082      745F7377 
 2082      69746368 
 2082      5F66726F 
 2082      6D5F6973 
 2083              	.LASF6:
 2084 0252 73686F72 		.ascii	"short unsigned int\000"
 2084      7420756E 
 2084      7369676E 
 2084      65642069 
 2084      6E7400
 2085              	.LASF54:
 2086 0265 49435352 		.ascii	"ICSR\000"
 2086      00
 2087              	.LASF22:
 2088 026a 6D73675F 		.ascii	"msg_t\000"
 2088      7400
 2089              	.LASF56:
 2090 0270 41495243 		.ascii	"AIRCR\000"
 2090      5200
 2091              	.LASF61:
 2092 0276 44465352 		.ascii	"DFSR\000"
 2092      00
 2093              	.LASF72:
 2094 027b 725F6E65 		.ascii	"r_newer\000"
 2094      77657200 
 2095              	.LASF62:
 2096 0283 4D4D4641 		.ascii	"MMFAR\000"
 2096      5200
 2097              	.LASF98:
 2098 0289 5F706F72 		.ascii	"_port_irq_epilogue\000"
 2098      745F6972 
 2098      715F6570 
 2098      696C6F67 
 2098      756500
 2099              	.LASF17:
 2100 029c 746D6F64 		.ascii	"tmode_t\000"
 2100      655F7400 
 2101              	.LASF44:
 2102 02a4 54687265 		.ascii	"ThreadsList\000"
 2102      6164734C 
 2102      69737400 
 2103              	.LASF23:
 2104 02b0 6576656E 		.ascii	"eventmask_t\000"
 2104      746D6173 
 2104      6B5F7400 
 2105              	.LASF76:
 2106 02bc 4D757465 		.ascii	"Mutex\000"
 2106      7800
 2107              	.LASF52:
 2108 02c2 73697A65 		.ascii	"sizetype\000"
 2108      74797065 
ARM GAS  /tmp/cc8sApFs.s 			page 40


 2108      00
 2109              	.LASF2:
 2110 02cb 6C6F6E67 		.ascii	"long double\000"
 2110      20646F75 
 2110      626C6500 
 2111              	.LASF59:
 2112 02d7 43465352 		.ascii	"CFSR\000"
 2112      00
 2113              	.LASF30:
 2114 02dc 705F6F6C 		.ascii	"p_older\000"
 2114      64657200 
 2115              	.LASF71:
 2116 02e4 725F6374 		.ascii	"r_ctx\000"
 2116      7800
 2117              	.LASF43:
 2118 02ea 54687265 		.ascii	"ThreadsQueue\000"
 2118      61647351 
 2118      75657565 
 2118      00
 2119              	.LASF96:
 2120 02f7 2E2E2F43 		.ascii	"../ChibiOS_2.6.9/os/ports/GCC/ARMCMx/chcore_v7m.c\000"
 2120      68696269 
 2120      4F535F32 
 2120      2E362E39 
 2120      2F6F732F 
 2121              	.LASF74:
 2122 0329 725F6375 		.ascii	"r_current\000"
 2122      7272656E 
 2122      7400
 2123              	.LASF73:
 2124 0333 725F6F6C 		.ascii	"r_older\000"
 2124      64657200 
 2125              	.LASF19:
 2126 033b 74726566 		.ascii	"trefs_t\000"
 2126      735F7400 
 2127              	.LASF85:
 2128 0343 63747870 		.ascii	"ctxp\000"
 2128      00
 2129              	.LASF26:
 2130 0348 705F7072 		.ascii	"p_prev\000"
 2130      657600
 2131              	.LASF21:
 2132 034f 74707269 		.ascii	"tprio_t\000"
 2132      6F5F7400 
 2133              	.LASF16:
 2134 0357 5F426F6F 		.ascii	"_Bool\000"
 2134      6C00
 2135              	.LASF14:
 2136 035d 696E7433 		.ascii	"int32_t\000"
 2136      325F7400 
 2137              	.LASF4:
 2138 0365 756E7369 		.ascii	"unsigned char\000"
 2138      676E6564 
 2138      20636861 
 2138      7200
 2139              	.LASF58:
 2140 0373 53484353 		.ascii	"SHCSR\000"
ARM GAS  /tmp/cc8sApFs.s 			page 41


 2140      5200
 2141              	.LASF40:
 2142 0379 705F6D74 		.ascii	"p_mtxlist\000"
 2142      786C6973 
 2142      7400
 2143              	.LASF5:
 2144 0383 73686F72 		.ascii	"short int\000"
 2144      7420696E 
 2144      7400
 2145              	.LASF32:
 2146 038d 705F7374 		.ascii	"p_state\000"
 2146      61746500 
 2147              	.LASF35:
 2148 0395 705F7072 		.ascii	"p_preempt\000"
 2148      65656D70 
 2148      7400
 2149              	.LASF48:
 2150 039f 78707372 		.ascii	"xpsr\000"
 2150      00
 2151              	.LASF70:
 2152 03a4 725F7072 		.ascii	"r_prio\000"
 2152      696F00
 2153              	.LASF83:
 2154 03ab 65776D61 		.ascii	"ewmask\000"
 2154      736B00
 2155              	.LASF25:
 2156 03b2 705F6E65 		.ascii	"p_next\000"
 2156      787400
 2157              	.LASF33:
 2158 03b9 705F666C 		.ascii	"p_flags\000"
 2158      61677300 
 2159              	.LASF24:
 2160 03c1 54687265 		.ascii	"Thread\000"
 2160      616400
 2161              	.LASF39:
 2162 03c8 705F6570 		.ascii	"p_epending\000"
 2162      656E6469 
 2162      6E6700
 2163              	.LASF15:
 2164 03d3 75696E74 		.ascii	"uint32_t\000"
 2164      33325F74 
 2164      00
 2165              	.LASF69:
 2166 03dc 725F7175 		.ascii	"r_queue\000"
 2166      65756500 
 2167              	.LASF64:
 2168 03e4 41465352 		.ascii	"AFSR\000"
 2168      00
 2169              	.LASF66:
 2170 03e9 756E7573 		.ascii	"unused1\000"
 2170      65643100 
 2171              	.LASF84:
 2172 03f1 63686172 		.ascii	"char\000"
 2172      00
 2173              	.LASF51:
 2174 03f6 494F5245 		.ascii	"IOREG32\000"
 2174      47333200 
ARM GAS  /tmp/cc8sApFs.s 			page 42


 2175              	.LASF79:
 2176 03fe 6D5F6E65 		.ascii	"m_next\000"
 2176      787400
 2177              	.LASF41:
 2178 0405 705F7265 		.ascii	"p_realprio\000"
 2178      616C7072 
 2178      696F00
 2179              	.LASF8:
 2180 0410 5F5F696E 		.ascii	"__int32_t\000"
 2180      7433325F 
 2180      7400
 2181              	.LASF50:
 2182 041a 636F6E74 		.ascii	"context\000"
 2182      65787400 
 2183              	.LASF57:
 2184 0422 53485052 		.ascii	"SHPR\000"
 2184      00
 2185              	.LASF49:
 2186 0427 696E7463 		.ascii	"intctx\000"
 2186      747800
 2187              	.LASF37:
 2188 042e 705F6D73 		.ascii	"p_msgqueue\000"
 2188      67717565 
 2188      756500
 2189              	.LASF34:
 2190 0439 705F7265 		.ascii	"p_refs\000"
 2190      667300
 2191              	.LASF75:
 2192 0440 52656164 		.ascii	"ReadyList\000"
 2192      794C6973 
 2192      7400
 2193              	.LASF97:
 2194 044a 2F686F6D 		.ascii	"/home/mark/repos/pc_gamecontroller\000"
 2194      652F6D61 
 2194      726B2F72 
 2194      65706F73 
 2194      2F70635F 
 2195              	.LASF65:
 2196 046d 4D4D4652 		.ascii	"MMFR\000"
 2196      00
 2197              	.LASF99:
 2198 0472 726C6973 		.ascii	"rlist\000"
 2198      7400
 2199              	.LASF13:
 2200 0478 75696E74 		.ascii	"uint8_t\000"
 2200      385F7400 
 2201              	.LASF88:
 2202 0480 5F706F72 		.ascii	"_port_init\000"
 2202      745F696E 
 2202      697400
 2203              	.LASF82:
 2204 048b 77746F62 		.ascii	"wtobjp\000"
 2204      6A7000
 2205              	.LASF31:
 2206 0492 705F6E61 		.ascii	"p_name\000"
 2206      6D6500
 2207              	.LASF67:
ARM GAS  /tmp/cc8sApFs.s 			page 43


 2208 0499 43504143 		.ascii	"CPACR\000"
 2208      5200
 2209              	.LASF60:
 2210 049f 48465352 		.ascii	"HFSR\000"
 2210      00
 2211              	.LASF78:
 2212 04a4 6D5F6F77 		.ascii	"m_owner\000"
 2212      6E657200 
 2213              	.LASF28:
 2214 04ac 705F6374 		.ascii	"p_ctx\000"
 2214      7800
 2215              	.LASF36:
 2216 04b2 705F7761 		.ascii	"p_waiting\000"
 2216      6974696E 
 2216      6700
 2217              		.ident	"GCC: (GNU Tools for ARM Embedded Processors) 5.4.1 20160919 (release) [ARM/embedded-5-bran
ARM GAS  /tmp/cc8sApFs.s 			page 44


DEFINED SYMBOLS
                            *ABS*:00000000 chcore_v7m.c
     /tmp/cc8sApFs.s:20     .text._port_switch_from_isr:00000000 $t
     /tmp/cc8sApFs.s:26     .text._port_switch_from_isr:00000000 _port_switch_from_isr
     /tmp/cc8sApFs.s:40     .text._port_switch_from_isr:00000004 _port_exit_from_isr
     /tmp/cc8sApFs.s:53     .text.SVCallVector:00000000 $t
     /tmp/cc8sApFs.s:59     .text.SVCallVector:00000000 SVCallVector
     /tmp/cc8sApFs.s:99     .text._port_init:00000000 $t
     /tmp/cc8sApFs.s:105    .text._port_init:00000000 _port_init
     /tmp/cc8sApFs.s:149    .text._port_init:00000028 $d
     /tmp/cc8sApFs.s:155    .text._port_irq_epilogue:00000000 $t
     /tmp/cc8sApFs.s:161    .text._port_irq_epilogue:00000000 _port_irq_epilogue
     /tmp/cc8sApFs.s:260    .text._port_irq_epilogue:00000064 $d
     /tmp/cc8sApFs.s:270    .text.SysTickVector:00000000 $t
     /tmp/cc8sApFs.s:276    .text.SysTickVector:00000000 SysTickVector
     /tmp/cc8sApFs.s:321    .text._port_switch:00000000 $t
     /tmp/cc8sApFs.s:327    .text._port_switch:00000000 _port_switch
     /tmp/cc8sApFs.s:356    .text._port_thread_start:00000000 $t
     /tmp/cc8sApFs.s:362    .text._port_thread_start:00000000 _port_thread_start
                     .debug_frame:00000010 $d

UNDEFINED SYMBOLS
chSchDoReschedule
nvicSetSystemHandlerPriority
rlist
chSysTimerHandlerI
chThdExit
