ARM GAS  /tmp/ccmsdVBD.s 			page 1


   1              		.syntax unified
   2              		.cpu cortex-m4
   3              		.fpu softvfp
   4              		.eabi_attribute 20, 1
   5              		.eabi_attribute 21, 1
   6              		.eabi_attribute 23, 3
   7              		.eabi_attribute 24, 1
   8              		.eabi_attribute 25, 1
   9              		.eabi_attribute 26, 1
  10              		.eabi_attribute 30, 2
  11              		.eabi_attribute 34, 1
  12              		.eabi_attribute 18, 4
  13              		.thumb
  14              		.syntax unified
  15              		.file	"chdebug.c"
  16              		.text
  17              	.Ltext0:
  18              		.cfi_sections	.debug_frame
  19              	.Letext0:
  20              		.section	.debug_info,"",%progbits
  21              	.Ldebug_info0:
  22 0000 7C000000 		.4byte	0x7c
  23 0004 0400     		.2byte	0x4
  24 0006 00000000 		.4byte	.Ldebug_abbrev0
  25 000a 04       		.byte	0x4
  26 000b 01       		.uleb128 0x1
  27 000c 50000000 		.4byte	.LASF13
  28 0010 0C       		.byte	0xc
  29 0011 82010000 		.4byte	.LASF14
  30 0015 1B000000 		.4byte	.LASF15
  31 0019 00000000 		.4byte	.Ldebug_line0
  32 001d 02       		.uleb128 0x2
  33 001e 04       		.byte	0x4
  34 001f 05       		.byte	0x5
  35 0020 696E7400 		.ascii	"int\000"
  36 0024 03       		.uleb128 0x3
  37 0025 04       		.byte	0x4
  38 0026 07       		.byte	0x7
  39 0027 0E000000 		.4byte	.LASF0
  40 002b 03       		.uleb128 0x3
  41 002c 08       		.byte	0x8
  42 002d 05       		.byte	0x5
  43 002e 00000000 		.4byte	.LASF1
  44 0032 03       		.uleb128 0x3
  45 0033 08       		.byte	0x8
  46 0034 04       		.byte	0x4
  47 0035 AB010000 		.4byte	.LASF2
  48 0039 03       		.uleb128 0x3
  49 003a 01       		.byte	0x1
  50 003b 06       		.byte	0x6
  51 003c 76010000 		.4byte	.LASF3
  52 0040 03       		.uleb128 0x3
  53 0041 01       		.byte	0x1
  54 0042 08       		.byte	0x8
  55 0043 41010000 		.4byte	.LASF4
  56 0047 03       		.uleb128 0x3
  57 0048 02       		.byte	0x2
ARM GAS  /tmp/ccmsdVBD.s 			page 2


  58 0049 05       		.byte	0x5
  59 004a B7010000 		.4byte	.LASF5
  60 004e 03       		.uleb128 0x3
  61 004f 02       		.byte	0x2
  62 0050 07       		.byte	0x7
  63 0051 63010000 		.4byte	.LASF6
  64 0055 03       		.uleb128 0x3
  65 0056 04       		.byte	0x4
  66 0057 05       		.byte	0x5
  67 0058 54010000 		.4byte	.LASF7
  68 005c 03       		.uleb128 0x3
  69 005d 04       		.byte	0x4
  70 005e 07       		.byte	0x7
  71 005f 3E000000 		.4byte	.LASF8
  72 0063 03       		.uleb128 0x3
  73 0064 08       		.byte	0x8
  74 0065 07       		.byte	0x7
  75 0066 2A010000 		.4byte	.LASF9
  76 006a 03       		.uleb128 0x3
  77 006b 01       		.byte	0x1
  78 006c 02       		.byte	0x2
  79 006d 5D010000 		.4byte	.LASF10
  80 0071 03       		.uleb128 0x3
  81 0072 04       		.byte	0x4
  82 0073 07       		.byte	0x7
  83 0074 C1010000 		.4byte	.LASF11
  84 0078 03       		.uleb128 0x3
  85 0079 01       		.byte	0x1
  86 007a 08       		.byte	0x8
  87 007b 4F010000 		.4byte	.LASF12
  88 007f 00       		.byte	0
  89              		.section	.debug_abbrev,"",%progbits
  90              	.Ldebug_abbrev0:
  91 0000 01       		.uleb128 0x1
  92 0001 11       		.uleb128 0x11
  93 0002 01       		.byte	0x1
  94 0003 25       		.uleb128 0x25
  95 0004 0E       		.uleb128 0xe
  96 0005 13       		.uleb128 0x13
  97 0006 0B       		.uleb128 0xb
  98 0007 03       		.uleb128 0x3
  99 0008 0E       		.uleb128 0xe
 100 0009 1B       		.uleb128 0x1b
 101 000a 0E       		.uleb128 0xe
 102 000b 10       		.uleb128 0x10
 103 000c 17       		.uleb128 0x17
 104 000d 00       		.byte	0
 105 000e 00       		.byte	0
 106 000f 02       		.uleb128 0x2
 107 0010 24       		.uleb128 0x24
 108 0011 00       		.byte	0
 109 0012 0B       		.uleb128 0xb
 110 0013 0B       		.uleb128 0xb
 111 0014 3E       		.uleb128 0x3e
 112 0015 0B       		.uleb128 0xb
 113 0016 03       		.uleb128 0x3
 114 0017 08       		.uleb128 0x8
ARM GAS  /tmp/ccmsdVBD.s 			page 3


 115 0018 00       		.byte	0
 116 0019 00       		.byte	0
 117 001a 03       		.uleb128 0x3
 118 001b 24       		.uleb128 0x24
 119 001c 00       		.byte	0
 120 001d 0B       		.uleb128 0xb
 121 001e 0B       		.uleb128 0xb
 122 001f 3E       		.uleb128 0x3e
 123 0020 0B       		.uleb128 0xb
 124 0021 03       		.uleb128 0x3
 125 0022 0E       		.uleb128 0xe
 126 0023 00       		.byte	0
 127 0024 00       		.byte	0
 128 0025 00       		.byte	0
 129              		.section	.debug_aranges,"",%progbits
 130 0000 14000000 		.4byte	0x14
 131 0004 0200     		.2byte	0x2
 132 0006 00000000 		.4byte	.Ldebug_info0
 133 000a 04       		.byte	0x4
 134 000b 00       		.byte	0
 135 000c 0000     		.2byte	0
 136 000e 0000     		.2byte	0
 137 0010 00000000 		.4byte	0
 138 0014 00000000 		.4byte	0
 139              		.section	.debug_line,"",%progbits
 140              	.Ldebug_line0:
 141 0000 19000000 		.section	.debug_str,"MS",%progbits,1
 141      02001300 
 141      00000201 
 141      FB0E0D00 
 141      01010101 
 142              	.LASF1:
 143 0000 6C6F6E67 		.ascii	"long long int\000"
 143      206C6F6E 
 143      6720696E 
 143      7400
 144              	.LASF0:
 145 000e 756E7369 		.ascii	"unsigned int\000"
 145      676E6564 
 145      20696E74 
 145      00
 146              	.LASF15:
 147 001b 2F686F6D 		.ascii	"/home/mark/repos/pc_gamecontroller\000"
 147      652F6D61 
 147      726B2F72 
 147      65706F73 
 147      2F70635F 
 148              	.LASF8:
 149 003e 6C6F6E67 		.ascii	"long unsigned int\000"
 149      20756E73 
 149      69676E65 
 149      6420696E 
 149      7400
 150              	.LASF13:
 151 0050 474E5520 		.ascii	"GNU C11 5.4.1 20160919 (release) [ARM/embedded-5-br"
 151      43313120 
 151      352E342E 
ARM GAS  /tmp/ccmsdVBD.s 			page 4


 151      31203230 
 151      31363039 
 152 0083 616E6368 		.ascii	"anch revision 240496] -mcpu=cortex-m4 -mno-thumb-in"
 152      20726576 
 152      6973696F 
 152      6E203234 
 152      30343936 
 153 00b6 74657277 		.ascii	"terwork -mthumb -ggdb -O2 -fomit-frame-pointer -fal"
 153      6F726B20 
 153      2D6D7468 
 153      756D6220 
 153      2D676764 
 154 00e9 69676E2D 		.ascii	"ign-functions=16 -ffunction-sections -fdata-section"
 154      66756E63 
 154      74696F6E 
 154      733D3136 
 154      202D6666 
 155 011c 73202D66 		.ascii	"s -fno-common\000"
 155      6E6F2D63 
 155      6F6D6D6F 
 155      6E00
 156              	.LASF9:
 157 012a 6C6F6E67 		.ascii	"long long unsigned int\000"
 157      206C6F6E 
 157      6720756E 
 157      7369676E 
 157      65642069 
 158              	.LASF4:
 159 0141 756E7369 		.ascii	"unsigned char\000"
 159      676E6564 
 159      20636861 
 159      7200
 160              	.LASF12:
 161 014f 63686172 		.ascii	"char\000"
 161      00
 162              	.LASF7:
 163 0154 6C6F6E67 		.ascii	"long int\000"
 163      20696E74 
 163      00
 164              	.LASF10:
 165 015d 5F426F6F 		.ascii	"_Bool\000"
 165      6C00
 166              	.LASF6:
 167 0163 73686F72 		.ascii	"short unsigned int\000"
 167      7420756E 
 167      7369676E 
 167      65642069 
 167      6E7400
 168              	.LASF3:
 169 0176 7369676E 		.ascii	"signed char\000"
 169      65642063 
 169      68617200 
 170              	.LASF14:
 171 0182 2E2E2F43 		.ascii	"../ChibiOS_2.6.9/os/kernel/src/chdebug.c\000"
 171      68696269 
 171      4F535F32 
 171      2E362E39 
ARM GAS  /tmp/ccmsdVBD.s 			page 5


 171      2F6F732F 
 172              	.LASF2:
 173 01ab 6C6F6E67 		.ascii	"long double\000"
 173      20646F75 
 173      626C6500 
 174              	.LASF5:
 175 01b7 73686F72 		.ascii	"short int\000"
 175      7420696E 
 175      7400
 176              	.LASF11:
 177 01c1 73697A65 		.ascii	"sizetype\000"
 177      74797065 
 177      00
 178              		.ident	"GCC: (GNU Tools for ARM Embedded Processors) 5.4.1 20160919 (release) [ARM/embedded-5-bran
ARM GAS  /tmp/ccmsdVBD.s 			page 6


DEFINED SYMBOLS
                            *ABS*:00000000 chdebug.c

NO UNDEFINED SYMBOLS
