ARM GAS  /tmp/ccodCY7Y.s 			page 1


   1              		.syntax unified
   2              		.cpu cortex-m4
   3              		.fpu softvfp
   4              		.eabi_attribute 20, 1
   5              		.eabi_attribute 21, 1
   6              		.eabi_attribute 23, 3
   7              		.eabi_attribute 24, 1
   8              		.eabi_attribute 25, 1
   9              		.eabi_attribute 26, 1
  10              		.eabi_attribute 30, 2
  11              		.eabi_attribute 34, 1
  12              		.eabi_attribute 18, 4
  13              		.thumb
  14              		.syntax unified
  15              		.file	"chdynamic.c"
  16              		.text
  17              	.Ltext0:
  18              		.cfi_sections	.debug_frame
  19              		.section	.text.chThdAddRef,"ax",%progbits
  20              		.align	2
  21              		.p2align 4,,15
  22              		.global	chThdAddRef
  23              		.thumb
  24              		.thumb_func
  25              		.type	chThdAddRef, %function
  26              	chThdAddRef:
  27              	.LFB7:
  28              		.file 1 "../ChibiOS_2.6.9/os/kernel/src/chdynamic.c"
  29              		.loc 1 52 0
  30              		.cfi_startproc
  31              		@ args = 0, pretend = 0, frame = 0
  32              		@ frame_needed = 0, uses_anonymous_args = 0
  33              		@ link register save eliminated.
  34              	.LVL0:
  35              	.LBB2:
  36              		.loc 1 54 0
  37 0000 2023     		movs	r3, #32
  38              		.syntax unified
  39              	@ 54 "../ChibiOS_2.6.9/os/kernel/src/chdynamic.c" 1
  40 0002 83F31188 		msr     BASEPRI, r3
  41              	@ 0 "" 2
  42              		.thumb
  43              		.syntax unified
  44              	.LBE2:
  45              		.loc 1 56 0
  46 0006 837F     		ldrb	r3, [r0, #30]	@ zero_extendqisi2
  47 0008 0133     		adds	r3, r3, #1
  48 000a 8377     		strb	r3, [r0, #30]
  49              	.LBB3:
  50              		.loc 1 57 0
  51 000c 0023     		movs	r3, #0
  52              		.syntax unified
  53              	@ 57 "../ChibiOS_2.6.9/os/kernel/src/chdynamic.c" 1
  54 000e 83F31188 		msr     BASEPRI, r3
  55              	@ 0 "" 2
  56              		.thumb
  57              		.syntax unified
ARM GAS  /tmp/ccodCY7Y.s 			page 2


  58              	.LBE3:
  59              		.loc 1 59 0
  60 0012 7047     		bx	lr
  61              		.cfi_endproc
  62              	.LFE7:
  63              		.size	chThdAddRef, .-chThdAddRef
  64              		.section	.text.chThdRelease,"ax",%progbits
  65              		.align	2
  66              		.p2align 4,,15
  67              		.global	chThdRelease
  68              		.thumb
  69              		.thumb_func
  70              		.type	chThdRelease, %function
  71              	chThdRelease:
  72              	.LFB8:
  73              		.loc 1 74 0
  74              		.cfi_startproc
  75              		@ args = 0, pretend = 0, frame = 0
  76              		@ frame_needed = 0, uses_anonymous_args = 0
  77              		@ link register save eliminated.
  78              	.LVL1:
  79              		.loc 1 74 0
  80 0000 0146     		mov	r1, r0
  81              	.LBB4:
  82              		.loc 1 77 0
  83 0002 2023     		movs	r3, #32
  84              		.syntax unified
  85              	@ 77 "../ChibiOS_2.6.9/os/kernel/src/chdynamic.c" 1
  86 0004 83F31188 		msr     BASEPRI, r3
  87              	@ 0 "" 2
  88              		.thumb
  89              		.syntax unified
  90              	.LBE4:
  91              		.loc 1 79 0
  92 0008 827F     		ldrb	r2, [r0, #30]	@ zero_extendqisi2
  93 000a 013A     		subs	r2, r2, #1
  94 000c D2B2     		uxtb	r2, r2
  95 000e 8277     		strb	r2, [r0, #30]
  96              	.LVL2:
  97              	.LBB5:
  98              		.loc 1 80 0
  99 0010 0023     		movs	r3, #0
 100              		.syntax unified
 101              	@ 80 "../ChibiOS_2.6.9/os/kernel/src/chdynamic.c" 1
 102 0012 83F31188 		msr     BASEPRI, r3
 103              	@ 0 "" 2
 104              		.thumb
 105              		.syntax unified
 106              	.LBE5:
 107              		.loc 1 85 0
 108 0016 12B9     		cbnz	r2, .L2
 109              		.loc 1 85 0 is_stmt 0 discriminator 1
 110 0018 037F     		ldrb	r3, [r0, #28]	@ zero_extendqisi2
 111 001a 0E2B     		cmp	r3, #14
 112 001c 00D0     		beq	.L7
 113              	.L2:
 114 001e 7047     		bx	lr
ARM GAS  /tmp/ccodCY7Y.s 			page 3


 115              	.L7:
 116              		.loc 1 86 0 is_stmt 1
 117 0020 437F     		ldrb	r3, [r0, #29]	@ zero_extendqisi2
 118 0022 03F00303 		and	r3, r3, #3
 119 0026 012B     		cmp	r3, #1
 120 0028 02D0     		beq	.L4
 121 002a 022B     		cmp	r3, #2
 122 002c 07D0     		beq	.L5
 123 002e 7047     		bx	lr
 124              	.L4:
 125              		.loc 1 90 0
 126 0030 4369     		ldr	r3, [r0, #20]
 127 0032 0269     		ldr	r2, [r0, #16]
 128              	.LVL3:
 129 0034 1A61     		str	r2, [r3, #16]
 130              	.LVL4:
 131 0036 0269     		ldr	r2, [r0, #16]
 132 0038 5361     		str	r3, [r2, #20]
 133              		.loc 1 92 0
 134 003a FFF7FEBF 		b	chHeapFree
 135              	.LVL5:
 136              	.L5:
 137              		.loc 1 98 0
 138 003e 4369     		ldr	r3, [r0, #20]
 139 0040 0269     		ldr	r2, [r0, #16]
 140              	.LVL6:
 141 0042 1A61     		str	r2, [r3, #16]
 142              	.LVL7:
 143 0044 0269     		ldr	r2, [r0, #16]
 144              		.loc 1 100 0
 145 0046 006C     		ldr	r0, [r0, #64]
 146              	.LVL8:
 147              		.loc 1 98 0
 148 0048 5361     		str	r3, [r2, #20]
 149              		.loc 1 100 0
 150 004a FFF7FEBF 		b	chPoolFree
 151              	.LVL9:
 152              		.cfi_endproc
 153              	.LFE8:
 154              		.size	chThdRelease, .-chThdRelease
 155 004e 00BF     		.section	.text.chThdCreateFromHeap,"ax",%progbits
 156              		.align	2
 157              		.p2align 4,,15
 158              		.global	chThdCreateFromHeap
 159              		.thumb
 160              		.thumb_func
 161              		.type	chThdCreateFromHeap, %function
 162              	chThdCreateFromHeap:
 163              	.LFB9:
 164              		.loc 1 131 0
 165              		.cfi_startproc
 166              		@ args = 4, pretend = 0, frame = 0
 167              		@ frame_needed = 0, uses_anonymous_args = 0
 168              	.LVL10:
 169 0000 F0B5     		push	{r4, r5, r6, r7, lr}
 170              		.cfi_def_cfa_offset 20
 171              		.cfi_offset 4, -20
ARM GAS  /tmp/ccodCY7Y.s 			page 4


 172              		.cfi_offset 5, -16
 173              		.cfi_offset 6, -12
 174              		.cfi_offset 7, -8
 175              		.cfi_offset 14, -4
 176 0002 83B0     		sub	sp, sp, #12
 177              		.cfi_def_cfa_offset 32
 178              		.loc 1 131 0
 179 0004 1646     		mov	r6, r2
 180 0006 1F46     		mov	r7, r3
 181 0008 0D46     		mov	r5, r1
 182              		.loc 1 135 0
 183 000a FFF7FEFF 		bl	chHeapAlloc
 184              	.LVL11:
 185              		.loc 1 136 0
 186 000e 98B1     		cbz	r0, .L9
 187              	.LBB6:
 188              		.loc 1 148 0
 189 0010 2023     		movs	r3, #32
 190              		.syntax unified
 191              	@ 148 "../ChibiOS_2.6.9/os/kernel/src/chdynamic.c" 1
 192 0012 83F31188 		msr     BASEPRI, r3
 193              	@ 0 "" 2
 194              		.thumb
 195              		.syntax unified
 196              	.LBE6:
 197              		.loc 1 149 0
 198 0016 089B     		ldr	r3, [sp, #32]
 199 0018 0093     		str	r3, [sp]
 200 001a 3246     		mov	r2, r6
 201 001c 3B46     		mov	r3, r7
 202 001e 2946     		mov	r1, r5
 203 0020 FFF7FEFF 		bl	chThdCreateI
 204              	.LVL12:
 205              		.loc 1 150 0
 206 0024 0123     		movs	r3, #1
 207 0026 4377     		strb	r3, [r0, #29]
 208              		.loc 1 151 0
 209 0028 0021     		movs	r1, #0
 210              		.loc 1 149 0
 211 002a 0446     		mov	r4, r0
 212              	.LVL13:
 213              		.loc 1 151 0
 214 002c FFF7FEFF 		bl	chSchWakeupS
 215              	.LVL14:
 216              	.LBB7:
 217              		.loc 1 152 0
 218 0030 0023     		movs	r3, #0
 219              		.syntax unified
 220              	@ 152 "../ChibiOS_2.6.9/os/kernel/src/chdynamic.c" 1
 221 0032 83F31188 		msr     BASEPRI, r3
 222              	@ 0 "" 2
 223              		.thumb
 224              		.syntax unified
 225              	.LBE7:
 226              		.loc 1 153 0
 227 0036 2046     		mov	r0, r4
 228              	.LVL15:
ARM GAS  /tmp/ccodCY7Y.s 			page 5


 229              	.L9:
 230              		.loc 1 154 0
 231 0038 03B0     		add	sp, sp, #12
 232              		.cfi_def_cfa_offset 20
 233              		@ sp needed
 234 003a F0BD     		pop	{r4, r5, r6, r7, pc}
 235              		.cfi_endproc
 236              	.LFE9:
 237              		.size	chThdCreateFromHeap, .-chThdCreateFromHeap
 238              		.section	.text.chThdCreateFromMemoryPool,"ax",%progbits
 239              		.align	2
 240              		.p2align 4,,15
 241              		.global	chThdCreateFromMemoryPool
 242              		.thumb
 243              		.thumb_func
 244              		.type	chThdCreateFromMemoryPool, %function
 245              	chThdCreateFromMemoryPool:
 246              	.LFB10:
 247              		.loc 1 180 0
 248              		.cfi_startproc
 249              		@ args = 0, pretend = 0, frame = 0
 250              		@ frame_needed = 0, uses_anonymous_args = 0
 251              	.LVL16:
 252 0000 2DE9F041 		push	{r4, r5, r6, r7, r8, lr}
 253              		.cfi_def_cfa_offset 24
 254              		.cfi_offset 4, -24
 255              		.cfi_offset 5, -20
 256              		.cfi_offset 6, -16
 257              		.cfi_offset 7, -12
 258              		.cfi_offset 8, -8
 259              		.cfi_offset 14, -4
 260 0004 82B0     		sub	sp, sp, #8
 261              		.cfi_def_cfa_offset 32
 262              		.loc 1 180 0
 263 0006 0E46     		mov	r6, r1
 264 0008 1746     		mov	r7, r2
 265 000a 9846     		mov	r8, r3
 266 000c 0546     		mov	r5, r0
 267              		.loc 1 186 0
 268 000e FFF7FEFF 		bl	chPoolAlloc
 269              	.LVL17:
 270              		.loc 1 187 0
 271 0012 A0B1     		cbz	r0, .L13
 272              	.LBB8:
 273              		.loc 1 199 0
 274 0014 2023     		movs	r3, #32
 275              		.syntax unified
 276              	@ 199 "../ChibiOS_2.6.9/os/kernel/src/chdynamic.c" 1
 277 0016 83F31188 		msr     BASEPRI, r3
 278              	@ 0 "" 2
 279              		.thumb
 280              		.syntax unified
 281              	.LBE8:
 282              		.loc 1 200 0
 283 001a 6968     		ldr	r1, [r5, #4]
 284 001c CDF80080 		str	r8, [sp]
 285 0020 3B46     		mov	r3, r7
ARM GAS  /tmp/ccodCY7Y.s 			page 6


 286 0022 3246     		mov	r2, r6
 287 0024 FFF7FEFF 		bl	chThdCreateI
 288              	.LVL18:
 289              		.loc 1 201 0
 290 0028 0223     		movs	r3, #2
 291 002a 4377     		strb	r3, [r0, #29]
 292              		.loc 1 202 0
 293 002c 0564     		str	r5, [r0, #64]
 294              		.loc 1 203 0
 295 002e 0021     		movs	r1, #0
 296              		.loc 1 200 0
 297 0030 0446     		mov	r4, r0
 298              	.LVL19:
 299              		.loc 1 203 0
 300 0032 FFF7FEFF 		bl	chSchWakeupS
 301              	.LVL20:
 302              	.LBB9:
 303              		.loc 1 204 0
 304 0036 0023     		movs	r3, #0
 305              		.syntax unified
 306              	@ 204 "../ChibiOS_2.6.9/os/kernel/src/chdynamic.c" 1
 307 0038 83F31188 		msr     BASEPRI, r3
 308              	@ 0 "" 2
 309              		.thumb
 310              		.syntax unified
 311              	.LBE9:
 312              		.loc 1 205 0
 313 003c 2046     		mov	r0, r4
 314              	.LVL21:
 315              	.L13:
 316              		.loc 1 206 0
 317 003e 02B0     		add	sp, sp, #8
 318              		.cfi_def_cfa_offset 24
 319              		@ sp needed
 320 0040 BDE8F081 		pop	{r4, r5, r6, r7, r8, pc}
 321              		.cfi_endproc
 322              	.LFE10:
 323              		.size	chThdCreateFromMemoryPool, .-chThdCreateFromMemoryPool
 324              		.text
 325              	.Letext0:
 326              		.file 2 "/usr/local/gcc-arm-none-eabi-5_4-2016q3/lib/gcc/arm-none-eabi/5.4.1/include/stddef.h"
 327              		.file 3 "/usr/local/gcc-arm-none-eabi-5_4-2016q3/arm-none-eabi/include/machine/_default_types.h"
 328              		.file 4 "/usr/local/gcc-arm-none-eabi-5_4-2016q3/arm-none-eabi/include/sys/_stdint.h"
 329              		.file 5 "../ChibiOS_2.6.9/os/ports/GCC/ARMCMx/chtypes.h"
 330              		.file 6 "../ChibiOS_2.6.9/os/kernel/include/chlists.h"
 331              		.file 7 "../ChibiOS_2.6.9/os/kernel/include/chthreads.h"
 332              		.file 8 "../ChibiOS_2.6.9/os/ports/GCC/ARMCMx/chcore_v7m.h"
 333              		.file 9 "../ChibiOS_2.6.9/os/kernel/include/chmtx.h"
 334              		.file 10 "../ChibiOS_2.6.9/os/kernel/include/chmemcore.h"
 335              		.file 11 "../ChibiOS_2.6.9/os/kernel/include/chheap.h"
 336              		.file 12 "../ChibiOS_2.6.9/os/kernel/include/chmempools.h"
 337              		.file 13 "../ChibiOS_2.6.9/os/kernel/include/chschd.h"
 338              		.section	.debug_info,"",%progbits
 339              	.Ldebug_info0:
 340 0000 24080000 		.4byte	0x824
 341 0004 0400     		.2byte	0x4
 342 0006 00000000 		.4byte	.Ldebug_abbrev0
ARM GAS  /tmp/ccodCY7Y.s 			page 7


 343 000a 04       		.byte	0x4
 344 000b 01       		.uleb128 0x1
 345 000c 3A000000 		.4byte	.LASF91
 346 0010 0C       		.byte	0xc
 347 0011 85020000 		.4byte	.LASF92
 348 0015 42040000 		.4byte	.LASF93
 349 0019 00000000 		.4byte	.Ldebug_ranges0+0
 350 001d 00000000 		.4byte	0
 351 0021 00000000 		.4byte	.Ldebug_line0
 352 0025 02       		.uleb128 0x2
 353 0026 04       		.byte	0x4
 354 0027 05       		.byte	0x5
 355 0028 696E7400 		.ascii	"int\000"
 356 002c 03       		.uleb128 0x3
 357 002d 0E000000 		.4byte	.LASF4
 358 0031 02       		.byte	0x2
 359 0032 D8       		.byte	0xd8
 360 0033 37000000 		.4byte	0x37
 361 0037 04       		.uleb128 0x4
 362 0038 04       		.byte	0x4
 363 0039 07       		.byte	0x7
 364 003a 22020000 		.4byte	.LASF0
 365 003e 04       		.uleb128 0x4
 366 003f 08       		.byte	0x8
 367 0040 05       		.byte	0x5
 368 0041 5A010000 		.4byte	.LASF1
 369 0045 04       		.uleb128 0x4
 370 0046 08       		.byte	0x8
 371 0047 04       		.byte	0x4
 372 0048 D0020000 		.4byte	.LASF2
 373 004c 04       		.uleb128 0x4
 374 004d 01       		.byte	0x1
 375 004e 06       		.byte	0x6
 376 004f 68010000 		.4byte	.LASF3
 377 0053 03       		.uleb128 0x3
 378 0054 25000000 		.4byte	.LASF5
 379 0058 03       		.byte	0x3
 380 0059 1D       		.byte	0x1d
 381 005a 5E000000 		.4byte	0x5e
 382 005e 04       		.uleb128 0x4
 383 005f 01       		.byte	0x1
 384 0060 08       		.byte	0x8
 385 0061 4D030000 		.4byte	.LASF6
 386 0065 04       		.uleb128 0x4
 387 0066 02       		.byte	0x2
 388 0067 05       		.byte	0x5
 389 0068 70030000 		.4byte	.LASF7
 390 006c 04       		.uleb128 0x4
 391 006d 02       		.byte	0x2
 392 006e 07       		.byte	0x7
 393 006f 46020000 		.4byte	.LASF8
 394 0073 03       		.uleb128 0x3
 395 0074 FE030000 		.4byte	.LASF9
 396 0078 03       		.byte	0x3
 397 0079 3F       		.byte	0x3f
 398 007a 7E000000 		.4byte	0x7e
 399 007e 04       		.uleb128 0x4
ARM GAS  /tmp/ccodCY7Y.s 			page 8


 400 007f 04       		.byte	0x4
 401 0080 05       		.byte	0x5
 402 0081 AC010000 		.4byte	.LASF10
 403 0085 03       		.uleb128 0x3
 404 0086 FC010000 		.4byte	.LASF11
 405 008a 03       		.byte	0x3
 406 008b 41       		.byte	0x41
 407 008c 90000000 		.4byte	0x90
 408 0090 04       		.uleb128 0x4
 409 0091 04       		.byte	0x4
 410 0092 07       		.byte	0x7
 411 0093 2F020000 		.4byte	.LASF12
 412 0097 03       		.uleb128 0x3
 413 0098 10030000 		.4byte	.LASF13
 414 009c 03       		.byte	0x3
 415 009d 5B       		.byte	0x5b
 416 009e A2000000 		.4byte	0xa2
 417 00a2 04       		.uleb128 0x4
 418 00a3 08       		.byte	0x8
 419 00a4 07       		.byte	0x7
 420 00a5 21010000 		.4byte	.LASF14
 421 00a9 03       		.uleb128 0x3
 422 00aa 65040000 		.4byte	.LASF15
 423 00ae 04       		.byte	0x4
 424 00af 18       		.byte	0x18
 425 00b0 53000000 		.4byte	0x53
 426 00b4 03       		.uleb128 0x3
 427 00b5 45030000 		.4byte	.LASF16
 428 00b9 04       		.byte	0x4
 429 00ba 2C       		.byte	0x2c
 430 00bb 73000000 		.4byte	0x73
 431 00bf 03       		.uleb128 0x3
 432 00c0 D9030000 		.4byte	.LASF17
 433 00c4 04       		.byte	0x4
 434 00c5 30       		.byte	0x30
 435 00c6 85000000 		.4byte	0x85
 436 00ca 03       		.uleb128 0x3
 437 00cb 1C000000 		.4byte	.LASF18
 438 00cf 04       		.byte	0x4
 439 00d0 3C       		.byte	0x3c
 440 00d1 97000000 		.4byte	0x97
 441 00d5 04       		.uleb128 0x4
 442 00d6 01       		.byte	0x1
 443 00d7 02       		.byte	0x2
 444 00d8 3F030000 		.4byte	.LASF19
 445 00dc 03       		.uleb128 0x3
 446 00dd 5F020000 		.4byte	.LASF20
 447 00e1 05       		.byte	0x5
 448 00e2 2C       		.byte	0x2c
 449 00e3 A9000000 		.4byte	0xa9
 450 00e7 03       		.uleb128 0x3
 451 00e8 C9010000 		.4byte	.LASF21
 452 00ec 05       		.byte	0x5
 453 00ed 2D       		.byte	0x2d
 454 00ee A9000000 		.4byte	0xa9
 455 00f2 03       		.uleb128 0x3
 456 00f3 23030000 		.4byte	.LASF22
ARM GAS  /tmp/ccodCY7Y.s 			page 9


 457 00f7 05       		.byte	0x5
 458 00f8 2E       		.byte	0x2e
 459 00f9 A9000000 		.4byte	0xa9
 460 00fd 03       		.uleb128 0x3
 461 00fe 95010000 		.4byte	.LASF23
 462 0102 05       		.byte	0x5
 463 0103 2F       		.byte	0x2f
 464 0104 A9000000 		.4byte	0xa9
 465 0108 03       		.uleb128 0x3
 466 0109 37030000 		.4byte	.LASF24
 467 010d 05       		.byte	0x5
 468 010e 30       		.byte	0x30
 469 010f BF000000 		.4byte	0xbf
 470 0113 03       		.uleb128 0x3
 471 0114 59020000 		.4byte	.LASF25
 472 0118 05       		.byte	0x5
 473 0119 31       		.byte	0x31
 474 011a B4000000 		.4byte	0xb4
 475 011e 03       		.uleb128 0x3
 476 011f 73020000 		.4byte	.LASF26
 477 0123 05       		.byte	0x5
 478 0124 33       		.byte	0x33
 479 0125 BF000000 		.4byte	0xbf
 480 0129 03       		.uleb128 0x3
 481 012a BB030000 		.4byte	.LASF27
 482 012e 06       		.byte	0x6
 483 012f 2A       		.byte	0x2a
 484 0130 34010000 		.4byte	0x134
 485 0134 05       		.uleb128 0x5
 486 0135 BB030000 		.4byte	.LASF27
 487 0139 44       		.byte	0x44
 488 013a 07       		.byte	0x7
 489 013b 5E       		.byte	0x5e
 490 013c 25020000 		.4byte	0x225
 491 0140 06       		.uleb128 0x6
 492 0141 9F030000 		.4byte	.LASF28
 493 0145 07       		.byte	0x7
 494 0146 5F       		.byte	0x5f
 495 0147 46020000 		.4byte	0x246
 496 014b 00       		.byte	0
 497 014c 06       		.uleb128 0x6
 498 014d 30030000 		.4byte	.LASF29
 499 0151 07       		.byte	0x7
 500 0152 61       		.byte	0x61
 501 0153 46020000 		.4byte	0x246
 502 0157 04       		.byte	0x4
 503 0158 06       		.uleb128 0x6
 504 0159 53010000 		.4byte	.LASF30
 505 015d 07       		.byte	0x7
 506 015e 63       		.byte	0x63
 507 015f 08010000 		.4byte	0x108
 508 0163 08       		.byte	0x8
 509 0164 06       		.uleb128 0x6
 510 0165 9A040000 		.4byte	.LASF31
 511 0169 07       		.byte	0x7
 512 016a 64       		.byte	0x64
 513 016b 0B030000 		.4byte	0x30b
ARM GAS  /tmp/ccodCY7Y.s 			page 10


 514 016f 0C       		.byte	0xc
 515 0170 06       		.uleb128 0x6
 516 0171 DA010000 		.4byte	.LASF32
 517 0175 07       		.byte	0x7
 518 0176 66       		.byte	0x66
 519 0177 46020000 		.4byte	0x246
 520 017b 10       		.byte	0x10
 521 017c 06       		.uleb128 0x6
 522 017d DC020000 		.4byte	.LASF33
 523 0181 07       		.byte	0x7
 524 0182 67       		.byte	0x67
 525 0183 46020000 		.4byte	0x246
 526 0187 14       		.byte	0x14
 527 0188 06       		.uleb128 0x6
 528 0189 8B040000 		.4byte	.LASF34
 529 018d 07       		.byte	0x7
 530 018e 6E       		.byte	0x6e
 531 018f C8040000 		.4byte	0x4c8
 532 0193 18       		.byte	0x18
 533 0194 06       		.uleb128 0x6
 534 0195 7A030000 		.4byte	.LASF35
 535 0199 07       		.byte	0x7
 536 019a 79       		.byte	0x79
 537 019b E7000000 		.4byte	0xe7
 538 019f 1C       		.byte	0x1c
 539 01a0 06       		.uleb128 0x6
 540 01a1 A6030000 		.4byte	.LASF36
 541 01a5 07       		.byte	0x7
 542 01a6 7D       		.byte	0x7d
 543 01a7 DC000000 		.4byte	0xdc
 544 01ab 1D       		.byte	0x1d
 545 01ac 06       		.uleb128 0x6
 546 01ad 3B040000 		.4byte	.LASF37
 547 01b1 07       		.byte	0x7
 548 01b2 82       		.byte	0x82
 549 01b3 F2000000 		.4byte	0xf2
 550 01b7 1E       		.byte	0x1e
 551 01b8 06       		.uleb128 0x6
 552 01b9 82030000 		.4byte	.LASF38
 553 01bd 07       		.byte	0x7
 554 01be 88       		.byte	0x88
 555 01bf FD000000 		.4byte	0xfd
 556 01c3 1F       		.byte	0x1f
 557 01c4 07       		.uleb128 0x7
 558 01c5 705F7500 		.ascii	"p_u\000"
 559 01c9 07       		.byte	0x7
 560 01ca B4       		.byte	0xb4
 561 01cb 93040000 		.4byte	0x493
 562 01cf 20       		.byte	0x20
 563 01d0 06       		.uleb128 0x6
 564 01d1 A0040000 		.4byte	.LASF39
 565 01d5 07       		.byte	0x7
 566 01d6 B9       		.byte	0xb9
 567 01d7 6C020000 		.4byte	0x26c
 568 01db 24       		.byte	0x24
 569 01dc 06       		.uleb128 0x6
 570 01dd 17040000 		.4byte	.LASF40
ARM GAS  /tmp/ccodCY7Y.s 			page 11


 571 01e1 07       		.byte	0x7
 572 01e2 BF       		.byte	0xbf
 573 01e3 4C020000 		.4byte	0x24c
 574 01e7 28       		.byte	0x28
 575 01e8 06       		.uleb128 0x6
 576 01e9 08000000 		.4byte	.LASF41
 577 01ed 07       		.byte	0x7
 578 01ee C3       		.byte	0xc3
 579 01ef 13010000 		.4byte	0x113
 580 01f3 30       		.byte	0x30
 581 01f4 06       		.uleb128 0x6
 582 01f5 CE030000 		.4byte	.LASF42
 583 01f9 07       		.byte	0x7
 584 01fa C9       		.byte	0xc9
 585 01fb 1E010000 		.4byte	0x11e
 586 01ff 34       		.byte	0x34
 587 0200 06       		.uleb128 0x6
 588 0201 66030000 		.4byte	.LASF43
 589 0205 07       		.byte	0x7
 590 0206 D0       		.byte	0xd0
 591 0207 DA040000 		.4byte	0x4da
 592 020b 38       		.byte	0x38
 593 020c 06       		.uleb128 0x6
 594 020d F3030000 		.4byte	.LASF44
 595 0211 07       		.byte	0x7
 596 0212 D4       		.byte	0xd4
 597 0213 08010000 		.4byte	0x108
 598 0217 3C       		.byte	0x3c
 599 0218 06       		.uleb128 0x6
 600 0219 7A010000 		.4byte	.LASF45
 601 021d 07       		.byte	0x7
 602 021e DA       		.byte	0xda
 603 021f 82020000 		.4byte	0x282
 604 0223 40       		.byte	0x40
 605 0224 00       		.byte	0
 606 0225 08       		.uleb128 0x8
 607 0226 08       		.byte	0x8
 608 0227 06       		.byte	0x6
 609 0228 61       		.byte	0x61
 610 0229 46020000 		.4byte	0x246
 611 022d 06       		.uleb128 0x6
 612 022e 9F030000 		.4byte	.LASF28
 613 0232 06       		.byte	0x6
 614 0233 62       		.byte	0x62
 615 0234 46020000 		.4byte	0x246
 616 0238 00       		.byte	0
 617 0239 06       		.uleb128 0x6
 618 023a 30030000 		.4byte	.LASF29
 619 023e 06       		.byte	0x6
 620 023f 64       		.byte	0x64
 621 0240 46020000 		.4byte	0x246
 622 0244 04       		.byte	0x4
 623 0245 00       		.byte	0
 624 0246 09       		.uleb128 0x9
 625 0247 04       		.byte	0x4
 626 0248 29010000 		.4byte	0x129
 627 024c 03       		.uleb128 0x3
ARM GAS  /tmp/ccodCY7Y.s 			page 12


 628 024d E4020000 		.4byte	.LASF46
 629 0251 06       		.byte	0x6
 630 0252 66       		.byte	0x66
 631 0253 25020000 		.4byte	0x225
 632 0257 08       		.uleb128 0x8
 633 0258 04       		.byte	0x4
 634 0259 06       		.byte	0x6
 635 025a 6B       		.byte	0x6b
 636 025b 6C020000 		.4byte	0x26c
 637 025f 06       		.uleb128 0x6
 638 0260 9F030000 		.4byte	.LASF28
 639 0264 06       		.byte	0x6
 640 0265 6D       		.byte	0x6d
 641 0266 46020000 		.4byte	0x246
 642 026a 00       		.byte	0
 643 026b 00       		.byte	0
 644 026c 03       		.uleb128 0x3
 645 026d 67020000 		.4byte	.LASF47
 646 0271 06       		.byte	0x6
 647 0272 70       		.byte	0x70
 648 0273 57020000 		.4byte	0x257
 649 0277 03       		.uleb128 0x3
 650 0278 13020000 		.4byte	.LASF48
 651 027c 08       		.byte	0x8
 652 027d E5       		.byte	0xe5
 653 027e 82020000 		.4byte	0x282
 654 0282 0A       		.uleb128 0xa
 655 0283 04       		.byte	0x4
 656 0284 03       		.uleb128 0x3
 657 0285 BC020000 		.4byte	.LASF49
 658 0289 08       		.byte	0x8
 659 028a EB       		.byte	0xeb
 660 028b CA000000 		.4byte	0xca
 661 028f 0B       		.uleb128 0xb
 662 0290 10040000 		.4byte	.LASF50
 663 0294 24       		.byte	0x24
 664 0295 08       		.byte	0x8
 665 0296 0C01     		.2byte	0x10c
 666 0298 0B030000 		.4byte	0x30b
 667 029c 0C       		.uleb128 0xc
 668 029d 723400   		.ascii	"r4\000"
 669 02a0 08       		.byte	0x8
 670 02a1 1F01     		.2byte	0x11f
 671 02a3 77020000 		.4byte	0x277
 672 02a7 00       		.byte	0
 673 02a8 0C       		.uleb128 0xc
 674 02a9 723500   		.ascii	"r5\000"
 675 02ac 08       		.byte	0x8
 676 02ad 2001     		.2byte	0x120
 677 02af 77020000 		.4byte	0x277
 678 02b3 04       		.byte	0x4
 679 02b4 0C       		.uleb128 0xc
 680 02b5 723600   		.ascii	"r6\000"
 681 02b8 08       		.byte	0x8
 682 02b9 2101     		.2byte	0x121
 683 02bb 77020000 		.4byte	0x277
 684 02bf 08       		.byte	0x8
ARM GAS  /tmp/ccodCY7Y.s 			page 13


 685 02c0 0C       		.uleb128 0xc
 686 02c1 723700   		.ascii	"r7\000"
 687 02c4 08       		.byte	0x8
 688 02c5 2201     		.2byte	0x122
 689 02c7 77020000 		.4byte	0x277
 690 02cb 0C       		.byte	0xc
 691 02cc 0C       		.uleb128 0xc
 692 02cd 723800   		.ascii	"r8\000"
 693 02d0 08       		.byte	0x8
 694 02d1 2301     		.2byte	0x123
 695 02d3 77020000 		.4byte	0x277
 696 02d7 10       		.byte	0x10
 697 02d8 0C       		.uleb128 0xc
 698 02d9 723900   		.ascii	"r9\000"
 699 02dc 08       		.byte	0x8
 700 02dd 2401     		.2byte	0x124
 701 02df 77020000 		.4byte	0x277
 702 02e3 14       		.byte	0x14
 703 02e4 0C       		.uleb128 0xc
 704 02e5 72313000 		.ascii	"r10\000"
 705 02e9 08       		.byte	0x8
 706 02ea 2501     		.2byte	0x125
 707 02ec 77020000 		.4byte	0x277
 708 02f0 18       		.byte	0x18
 709 02f1 0C       		.uleb128 0xc
 710 02f2 72313100 		.ascii	"r11\000"
 711 02f6 08       		.byte	0x8
 712 02f7 2601     		.2byte	0x126
 713 02f9 77020000 		.4byte	0x277
 714 02fd 1C       		.byte	0x1c
 715 02fe 0C       		.uleb128 0xc
 716 02ff 6C7200   		.ascii	"lr\000"
 717 0302 08       		.byte	0x8
 718 0303 2701     		.2byte	0x127
 719 0305 77020000 		.4byte	0x277
 720 0309 20       		.byte	0x20
 721 030a 00       		.byte	0
 722 030b 0B       		.uleb128 0xb
 723 030c 08040000 		.4byte	.LASF51
 724 0310 04       		.byte	0x4
 725 0311 08       		.byte	0x8
 726 0312 3101     		.2byte	0x131
 727 0314 26030000 		.4byte	0x326
 728 0318 0C       		.uleb128 0xc
 729 0319 72313300 		.ascii	"r13\000"
 730 031d 08       		.byte	0x8
 731 031e 3201     		.2byte	0x132
 732 0320 26030000 		.4byte	0x326
 733 0324 00       		.byte	0
 734 0325 00       		.byte	0
 735 0326 09       		.uleb128 0x9
 736 0327 04       		.byte	0x4
 737 0328 8F020000 		.4byte	0x28f
 738 032c 04       		.uleb128 0x4
 739 032d 04       		.byte	0x4
 740 032e 07       		.byte	0x7
 741 032f C7020000 		.4byte	.LASF52
ARM GAS  /tmp/ccodCY7Y.s 			page 14


 742 0333 05       		.uleb128 0x5
 743 0334 7F020000 		.4byte	.LASF53
 744 0338 10       		.byte	0x10
 745 0339 09       		.byte	0x9
 746 033a 2C       		.byte	0x2c
 747 033b 64030000 		.4byte	0x364
 748 033f 06       		.uleb128 0x6
 749 0340 82010000 		.4byte	.LASF54
 750 0344 09       		.byte	0x9
 751 0345 2D       		.byte	0x2d
 752 0346 4C020000 		.4byte	0x24c
 753 034a 00       		.byte	0
 754 034b 06       		.uleb128 0x6
 755 034c 92040000 		.4byte	.LASF55
 756 0350 09       		.byte	0x9
 757 0351 2F       		.byte	0x2f
 758 0352 46020000 		.4byte	0x246
 759 0356 08       		.byte	0x8
 760 0357 06       		.uleb128 0x6
 761 0358 EC030000 		.4byte	.LASF56
 762 035c 09       		.byte	0x9
 763 035d 31       		.byte	0x31
 764 035e 64030000 		.4byte	0x364
 765 0362 0C       		.byte	0xc
 766 0363 00       		.byte	0
 767 0364 09       		.uleb128 0x9
 768 0365 04       		.byte	0x4
 769 0366 33030000 		.4byte	0x333
 770 036a 03       		.uleb128 0x3
 771 036b 7F020000 		.4byte	.LASF53
 772 036f 09       		.byte	0x9
 773 0370 33       		.byte	0x33
 774 0371 33030000 		.4byte	0x333
 775 0375 03       		.uleb128 0x3
 776 0376 14010000 		.4byte	.LASF57
 777 037a 0A       		.byte	0xa
 778 037b 2C       		.byte	0x2c
 779 037c 80030000 		.4byte	0x380
 780 0380 09       		.uleb128 0x9
 781 0381 04       		.byte	0x4
 782 0382 86030000 		.4byte	0x386
 783 0386 0D       		.uleb128 0xd
 784 0387 82020000 		.4byte	0x282
 785 038b 95030000 		.4byte	0x395
 786 038f 0E       		.uleb128 0xe
 787 0390 2C000000 		.4byte	0x2c
 788 0394 00       		.byte	0
 789 0395 03       		.uleb128 0x3
 790 0396 05030000 		.4byte	.LASF58
 791 039a 0B       		.byte	0xb
 792 039b 34       		.byte	0x34
 793 039c A0030000 		.4byte	0x3a0
 794 03a0 05       		.uleb128 0x5
 795 03a1 AA040000 		.4byte	.LASF59
 796 03a5 20       		.byte	0x20
 797 03a6 0B       		.byte	0xb
 798 03a7 47       		.byte	0x47
ARM GAS  /tmp/ccodCY7Y.s 			page 15


 799 03a8 D1030000 		.4byte	0x3d1
 800 03ac 06       		.uleb128 0x6
 801 03ad 5B030000 		.4byte	.LASF60
 802 03b1 0B       		.byte	0xb
 803 03b2 48       		.byte	0x48
 804 03b3 75030000 		.4byte	0x375
 805 03b7 00       		.byte	0
 806 03b8 06       		.uleb128 0x6
 807 03b9 41010000 		.4byte	.LASF61
 808 03bd 0B       		.byte	0xb
 809 03be 4A       		.byte	0x4a
 810 03bf F0030000 		.4byte	0x3f0
 811 03c3 08       		.byte	0x8
 812 03c4 06       		.uleb128 0x6
 813 03c5 74010000 		.4byte	.LASF62
 814 03c9 0B       		.byte	0xb
 815 03ca 4C       		.byte	0x4c
 816 03cb 6A030000 		.4byte	0x36a
 817 03cf 10       		.byte	0x10
 818 03d0 00       		.byte	0
 819 03d1 0F       		.uleb128 0xf
 820 03d2 04       		.byte	0x4
 821 03d3 0B       		.byte	0xb
 822 03d4 3C       		.byte	0x3c
 823 03d5 F0030000 		.4byte	0x3f0
 824 03d9 10       		.uleb128 0x10
 825 03da 4E010000 		.4byte	.LASF63
 826 03de 0B       		.byte	0xb
 827 03df 3D       		.byte	0x3d
 828 03e0 11040000 		.4byte	0x411
 829 03e4 10       		.uleb128 0x10
 830 03e5 E2030000 		.4byte	.LASF64
 831 03e9 0B       		.byte	0xb
 832 03ea 3E       		.byte	0x3e
 833 03eb 17040000 		.4byte	0x417
 834 03ef 00       		.byte	0
 835 03f0 11       		.uleb128 0x11
 836 03f1 8C030000 		.4byte	.LASF94
 837 03f5 08       		.byte	0x8
 838 03f6 0B       		.byte	0xb
 839 03f7 39       		.byte	0x39
 840 03f8 11040000 		.4byte	0x411
 841 03fc 10       		.uleb128 0x10
 842 03fd 1C020000 		.4byte	.LASF65
 843 0401 0B       		.byte	0xb
 844 0402 3A       		.byte	0x3a
 845 0403 84020000 		.4byte	0x284
 846 0407 12       		.uleb128 0x12
 847 0408 6800     		.ascii	"h\000"
 848 040a 0B       		.byte	0xb
 849 040b 41       		.byte	0x41
 850 040c 1D040000 		.4byte	0x41d
 851 0410 00       		.byte	0
 852 0411 09       		.uleb128 0x9
 853 0412 04       		.byte	0x4
 854 0413 F0030000 		.4byte	0x3f0
 855 0417 09       		.uleb128 0x9
ARM GAS  /tmp/ccodCY7Y.s 			page 16


 856 0418 04       		.byte	0x4
 857 0419 95030000 		.4byte	0x395
 858 041d 08       		.uleb128 0x8
 859 041e 08       		.byte	0x8
 860 041f 0B       		.byte	0xb
 861 0420 3B       		.byte	0x3b
 862 0421 3C040000 		.4byte	0x43c
 863 0425 07       		.uleb128 0x7
 864 0426 7500     		.ascii	"u\000"
 865 0428 0B       		.byte	0xb
 866 0429 3F       		.byte	0x3f
 867 042a D1030000 		.4byte	0x3d1
 868 042e 00       		.byte	0
 869 042f 06       		.uleb128 0x6
 870 0430 41020000 		.4byte	.LASF66
 871 0434 0B       		.byte	0xb
 872 0435 40       		.byte	0x40
 873 0436 2C000000 		.4byte	0x2c
 874 043a 04       		.byte	0x4
 875 043b 00       		.byte	0
 876 043c 05       		.uleb128 0x5
 877 043d 2F040000 		.4byte	.LASF67
 878 0441 04       		.byte	0x4
 879 0442 0C       		.byte	0xc
 880 0443 2C       		.byte	0x2c
 881 0444 55040000 		.4byte	0x455
 882 0448 06       		.uleb128 0x6
 883 0449 1B030000 		.4byte	.LASF68
 884 044d 0C       		.byte	0xc
 885 044e 2D       		.byte	0x2d
 886 044f 55040000 		.4byte	0x455
 887 0453 00       		.byte	0
 888 0454 00       		.byte	0
 889 0455 09       		.uleb128 0x9
 890 0456 04       		.byte	0x4
 891 0457 3C040000 		.4byte	0x43c
 892 045b 08       		.uleb128 0x8
 893 045c 0C       		.byte	0xc
 894 045d 0C       		.byte	0xc
 895 045e 34       		.byte	0x34
 896 045f 88040000 		.4byte	0x488
 897 0463 06       		.uleb128 0x6
 898 0464 D2010000 		.4byte	.LASF69
 899 0468 0C       		.byte	0xc
 900 0469 35       		.byte	0x35
 901 046a 55040000 		.4byte	0x455
 902 046e 00       		.byte	0
 903 046f 06       		.uleb128 0x6
 904 0470 F1020000 		.4byte	.LASF70
 905 0474 0C       		.byte	0xc
 906 0475 36       		.byte	0x36
 907 0476 2C000000 		.4byte	0x2c
 908 047a 04       		.byte	0x4
 909 047b 06       		.uleb128 0x6
 910 047c 07020000 		.4byte	.LASF71
 911 0480 0C       		.byte	0xc
 912 0481 38       		.byte	0x38
ARM GAS  /tmp/ccodCY7Y.s 			page 17


 913 0482 75030000 		.4byte	0x375
 914 0486 08       		.byte	0x8
 915 0487 00       		.byte	0
 916 0488 03       		.uleb128 0x3
 917 0489 2F000000 		.4byte	.LASF72
 918 048d 0C       		.byte	0xc
 919 048e 3A       		.byte	0x3a
 920 048f 5B040000 		.4byte	0x45b
 921 0493 0F       		.uleb128 0xf
 922 0494 04       		.byte	0x4
 923 0495 07       		.byte	0x7
 924 0496 96       		.byte	0x96
 925 0497 C8040000 		.4byte	0x4c8
 926 049b 10       		.uleb128 0x10
 927 049c 15000000 		.4byte	.LASF73
 928 04a0 07       		.byte	0x7
 929 04a1 9D       		.byte	0x9d
 930 04a2 13010000 		.4byte	0x113
 931 04a6 10       		.uleb128 0x10
 932 04a7 38010000 		.4byte	.LASF74
 933 04ab 07       		.byte	0x7
 934 04ac A4       		.byte	0xa4
 935 04ad 13010000 		.4byte	0x113
 936 04b1 10       		.uleb128 0x10
 937 04b2 84040000 		.4byte	.LASF75
 938 04b6 07       		.byte	0x7
 939 04b7 AB       		.byte	0xab
 940 04b8 82020000 		.4byte	0x282
 941 04bc 10       		.uleb128 0x10
 942 04bd 98030000 		.4byte	.LASF76
 943 04c1 07       		.byte	0x7
 944 04c2 B2       		.byte	0xb2
 945 04c3 1E010000 		.4byte	0x11e
 946 04c7 00       		.byte	0
 947 04c8 09       		.uleb128 0x9
 948 04c9 04       		.byte	0x4
 949 04ca D5040000 		.4byte	0x4d5
 950 04ce 04       		.uleb128 0x4
 951 04cf 01       		.byte	0x1
 952 04d0 08       		.byte	0x8
 953 04d1 E7030000 		.4byte	.LASF77
 954 04d5 13       		.uleb128 0x13
 955 04d6 CE040000 		.4byte	0x4ce
 956 04da 09       		.uleb128 0x9
 957 04db 04       		.byte	0x4
 958 04dc 6A030000 		.4byte	0x36a
 959 04e0 03       		.uleb128 0x3
 960 04e1 00000000 		.4byte	.LASF78
 961 04e5 07       		.byte	0x7
 962 04e6 E5       		.byte	0xe5
 963 04e7 EB040000 		.4byte	0x4eb
 964 04eb 09       		.uleb128 0x9
 965 04ec 04       		.byte	0x4
 966 04ed F1040000 		.4byte	0x4f1
 967 04f1 0D       		.uleb128 0xd
 968 04f2 13010000 		.4byte	0x113
 969 04f6 00050000 		.4byte	0x500
ARM GAS  /tmp/ccodCY7Y.s 			page 18


 970 04fa 0E       		.uleb128 0xe
 971 04fb 82020000 		.4byte	0x282
 972 04ff 00       		.byte	0
 973 0500 14       		.uleb128 0x14
 974 0501 B0020000 		.4byte	.LASF80
 975 0505 01       		.byte	0x1
 976 0506 34       		.byte	0x34
 977 0507 46020000 		.4byte	0x246
 978 050b 00000000 		.4byte	.LFB7
 979 050f 14000000 		.4byte	.LFE7-.LFB7
 980 0513 01       		.uleb128 0x1
 981 0514 9C       		.byte	0x9c
 982 0515 58050000 		.4byte	0x558
 983 0519 15       		.uleb128 0x15
 984 051a 747000   		.ascii	"tp\000"
 985 051d 01       		.byte	0x1
 986 051e 34       		.byte	0x34
 987 051f 46020000 		.4byte	0x246
 988 0523 01       		.uleb128 0x1
 989 0524 50       		.byte	0x50
 990 0525 16       		.uleb128 0x16
 991 0526 00000000 		.4byte	.LBB2
 992 052a 06000000 		.4byte	.LBE2-.LBB2
 993 052e 40050000 		.4byte	0x540
 994 0532 17       		.uleb128 0x17
 995 0533 746D7000 		.ascii	"tmp\000"
 996 0537 01       		.byte	0x1
 997 0538 36       		.byte	0x36
 998 0539 BF000000 		.4byte	0xbf
 999 053d 01       		.uleb128 0x1
 1000 053e 53       		.byte	0x53
 1001 053f 00       		.byte	0
 1002 0540 18       		.uleb128 0x18
 1003 0541 0C000000 		.4byte	.LBB3
 1004 0545 06000000 		.4byte	.LBE3-.LBB3
 1005 0549 17       		.uleb128 0x17
 1006 054a 746D7000 		.ascii	"tmp\000"
 1007 054e 01       		.byte	0x1
 1008 054f 39       		.byte	0x39
 1009 0550 BF000000 		.4byte	0xbf
 1010 0554 01       		.uleb128 0x1
 1011 0555 53       		.byte	0x53
 1012 0556 00       		.byte	0
 1013 0557 00       		.byte	0
 1014 0558 19       		.uleb128 0x19
 1015 0559 AE030000 		.4byte	.LASF95
 1016 055d 01       		.byte	0x1
 1017 055e 4A       		.byte	0x4a
 1018 055f 00000000 		.4byte	.LFB8
 1019 0563 4E000000 		.4byte	.LFE8-.LFB8
 1020 0567 01       		.uleb128 0x1
 1021 0568 9C       		.byte	0x9c
 1022 0569 DF050000 		.4byte	0x5df
 1023 056d 1A       		.uleb128 0x1a
 1024 056e 747000   		.ascii	"tp\000"
 1025 0571 01       		.byte	0x1
 1026 0572 4A       		.byte	0x4a
ARM GAS  /tmp/ccodCY7Y.s 			page 19


 1027 0573 46020000 		.4byte	0x246
 1028 0577 00000000 		.4byte	.LLST0
 1029 057b 1B       		.uleb128 0x1b
 1030 057c 2B030000 		.4byte	.LASF79
 1031 0580 01       		.byte	0x1
 1032 0581 4B       		.byte	0x4b
 1033 0582 F2000000 		.4byte	0xf2
 1034 0586 45000000 		.4byte	.LLST1
 1035 058a 16       		.uleb128 0x16
 1036 058b 02000000 		.4byte	.LBB4
 1037 058f 06000000 		.4byte	.LBE4-.LBB4
 1038 0593 A5050000 		.4byte	0x5a5
 1039 0597 17       		.uleb128 0x17
 1040 0598 746D7000 		.ascii	"tmp\000"
 1041 059c 01       		.byte	0x1
 1042 059d 4D       		.byte	0x4d
 1043 059e BF000000 		.4byte	0xbf
 1044 05a2 01       		.uleb128 0x1
 1045 05a3 53       		.byte	0x53
 1046 05a4 00       		.byte	0
 1047 05a5 16       		.uleb128 0x16
 1048 05a6 10000000 		.4byte	.LBB5
 1049 05aa 06000000 		.4byte	.LBE5-.LBB5
 1050 05ae C0050000 		.4byte	0x5c0
 1051 05b2 17       		.uleb128 0x17
 1052 05b3 746D7000 		.ascii	"tmp\000"
 1053 05b7 01       		.byte	0x1
 1054 05b8 50       		.byte	0x50
 1055 05b9 BF000000 		.4byte	0xbf
 1056 05bd 01       		.uleb128 0x1
 1057 05be 53       		.byte	0x53
 1058 05bf 00       		.byte	0
 1059 05c0 1C       		.uleb128 0x1c
 1060 05c1 3E000000 		.4byte	.LVL5
 1061 05c5 E4070000 		.4byte	0x7e4
 1062 05c9 D5050000 		.4byte	0x5d5
 1063 05cd 1D       		.uleb128 0x1d
 1064 05ce 01       		.uleb128 0x1
 1065 05cf 50       		.byte	0x50
 1066 05d0 03       		.uleb128 0x3
 1067 05d1 F3       		.byte	0xf3
 1068 05d2 01       		.uleb128 0x1
 1069 05d3 50       		.byte	0x50
 1070 05d4 00       		.byte	0
 1071 05d5 1E       		.uleb128 0x1e
 1072 05d6 4E000000 		.4byte	.LVL9
 1073 05da EF070000 		.4byte	0x7ef
 1074 05de 00       		.byte	0
 1075 05df 14       		.uleb128 0x14
 1076 05e0 B5010000 		.4byte	.LASF81
 1077 05e4 01       		.byte	0x1
 1078 05e5 82       		.byte	0x82
 1079 05e6 46020000 		.4byte	0x246
 1080 05ea 00000000 		.4byte	.LFB9
 1081 05ee 3C000000 		.4byte	.LFE9-.LFB9
 1082 05f2 01       		.uleb128 0x1
 1083 05f3 9C       		.byte	0x9c
ARM GAS  /tmp/ccodCY7Y.s 			page 20


 1084 05f4 ED060000 		.4byte	0x6ed
 1085 05f8 1F       		.uleb128 0x1f
 1086 05f9 48010000 		.4byte	.LASF82
 1087 05fd 01       		.byte	0x1
 1088 05fe 82       		.byte	0x82
 1089 05ff 17040000 		.4byte	0x417
 1090 0603 7B000000 		.4byte	.LLST2
 1091 0607 1F       		.uleb128 0x1f
 1092 0608 41020000 		.4byte	.LASF66
 1093 060c 01       		.byte	0x1
 1094 060d 82       		.byte	0x82
 1095 060e 2C000000 		.4byte	0x2c
 1096 0612 9C000000 		.4byte	.LLST3
 1097 0616 1F       		.uleb128 0x1f
 1098 0617 00030000 		.4byte	.LASF83
 1099 061b 01       		.byte	0x1
 1100 061c 83       		.byte	0x83
 1101 061d 08010000 		.4byte	0x108
 1102 0621 BA000000 		.4byte	.LLST4
 1103 0625 1A       		.uleb128 0x1a
 1104 0626 706600   		.ascii	"pf\000"
 1105 0629 01       		.byte	0x1
 1106 062a 83       		.byte	0x83
 1107 062b E0040000 		.4byte	0x4e0
 1108 062f D8000000 		.4byte	.LLST5
 1109 0633 15       		.uleb128 0x15
 1110 0634 61726700 		.ascii	"arg\000"
 1111 0638 01       		.byte	0x1
 1112 0639 83       		.byte	0x83
 1113 063a 82020000 		.4byte	0x282
 1114 063e 02       		.uleb128 0x2
 1115 063f 91       		.byte	0x91
 1116 0640 00       		.sleb128 0
 1117 0641 20       		.uleb128 0x20
 1118 0642 77737000 		.ascii	"wsp\000"
 1119 0646 01       		.byte	0x1
 1120 0647 84       		.byte	0x84
 1121 0648 82020000 		.4byte	0x282
 1122 064c F6000000 		.4byte	.LLST6
 1123 0650 20       		.uleb128 0x20
 1124 0651 747000   		.ascii	"tp\000"
 1125 0654 01       		.byte	0x1
 1126 0655 85       		.byte	0x85
 1127 0656 46020000 		.4byte	0x246
 1128 065a 09010000 		.4byte	.LLST7
 1129 065e 16       		.uleb128 0x16
 1130 065f 10000000 		.4byte	.LBB6
 1131 0663 06000000 		.4byte	.LBE6-.LBB6
 1132 0667 79060000 		.4byte	0x679
 1133 066b 17       		.uleb128 0x17
 1134 066c 746D7000 		.ascii	"tmp\000"
 1135 0670 01       		.byte	0x1
 1136 0671 94       		.byte	0x94
 1137 0672 BF000000 		.4byte	0xbf
 1138 0676 01       		.uleb128 0x1
 1139 0677 53       		.byte	0x53
 1140 0678 00       		.byte	0
ARM GAS  /tmp/ccodCY7Y.s 			page 21


 1141 0679 16       		.uleb128 0x16
 1142 067a 30000000 		.4byte	.LBB7
 1143 067e 06000000 		.4byte	.LBE7-.LBB7
 1144 0682 94060000 		.4byte	0x694
 1145 0686 17       		.uleb128 0x17
 1146 0687 746D7000 		.ascii	"tmp\000"
 1147 068b 01       		.byte	0x1
 1148 068c 98       		.byte	0x98
 1149 068d BF000000 		.4byte	0xbf
 1150 0691 01       		.uleb128 0x1
 1151 0692 53       		.byte	0x53
 1152 0693 00       		.byte	0
 1153 0694 21       		.uleb128 0x21
 1154 0695 0E000000 		.4byte	.LVL11
 1155 0699 FA070000 		.4byte	0x7fa
 1156 069d AF060000 		.4byte	0x6af
 1157 06a1 1D       		.uleb128 0x1d
 1158 06a2 01       		.uleb128 0x1
 1159 06a3 50       		.byte	0x50
 1160 06a4 03       		.uleb128 0x3
 1161 06a5 F3       		.byte	0xf3
 1162 06a6 01       		.uleb128 0x1
 1163 06a7 50       		.byte	0x50
 1164 06a8 1D       		.uleb128 0x1d
 1165 06a9 01       		.uleb128 0x1
 1166 06aa 51       		.byte	0x51
 1167 06ab 02       		.uleb128 0x2
 1168 06ac 75       		.byte	0x75
 1169 06ad 00       		.sleb128 0
 1170 06ae 00       		.byte	0
 1171 06af 21       		.uleb128 0x21
 1172 06b0 24000000 		.4byte	.LVL12
 1173 06b4 05080000 		.4byte	0x805
 1174 06b8 D7060000 		.4byte	0x6d7
 1175 06bc 1D       		.uleb128 0x1d
 1176 06bd 01       		.uleb128 0x1
 1177 06be 51       		.byte	0x51
 1178 06bf 02       		.uleb128 0x2
 1179 06c0 75       		.byte	0x75
 1180 06c1 00       		.sleb128 0
 1181 06c2 1D       		.uleb128 0x1d
 1182 06c3 01       		.uleb128 0x1
 1183 06c4 52       		.byte	0x52
 1184 06c5 02       		.uleb128 0x2
 1185 06c6 76       		.byte	0x76
 1186 06c7 00       		.sleb128 0
 1187 06c8 1D       		.uleb128 0x1d
 1188 06c9 01       		.uleb128 0x1
 1189 06ca 53       		.byte	0x53
 1190 06cb 02       		.uleb128 0x2
 1191 06cc 77       		.byte	0x77
 1192 06cd 00       		.sleb128 0
 1193 06ce 1D       		.uleb128 0x1d
 1194 06cf 02       		.uleb128 0x2
 1195 06d0 7D       		.byte	0x7d
 1196 06d1 00       		.sleb128 0
 1197 06d2 03       		.uleb128 0x3
ARM GAS  /tmp/ccodCY7Y.s 			page 22


 1198 06d3 91       		.byte	0x91
 1199 06d4 00       		.sleb128 0
 1200 06d5 06       		.byte	0x6
 1201 06d6 00       		.byte	0
 1202 06d7 22       		.uleb128 0x22
 1203 06d8 30000000 		.4byte	.LVL14
 1204 06dc 11080000 		.4byte	0x811
 1205 06e0 1D       		.uleb128 0x1d
 1206 06e1 01       		.uleb128 0x1
 1207 06e2 50       		.byte	0x50
 1208 06e3 02       		.uleb128 0x2
 1209 06e4 74       		.byte	0x74
 1210 06e5 00       		.sleb128 0
 1211 06e6 1D       		.uleb128 0x1d
 1212 06e7 01       		.uleb128 0x1
 1213 06e8 51       		.byte	0x51
 1214 06e9 01       		.uleb128 0x1
 1215 06ea 30       		.byte	0x30
 1216 06eb 00       		.byte	0
 1217 06ec 00       		.byte	0
 1218 06ed 14       		.uleb128 0x14
 1219 06ee E2010000 		.4byte	.LASF84
 1220 06f2 01       		.byte	0x1
 1221 06f3 B3       		.byte	0xb3
 1222 06f4 46020000 		.4byte	0x246
 1223 06f8 00000000 		.4byte	.LFB10
 1224 06fc 44000000 		.4byte	.LFE10-.LFB10
 1225 0700 01       		.uleb128 0x1
 1226 0701 9C       		.byte	0x9c
 1227 0702 DE070000 		.4byte	0x7de
 1228 0706 1A       		.uleb128 0x1a
 1229 0707 6D7000   		.ascii	"mp\000"
 1230 070a 01       		.byte	0x1
 1231 070b B3       		.byte	0xb3
 1232 070c DE070000 		.4byte	0x7de
 1233 0710 27010000 		.4byte	.LLST8
 1234 0714 1F       		.uleb128 0x1f
 1235 0715 00030000 		.4byte	.LASF83
 1236 0719 01       		.byte	0x1
 1237 071a B3       		.byte	0xb3
 1238 071b 08010000 		.4byte	0x108
 1239 071f 45010000 		.4byte	.LLST9
 1240 0723 1A       		.uleb128 0x1a
 1241 0724 706600   		.ascii	"pf\000"
 1242 0727 01       		.byte	0x1
 1243 0728 B4       		.byte	0xb4
 1244 0729 E0040000 		.4byte	0x4e0
 1245 072d 63010000 		.4byte	.LLST10
 1246 0731 1A       		.uleb128 0x1a
 1247 0732 61726700 		.ascii	"arg\000"
 1248 0736 01       		.byte	0x1
 1249 0737 B4       		.byte	0xb4
 1250 0738 82020000 		.4byte	0x282
 1251 073c 81010000 		.4byte	.LLST11
 1252 0740 20       		.uleb128 0x20
 1253 0741 77737000 		.ascii	"wsp\000"
 1254 0745 01       		.byte	0x1
ARM GAS  /tmp/ccodCY7Y.s 			page 23


 1255 0746 B5       		.byte	0xb5
 1256 0747 82020000 		.4byte	0x282
 1257 074b 9F010000 		.4byte	.LLST12
 1258 074f 20       		.uleb128 0x20
 1259 0750 747000   		.ascii	"tp\000"
 1260 0753 01       		.byte	0x1
 1261 0754 B6       		.byte	0xb6
 1262 0755 46020000 		.4byte	0x246
 1263 0759 B2010000 		.4byte	.LLST13
 1264 075d 16       		.uleb128 0x16
 1265 075e 14000000 		.4byte	.LBB8
 1266 0762 06000000 		.4byte	.LBE8-.LBB8
 1267 0766 78070000 		.4byte	0x778
 1268 076a 17       		.uleb128 0x17
 1269 076b 746D7000 		.ascii	"tmp\000"
 1270 076f 01       		.byte	0x1
 1271 0770 C7       		.byte	0xc7
 1272 0771 BF000000 		.4byte	0xbf
 1273 0775 01       		.uleb128 0x1
 1274 0776 53       		.byte	0x53
 1275 0777 00       		.byte	0
 1276 0778 16       		.uleb128 0x16
 1277 0779 36000000 		.4byte	.LBB9
 1278 077d 06000000 		.4byte	.LBE9-.LBB9
 1279 0781 93070000 		.4byte	0x793
 1280 0785 17       		.uleb128 0x17
 1281 0786 746D7000 		.ascii	"tmp\000"
 1282 078a 01       		.byte	0x1
 1283 078b CC       		.byte	0xcc
 1284 078c BF000000 		.4byte	0xbf
 1285 0790 01       		.uleb128 0x1
 1286 0791 53       		.byte	0x53
 1287 0792 00       		.byte	0
 1288 0793 21       		.uleb128 0x21
 1289 0794 12000000 		.4byte	.LVL17
 1290 0798 1C080000 		.4byte	0x81c
 1291 079c A7070000 		.4byte	0x7a7
 1292 07a0 1D       		.uleb128 0x1d
 1293 07a1 01       		.uleb128 0x1
 1294 07a2 50       		.byte	0x50
 1295 07a3 02       		.uleb128 0x2
 1296 07a4 75       		.byte	0x75
 1297 07a5 00       		.sleb128 0
 1298 07a6 00       		.byte	0
 1299 07a7 21       		.uleb128 0x21
 1300 07a8 28000000 		.4byte	.LVL18
 1301 07ac 05080000 		.4byte	0x805
 1302 07b0 C8070000 		.4byte	0x7c8
 1303 07b4 1D       		.uleb128 0x1d
 1304 07b5 01       		.uleb128 0x1
 1305 07b6 52       		.byte	0x52
 1306 07b7 02       		.uleb128 0x2
 1307 07b8 76       		.byte	0x76
 1308 07b9 00       		.sleb128 0
 1309 07ba 1D       		.uleb128 0x1d
 1310 07bb 01       		.uleb128 0x1
 1311 07bc 53       		.byte	0x53
ARM GAS  /tmp/ccodCY7Y.s 			page 24


 1312 07bd 02       		.uleb128 0x2
 1313 07be 77       		.byte	0x77
 1314 07bf 00       		.sleb128 0
 1315 07c0 1D       		.uleb128 0x1d
 1316 07c1 02       		.uleb128 0x2
 1317 07c2 7D       		.byte	0x7d
 1318 07c3 00       		.sleb128 0
 1319 07c4 02       		.uleb128 0x2
 1320 07c5 78       		.byte	0x78
 1321 07c6 00       		.sleb128 0
 1322 07c7 00       		.byte	0
 1323 07c8 22       		.uleb128 0x22
 1324 07c9 36000000 		.4byte	.LVL20
 1325 07cd 11080000 		.4byte	0x811
 1326 07d1 1D       		.uleb128 0x1d
 1327 07d2 01       		.uleb128 0x1
 1328 07d3 50       		.byte	0x50
 1329 07d4 02       		.uleb128 0x2
 1330 07d5 74       		.byte	0x74
 1331 07d6 00       		.sleb128 0
 1332 07d7 1D       		.uleb128 0x1d
 1333 07d8 01       		.uleb128 0x1
 1334 07d9 51       		.byte	0x51
 1335 07da 01       		.uleb128 0x1
 1336 07db 30       		.byte	0x30
 1337 07dc 00       		.byte	0
 1338 07dd 00       		.byte	0
 1339 07de 09       		.uleb128 0x9
 1340 07df 04       		.byte	0x4
 1341 07e0 88040000 		.4byte	0x488
 1342 07e4 23       		.uleb128 0x23
 1343 07e5 8A010000 		.4byte	.LASF85
 1344 07e9 8A010000 		.4byte	.LASF85
 1345 07ed 0B       		.byte	0xb
 1346 07ee 5A       		.byte	0x5a
 1347 07ef 23       		.uleb128 0x23
 1348 07f0 79040000 		.4byte	.LASF86
 1349 07f4 79040000 		.4byte	.LASF86
 1350 07f8 0C       		.byte	0xc
 1351 07f9 84       		.byte	0x84
 1352 07fa 23       		.uleb128 0x23
 1353 07fb C2030000 		.4byte	.LASF87
 1354 07ff C2030000 		.4byte	.LASF87
 1355 0803 0B       		.byte	0xb
 1356 0804 59       		.byte	0x59
 1357 0805 24       		.uleb128 0x24
 1358 0806 9F010000 		.4byte	.LASF88
 1359 080a 9F010000 		.4byte	.LASF88
 1360 080e 07       		.byte	0x7
 1361 080f 6E01     		.2byte	0x16e
 1362 0811 23       		.uleb128 0x23
 1363 0812 22040000 		.4byte	.LASF89
 1364 0816 22040000 		.4byte	.LASF89
 1365 081a 0D       		.byte	0xd
 1366 081b 99       		.byte	0x99
 1367 081c 23       		.uleb128 0x23
 1368 081d 6D040000 		.4byte	.LASF90
ARM GAS  /tmp/ccodCY7Y.s 			page 25


 1369 0821 6D040000 		.4byte	.LASF90
 1370 0825 0C       		.byte	0xc
 1371 0826 82       		.byte	0x82
 1372 0827 00       		.byte	0
 1373              		.section	.debug_abbrev,"",%progbits
 1374              	.Ldebug_abbrev0:
 1375 0000 01       		.uleb128 0x1
 1376 0001 11       		.uleb128 0x11
 1377 0002 01       		.byte	0x1
 1378 0003 25       		.uleb128 0x25
 1379 0004 0E       		.uleb128 0xe
 1380 0005 13       		.uleb128 0x13
 1381 0006 0B       		.uleb128 0xb
 1382 0007 03       		.uleb128 0x3
 1383 0008 0E       		.uleb128 0xe
 1384 0009 1B       		.uleb128 0x1b
 1385 000a 0E       		.uleb128 0xe
 1386 000b 55       		.uleb128 0x55
 1387 000c 17       		.uleb128 0x17
 1388 000d 11       		.uleb128 0x11
 1389 000e 01       		.uleb128 0x1
 1390 000f 10       		.uleb128 0x10
 1391 0010 17       		.uleb128 0x17
 1392 0011 00       		.byte	0
 1393 0012 00       		.byte	0
 1394 0013 02       		.uleb128 0x2
 1395 0014 24       		.uleb128 0x24
 1396 0015 00       		.byte	0
 1397 0016 0B       		.uleb128 0xb
 1398 0017 0B       		.uleb128 0xb
 1399 0018 3E       		.uleb128 0x3e
 1400 0019 0B       		.uleb128 0xb
 1401 001a 03       		.uleb128 0x3
 1402 001b 08       		.uleb128 0x8
 1403 001c 00       		.byte	0
 1404 001d 00       		.byte	0
 1405 001e 03       		.uleb128 0x3
 1406 001f 16       		.uleb128 0x16
 1407 0020 00       		.byte	0
 1408 0021 03       		.uleb128 0x3
 1409 0022 0E       		.uleb128 0xe
 1410 0023 3A       		.uleb128 0x3a
 1411 0024 0B       		.uleb128 0xb
 1412 0025 3B       		.uleb128 0x3b
 1413 0026 0B       		.uleb128 0xb
 1414 0027 49       		.uleb128 0x49
 1415 0028 13       		.uleb128 0x13
 1416 0029 00       		.byte	0
 1417 002a 00       		.byte	0
 1418 002b 04       		.uleb128 0x4
 1419 002c 24       		.uleb128 0x24
 1420 002d 00       		.byte	0
 1421 002e 0B       		.uleb128 0xb
 1422 002f 0B       		.uleb128 0xb
 1423 0030 3E       		.uleb128 0x3e
 1424 0031 0B       		.uleb128 0xb
 1425 0032 03       		.uleb128 0x3
ARM GAS  /tmp/ccodCY7Y.s 			page 26


 1426 0033 0E       		.uleb128 0xe
 1427 0034 00       		.byte	0
 1428 0035 00       		.byte	0
 1429 0036 05       		.uleb128 0x5
 1430 0037 13       		.uleb128 0x13
 1431 0038 01       		.byte	0x1
 1432 0039 03       		.uleb128 0x3
 1433 003a 0E       		.uleb128 0xe
 1434 003b 0B       		.uleb128 0xb
 1435 003c 0B       		.uleb128 0xb
 1436 003d 3A       		.uleb128 0x3a
 1437 003e 0B       		.uleb128 0xb
 1438 003f 3B       		.uleb128 0x3b
 1439 0040 0B       		.uleb128 0xb
 1440 0041 01       		.uleb128 0x1
 1441 0042 13       		.uleb128 0x13
 1442 0043 00       		.byte	0
 1443 0044 00       		.byte	0
 1444 0045 06       		.uleb128 0x6
 1445 0046 0D       		.uleb128 0xd
 1446 0047 00       		.byte	0
 1447 0048 03       		.uleb128 0x3
 1448 0049 0E       		.uleb128 0xe
 1449 004a 3A       		.uleb128 0x3a
 1450 004b 0B       		.uleb128 0xb
 1451 004c 3B       		.uleb128 0x3b
 1452 004d 0B       		.uleb128 0xb
 1453 004e 49       		.uleb128 0x49
 1454 004f 13       		.uleb128 0x13
 1455 0050 38       		.uleb128 0x38
 1456 0051 0B       		.uleb128 0xb
 1457 0052 00       		.byte	0
 1458 0053 00       		.byte	0
 1459 0054 07       		.uleb128 0x7
 1460 0055 0D       		.uleb128 0xd
 1461 0056 00       		.byte	0
 1462 0057 03       		.uleb128 0x3
 1463 0058 08       		.uleb128 0x8
 1464 0059 3A       		.uleb128 0x3a
 1465 005a 0B       		.uleb128 0xb
 1466 005b 3B       		.uleb128 0x3b
 1467 005c 0B       		.uleb128 0xb
 1468 005d 49       		.uleb128 0x49
 1469 005e 13       		.uleb128 0x13
 1470 005f 38       		.uleb128 0x38
 1471 0060 0B       		.uleb128 0xb
 1472 0061 00       		.byte	0
 1473 0062 00       		.byte	0
 1474 0063 08       		.uleb128 0x8
 1475 0064 13       		.uleb128 0x13
 1476 0065 01       		.byte	0x1
 1477 0066 0B       		.uleb128 0xb
 1478 0067 0B       		.uleb128 0xb
 1479 0068 3A       		.uleb128 0x3a
 1480 0069 0B       		.uleb128 0xb
 1481 006a 3B       		.uleb128 0x3b
 1482 006b 0B       		.uleb128 0xb
ARM GAS  /tmp/ccodCY7Y.s 			page 27


 1483 006c 01       		.uleb128 0x1
 1484 006d 13       		.uleb128 0x13
 1485 006e 00       		.byte	0
 1486 006f 00       		.byte	0
 1487 0070 09       		.uleb128 0x9
 1488 0071 0F       		.uleb128 0xf
 1489 0072 00       		.byte	0
 1490 0073 0B       		.uleb128 0xb
 1491 0074 0B       		.uleb128 0xb
 1492 0075 49       		.uleb128 0x49
 1493 0076 13       		.uleb128 0x13
 1494 0077 00       		.byte	0
 1495 0078 00       		.byte	0
 1496 0079 0A       		.uleb128 0xa
 1497 007a 0F       		.uleb128 0xf
 1498 007b 00       		.byte	0
 1499 007c 0B       		.uleb128 0xb
 1500 007d 0B       		.uleb128 0xb
 1501 007e 00       		.byte	0
 1502 007f 00       		.byte	0
 1503 0080 0B       		.uleb128 0xb
 1504 0081 13       		.uleb128 0x13
 1505 0082 01       		.byte	0x1
 1506 0083 03       		.uleb128 0x3
 1507 0084 0E       		.uleb128 0xe
 1508 0085 0B       		.uleb128 0xb
 1509 0086 0B       		.uleb128 0xb
 1510 0087 3A       		.uleb128 0x3a
 1511 0088 0B       		.uleb128 0xb
 1512 0089 3B       		.uleb128 0x3b
 1513 008a 05       		.uleb128 0x5
 1514 008b 01       		.uleb128 0x1
 1515 008c 13       		.uleb128 0x13
 1516 008d 00       		.byte	0
 1517 008e 00       		.byte	0
 1518 008f 0C       		.uleb128 0xc
 1519 0090 0D       		.uleb128 0xd
 1520 0091 00       		.byte	0
 1521 0092 03       		.uleb128 0x3
 1522 0093 08       		.uleb128 0x8
 1523 0094 3A       		.uleb128 0x3a
 1524 0095 0B       		.uleb128 0xb
 1525 0096 3B       		.uleb128 0x3b
 1526 0097 05       		.uleb128 0x5
 1527 0098 49       		.uleb128 0x49
 1528 0099 13       		.uleb128 0x13
 1529 009a 38       		.uleb128 0x38
 1530 009b 0B       		.uleb128 0xb
 1531 009c 00       		.byte	0
 1532 009d 00       		.byte	0
 1533 009e 0D       		.uleb128 0xd
 1534 009f 15       		.uleb128 0x15
 1535 00a0 01       		.byte	0x1
 1536 00a1 27       		.uleb128 0x27
 1537 00a2 19       		.uleb128 0x19
 1538 00a3 49       		.uleb128 0x49
 1539 00a4 13       		.uleb128 0x13
ARM GAS  /tmp/ccodCY7Y.s 			page 28


 1540 00a5 01       		.uleb128 0x1
 1541 00a6 13       		.uleb128 0x13
 1542 00a7 00       		.byte	0
 1543 00a8 00       		.byte	0
 1544 00a9 0E       		.uleb128 0xe
 1545 00aa 05       		.uleb128 0x5
 1546 00ab 00       		.byte	0
 1547 00ac 49       		.uleb128 0x49
 1548 00ad 13       		.uleb128 0x13
 1549 00ae 00       		.byte	0
 1550 00af 00       		.byte	0
 1551 00b0 0F       		.uleb128 0xf
 1552 00b1 17       		.uleb128 0x17
 1553 00b2 01       		.byte	0x1
 1554 00b3 0B       		.uleb128 0xb
 1555 00b4 0B       		.uleb128 0xb
 1556 00b5 3A       		.uleb128 0x3a
 1557 00b6 0B       		.uleb128 0xb
 1558 00b7 3B       		.uleb128 0x3b
 1559 00b8 0B       		.uleb128 0xb
 1560 00b9 01       		.uleb128 0x1
 1561 00ba 13       		.uleb128 0x13
 1562 00bb 00       		.byte	0
 1563 00bc 00       		.byte	0
 1564 00bd 10       		.uleb128 0x10
 1565 00be 0D       		.uleb128 0xd
 1566 00bf 00       		.byte	0
 1567 00c0 03       		.uleb128 0x3
 1568 00c1 0E       		.uleb128 0xe
 1569 00c2 3A       		.uleb128 0x3a
 1570 00c3 0B       		.uleb128 0xb
 1571 00c4 3B       		.uleb128 0x3b
 1572 00c5 0B       		.uleb128 0xb
 1573 00c6 49       		.uleb128 0x49
 1574 00c7 13       		.uleb128 0x13
 1575 00c8 00       		.byte	0
 1576 00c9 00       		.byte	0
 1577 00ca 11       		.uleb128 0x11
 1578 00cb 17       		.uleb128 0x17
 1579 00cc 01       		.byte	0x1
 1580 00cd 03       		.uleb128 0x3
 1581 00ce 0E       		.uleb128 0xe
 1582 00cf 0B       		.uleb128 0xb
 1583 00d0 0B       		.uleb128 0xb
 1584 00d1 3A       		.uleb128 0x3a
 1585 00d2 0B       		.uleb128 0xb
 1586 00d3 3B       		.uleb128 0x3b
 1587 00d4 0B       		.uleb128 0xb
 1588 00d5 01       		.uleb128 0x1
 1589 00d6 13       		.uleb128 0x13
 1590 00d7 00       		.byte	0
 1591 00d8 00       		.byte	0
 1592 00d9 12       		.uleb128 0x12
 1593 00da 0D       		.uleb128 0xd
 1594 00db 00       		.byte	0
 1595 00dc 03       		.uleb128 0x3
 1596 00dd 08       		.uleb128 0x8
ARM GAS  /tmp/ccodCY7Y.s 			page 29


 1597 00de 3A       		.uleb128 0x3a
 1598 00df 0B       		.uleb128 0xb
 1599 00e0 3B       		.uleb128 0x3b
 1600 00e1 0B       		.uleb128 0xb
 1601 00e2 49       		.uleb128 0x49
 1602 00e3 13       		.uleb128 0x13
 1603 00e4 00       		.byte	0
 1604 00e5 00       		.byte	0
 1605 00e6 13       		.uleb128 0x13
 1606 00e7 26       		.uleb128 0x26
 1607 00e8 00       		.byte	0
 1608 00e9 49       		.uleb128 0x49
 1609 00ea 13       		.uleb128 0x13
 1610 00eb 00       		.byte	0
 1611 00ec 00       		.byte	0
 1612 00ed 14       		.uleb128 0x14
 1613 00ee 2E       		.uleb128 0x2e
 1614 00ef 01       		.byte	0x1
 1615 00f0 3F       		.uleb128 0x3f
 1616 00f1 19       		.uleb128 0x19
 1617 00f2 03       		.uleb128 0x3
 1618 00f3 0E       		.uleb128 0xe
 1619 00f4 3A       		.uleb128 0x3a
 1620 00f5 0B       		.uleb128 0xb
 1621 00f6 3B       		.uleb128 0x3b
 1622 00f7 0B       		.uleb128 0xb
 1623 00f8 27       		.uleb128 0x27
 1624 00f9 19       		.uleb128 0x19
 1625 00fa 49       		.uleb128 0x49
 1626 00fb 13       		.uleb128 0x13
 1627 00fc 11       		.uleb128 0x11
 1628 00fd 01       		.uleb128 0x1
 1629 00fe 12       		.uleb128 0x12
 1630 00ff 06       		.uleb128 0x6
 1631 0100 40       		.uleb128 0x40
 1632 0101 18       		.uleb128 0x18
 1633 0102 9742     		.uleb128 0x2117
 1634 0104 19       		.uleb128 0x19
 1635 0105 01       		.uleb128 0x1
 1636 0106 13       		.uleb128 0x13
 1637 0107 00       		.byte	0
 1638 0108 00       		.byte	0
 1639 0109 15       		.uleb128 0x15
 1640 010a 05       		.uleb128 0x5
 1641 010b 00       		.byte	0
 1642 010c 03       		.uleb128 0x3
 1643 010d 08       		.uleb128 0x8
 1644 010e 3A       		.uleb128 0x3a
 1645 010f 0B       		.uleb128 0xb
 1646 0110 3B       		.uleb128 0x3b
 1647 0111 0B       		.uleb128 0xb
 1648 0112 49       		.uleb128 0x49
 1649 0113 13       		.uleb128 0x13
 1650 0114 02       		.uleb128 0x2
 1651 0115 18       		.uleb128 0x18
 1652 0116 00       		.byte	0
 1653 0117 00       		.byte	0
ARM GAS  /tmp/ccodCY7Y.s 			page 30


 1654 0118 16       		.uleb128 0x16
 1655 0119 0B       		.uleb128 0xb
 1656 011a 01       		.byte	0x1
 1657 011b 11       		.uleb128 0x11
 1658 011c 01       		.uleb128 0x1
 1659 011d 12       		.uleb128 0x12
 1660 011e 06       		.uleb128 0x6
 1661 011f 01       		.uleb128 0x1
 1662 0120 13       		.uleb128 0x13
 1663 0121 00       		.byte	0
 1664 0122 00       		.byte	0
 1665 0123 17       		.uleb128 0x17
 1666 0124 34       		.uleb128 0x34
 1667 0125 00       		.byte	0
 1668 0126 03       		.uleb128 0x3
 1669 0127 08       		.uleb128 0x8
 1670 0128 3A       		.uleb128 0x3a
 1671 0129 0B       		.uleb128 0xb
 1672 012a 3B       		.uleb128 0x3b
 1673 012b 0B       		.uleb128 0xb
 1674 012c 49       		.uleb128 0x49
 1675 012d 13       		.uleb128 0x13
 1676 012e 02       		.uleb128 0x2
 1677 012f 18       		.uleb128 0x18
 1678 0130 00       		.byte	0
 1679 0131 00       		.byte	0
 1680 0132 18       		.uleb128 0x18
 1681 0133 0B       		.uleb128 0xb
 1682 0134 01       		.byte	0x1
 1683 0135 11       		.uleb128 0x11
 1684 0136 01       		.uleb128 0x1
 1685 0137 12       		.uleb128 0x12
 1686 0138 06       		.uleb128 0x6
 1687 0139 00       		.byte	0
 1688 013a 00       		.byte	0
 1689 013b 19       		.uleb128 0x19
 1690 013c 2E       		.uleb128 0x2e
 1691 013d 01       		.byte	0x1
 1692 013e 3F       		.uleb128 0x3f
 1693 013f 19       		.uleb128 0x19
 1694 0140 03       		.uleb128 0x3
 1695 0141 0E       		.uleb128 0xe
 1696 0142 3A       		.uleb128 0x3a
 1697 0143 0B       		.uleb128 0xb
 1698 0144 3B       		.uleb128 0x3b
 1699 0145 0B       		.uleb128 0xb
 1700 0146 27       		.uleb128 0x27
 1701 0147 19       		.uleb128 0x19
 1702 0148 11       		.uleb128 0x11
 1703 0149 01       		.uleb128 0x1
 1704 014a 12       		.uleb128 0x12
 1705 014b 06       		.uleb128 0x6
 1706 014c 40       		.uleb128 0x40
 1707 014d 18       		.uleb128 0x18
 1708 014e 9742     		.uleb128 0x2117
 1709 0150 19       		.uleb128 0x19
 1710 0151 01       		.uleb128 0x1
ARM GAS  /tmp/ccodCY7Y.s 			page 31


 1711 0152 13       		.uleb128 0x13
 1712 0153 00       		.byte	0
 1713 0154 00       		.byte	0
 1714 0155 1A       		.uleb128 0x1a
 1715 0156 05       		.uleb128 0x5
 1716 0157 00       		.byte	0
 1717 0158 03       		.uleb128 0x3
 1718 0159 08       		.uleb128 0x8
 1719 015a 3A       		.uleb128 0x3a
 1720 015b 0B       		.uleb128 0xb
 1721 015c 3B       		.uleb128 0x3b
 1722 015d 0B       		.uleb128 0xb
 1723 015e 49       		.uleb128 0x49
 1724 015f 13       		.uleb128 0x13
 1725 0160 02       		.uleb128 0x2
 1726 0161 17       		.uleb128 0x17
 1727 0162 00       		.byte	0
 1728 0163 00       		.byte	0
 1729 0164 1B       		.uleb128 0x1b
 1730 0165 34       		.uleb128 0x34
 1731 0166 00       		.byte	0
 1732 0167 03       		.uleb128 0x3
 1733 0168 0E       		.uleb128 0xe
 1734 0169 3A       		.uleb128 0x3a
 1735 016a 0B       		.uleb128 0xb
 1736 016b 3B       		.uleb128 0x3b
 1737 016c 0B       		.uleb128 0xb
 1738 016d 49       		.uleb128 0x49
 1739 016e 13       		.uleb128 0x13
 1740 016f 02       		.uleb128 0x2
 1741 0170 17       		.uleb128 0x17
 1742 0171 00       		.byte	0
 1743 0172 00       		.byte	0
 1744 0173 1C       		.uleb128 0x1c
 1745 0174 898201   		.uleb128 0x4109
 1746 0177 01       		.byte	0x1
 1747 0178 11       		.uleb128 0x11
 1748 0179 01       		.uleb128 0x1
 1749 017a 9542     		.uleb128 0x2115
 1750 017c 19       		.uleb128 0x19
 1751 017d 31       		.uleb128 0x31
 1752 017e 13       		.uleb128 0x13
 1753 017f 01       		.uleb128 0x1
 1754 0180 13       		.uleb128 0x13
 1755 0181 00       		.byte	0
 1756 0182 00       		.byte	0
 1757 0183 1D       		.uleb128 0x1d
 1758 0184 8A8201   		.uleb128 0x410a
 1759 0187 00       		.byte	0
 1760 0188 02       		.uleb128 0x2
 1761 0189 18       		.uleb128 0x18
 1762 018a 9142     		.uleb128 0x2111
 1763 018c 18       		.uleb128 0x18
 1764 018d 00       		.byte	0
 1765 018e 00       		.byte	0
 1766 018f 1E       		.uleb128 0x1e
 1767 0190 898201   		.uleb128 0x4109
ARM GAS  /tmp/ccodCY7Y.s 			page 32


 1768 0193 00       		.byte	0
 1769 0194 11       		.uleb128 0x11
 1770 0195 01       		.uleb128 0x1
 1771 0196 9542     		.uleb128 0x2115
 1772 0198 19       		.uleb128 0x19
 1773 0199 31       		.uleb128 0x31
 1774 019a 13       		.uleb128 0x13
 1775 019b 00       		.byte	0
 1776 019c 00       		.byte	0
 1777 019d 1F       		.uleb128 0x1f
 1778 019e 05       		.uleb128 0x5
 1779 019f 00       		.byte	0
 1780 01a0 03       		.uleb128 0x3
 1781 01a1 0E       		.uleb128 0xe
 1782 01a2 3A       		.uleb128 0x3a
 1783 01a3 0B       		.uleb128 0xb
 1784 01a4 3B       		.uleb128 0x3b
 1785 01a5 0B       		.uleb128 0xb
 1786 01a6 49       		.uleb128 0x49
 1787 01a7 13       		.uleb128 0x13
 1788 01a8 02       		.uleb128 0x2
 1789 01a9 17       		.uleb128 0x17
 1790 01aa 00       		.byte	0
 1791 01ab 00       		.byte	0
 1792 01ac 20       		.uleb128 0x20
 1793 01ad 34       		.uleb128 0x34
 1794 01ae 00       		.byte	0
 1795 01af 03       		.uleb128 0x3
 1796 01b0 08       		.uleb128 0x8
 1797 01b1 3A       		.uleb128 0x3a
 1798 01b2 0B       		.uleb128 0xb
 1799 01b3 3B       		.uleb128 0x3b
 1800 01b4 0B       		.uleb128 0xb
 1801 01b5 49       		.uleb128 0x49
 1802 01b6 13       		.uleb128 0x13
 1803 01b7 02       		.uleb128 0x2
 1804 01b8 17       		.uleb128 0x17
 1805 01b9 00       		.byte	0
 1806 01ba 00       		.byte	0
 1807 01bb 21       		.uleb128 0x21
 1808 01bc 898201   		.uleb128 0x4109
 1809 01bf 01       		.byte	0x1
 1810 01c0 11       		.uleb128 0x11
 1811 01c1 01       		.uleb128 0x1
 1812 01c2 31       		.uleb128 0x31
 1813 01c3 13       		.uleb128 0x13
 1814 01c4 01       		.uleb128 0x1
 1815 01c5 13       		.uleb128 0x13
 1816 01c6 00       		.byte	0
 1817 01c7 00       		.byte	0
 1818 01c8 22       		.uleb128 0x22
 1819 01c9 898201   		.uleb128 0x4109
 1820 01cc 01       		.byte	0x1
 1821 01cd 11       		.uleb128 0x11
 1822 01ce 01       		.uleb128 0x1
 1823 01cf 31       		.uleb128 0x31
 1824 01d0 13       		.uleb128 0x13
ARM GAS  /tmp/ccodCY7Y.s 			page 33


 1825 01d1 00       		.byte	0
 1826 01d2 00       		.byte	0
 1827 01d3 23       		.uleb128 0x23
 1828 01d4 2E       		.uleb128 0x2e
 1829 01d5 00       		.byte	0
 1830 01d6 3F       		.uleb128 0x3f
 1831 01d7 19       		.uleb128 0x19
 1832 01d8 3C       		.uleb128 0x3c
 1833 01d9 19       		.uleb128 0x19
 1834 01da 6E       		.uleb128 0x6e
 1835 01db 0E       		.uleb128 0xe
 1836 01dc 03       		.uleb128 0x3
 1837 01dd 0E       		.uleb128 0xe
 1838 01de 3A       		.uleb128 0x3a
 1839 01df 0B       		.uleb128 0xb
 1840 01e0 3B       		.uleb128 0x3b
 1841 01e1 0B       		.uleb128 0xb
 1842 01e2 00       		.byte	0
 1843 01e3 00       		.byte	0
 1844 01e4 24       		.uleb128 0x24
 1845 01e5 2E       		.uleb128 0x2e
 1846 01e6 00       		.byte	0
 1847 01e7 3F       		.uleb128 0x3f
 1848 01e8 19       		.uleb128 0x19
 1849 01e9 3C       		.uleb128 0x3c
 1850 01ea 19       		.uleb128 0x19
 1851 01eb 6E       		.uleb128 0x6e
 1852 01ec 0E       		.uleb128 0xe
 1853 01ed 03       		.uleb128 0x3
 1854 01ee 0E       		.uleb128 0xe
 1855 01ef 3A       		.uleb128 0x3a
 1856 01f0 0B       		.uleb128 0xb
 1857 01f1 3B       		.uleb128 0x3b
 1858 01f2 05       		.uleb128 0x5
 1859 01f3 00       		.byte	0
 1860 01f4 00       		.byte	0
 1861 01f5 00       		.byte	0
 1862              		.section	.debug_loc,"",%progbits
 1863              	.Ldebug_loc0:
 1864              	.LLST0:
 1865 0000 00000000 		.4byte	.LVL1
 1866 0004 3D000000 		.4byte	.LVL5-1
 1867 0008 0100     		.2byte	0x1
 1868 000a 50       		.byte	0x50
 1869 000b 3D000000 		.4byte	.LVL5-1
 1870 000f 3E000000 		.4byte	.LVL5
 1871 0013 0400     		.2byte	0x4
 1872 0015 F3       		.byte	0xf3
 1873 0016 01       		.uleb128 0x1
 1874 0017 50       		.byte	0x50
 1875 0018 9F       		.byte	0x9f
 1876 0019 3E000000 		.4byte	.LVL5
 1877 001d 48000000 		.4byte	.LVL8
 1878 0021 0100     		.2byte	0x1
 1879 0023 50       		.byte	0x50
 1880 0024 48000000 		.4byte	.LVL8
 1881 0028 4D000000 		.4byte	.LVL9-1
ARM GAS  /tmp/ccodCY7Y.s 			page 34


 1882 002c 0100     		.2byte	0x1
 1883 002e 51       		.byte	0x51
 1884 002f 4D000000 		.4byte	.LVL9-1
 1885 0033 4E000000 		.4byte	.LFE8
 1886 0037 0400     		.2byte	0x4
 1887 0039 F3       		.byte	0xf3
 1888 003a 01       		.uleb128 0x1
 1889 003b 50       		.byte	0x50
 1890 003c 9F       		.byte	0x9f
 1891 003d 00000000 		.4byte	0
 1892 0041 00000000 		.4byte	0
 1893              	.LLST1:
 1894 0045 10000000 		.4byte	.LVL2
 1895 0049 34000000 		.4byte	.LVL3
 1896 004d 0100     		.2byte	0x1
 1897 004f 52       		.byte	0x52
 1898 0050 34000000 		.4byte	.LVL3
 1899 0054 36000000 		.4byte	.LVL4
 1900 0058 0200     		.2byte	0x2
 1901 005a 70       		.byte	0x70
 1902 005b 1E       		.sleb128 30
 1903 005c 3E000000 		.4byte	.LVL5
 1904 0060 42000000 		.4byte	.LVL6
 1905 0064 0100     		.2byte	0x1
 1906 0066 52       		.byte	0x52
 1907 0067 42000000 		.4byte	.LVL6
 1908 006b 44000000 		.4byte	.LVL7
 1909 006f 0200     		.2byte	0x2
 1910 0071 70       		.byte	0x70
 1911 0072 1E       		.sleb128 30
 1912 0073 00000000 		.4byte	0
 1913 0077 00000000 		.4byte	0
 1914              	.LLST2:
 1915 007b 00000000 		.4byte	.LVL10
 1916 007f 0D000000 		.4byte	.LVL11-1
 1917 0083 0100     		.2byte	0x1
 1918 0085 50       		.byte	0x50
 1919 0086 0D000000 		.4byte	.LVL11-1
 1920 008a 3C000000 		.4byte	.LFE9
 1921 008e 0400     		.2byte	0x4
 1922 0090 F3       		.byte	0xf3
 1923 0091 01       		.uleb128 0x1
 1924 0092 50       		.byte	0x50
 1925 0093 9F       		.byte	0x9f
 1926 0094 00000000 		.4byte	0
 1927 0098 00000000 		.4byte	0
 1928              	.LLST3:
 1929 009c 00000000 		.4byte	.LVL10
 1930 00a0 0D000000 		.4byte	.LVL11-1
 1931 00a4 0100     		.2byte	0x1
 1932 00a6 51       		.byte	0x51
 1933 00a7 0D000000 		.4byte	.LVL11-1
 1934 00ab 3C000000 		.4byte	.LFE9
 1935 00af 0100     		.2byte	0x1
 1936 00b1 55       		.byte	0x55
 1937 00b2 00000000 		.4byte	0
 1938 00b6 00000000 		.4byte	0
ARM GAS  /tmp/ccodCY7Y.s 			page 35


 1939              	.LLST4:
 1940 00ba 00000000 		.4byte	.LVL10
 1941 00be 0D000000 		.4byte	.LVL11-1
 1942 00c2 0100     		.2byte	0x1
 1943 00c4 52       		.byte	0x52
 1944 00c5 0D000000 		.4byte	.LVL11-1
 1945 00c9 3C000000 		.4byte	.LFE9
 1946 00cd 0100     		.2byte	0x1
 1947 00cf 56       		.byte	0x56
 1948 00d0 00000000 		.4byte	0
 1949 00d4 00000000 		.4byte	0
 1950              	.LLST5:
 1951 00d8 00000000 		.4byte	.LVL10
 1952 00dc 0D000000 		.4byte	.LVL11-1
 1953 00e0 0100     		.2byte	0x1
 1954 00e2 53       		.byte	0x53
 1955 00e3 0D000000 		.4byte	.LVL11-1
 1956 00e7 3C000000 		.4byte	.LFE9
 1957 00eb 0100     		.2byte	0x1
 1958 00ed 57       		.byte	0x57
 1959 00ee 00000000 		.4byte	0
 1960 00f2 00000000 		.4byte	0
 1961              	.LLST6:
 1962 00f6 0E000000 		.4byte	.LVL11
 1963 00fa 23000000 		.4byte	.LVL12-1
 1964 00fe 0100     		.2byte	0x1
 1965 0100 50       		.byte	0x50
 1966 0101 00000000 		.4byte	0
 1967 0105 00000000 		.4byte	0
 1968              	.LLST7:
 1969 0109 2C000000 		.4byte	.LVL13
 1970 010d 2F000000 		.4byte	.LVL14-1
 1971 0111 0100     		.2byte	0x1
 1972 0113 50       		.byte	0x50
 1973 0114 2F000000 		.4byte	.LVL14-1
 1974 0118 38000000 		.4byte	.LVL15
 1975 011c 0100     		.2byte	0x1
 1976 011e 54       		.byte	0x54
 1977 011f 00000000 		.4byte	0
 1978 0123 00000000 		.4byte	0
 1979              	.LLST8:
 1980 0127 00000000 		.4byte	.LVL16
 1981 012b 11000000 		.4byte	.LVL17-1
 1982 012f 0100     		.2byte	0x1
 1983 0131 50       		.byte	0x50
 1984 0132 11000000 		.4byte	.LVL17-1
 1985 0136 44000000 		.4byte	.LFE10
 1986 013a 0100     		.2byte	0x1
 1987 013c 55       		.byte	0x55
 1988 013d 00000000 		.4byte	0
 1989 0141 00000000 		.4byte	0
 1990              	.LLST9:
 1991 0145 00000000 		.4byte	.LVL16
 1992 0149 11000000 		.4byte	.LVL17-1
 1993 014d 0100     		.2byte	0x1
 1994 014f 51       		.byte	0x51
 1995 0150 11000000 		.4byte	.LVL17-1
ARM GAS  /tmp/ccodCY7Y.s 			page 36


 1996 0154 44000000 		.4byte	.LFE10
 1997 0158 0100     		.2byte	0x1
 1998 015a 56       		.byte	0x56
 1999 015b 00000000 		.4byte	0
 2000 015f 00000000 		.4byte	0
 2001              	.LLST10:
 2002 0163 00000000 		.4byte	.LVL16
 2003 0167 11000000 		.4byte	.LVL17-1
 2004 016b 0100     		.2byte	0x1
 2005 016d 52       		.byte	0x52
 2006 016e 11000000 		.4byte	.LVL17-1
 2007 0172 44000000 		.4byte	.LFE10
 2008 0176 0100     		.2byte	0x1
 2009 0178 57       		.byte	0x57
 2010 0179 00000000 		.4byte	0
 2011 017d 00000000 		.4byte	0
 2012              	.LLST11:
 2013 0181 00000000 		.4byte	.LVL16
 2014 0185 11000000 		.4byte	.LVL17-1
 2015 0189 0100     		.2byte	0x1
 2016 018b 53       		.byte	0x53
 2017 018c 11000000 		.4byte	.LVL17-1
 2018 0190 44000000 		.4byte	.LFE10
 2019 0194 0100     		.2byte	0x1
 2020 0196 58       		.byte	0x58
 2021 0197 00000000 		.4byte	0
 2022 019b 00000000 		.4byte	0
 2023              	.LLST12:
 2024 019f 12000000 		.4byte	.LVL17
 2025 01a3 27000000 		.4byte	.LVL18-1
 2026 01a7 0100     		.2byte	0x1
 2027 01a9 50       		.byte	0x50
 2028 01aa 00000000 		.4byte	0
 2029 01ae 00000000 		.4byte	0
 2030              	.LLST13:
 2031 01b2 32000000 		.4byte	.LVL19
 2032 01b6 35000000 		.4byte	.LVL20-1
 2033 01ba 0100     		.2byte	0x1
 2034 01bc 50       		.byte	0x50
 2035 01bd 35000000 		.4byte	.LVL20-1
 2036 01c1 3E000000 		.4byte	.LVL21
 2037 01c5 0100     		.2byte	0x1
 2038 01c7 54       		.byte	0x54
 2039 01c8 00000000 		.4byte	0
 2040 01cc 00000000 		.4byte	0
 2041              		.section	.debug_aranges,"",%progbits
 2042 0000 34000000 		.4byte	0x34
 2043 0004 0200     		.2byte	0x2
 2044 0006 00000000 		.4byte	.Ldebug_info0
 2045 000a 04       		.byte	0x4
 2046 000b 00       		.byte	0
 2047 000c 0000     		.2byte	0
 2048 000e 0000     		.2byte	0
 2049 0010 00000000 		.4byte	.LFB7
 2050 0014 14000000 		.4byte	.LFE7-.LFB7
 2051 0018 00000000 		.4byte	.LFB8
 2052 001c 4E000000 		.4byte	.LFE8-.LFB8
ARM GAS  /tmp/ccodCY7Y.s 			page 37


 2053 0020 00000000 		.4byte	.LFB9
 2054 0024 3C000000 		.4byte	.LFE9-.LFB9
 2055 0028 00000000 		.4byte	.LFB10
 2056 002c 44000000 		.4byte	.LFE10-.LFB10
 2057 0030 00000000 		.4byte	0
 2058 0034 00000000 		.4byte	0
 2059              		.section	.debug_ranges,"",%progbits
 2060              	.Ldebug_ranges0:
 2061 0000 00000000 		.4byte	.LFB7
 2062 0004 14000000 		.4byte	.LFE7
 2063 0008 00000000 		.4byte	.LFB8
 2064 000c 4E000000 		.4byte	.LFE8
 2065 0010 00000000 		.4byte	.LFB9
 2066 0014 3C000000 		.4byte	.LFE9
 2067 0018 00000000 		.4byte	.LFB10
 2068 001c 44000000 		.4byte	.LFE10
 2069 0020 00000000 		.4byte	0
 2070 0024 00000000 		.4byte	0
 2071              		.section	.debug_line,"",%progbits
 2072              	.Ldebug_line0:
 2073 0000 7E020000 		.section	.debug_str,"MS",%progbits,1
 2073      02000502 
 2073      00000201 
 2073      FB0E0D00 
 2073      01010101 
 2074              	.LASF78:
 2075 0000 7466756E 		.ascii	"tfunc_t\000"
 2075      635F7400 
 2076              	.LASF41:
 2077 0008 705F6D73 		.ascii	"p_msg\000"
 2077      6700
 2078              	.LASF4:
 2079 000e 73697A65 		.ascii	"size_t\000"
 2079      5F7400
 2080              	.LASF73:
 2081 0015 7264796D 		.ascii	"rdymsg\000"
 2081      736700
 2082              	.LASF18:
 2083 001c 75696E74 		.ascii	"uint64_t\000"
 2083      36345F74 
 2083      00
 2084              	.LASF5:
 2085 0025 5F5F7569 		.ascii	"__uint8_t\000"
 2085      6E74385F 
 2085      7400
 2086              	.LASF72:
 2087 002f 4D656D6F 		.ascii	"MemoryPool\000"
 2087      7279506F 
 2087      6F6C00
 2088              	.LASF91:
 2089 003a 474E5520 		.ascii	"GNU C11 5.4.1 20160919 (release) [ARM/embedded-5-br"
 2089      43313120 
 2089      352E342E 
 2089      31203230 
 2089      31363039 
 2090 006d 616E6368 		.ascii	"anch revision 240496] -mcpu=cortex-m4 -mno-thumb-in"
 2090      20726576 
ARM GAS  /tmp/ccodCY7Y.s 			page 38


 2090      6973696F 
 2090      6E203234 
 2090      30343936 
 2091 00a0 74657277 		.ascii	"terwork -mthumb -ggdb -O2 -fomit-frame-pointer -fal"
 2091      6F726B20 
 2091      2D6D7468 
 2091      756D6220 
 2091      2D676764 
 2092 00d3 69676E2D 		.ascii	"ign-functions=16 -ffunction-sections -fdata-section"
 2092      66756E63 
 2092      74696F6E 
 2092      733D3136 
 2092      202D6666 
 2093 0106 73202D66 		.ascii	"s -fno-common\000"
 2093      6E6F2D63 
 2093      6F6D6D6F 
 2093      6E00
 2094              	.LASF57:
 2095 0114 6D656D67 		.ascii	"memgetfunc_t\000"
 2095      65746675 
 2095      6E635F74 
 2095      00
 2096              	.LASF14:
 2097 0121 6C6F6E67 		.ascii	"long long unsigned int\000"
 2097      206C6F6E 
 2097      6720756E 
 2097      7369676E 
 2097      65642069 
 2098              	.LASF74:
 2099 0138 65786974 		.ascii	"exitcode\000"
 2099      636F6465 
 2099      00
 2100              	.LASF61:
 2101 0141 685F6672 		.ascii	"h_free\000"
 2101      656500
 2102              	.LASF82:
 2103 0148 68656170 		.ascii	"heapp\000"
 2103      7000
 2104              	.LASF63:
 2105 014e 6E657874 		.ascii	"next\000"
 2105      00
 2106              	.LASF30:
 2107 0153 705F7072 		.ascii	"p_prio\000"
 2107      696F00
 2108              	.LASF1:
 2109 015a 6C6F6E67 		.ascii	"long long int\000"
 2109      206C6F6E 
 2109      6720696E 
 2109      7400
 2110              	.LASF3:
 2111 0168 7369676E 		.ascii	"signed char\000"
 2111      65642063 
 2111      68617200 
 2112              	.LASF62:
 2113 0174 685F6D74 		.ascii	"h_mtx\000"
 2113      7800
 2114              	.LASF45:
ARM GAS  /tmp/ccodCY7Y.s 			page 39


 2115 017a 705F6D70 		.ascii	"p_mpool\000"
 2115      6F6F6C00 
 2116              	.LASF54:
 2117 0182 6D5F7175 		.ascii	"m_queue\000"
 2117      65756500 
 2118              	.LASF85:
 2119 018a 63684865 		.ascii	"chHeapFree\000"
 2119      61704672 
 2119      656500
 2120              	.LASF23:
 2121 0195 74736C69 		.ascii	"tslices_t\000"
 2121      6365735F 
 2121      7400
 2122              	.LASF88:
 2123 019f 63685468 		.ascii	"chThdCreateI\000"
 2123      64437265 
 2123      61746549 
 2123      00
 2124              	.LASF10:
 2125 01ac 6C6F6E67 		.ascii	"long int\000"
 2125      20696E74 
 2125      00
 2126              	.LASF81:
 2127 01b5 63685468 		.ascii	"chThdCreateFromHeap\000"
 2127      64437265 
 2127      61746546 
 2127      726F6D48 
 2127      65617000 
 2128              	.LASF21:
 2129 01c9 74737461 		.ascii	"tstate_t\000"
 2129      74655F74 
 2129      00
 2130              	.LASF69:
 2131 01d2 6D705F6E 		.ascii	"mp_next\000"
 2131      65787400 
 2132              	.LASF32:
 2133 01da 705F6E65 		.ascii	"p_newer\000"
 2133      77657200 
 2134              	.LASF84:
 2135 01e2 63685468 		.ascii	"chThdCreateFromMemoryPool\000"
 2135      64437265 
 2135      61746546 
 2135      726F6D4D 
 2135      656D6F72 
 2136              	.LASF11:
 2137 01fc 5F5F7569 		.ascii	"__uint32_t\000"
 2137      6E743332 
 2137      5F7400
 2138              	.LASF71:
 2139 0207 6D705F70 		.ascii	"mp_provider\000"
 2139      726F7669 
 2139      64657200 
 2140              	.LASF48:
 2141 0213 72656761 		.ascii	"regarm_t\000"
 2141      726D5F74 
 2141      00
 2142              	.LASF65:
ARM GAS  /tmp/ccodCY7Y.s 			page 40


 2143 021c 616C6967 		.ascii	"align\000"
 2143      6E00
 2144              	.LASF0:
 2145 0222 756E7369 		.ascii	"unsigned int\000"
 2145      676E6564 
 2145      20696E74 
 2145      00
 2146              	.LASF12:
 2147 022f 6C6F6E67 		.ascii	"long unsigned int\000"
 2147      20756E73 
 2147      69676E65 
 2147      6420696E 
 2147      7400
 2148              	.LASF66:
 2149 0241 73697A65 		.ascii	"size\000"
 2149      00
 2150              	.LASF8:
 2151 0246 73686F72 		.ascii	"short unsigned int\000"
 2151      7420756E 
 2151      7369676E 
 2151      65642069 
 2151      6E7400
 2152              	.LASF25:
 2153 0259 6D73675F 		.ascii	"msg_t\000"
 2153      7400
 2154              	.LASF20:
 2155 025f 746D6F64 		.ascii	"tmode_t\000"
 2155      655F7400 
 2156              	.LASF47:
 2157 0267 54687265 		.ascii	"ThreadsList\000"
 2157      6164734C 
 2157      69737400 
 2158              	.LASF26:
 2159 0273 6576656E 		.ascii	"eventmask_t\000"
 2159      746D6173 
 2159      6B5F7400 
 2160              	.LASF53:
 2161 027f 4D757465 		.ascii	"Mutex\000"
 2161      7800
 2162              	.LASF92:
 2163 0285 2E2E2F43 		.ascii	"../ChibiOS_2.6.9/os/kernel/src/chdynamic.c\000"
 2163      68696269 
 2163      4F535F32 
 2163      2E362E39 
 2163      2F6F732F 
 2164              	.LASF80:
 2165 02b0 63685468 		.ascii	"chThdAddRef\000"
 2165      64416464 
 2165      52656600 
 2166              	.LASF49:
 2167 02bc 73746B61 		.ascii	"stkalign_t\000"
 2167      6C69676E 
 2167      5F7400
 2168              	.LASF52:
 2169 02c7 73697A65 		.ascii	"sizetype\000"
 2169      74797065 
 2169      00
ARM GAS  /tmp/ccodCY7Y.s 			page 41


 2170              	.LASF2:
 2171 02d0 6C6F6E67 		.ascii	"long double\000"
 2171      20646F75 
 2171      626C6500 
 2172              	.LASF33:
 2173 02dc 705F6F6C 		.ascii	"p_older\000"
 2173      64657200 
 2174              	.LASF46:
 2175 02e4 54687265 		.ascii	"ThreadsQueue\000"
 2175      61647351 
 2175      75657565 
 2175      00
 2176              	.LASF70:
 2177 02f1 6D705F6F 		.ascii	"mp_object_size\000"
 2177      626A6563 
 2177      745F7369 
 2177      7A6500
 2178              	.LASF83:
 2179 0300 7072696F 		.ascii	"prio\000"
 2179      00
 2180              	.LASF58:
 2181 0305 4D656D6F 		.ascii	"MemoryHeap\000"
 2181      72794865 
 2181      617000
 2182              	.LASF13:
 2183 0310 5F5F7569 		.ascii	"__uint64_t\000"
 2183      6E743634 
 2183      5F7400
 2184              	.LASF68:
 2185 031b 70685F6E 		.ascii	"ph_next\000"
 2185      65787400 
 2186              	.LASF22:
 2187 0323 74726566 		.ascii	"trefs_t\000"
 2187      735F7400 
 2188              	.LASF79:
 2189 032b 72656673 		.ascii	"refs\000"
 2189      00
 2190              	.LASF29:
 2191 0330 705F7072 		.ascii	"p_prev\000"
 2191      657600
 2192              	.LASF24:
 2193 0337 74707269 		.ascii	"tprio_t\000"
 2193      6F5F7400 
 2194              	.LASF19:
 2195 033f 5F426F6F 		.ascii	"_Bool\000"
 2195      6C00
 2196              	.LASF16:
 2197 0345 696E7433 		.ascii	"int32_t\000"
 2197      325F7400 
 2198              	.LASF6:
 2199 034d 756E7369 		.ascii	"unsigned char\000"
 2199      676E6564 
 2199      20636861 
 2199      7200
 2200              	.LASF60:
 2201 035b 685F7072 		.ascii	"h_provider\000"
 2201      6F766964 
ARM GAS  /tmp/ccodCY7Y.s 			page 42


 2201      657200
 2202              	.LASF43:
 2203 0366 705F6D74 		.ascii	"p_mtxlist\000"
 2203      786C6973 
 2203      7400
 2204              	.LASF7:
 2205 0370 73686F72 		.ascii	"short int\000"
 2205      7420696E 
 2205      7400
 2206              	.LASF35:
 2207 037a 705F7374 		.ascii	"p_state\000"
 2207      61746500 
 2208              	.LASF38:
 2209 0382 705F7072 		.ascii	"p_preempt\000"
 2209      65656D70 
 2209      7400
 2210              	.LASF94:
 2211 038c 68656170 		.ascii	"heap_header\000"
 2211      5F686561 
 2211      64657200 
 2212              	.LASF76:
 2213 0398 65776D61 		.ascii	"ewmask\000"
 2213      736B00
 2214              	.LASF28:
 2215 039f 705F6E65 		.ascii	"p_next\000"
 2215      787400
 2216              	.LASF36:
 2217 03a6 705F666C 		.ascii	"p_flags\000"
 2217      61677300 
 2218              	.LASF95:
 2219 03ae 63685468 		.ascii	"chThdRelease\000"
 2219      6452656C 
 2219      65617365 
 2219      00
 2220              	.LASF27:
 2221 03bb 54687265 		.ascii	"Thread\000"
 2221      616400
 2222              	.LASF87:
 2223 03c2 63684865 		.ascii	"chHeapAlloc\000"
 2223      6170416C 
 2223      6C6F6300 
 2224              	.LASF42:
 2225 03ce 705F6570 		.ascii	"p_epending\000"
 2225      656E6469 
 2225      6E6700
 2226              	.LASF17:
 2227 03d9 75696E74 		.ascii	"uint32_t\000"
 2227      33325F74 
 2227      00
 2228              	.LASF64:
 2229 03e2 68656170 		.ascii	"heap\000"
 2229      00
 2230              	.LASF77:
 2231 03e7 63686172 		.ascii	"char\000"
 2231      00
 2232              	.LASF56:
 2233 03ec 6D5F6E65 		.ascii	"m_next\000"
ARM GAS  /tmp/ccodCY7Y.s 			page 43


 2233      787400
 2234              	.LASF44:
 2235 03f3 705F7265 		.ascii	"p_realprio\000"
 2235      616C7072 
 2235      696F00
 2236              	.LASF9:
 2237 03fe 5F5F696E 		.ascii	"__int32_t\000"
 2237      7433325F 
 2237      7400
 2238              	.LASF51:
 2239 0408 636F6E74 		.ascii	"context\000"
 2239      65787400 
 2240              	.LASF50:
 2241 0410 696E7463 		.ascii	"intctx\000"
 2241      747800
 2242              	.LASF40:
 2243 0417 705F6D73 		.ascii	"p_msgqueue\000"
 2243      67717565 
 2243      756500
 2244              	.LASF89:
 2245 0422 63685363 		.ascii	"chSchWakeupS\000"
 2245      6857616B 
 2245      65757053 
 2245      00
 2246              	.LASF67:
 2247 042f 706F6F6C 		.ascii	"pool_header\000"
 2247      5F686561 
 2247      64657200 
 2248              	.LASF37:
 2249 043b 705F7265 		.ascii	"p_refs\000"
 2249      667300
 2250              	.LASF93:
 2251 0442 2F686F6D 		.ascii	"/home/mark/repos/pc_gamecontroller\000"
 2251      652F6D61 
 2251      726B2F72 
 2251      65706F73 
 2251      2F70635F 
 2252              	.LASF15:
 2253 0465 75696E74 		.ascii	"uint8_t\000"
 2253      385F7400 
 2254              	.LASF90:
 2255 046d 6368506F 		.ascii	"chPoolAlloc\000"
 2255      6F6C416C 
 2255      6C6F6300 
 2256              	.LASF86:
 2257 0479 6368506F 		.ascii	"chPoolFree\000"
 2257      6F6C4672 
 2257      656500
 2258              	.LASF75:
 2259 0484 77746F62 		.ascii	"wtobjp\000"
 2259      6A7000
 2260              	.LASF34:
 2261 048b 705F6E61 		.ascii	"p_name\000"
 2261      6D6500
 2262              	.LASF55:
 2263 0492 6D5F6F77 		.ascii	"m_owner\000"
 2263      6E657200 
ARM GAS  /tmp/ccodCY7Y.s 			page 44


 2264              	.LASF31:
 2265 049a 705F6374 		.ascii	"p_ctx\000"
 2265      7800
 2266              	.LASF39:
 2267 04a0 705F7761 		.ascii	"p_waiting\000"
 2267      6974696E 
 2267      6700
 2268              	.LASF59:
 2269 04aa 6D656D6F 		.ascii	"memory_heap\000"
 2269      72795F68 
 2269      65617000 
 2270              		.ident	"GCC: (GNU Tools for ARM Embedded Processors) 5.4.1 20160919 (release) [ARM/embedded-5-bran
ARM GAS  /tmp/ccodCY7Y.s 			page 45


DEFINED SYMBOLS
                            *ABS*:00000000 chdynamic.c
     /tmp/ccodCY7Y.s:20     .text.chThdAddRef:00000000 $t
     /tmp/ccodCY7Y.s:26     .text.chThdAddRef:00000000 chThdAddRef
     /tmp/ccodCY7Y.s:65     .text.chThdRelease:00000000 $t
     /tmp/ccodCY7Y.s:71     .text.chThdRelease:00000000 chThdRelease
     /tmp/ccodCY7Y.s:156    .text.chThdCreateFromHeap:00000000 $t
     /tmp/ccodCY7Y.s:162    .text.chThdCreateFromHeap:00000000 chThdCreateFromHeap
     /tmp/ccodCY7Y.s:239    .text.chThdCreateFromMemoryPool:00000000 $t
     /tmp/ccodCY7Y.s:245    .text.chThdCreateFromMemoryPool:00000000 chThdCreateFromMemoryPool
                     .debug_frame:00000010 $d

UNDEFINED SYMBOLS
chHeapFree
chPoolFree
chHeapAlloc
chThdCreateI
chSchWakeupS
chPoolAlloc
