ARM GAS  /tmp/ccPjDltF.s 			page 1


   1              		.syntax unified
   2              		.cpu cortex-m4
   3              		.fpu softvfp
   4              		.eabi_attribute 20, 1
   5              		.eabi_attribute 21, 1
   6              		.eabi_attribute 23, 3
   7              		.eabi_attribute 24, 1
   8              		.eabi_attribute 25, 1
   9              		.eabi_attribute 26, 1
  10              		.eabi_attribute 30, 2
  11              		.eabi_attribute 34, 1
  12              		.eabi_attribute 18, 4
  13              		.thumb
  14              		.syntax unified
  15              		.file	"chheap.c"
  16              		.text
  17              	.Ltext0:
  18              		.cfi_sections	.debug_frame
  19              		.section	.text._heap_init,"ax",%progbits
  20              		.align	2
  21              		.p2align 4,,15
  22              		.global	_heap_init
  23              		.thumb
  24              		.thumb_func
  25              		.type	_heap_init, %function
  26              	_heap_init:
  27              	.LFB7:
  28              		.file 1 "../ChibiOS_2.6.9/os/kernel/src/chheap.c"
  29              		.loc 1 75 0
  30              		.cfi_startproc
  31              		@ args = 0, pretend = 0, frame = 0
  32              		@ frame_needed = 0, uses_anonymous_args = 0
  33              		@ link register save eliminated.
  34              		.loc 1 76 0
  35 0000 044B     		ldr	r3, .L2
  36 0002 054A     		ldr	r2, .L2+4
  37 0004 1A60     		str	r2, [r3]
  38              		.loc 1 80 0
  39 0006 03F11000 		add	r0, r3, #16
  40              		.loc 1 77 0
  41 000a 0022     		movs	r2, #0
  42 000c 9A60     		str	r2, [r3, #8]
  43              		.loc 1 78 0
  44 000e DA60     		str	r2, [r3, #12]
  45              		.loc 1 80 0
  46 0010 FFF7FEBF 		b	chMtxInit
  47              	.LVL0:
  48              	.L3:
  49              		.align	2
  50              	.L2:
  51 0014 00000000 		.word	.LANCHOR0
  52 0018 00000000 		.word	chCoreAlloc
  53              		.cfi_endproc
  54              	.LFE7:
  55              		.size	_heap_init, .-_heap_init
  56              		.section	.text.chHeapInit,"ax",%progbits
  57              		.align	2
ARM GAS  /tmp/ccPjDltF.s 			page 2


  58              		.p2align 4,,15
  59              		.global	chHeapInit
  60              		.thumb
  61              		.thumb_func
  62              		.type	chHeapInit, %function
  63              	chHeapInit:
  64              	.LFB8:
  65              		.loc 1 99 0
  66              		.cfi_startproc
  67              		@ args = 0, pretend = 0, frame = 0
  68              		@ frame_needed = 0, uses_anonymous_args = 0
  69              		@ link register save eliminated.
  70              	.LVL1:
  71              		.loc 1 104 0
  72 0000 0023     		movs	r3, #0
  73              		.loc 1 108 0
  74 0002 083A     		subs	r2, r2, #8
  75              	.LVL2:
  76              		.loc 1 105 0
  77 0004 8160     		str	r1, [r0, #8]
  78              		.loc 1 104 0
  79 0006 0360     		str	r3, [r0]
  80              	.LVL3:
  81              		.loc 1 106 0
  82 0008 C360     		str	r3, [r0, #12]
  83              		.loc 1 110 0
  84 000a 1030     		adds	r0, r0, #16
  85              	.LVL4:
  86              		.loc 1 108 0
  87 000c 4A60     		str	r2, [r1, #4]
  88              		.loc 1 107 0
  89 000e 0B60     		str	r3, [r1]
  90              		.loc 1 110 0
  91 0010 FFF7FEBF 		b	chMtxInit
  92              	.LVL5:
  93              		.cfi_endproc
  94              	.LFE8:
  95              		.size	chHeapInit, .-chHeapInit
  96              		.section	.text.chHeapAlloc,"ax",%progbits
  97              		.align	2
  98              		.p2align 4,,15
  99              		.global	chHeapAlloc
 100              		.thumb
 101              		.thumb_func
 102              		.type	chHeapAlloc, %function
 103              	chHeapAlloc:
 104              	.LFB9:
 105              		.loc 1 132 0
 106              		.cfi_startproc
 107              		@ args = 0, pretend = 0, frame = 0
 108              		@ frame_needed = 0, uses_anonymous_args = 0
 109              	.LVL6:
 110 0000 F8B5     		push	{r3, r4, r5, r6, r7, lr}
 111              		.cfi_def_cfa_offset 24
 112              		.cfi_offset 3, -24
 113              		.cfi_offset 4, -20
 114              		.cfi_offset 5, -16
ARM GAS  /tmp/ccPjDltF.s 			page 3


 115              		.cfi_offset 6, -12
 116              		.cfi_offset 7, -8
 117              		.cfi_offset 14, -4
 118              		.loc 1 136 0
 119 0002 1E4E     		ldr	r6, .L21
 120 0004 0028     		cmp	r0, #0
 121 0006 18BF     		it	ne
 122 0008 0646     		movne	r6, r0
 123              	.LVL7:
 124              		.loc 1 138 0
 125 000a 0731     		adds	r1, r1, #7
 126              	.LVL8:
 127              		.loc 1 140 0
 128 000c 06F11000 		add	r0, r6, #16
 129              		.loc 1 138 0
 130 0010 21F00705 		bic	r5, r1, #7
 131              	.LVL9:
 132              		.loc 1 139 0
 133 0014 06F10804 		add	r4, r6, #8
 134              	.LVL10:
 135              		.loc 1 140 0
 136 0018 FFF7FEFF 		bl	chMtxLock
 137              	.LVL11:
 138              		.loc 1 142 0
 139 001c 03E0     		b	.L7
 140              	.LVL12:
 141              	.L11:
 142              		.loc 1 144 0
 143 001e 4368     		ldr	r3, [r0, #4]
 144 0020 9D42     		cmp	r5, r3
 145 0022 11D9     		bls	.L20
 146 0024 0446     		mov	r4, r0
 147              	.LVL13:
 148              	.L7:
 149              		.loc 1 142 0
 150 0026 2068     		ldr	r0, [r4]
 151              	.LVL14:
 152 0028 0028     		cmp	r0, #0
 153 002a F8D1     		bne	.L11
 154              		.loc 1 167 0
 155 002c FFF7FEFF 		bl	chMtxUnlock
 156              	.LVL15:
 157              		.loc 1 171 0
 158 0030 3368     		ldr	r3, [r6]
 159 0032 0BB3     		cbz	r3, .L13
 160              		.loc 1 172 0
 161 0034 05F10800 		add	r0, r5, #8
 162 0038 9847     		blx	r3
 163              	.LVL16:
 164              		.loc 1 173 0
 165 003a E8B1     		cbz	r0, .L13
 166              		.loc 1 174 0
 167 003c 0660     		str	r6, [r0]
 168              		.loc 1 175 0
 169 003e 4560     		str	r5, [r0, #4]
 170              		.loc 1 176 0
 171 0040 00F10804 		add	r4, r0, #8
ARM GAS  /tmp/ccPjDltF.s 			page 4


 172              	.LVL17:
 173              	.L10:
 174              		.loc 1 181 0
 175 0044 2046     		mov	r0, r4
 176 0046 F8BD     		pop	{r3, r4, r5, r6, r7, pc}
 177              	.LVL18:
 178              	.L20:
 179              		.loc 1 145 0
 180 0048 05F10802 		add	r2, r5, #8
 181 004c 9342     		cmp	r3, r2
 182 004e 08D2     		bcs	.L8
 183              		.loc 1 149 0
 184 0050 0368     		ldr	r3, [r0]
 185 0052 2360     		str	r3, [r4]
 186              	.L9:
 187              		.loc 1 159 0
 188 0054 0446     		mov	r4, r0
 189              	.LVL19:
 190 0056 44F8086B 		str	r6, [r4], #8
 191              		.loc 1 161 0
 192 005a FFF7FEFF 		bl	chMtxUnlock
 193              	.LVL20:
 194              		.loc 1 181 0
 195 005e 2046     		mov	r0, r4
 196 0060 F8BD     		pop	{r3, r4, r5, r6, r7, pc}
 197              	.LVL21:
 198              	.L8:
 199              		.loc 1 155 0
 200 0062 6FF00701 		mvn	r1, #7
 201 0066 491B     		subs	r1, r1, r5
 202              		.loc 1 153 0
 203 0068 8718     		adds	r7, r0, r2
 204              	.LVL22:
 205              		.loc 1 155 0
 206 006a 0B44     		add	r3, r3, r1
 207              		.loc 1 154 0
 208 006c 0168     		ldr	r1, [r0]
 209 006e 8150     		str	r1, [r0, r2]
 210              		.loc 1 155 0
 211 0070 7B60     		str	r3, [r7, #4]
 212              		.loc 1 156 0
 213 0072 2760     		str	r7, [r4]
 214              		.loc 1 157 0
 215 0074 4560     		str	r5, [r0, #4]
 216 0076 EDE7     		b	.L9
 217              	.LVL23:
 218              	.L13:
 219              		.loc 1 180 0
 220 0078 0024     		movs	r4, #0
 221              	.LVL24:
 222 007a E3E7     		b	.L10
 223              	.L22:
 224              		.align	2
 225              	.L21:
 226 007c 00000000 		.word	.LANCHOR0
 227              		.cfi_endproc
 228              	.LFE9:
ARM GAS  /tmp/ccPjDltF.s 			page 5


 229              		.size	chHeapAlloc, .-chHeapAlloc
 230              		.section	.text.chHeapFree,"ax",%progbits
 231              		.align	2
 232              		.p2align 4,,15
 233              		.global	chHeapFree
 234              		.thumb
 235              		.thumb_func
 236              		.type	chHeapFree, %function
 237              	chHeapFree:
 238              	.LFB10:
 239              		.loc 1 194 0
 240              		.cfi_startproc
 241              		@ args = 0, pretend = 0, frame = 0
 242              		@ frame_needed = 0, uses_anonymous_args = 0
 243              	.LVL25:
 244 0000 70B5     		push	{r4, r5, r6, lr}
 245              		.cfi_def_cfa_offset 16
 246              		.cfi_offset 4, -16
 247              		.cfi_offset 5, -12
 248              		.cfi_offset 6, -8
 249              		.cfi_offset 14, -4
 250              		.loc 1 194 0
 251 0002 0646     		mov	r6, r0
 252              		.loc 1 200 0
 253 0004 A0F10804 		sub	r4, r0, #8
 254              	.LVL26:
 255              		.loc 1 201 0
 256 0008 50F8080C 		ldr	r0, [r0, #-8]
 257              	.LVL27:
 258              		.loc 1 202 0
 259 000c 00F10805 		add	r5, r0, #8
 260              	.LVL28:
 261              		.loc 1 203 0
 262 0010 1030     		adds	r0, r0, #16
 263              	.LVL29:
 264 0012 FFF7FEFF 		bl	chMtxLock
 265              	.LVL30:
 266              		.loc 1 202 0
 267 0016 2B46     		mov	r3, r5
 268              	.LVL31:
 269              	.L30:
 270              		.loc 1 210 0
 271 0018 AB42     		cmp	r3, r5
 272 001a 04D0     		beq	.L24
 273              	.L36:
 274              		.loc 1 210 0 is_stmt 0 discriminator 2
 275 001c A342     		cmp	r3, r4
 276 001e 02D3     		bcc	.L24
 277 0020 1B68     		ldr	r3, [r3]
 278              	.LVL32:
 279              		.loc 1 210 0
 280 0022 AB42     		cmp	r3, r5
 281 0024 FAD1     		bne	.L36
 282              	.L24:
 283              		.loc 1 211 0 is_stmt 1 discriminator 3
 284 0026 1A68     		ldr	r2, [r3]
 285              		.loc 1 210 0 discriminator 3
ARM GAS  /tmp/ccPjDltF.s 			page 6


 286 0028 1AB1     		cbz	r2, .L26
 287              		.loc 1 211 0
 288 002a 9442     		cmp	r4, r2
 289 002c 01D3     		bcc	.L26
 290 002e 1346     		mov	r3, r2
 291              	.LVL33:
 292              		.loc 1 229 0
 293 0030 F2E7     		b	.L30
 294              	.LVL34:
 295              	.L26:
 296              		.loc 1 213 0
 297 0032 46F8082C 		str	r2, [r6, #-8]
 298              		.loc 1 214 0
 299 0036 1C60     		str	r4, [r3]
 300              		.loc 1 216 0
 301 0038 56F8041C 		ldr	r1, [r6, #-4]
 302 003c 56F8085C 		ldr	r5, [r6, #-8]
 303              	.LVL35:
 304 0040 01F10802 		add	r2, r1, #8
 305 0044 A018     		adds	r0, r4, r2
 306 0046 A842     		cmp	r0, r5
 307 0048 09D0     		beq	.L37
 308              		.loc 1 221 0
 309 004a 5968     		ldr	r1, [r3, #4]
 310 004c 01F10802 		add	r2, r1, #8
 311 0050 1A44     		add	r2, r2, r3
 312 0052 9442     		cmp	r4, r2
 313 0054 11D0     		beq	.L38
 314              	.L29:
 315              		.loc 1 233 0
 316 0056 BDE87040 		pop	{r4, r5, r6, lr}
 317              		.cfi_remember_state
 318              		.cfi_restore 14
 319              		.cfi_restore 6
 320              		.cfi_restore 5
 321              		.cfi_restore 4
 322              		.cfi_def_cfa_offset 0
 323              	.LVL36:
 324              		.loc 1 231 0
 325 005a FFF7FEBF 		b	chMtxUnlock
 326              	.LVL37:
 327              	.L37:
 328              		.cfi_restore_state
 329              		.loc 1 218 0
 330 005e 4068     		ldr	r0, [r0, #4]
 331 0060 0144     		add	r1, r1, r0
 332 0062 0831     		adds	r1, r1, #8
 333 0064 46F8041C 		str	r1, [r6, #-4]
 334              		.loc 1 219 0
 335 0068 A258     		ldr	r2, [r4, r2]
 336 006a 46F8082C 		str	r2, [r6, #-8]
 337              		.loc 1 221 0
 338 006e 5968     		ldr	r1, [r3, #4]
 339 0070 01F10802 		add	r2, r1, #8
 340 0074 1A44     		add	r2, r2, r3
 341 0076 9442     		cmp	r4, r2
 342 0078 EDD1     		bne	.L29
ARM GAS  /tmp/ccPjDltF.s 			page 7


 343              	.L38:
 344              		.loc 1 223 0
 345 007a 56F8042C 		ldr	r2, [r6, #-4]
 346 007e 0A44     		add	r2, r2, r1
 347 0080 0832     		adds	r2, r2, #8
 348 0082 5A60     		str	r2, [r3, #4]
 349              		.loc 1 224 0
 350 0084 56F8082C 		ldr	r2, [r6, #-8]
 351 0088 1A60     		str	r2, [r3]
 352              		.loc 1 233 0
 353 008a BDE87040 		pop	{r4, r5, r6, lr}
 354              		.cfi_restore 4
 355              		.cfi_restore 5
 356              		.cfi_restore 6
 357              		.cfi_restore 14
 358              		.cfi_def_cfa_offset 0
 359              	.LVL38:
 360              		.loc 1 231 0
 361 008e FFF7FEBF 		b	chMtxUnlock
 362              	.LVL39:
 363              		.cfi_endproc
 364              	.LFE10:
 365              		.size	chHeapFree, .-chHeapFree
 366 0092 00BF     		.section	.text.chHeapStatus,"ax",%progbits
 367              		.align	2
 368              		.p2align 4,,15
 369              		.global	chHeapStatus
 370              		.thumb
 371              		.thumb_func
 372              		.type	chHeapStatus, %function
 373              	chHeapStatus:
 374              	.LFB11:
 375              		.loc 1 250 0
 376              		.cfi_startproc
 377              		@ args = 0, pretend = 0, frame = 0
 378              		@ frame_needed = 0, uses_anonymous_args = 0
 379              	.LVL40:
 380 0000 38B5     		push	{r3, r4, r5, lr}
 381              		.cfi_def_cfa_offset 16
 382              		.cfi_offset 3, -16
 383              		.cfi_offset 4, -12
 384              		.cfi_offset 5, -8
 385              		.cfi_offset 14, -4
 386              		.loc 1 255 0
 387 0002 0E4C     		ldr	r4, .L50
 388 0004 0028     		cmp	r0, #0
 389 0006 18BF     		it	ne
 390 0008 0446     		movne	r4, r0
 391              	.LVL41:
 392              		.loc 1 257 0
 393 000a 04F11000 		add	r0, r4, #16
 394              		.loc 1 250 0
 395 000e 0D46     		mov	r5, r1
 396              		.loc 1 257 0
 397 0010 FFF7FEFF 		bl	chMtxLock
 398              	.LVL42:
 399              		.loc 1 260 0
ARM GAS  /tmp/ccPjDltF.s 			page 8


 400 0014 A368     		ldr	r3, [r4, #8]
 401 0016 6BB1     		cbz	r3, .L44
 402              		.loc 1 260 0 is_stmt 0 discriminator 3
 403 0018 0022     		movs	r2, #0
 404 001a 1446     		mov	r4, r2
 405              	.LVL43:
 406              	.L42:
 407              		.loc 1 261 0 is_stmt 1 discriminator 3
 408 001c 5868     		ldr	r0, [r3, #4]
 409              		.loc 1 260 0 discriminator 3
 410 001e 1B68     		ldr	r3, [r3]
 411 0020 0134     		adds	r4, r4, #1
 412              	.LVL44:
 413              		.loc 1 261 0 discriminator 3
 414 0022 0244     		add	r2, r2, r0
 415              	.LVL45:
 416              		.loc 1 260 0 discriminator 3
 417 0024 002B     		cmp	r3, #0
 418 0026 F9D1     		bne	.L42
 419              	.LVL46:
 420              	.L41:
 421              		.loc 1 262 0
 422 0028 05B1     		cbz	r5, .L43
 423              		.loc 1 263 0
 424 002a 2A60     		str	r2, [r5]
 425              	.L43:
 426              		.loc 1 265 0
 427 002c FFF7FEFF 		bl	chMtxUnlock
 428              	.LVL47:
 429              		.loc 1 267 0
 430 0030 2046     		mov	r0, r4
 431 0032 38BD     		pop	{r3, r4, r5, pc}
 432              	.LVL48:
 433              	.L44:
 434              		.loc 1 259 0
 435 0034 1A46     		mov	r2, r3
 436              		.loc 1 260 0
 437 0036 1C46     		mov	r4, r3
 438              	.LVL49:
 439 0038 F6E7     		b	.L41
 440              	.L51:
 441 003a 00BF     		.align	2
 442              	.L50:
 443 003c 00000000 		.word	.LANCHOR0
 444              		.cfi_endproc
 445              	.LFE11:
 446              		.size	chHeapStatus, .-chHeapStatus
 447              		.section	.bss.default_heap,"aw",%nobits
 448              		.align	3
 449              		.set	.LANCHOR0,. + 0
 450              		.type	default_heap, %object
 451              		.size	default_heap, 32
 452              	default_heap:
 453 0000 00000000 		.space	32
 453      00000000 
 453      00000000 
 453      00000000 
ARM GAS  /tmp/ccPjDltF.s 			page 9


 453      00000000 
 454              		.text
 455              	.Letext0:
 456              		.file 2 "/usr/local/gcc-arm-none-eabi-5_4-2016q3/lib/gcc/arm-none-eabi/5.4.1/include/stddef.h"
 457              		.file 3 "/usr/local/gcc-arm-none-eabi-5_4-2016q3/arm-none-eabi/include/machine/_default_types.h"
 458              		.file 4 "/usr/local/gcc-arm-none-eabi-5_4-2016q3/arm-none-eabi/include/sys/_stdint.h"
 459              		.file 5 "../ChibiOS_2.6.9/os/ports/GCC/ARMCMx/chtypes.h"
 460              		.file 6 "../ChibiOS_2.6.9/os/kernel/include/chlists.h"
 461              		.file 7 "../ChibiOS_2.6.9/os/kernel/include/chthreads.h"
 462              		.file 8 "../ChibiOS_2.6.9/os/ports/GCC/ARMCMx/chcore_v7m.h"
 463              		.file 9 "../ChibiOS_2.6.9/os/kernel/include/chmtx.h"
 464              		.file 10 "../ChibiOS_2.6.9/os/kernel/include/chmemcore.h"
 465              		.file 11 "../ChibiOS_2.6.9/os/kernel/include/chheap.h"
 466              		.section	.debug_info,"",%progbits
 467              	.Ldebug_info0:
 468 0000 D5060000 		.4byte	0x6d5
 469 0004 0400     		.2byte	0x4
 470 0006 00000000 		.4byte	.Ldebug_abbrev0
 471 000a 04       		.byte	0x4
 472 000b 01       		.uleb128 0x1
 473 000c 27000000 		.4byte	.LASF83
 474 0010 0C       		.byte	0xc
 475 0011 D1010000 		.4byte	.LASF84
 476 0015 CF030000 		.4byte	.LASF85
 477 0019 00000000 		.4byte	.Ldebug_ranges0+0
 478 001d 00000000 		.4byte	0
 479 0021 00000000 		.4byte	.Ldebug_line0
 480 0025 02       		.uleb128 0x2
 481 0026 04       		.byte	0x4
 482 0027 05       		.byte	0x5
 483 0028 696E7400 		.ascii	"int\000"
 484 002c 03       		.uleb128 0x3
 485 002d 06000000 		.4byte	.LASF4
 486 0031 02       		.byte	0x2
 487 0032 D8       		.byte	0xd8
 488 0033 37000000 		.4byte	0x37
 489 0037 04       		.uleb128 0x4
 490 0038 04       		.byte	0x4
 491 0039 07       		.byte	0x7
 492 003a FF010000 		.4byte	.LASF0
 493 003e 04       		.uleb128 0x4
 494 003f 08       		.byte	0x8
 495 0040 05       		.byte	0x5
 496 0041 5E010000 		.4byte	.LASF1
 497 0045 04       		.uleb128 0x4
 498 0046 08       		.byte	0x8
 499 0047 04       		.byte	0x4
 500 0048 76020000 		.4byte	.LASF2
 501 004c 04       		.uleb128 0x4
 502 004d 01       		.byte	0x1
 503 004e 06       		.byte	0x6
 504 004f 6C010000 		.4byte	.LASF3
 505 0053 03       		.uleb128 0x3
 506 0054 1D000000 		.4byte	.LASF5
 507 0058 03       		.byte	0x3
 508 0059 1D       		.byte	0x1d
 509 005a 5E000000 		.4byte	0x5e
ARM GAS  /tmp/ccPjDltF.s 			page 10


 510 005e 04       		.uleb128 0x4
 511 005f 01       		.byte	0x1
 512 0060 08       		.byte	0x8
 513 0061 DC020000 		.4byte	.LASF6
 514 0065 04       		.uleb128 0x4
 515 0066 02       		.byte	0x2
 516 0067 05       		.byte	0x5
 517 0068 FF020000 		.4byte	.LASF7
 518 006c 04       		.uleb128 0x4
 519 006d 02       		.byte	0x2
 520 006e 07       		.byte	0x7
 521 006f 23020000 		.4byte	.LASF8
 522 0073 03       		.uleb128 0x3
 523 0074 9A030000 		.4byte	.LASF9
 524 0078 03       		.byte	0x3
 525 0079 3F       		.byte	0x3f
 526 007a 7E000000 		.4byte	0x7e
 527 007e 04       		.uleb128 0x4
 528 007f 04       		.byte	0x4
 529 0080 05       		.byte	0x5
 530 0081 A3010000 		.4byte	.LASF10
 531 0085 03       		.uleb128 0x3
 532 0086 BD010000 		.4byte	.LASF11
 533 008a 03       		.byte	0x3
 534 008b 41       		.byte	0x41
 535 008c 90000000 		.4byte	0x90
 536 0090 04       		.uleb128 0x4
 537 0091 04       		.byte	0x4
 538 0092 07       		.byte	0x7
 539 0093 0C020000 		.4byte	.LASF12
 540 0097 03       		.uleb128 0x3
 541 0098 AC020000 		.4byte	.LASF13
 542 009c 03       		.byte	0x3
 543 009d 5B       		.byte	0x5b
 544 009e A2000000 		.4byte	0xa2
 545 00a2 04       		.uleb128 0x4
 546 00a3 08       		.byte	0x8
 547 00a4 07       		.byte	0x7
 548 00a5 0E010000 		.4byte	.LASF14
 549 00a9 03       		.uleb128 0x3
 550 00aa F2030000 		.4byte	.LASF15
 551 00ae 04       		.byte	0x4
 552 00af 18       		.byte	0x18
 553 00b0 53000000 		.4byte	0x53
 554 00b4 03       		.uleb128 0x3
 555 00b5 D4020000 		.4byte	.LASF16
 556 00b9 04       		.byte	0x4
 557 00ba 2C       		.byte	0x2c
 558 00bb 73000000 		.4byte	0x73
 559 00bf 03       		.uleb128 0x3
 560 00c0 5B030000 		.4byte	.LASF17
 561 00c4 04       		.byte	0x4
 562 00c5 30       		.byte	0x30
 563 00c6 85000000 		.4byte	0x85
 564 00ca 03       		.uleb128 0x3
 565 00cb 14000000 		.4byte	.LASF18
 566 00cf 04       		.byte	0x4
ARM GAS  /tmp/ccPjDltF.s 			page 11


 567 00d0 3C       		.byte	0x3c
 568 00d1 97000000 		.4byte	0x97
 569 00d5 04       		.uleb128 0x4
 570 00d6 01       		.byte	0x1
 571 00d7 02       		.byte	0x2
 572 00d8 CE020000 		.4byte	.LASF19
 573 00dc 03       		.uleb128 0x3
 574 00dd 3C020000 		.4byte	.LASF20
 575 00e1 05       		.byte	0x5
 576 00e2 2C       		.byte	0x2c
 577 00e3 A9000000 		.4byte	0xa9
 578 00e7 03       		.uleb128 0x3
 579 00e8 AC010000 		.4byte	.LASF21
 580 00ec 05       		.byte	0x5
 581 00ed 2D       		.byte	0x2d
 582 00ee A9000000 		.4byte	0xa9
 583 00f2 03       		.uleb128 0x3
 584 00f3 B7020000 		.4byte	.LASF22
 585 00f7 05       		.byte	0x5
 586 00f8 2E       		.byte	0x2e
 587 00f9 A9000000 		.4byte	0xa9
 588 00fd 03       		.uleb128 0x3
 589 00fe 99010000 		.4byte	.LASF23
 590 0102 05       		.byte	0x5
 591 0103 2F       		.byte	0x2f
 592 0104 A9000000 		.4byte	0xa9
 593 0108 03       		.uleb128 0x3
 594 0109 C6020000 		.4byte	.LASF24
 595 010d 05       		.byte	0x5
 596 010e 30       		.byte	0x30
 597 010f BF000000 		.4byte	0xbf
 598 0113 03       		.uleb128 0x3
 599 0114 36020000 		.4byte	.LASF25
 600 0118 05       		.byte	0x5
 601 0119 31       		.byte	0x31
 602 011a B4000000 		.4byte	0xb4
 603 011e 03       		.uleb128 0x3
 604 011f 50020000 		.4byte	.LASF26
 605 0123 05       		.byte	0x5
 606 0124 33       		.byte	0x33
 607 0125 BF000000 		.4byte	0xbf
 608 0129 03       		.uleb128 0x3
 609 012a 3D030000 		.4byte	.LASF27
 610 012e 06       		.byte	0x6
 611 012f 2A       		.byte	0x2a
 612 0130 34010000 		.4byte	0x134
 613 0134 05       		.uleb128 0x5
 614 0135 3D030000 		.4byte	.LASF27
 615 0139 44       		.byte	0x44
 616 013a 07       		.byte	0x7
 617 013b 5E       		.byte	0x5e
 618 013c 25020000 		.4byte	0x225
 619 0140 06       		.uleb128 0x6
 620 0141 2E030000 		.4byte	.LASF28
 621 0145 07       		.byte	0x7
 622 0146 5F       		.byte	0x5f
 623 0147 46020000 		.4byte	0x246
ARM GAS  /tmp/ccPjDltF.s 			page 12


 624 014b 00       		.byte	0
 625 014c 06       		.uleb128 0x6
 626 014d BF020000 		.4byte	.LASF29
 627 0151 07       		.byte	0x7
 628 0152 61       		.byte	0x61
 629 0153 46020000 		.4byte	0x246
 630 0157 04       		.byte	0x4
 631 0158 06       		.uleb128 0x6
 632 0159 57010000 		.4byte	.LASF30
 633 015d 07       		.byte	0x7
 634 015e 63       		.byte	0x63
 635 015f 08010000 		.4byte	0x108
 636 0163 08       		.byte	0x8
 637 0164 06       		.uleb128 0x6
 638 0165 21040000 		.4byte	.LASF31
 639 0169 07       		.byte	0x7
 640 016a 64       		.byte	0x64
 641 016b 0B030000 		.4byte	0x30b
 642 016f 0C       		.byte	0xc
 643 0170 06       		.uleb128 0x6
 644 0171 B5010000 		.4byte	.LASF32
 645 0175 07       		.byte	0x7
 646 0176 66       		.byte	0x66
 647 0177 46020000 		.4byte	0x246
 648 017b 10       		.byte	0x10
 649 017c 06       		.uleb128 0x6
 650 017d 8C020000 		.4byte	.LASF33
 651 0181 07       		.byte	0x7
 652 0182 67       		.byte	0x67
 653 0183 46020000 		.4byte	0x246
 654 0187 14       		.byte	0x14
 655 0188 06       		.uleb128 0x6
 656 0189 07040000 		.4byte	.LASF34
 657 018d 07       		.byte	0x7
 658 018e 6E       		.byte	0x6e
 659 018f 71040000 		.4byte	0x471
 660 0193 18       		.byte	0x18
 661 0194 06       		.uleb128 0x6
 662 0195 09030000 		.4byte	.LASF35
 663 0199 07       		.byte	0x7
 664 019a 79       		.byte	0x79
 665 019b E7000000 		.4byte	0xe7
 666 019f 1C       		.byte	0x1c
 667 01a0 06       		.uleb128 0x6
 668 01a1 35030000 		.4byte	.LASF36
 669 01a5 07       		.byte	0x7
 670 01a6 7D       		.byte	0x7d
 671 01a7 DC000000 		.4byte	0xdc
 672 01ab 1D       		.byte	0x1d
 673 01ac 06       		.uleb128 0x6
 674 01ad C8030000 		.4byte	.LASF37
 675 01b1 07       		.byte	0x7
 676 01b2 82       		.byte	0x82
 677 01b3 F2000000 		.4byte	0xf2
 678 01b7 1E       		.byte	0x1e
 679 01b8 06       		.uleb128 0x6
 680 01b9 11030000 		.4byte	.LASF38
ARM GAS  /tmp/ccPjDltF.s 			page 13


 681 01bd 07       		.byte	0x7
 682 01be 88       		.byte	0x88
 683 01bf FD000000 		.4byte	0xfd
 684 01c3 1F       		.byte	0x1f
 685 01c4 07       		.uleb128 0x7
 686 01c5 705F7500 		.ascii	"p_u\000"
 687 01c9 07       		.byte	0x7
 688 01ca B4       		.byte	0xb4
 689 01cb 3C040000 		.4byte	0x43c
 690 01cf 20       		.byte	0x20
 691 01d0 06       		.uleb128 0x6
 692 01d1 27040000 		.4byte	.LASF39
 693 01d5 07       		.byte	0x7
 694 01d6 B9       		.byte	0xb9
 695 01d7 6C020000 		.4byte	0x26c
 696 01db 24       		.byte	0x24
 697 01dc 06       		.uleb128 0x6
 698 01dd B3030000 		.4byte	.LASF40
 699 01e1 07       		.byte	0x7
 700 01e2 BF       		.byte	0xbf
 701 01e3 4C020000 		.4byte	0x24c
 702 01e7 28       		.byte	0x28
 703 01e8 06       		.uleb128 0x6
 704 01e9 00000000 		.4byte	.LASF41
 705 01ed 07       		.byte	0x7
 706 01ee C3       		.byte	0xc3
 707 01ef 13010000 		.4byte	0x113
 708 01f3 30       		.byte	0x30
 709 01f4 06       		.uleb128 0x6
 710 01f5 50030000 		.4byte	.LASF42
 711 01f9 07       		.byte	0x7
 712 01fa C9       		.byte	0xc9
 713 01fb 1E010000 		.4byte	0x11e
 714 01ff 34       		.byte	0x34
 715 0200 06       		.uleb128 0x6
 716 0201 F5020000 		.4byte	.LASF43
 717 0205 07       		.byte	0x7
 718 0206 D0       		.byte	0xd0
 719 0207 83040000 		.4byte	0x483
 720 020b 38       		.byte	0x38
 721 020c 06       		.uleb128 0x6
 722 020d 8F030000 		.4byte	.LASF44
 723 0211 07       		.byte	0x7
 724 0212 D4       		.byte	0xd4
 725 0213 08010000 		.4byte	0x108
 726 0217 3C       		.byte	0x3c
 727 0218 06       		.uleb128 0x6
 728 0219 7E010000 		.4byte	.LASF45
 729 021d 07       		.byte	0x7
 730 021e DA       		.byte	0xda
 731 021f 82020000 		.4byte	0x282
 732 0223 40       		.byte	0x40
 733 0224 00       		.byte	0
 734 0225 08       		.uleb128 0x8
 735 0226 08       		.byte	0x8
 736 0227 06       		.byte	0x6
 737 0228 61       		.byte	0x61
ARM GAS  /tmp/ccPjDltF.s 			page 14


 738 0229 46020000 		.4byte	0x246
 739 022d 06       		.uleb128 0x6
 740 022e 2E030000 		.4byte	.LASF28
 741 0232 06       		.byte	0x6
 742 0233 62       		.byte	0x62
 743 0234 46020000 		.4byte	0x246
 744 0238 00       		.byte	0
 745 0239 06       		.uleb128 0x6
 746 023a BF020000 		.4byte	.LASF29
 747 023e 06       		.byte	0x6
 748 023f 64       		.byte	0x64
 749 0240 46020000 		.4byte	0x246
 750 0244 04       		.byte	0x4
 751 0245 00       		.byte	0
 752 0246 09       		.uleb128 0x9
 753 0247 04       		.byte	0x4
 754 0248 29010000 		.4byte	0x129
 755 024c 03       		.uleb128 0x3
 756 024d 94020000 		.4byte	.LASF46
 757 0251 06       		.byte	0x6
 758 0252 66       		.byte	0x66
 759 0253 25020000 		.4byte	0x225
 760 0257 08       		.uleb128 0x8
 761 0258 04       		.byte	0x4
 762 0259 06       		.byte	0x6
 763 025a 6B       		.byte	0x6b
 764 025b 6C020000 		.4byte	0x26c
 765 025f 06       		.uleb128 0x6
 766 0260 2E030000 		.4byte	.LASF28
 767 0264 06       		.byte	0x6
 768 0265 6D       		.byte	0x6d
 769 0266 46020000 		.4byte	0x246
 770 026a 00       		.byte	0
 771 026b 00       		.byte	0
 772 026c 03       		.uleb128 0x3
 773 026d 44020000 		.4byte	.LASF47
 774 0271 06       		.byte	0x6
 775 0272 70       		.byte	0x70
 776 0273 57020000 		.4byte	0x257
 777 0277 03       		.uleb128 0x3
 778 0278 C8010000 		.4byte	.LASF48
 779 027c 08       		.byte	0x8
 780 027d E5       		.byte	0xe5
 781 027e 82020000 		.4byte	0x282
 782 0282 0A       		.uleb128 0xa
 783 0283 04       		.byte	0x4
 784 0284 03       		.uleb128 0x3
 785 0285 62020000 		.4byte	.LASF49
 786 0289 08       		.byte	0x8
 787 028a EB       		.byte	0xeb
 788 028b CA000000 		.4byte	0xca
 789 028f 0B       		.uleb128 0xb
 790 0290 AC030000 		.4byte	.LASF50
 791 0294 24       		.byte	0x24
 792 0295 08       		.byte	0x8
 793 0296 0C01     		.2byte	0x10c
 794 0298 0B030000 		.4byte	0x30b
ARM GAS  /tmp/ccPjDltF.s 			page 15


 795 029c 0C       		.uleb128 0xc
 796 029d 723400   		.ascii	"r4\000"
 797 02a0 08       		.byte	0x8
 798 02a1 1F01     		.2byte	0x11f
 799 02a3 77020000 		.4byte	0x277
 800 02a7 00       		.byte	0
 801 02a8 0C       		.uleb128 0xc
 802 02a9 723500   		.ascii	"r5\000"
 803 02ac 08       		.byte	0x8
 804 02ad 2001     		.2byte	0x120
 805 02af 77020000 		.4byte	0x277
 806 02b3 04       		.byte	0x4
 807 02b4 0C       		.uleb128 0xc
 808 02b5 723600   		.ascii	"r6\000"
 809 02b8 08       		.byte	0x8
 810 02b9 2101     		.2byte	0x121
 811 02bb 77020000 		.4byte	0x277
 812 02bf 08       		.byte	0x8
 813 02c0 0C       		.uleb128 0xc
 814 02c1 723700   		.ascii	"r7\000"
 815 02c4 08       		.byte	0x8
 816 02c5 2201     		.2byte	0x122
 817 02c7 77020000 		.4byte	0x277
 818 02cb 0C       		.byte	0xc
 819 02cc 0C       		.uleb128 0xc
 820 02cd 723800   		.ascii	"r8\000"
 821 02d0 08       		.byte	0x8
 822 02d1 2301     		.2byte	0x123
 823 02d3 77020000 		.4byte	0x277
 824 02d7 10       		.byte	0x10
 825 02d8 0C       		.uleb128 0xc
 826 02d9 723900   		.ascii	"r9\000"
 827 02dc 08       		.byte	0x8
 828 02dd 2401     		.2byte	0x124
 829 02df 77020000 		.4byte	0x277
 830 02e3 14       		.byte	0x14
 831 02e4 0C       		.uleb128 0xc
 832 02e5 72313000 		.ascii	"r10\000"
 833 02e9 08       		.byte	0x8
 834 02ea 2501     		.2byte	0x125
 835 02ec 77020000 		.4byte	0x277
 836 02f0 18       		.byte	0x18
 837 02f1 0C       		.uleb128 0xc
 838 02f2 72313100 		.ascii	"r11\000"
 839 02f6 08       		.byte	0x8
 840 02f7 2601     		.2byte	0x126
 841 02f9 77020000 		.4byte	0x277
 842 02fd 1C       		.byte	0x1c
 843 02fe 0C       		.uleb128 0xc
 844 02ff 6C7200   		.ascii	"lr\000"
 845 0302 08       		.byte	0x8
 846 0303 2701     		.2byte	0x127
 847 0305 77020000 		.4byte	0x277
 848 0309 20       		.byte	0x20
 849 030a 00       		.byte	0
 850 030b 0B       		.uleb128 0xb
 851 030c A4030000 		.4byte	.LASF51
ARM GAS  /tmp/ccPjDltF.s 			page 16


 852 0310 04       		.byte	0x4
 853 0311 08       		.byte	0x8
 854 0312 3101     		.2byte	0x131
 855 0314 26030000 		.4byte	0x326
 856 0318 0C       		.uleb128 0xc
 857 0319 72313300 		.ascii	"r13\000"
 858 031d 08       		.byte	0x8
 859 031e 3201     		.2byte	0x132
 860 0320 26030000 		.4byte	0x326
 861 0324 00       		.byte	0
 862 0325 00       		.byte	0
 863 0326 09       		.uleb128 0x9
 864 0327 04       		.byte	0x4
 865 0328 8F020000 		.4byte	0x28f
 866 032c 04       		.uleb128 0x4
 867 032d 04       		.byte	0x4
 868 032e 07       		.byte	0x7
 869 032f 6D020000 		.4byte	.LASF52
 870 0333 05       		.uleb128 0x5
 871 0334 5C020000 		.4byte	.LASF53
 872 0338 10       		.byte	0x10
 873 0339 09       		.byte	0x9
 874 033a 2C       		.byte	0x2c
 875 033b 64030000 		.4byte	0x364
 876 033f 06       		.uleb128 0x6
 877 0340 86010000 		.4byte	.LASF54
 878 0344 09       		.byte	0x9
 879 0345 2D       		.byte	0x2d
 880 0346 4C020000 		.4byte	0x24c
 881 034a 00       		.byte	0
 882 034b 06       		.uleb128 0x6
 883 034c 19040000 		.4byte	.LASF55
 884 0350 09       		.byte	0x9
 885 0351 2F       		.byte	0x2f
 886 0352 46020000 		.4byte	0x246
 887 0356 08       		.byte	0x8
 888 0357 06       		.uleb128 0x6
 889 0358 88030000 		.4byte	.LASF56
 890 035c 09       		.byte	0x9
 891 035d 31       		.byte	0x31
 892 035e 64030000 		.4byte	0x364
 893 0362 0C       		.byte	0xc
 894 0363 00       		.byte	0
 895 0364 09       		.uleb128 0x9
 896 0365 04       		.byte	0x4
 897 0366 33030000 		.4byte	0x333
 898 036a 03       		.uleb128 0x3
 899 036b 5C020000 		.4byte	.LASF53
 900 036f 09       		.byte	0x9
 901 0370 33       		.byte	0x33
 902 0371 33030000 		.4byte	0x333
 903 0375 03       		.uleb128 0x3
 904 0376 01010000 		.4byte	.LASF57
 905 037a 0A       		.byte	0xa
 906 037b 2C       		.byte	0x2c
 907 037c 80030000 		.4byte	0x380
 908 0380 09       		.uleb128 0x9
ARM GAS  /tmp/ccPjDltF.s 			page 17


 909 0381 04       		.byte	0x4
 910 0382 86030000 		.4byte	0x386
 911 0386 0D       		.uleb128 0xd
 912 0387 82020000 		.4byte	0x282
 913 038b 95030000 		.4byte	0x395
 914 038f 0E       		.uleb128 0xe
 915 0390 2C000000 		.4byte	0x2c
 916 0394 00       		.byte	0
 917 0395 03       		.uleb128 0x3
 918 0396 A1020000 		.4byte	.LASF58
 919 039a 0B       		.byte	0xb
 920 039b 34       		.byte	0x34
 921 039c A0030000 		.4byte	0x3a0
 922 03a0 05       		.uleb128 0x5
 923 03a1 31040000 		.4byte	.LASF59
 924 03a5 20       		.byte	0x20
 925 03a6 0B       		.byte	0xb
 926 03a7 47       		.byte	0x47
 927 03a8 D1030000 		.4byte	0x3d1
 928 03ac 06       		.uleb128 0x6
 929 03ad EA020000 		.4byte	.LASF60
 930 03b1 0B       		.byte	0xb
 931 03b2 48       		.byte	0x48
 932 03b3 75030000 		.4byte	0x375
 933 03b7 00       		.byte	0
 934 03b8 06       		.uleb128 0x6
 935 03b9 2E010000 		.4byte	.LASF61
 936 03bd 0B       		.byte	0xb
 937 03be 4A       		.byte	0x4a
 938 03bf F0030000 		.4byte	0x3f0
 939 03c3 08       		.byte	0x8
 940 03c4 06       		.uleb128 0x6
 941 03c5 78010000 		.4byte	.LASF62
 942 03c9 0B       		.byte	0xb
 943 03ca 4C       		.byte	0x4c
 944 03cb 6A030000 		.4byte	0x36a
 945 03cf 10       		.byte	0x10
 946 03d0 00       		.byte	0
 947 03d1 0F       		.uleb128 0xf
 948 03d2 04       		.byte	0x4
 949 03d3 0B       		.byte	0xb
 950 03d4 3C       		.byte	0x3c
 951 03d5 F0030000 		.4byte	0x3f0
 952 03d9 10       		.uleb128 0x10
 953 03da 52010000 		.4byte	.LASF63
 954 03de 0B       		.byte	0xb
 955 03df 3D       		.byte	0x3d
 956 03e0 11040000 		.4byte	0x411
 957 03e4 10       		.uleb128 0x10
 958 03e5 64030000 		.4byte	.LASF64
 959 03e9 0B       		.byte	0xb
 960 03ea 3E       		.byte	0x3e
 961 03eb 17040000 		.4byte	0x417
 962 03ef 00       		.byte	0
 963 03f0 11       		.uleb128 0x11
 964 03f1 1B030000 		.4byte	.LASF86
 965 03f5 08       		.byte	0x8
ARM GAS  /tmp/ccPjDltF.s 			page 18


 966 03f6 0B       		.byte	0xb
 967 03f7 39       		.byte	0x39
 968 03f8 11040000 		.4byte	0x411
 969 03fc 10       		.uleb128 0x10
 970 03fd F9010000 		.4byte	.LASF65
 971 0401 0B       		.byte	0xb
 972 0402 3A       		.byte	0x3a
 973 0403 84020000 		.4byte	0x284
 974 0407 12       		.uleb128 0x12
 975 0408 6800     		.ascii	"h\000"
 976 040a 0B       		.byte	0xb
 977 040b 41       		.byte	0x41
 978 040c 1D040000 		.4byte	0x41d
 979 0410 00       		.byte	0
 980 0411 09       		.uleb128 0x9
 981 0412 04       		.byte	0x4
 982 0413 F0030000 		.4byte	0x3f0
 983 0417 09       		.uleb128 0x9
 984 0418 04       		.byte	0x4
 985 0419 95030000 		.4byte	0x395
 986 041d 08       		.uleb128 0x8
 987 041e 08       		.byte	0x8
 988 041f 0B       		.byte	0xb
 989 0420 3B       		.byte	0x3b
 990 0421 3C040000 		.4byte	0x43c
 991 0425 07       		.uleb128 0x7
 992 0426 7500     		.ascii	"u\000"
 993 0428 0B       		.byte	0xb
 994 0429 3F       		.byte	0x3f
 995 042a D1030000 		.4byte	0x3d1
 996 042e 00       		.byte	0
 997 042f 06       		.uleb128 0x6
 998 0430 1E020000 		.4byte	.LASF66
 999 0434 0B       		.byte	0xb
 1000 0435 40       		.byte	0x40
 1001 0436 2C000000 		.4byte	0x2c
 1002 043a 04       		.byte	0x4
 1003 043b 00       		.byte	0
 1004 043c 0F       		.uleb128 0xf
 1005 043d 04       		.byte	0x4
 1006 043e 07       		.byte	0x7
 1007 043f 96       		.byte	0x96
 1008 0440 71040000 		.4byte	0x471
 1009 0444 10       		.uleb128 0x10
 1010 0445 0D000000 		.4byte	.LASF67
 1011 0449 07       		.byte	0x7
 1012 044a 9D       		.byte	0x9d
 1013 044b 13010000 		.4byte	0x113
 1014 044f 10       		.uleb128 0x10
 1015 0450 25010000 		.4byte	.LASF68
 1016 0454 07       		.byte	0x7
 1017 0455 A4       		.byte	0xa4
 1018 0456 13010000 		.4byte	0x113
 1019 045a 10       		.uleb128 0x10
 1020 045b FA030000 		.4byte	.LASF69
 1021 045f 07       		.byte	0x7
 1022 0460 AB       		.byte	0xab
ARM GAS  /tmp/ccPjDltF.s 			page 19


 1023 0461 82020000 		.4byte	0x282
 1024 0465 10       		.uleb128 0x10
 1025 0466 27030000 		.4byte	.LASF70
 1026 046a 07       		.byte	0x7
 1027 046b B2       		.byte	0xb2
 1028 046c 1E010000 		.4byte	0x11e
 1029 0470 00       		.byte	0
 1030 0471 09       		.uleb128 0x9
 1031 0472 04       		.byte	0x4
 1032 0473 7E040000 		.4byte	0x47e
 1033 0477 04       		.uleb128 0x4
 1034 0478 01       		.byte	0x1
 1035 0479 08       		.byte	0x8
 1036 047a 76030000 		.4byte	.LASF71
 1037 047e 13       		.uleb128 0x13
 1038 047f 77040000 		.4byte	0x477
 1039 0483 09       		.uleb128 0x9
 1040 0484 04       		.byte	0x4
 1041 0485 6A030000 		.4byte	0x36a
 1042 0489 14       		.uleb128 0x14
 1043 048a 0E040000 		.4byte	.LASF72
 1044 048e 01       		.byte	0x1
 1045 048f 4B       		.byte	0x4b
 1046 0490 00000000 		.4byte	.LFB7
 1047 0494 1C000000 		.4byte	.LFE7-.LFB7
 1048 0498 01       		.uleb128 0x1
 1049 0499 9C       		.byte	0x9c
 1050 049a B2040000 		.4byte	0x4b2
 1051 049e 15       		.uleb128 0x15
 1052 049f 14000000 		.4byte	.LVL0
 1053 04a3 B7060000 		.4byte	0x6b7
 1054 04a7 16       		.uleb128 0x16
 1055 04a8 01       		.uleb128 0x1
 1056 04a9 50       		.byte	0x50
 1057 04aa 05       		.uleb128 0x5
 1058 04ab 03       		.byte	0x3
 1059 04ac 10000000 		.4byte	.LANCHOR0+16
 1060 04b0 00       		.byte	0
 1061 04b1 00       		.byte	0
 1062 04b2 14       		.uleb128 0x14
 1063 04b3 47010000 		.4byte	.LASF73
 1064 04b7 01       		.byte	0x1
 1065 04b8 63       		.byte	0x63
 1066 04b9 00000000 		.4byte	.LFB8
 1067 04bd 14000000 		.4byte	.LFE8-.LFB8
 1068 04c1 01       		.uleb128 0x1
 1069 04c2 9C       		.byte	0x9c
 1070 04c3 16050000 		.4byte	0x516
 1071 04c7 17       		.uleb128 0x17
 1072 04c8 35010000 		.4byte	.LASF74
 1073 04cc 01       		.byte	0x1
 1074 04cd 63       		.byte	0x63
 1075 04ce 17040000 		.4byte	0x417
 1076 04d2 00000000 		.4byte	.LLST0
 1077 04d6 18       		.uleb128 0x18
 1078 04d7 62756600 		.ascii	"buf\000"
 1079 04db 01       		.byte	0x1
ARM GAS  /tmp/ccPjDltF.s 			page 20


 1080 04dc 63       		.byte	0x63
 1081 04dd 82020000 		.4byte	0x282
 1082 04e1 2E000000 		.4byte	.LLST1
 1083 04e5 17       		.uleb128 0x17
 1084 04e6 1E020000 		.4byte	.LASF66
 1085 04ea 01       		.byte	0x1
 1086 04eb 63       		.byte	0x63
 1087 04ec 2C000000 		.4byte	0x2c
 1088 04f0 4F000000 		.4byte	.LLST2
 1089 04f4 19       		.uleb128 0x19
 1090 04f5 687000   		.ascii	"hp\000"
 1091 04f8 01       		.byte	0x1
 1092 04f9 64       		.byte	0x64
 1093 04fa 11040000 		.4byte	0x411
 1094 04fe 7D000000 		.4byte	.LLST3
 1095 0502 15       		.uleb128 0x15
 1096 0503 14000000 		.4byte	.LVL5
 1097 0507 B7060000 		.4byte	0x6b7
 1098 050b 16       		.uleb128 0x16
 1099 050c 01       		.uleb128 0x1
 1100 050d 50       		.byte	0x50
 1101 050e 05       		.uleb128 0x5
 1102 050f F3       		.byte	0xf3
 1103 0510 01       		.uleb128 0x1
 1104 0511 50       		.byte	0x50
 1105 0512 23       		.byte	0x23
 1106 0513 10       		.uleb128 0x10
 1107 0514 00       		.byte	0
 1108 0515 00       		.byte	0
 1109 0516 1A       		.uleb128 0x1a
 1110 0517 44030000 		.4byte	.LASF76
 1111 051b 01       		.byte	0x1
 1112 051c 84       		.byte	0x84
 1113 051d 82020000 		.4byte	0x282
 1114 0521 00000000 		.4byte	.LFB9
 1115 0525 80000000 		.4byte	.LFE9-.LFB9
 1116 0529 01       		.uleb128 0x1
 1117 052a 9C       		.byte	0x9c
 1118 052b AE050000 		.4byte	0x5ae
 1119 052f 17       		.uleb128 0x17
 1120 0530 35010000 		.4byte	.LASF74
 1121 0534 01       		.byte	0x1
 1122 0535 84       		.byte	0x84
 1123 0536 17040000 		.4byte	0x417
 1124 053a 9E000000 		.4byte	.LLST4
 1125 053e 17       		.uleb128 0x17
 1126 053f 1E020000 		.4byte	.LASF66
 1127 0543 01       		.byte	0x1
 1128 0544 84       		.byte	0x84
 1129 0545 2C000000 		.4byte	0x2c
 1130 0549 BC000000 		.4byte	.LLST5
 1131 054d 19       		.uleb128 0x19
 1132 054e 717000   		.ascii	"qp\000"
 1133 0551 01       		.byte	0x1
 1134 0552 85       		.byte	0x85
 1135 0553 11040000 		.4byte	0x411
 1136 0557 E7000000 		.4byte	.LLST6
ARM GAS  /tmp/ccPjDltF.s 			page 21


 1137 055b 19       		.uleb128 0x19
 1138 055c 687000   		.ascii	"hp\000"
 1139 055f 01       		.byte	0x1
 1140 0560 85       		.byte	0x85
 1141 0561 11040000 		.4byte	0x411
 1142 0565 10010000 		.4byte	.LLST7
 1143 0569 19       		.uleb128 0x19
 1144 056a 667000   		.ascii	"fp\000"
 1145 056d 01       		.byte	0x1
 1146 056e 85       		.byte	0x85
 1147 056f 11040000 		.4byte	0x411
 1148 0573 5C010000 		.4byte	.LLST8
 1149 0577 1B       		.uleb128 0x1b
 1150 0578 1C000000 		.4byte	.LVL11
 1151 057c C2060000 		.4byte	0x6c2
 1152 0580 8B050000 		.4byte	0x58b
 1153 0584 16       		.uleb128 0x16
 1154 0585 01       		.uleb128 0x1
 1155 0586 50       		.byte	0x50
 1156 0587 02       		.uleb128 0x2
 1157 0588 76       		.byte	0x76
 1158 0589 10       		.sleb128 16
 1159 058a 00       		.byte	0
 1160 058b 1C       		.uleb128 0x1c
 1161 058c 30000000 		.4byte	.LVL15
 1162 0590 CD060000 		.4byte	0x6cd
 1163 0594 1D       		.uleb128 0x1d
 1164 0595 3A000000 		.4byte	.LVL16
 1165 0599 A4050000 		.4byte	0x5a4
 1166 059d 16       		.uleb128 0x16
 1167 059e 01       		.uleb128 0x1
 1168 059f 50       		.byte	0x50
 1169 05a0 02       		.uleb128 0x2
 1170 05a1 75       		.byte	0x75
 1171 05a2 08       		.sleb128 8
 1172 05a3 00       		.byte	0
 1173 05a4 1C       		.uleb128 0x1c
 1174 05a5 5E000000 		.4byte	.LVL20
 1175 05a9 CD060000 		.4byte	0x6cd
 1176 05ad 00       		.byte	0
 1177 05ae 14       		.uleb128 0x14
 1178 05af 8E010000 		.4byte	.LASF75
 1179 05b3 01       		.byte	0x1
 1180 05b4 C2       		.byte	0xc2
 1181 05b5 00000000 		.4byte	.LFB10
 1182 05b9 92000000 		.4byte	.LFE10-.LFB10
 1183 05bd 01       		.uleb128 0x1
 1184 05be 9C       		.byte	0x9c
 1185 05bf 22060000 		.4byte	0x622
 1186 05c3 18       		.uleb128 0x18
 1187 05c4 7000     		.ascii	"p\000"
 1188 05c6 01       		.byte	0x1
 1189 05c7 C2       		.byte	0xc2
 1190 05c8 82020000 		.4byte	0x282
 1191 05cc 6F010000 		.4byte	.LLST9
 1192 05d0 19       		.uleb128 0x19
 1193 05d1 717000   		.ascii	"qp\000"
ARM GAS  /tmp/ccPjDltF.s 			page 22


 1194 05d4 01       		.byte	0x1
 1195 05d5 C3       		.byte	0xc3
 1196 05d6 11040000 		.4byte	0x411
 1197 05da B4010000 		.4byte	.LLST10
 1198 05de 19       		.uleb128 0x19
 1199 05df 687000   		.ascii	"hp\000"
 1200 05e2 01       		.byte	0x1
 1201 05e3 C3       		.byte	0xc3
 1202 05e4 11040000 		.4byte	0x411
 1203 05e8 E8010000 		.4byte	.LLST11
 1204 05ec 1E       		.uleb128 0x1e
 1205 05ed 35010000 		.4byte	.LASF74
 1206 05f1 01       		.byte	0x1
 1207 05f2 C4       		.byte	0xc4
 1208 05f3 17040000 		.4byte	0x417
 1209 05f7 26020000 		.4byte	.LLST12
 1210 05fb 1B       		.uleb128 0x1b
 1211 05fc 16000000 		.4byte	.LVL30
 1212 0600 C2060000 		.4byte	0x6c2
 1213 0604 0F060000 		.4byte	0x60f
 1214 0608 16       		.uleb128 0x16
 1215 0609 01       		.uleb128 0x1
 1216 060a 50       		.byte	0x50
 1217 060b 02       		.uleb128 0x2
 1218 060c 75       		.byte	0x75
 1219 060d 08       		.sleb128 8
 1220 060e 00       		.byte	0
 1221 060f 1F       		.uleb128 0x1f
 1222 0610 5E000000 		.4byte	.LVL37
 1223 0614 CD060000 		.4byte	0x6cd
 1224 0618 1F       		.uleb128 0x1f
 1225 0619 92000000 		.4byte	.LVL39
 1226 061d CD060000 		.4byte	0x6cd
 1227 0621 00       		.byte	0
 1228 0622 1A       		.uleb128 0x1a
 1229 0623 7B030000 		.4byte	.LASF77
 1230 0627 01       		.byte	0x1
 1231 0628 FA       		.byte	0xfa
 1232 0629 2C000000 		.4byte	0x2c
 1233 062d 00000000 		.4byte	.LFB11
 1234 0631 40000000 		.4byte	.LFE11-.LFB11
 1235 0635 01       		.uleb128 0x1
 1236 0636 9C       		.byte	0x9c
 1237 0637 A0060000 		.4byte	0x6a0
 1238 063b 17       		.uleb128 0x17
 1239 063c 35010000 		.4byte	.LASF74
 1240 0640 01       		.byte	0x1
 1241 0641 FA       		.byte	0xfa
 1242 0642 17040000 		.4byte	0x417
 1243 0646 52020000 		.4byte	.LLST13
 1244 064a 17       		.uleb128 0x17
 1245 064b 01040000 		.4byte	.LASF78
 1246 064f 01       		.byte	0x1
 1247 0650 FA       		.byte	0xfa
 1248 0651 A0060000 		.4byte	0x6a0
 1249 0655 B5020000 		.4byte	.LLST14
 1250 0659 19       		.uleb128 0x19
ARM GAS  /tmp/ccPjDltF.s 			page 23


 1251 065a 717000   		.ascii	"qp\000"
 1252 065d 01       		.byte	0x1
 1253 065e FB       		.byte	0xfb
 1254 065f 11040000 		.4byte	0x411
 1255 0663 D3020000 		.4byte	.LLST15
 1256 0667 19       		.uleb128 0x19
 1257 0668 6E00     		.ascii	"n\000"
 1258 066a 01       		.byte	0x1
 1259 066b FC       		.byte	0xfc
 1260 066c 2C000000 		.4byte	0x2c
 1261 0670 33030000 		.4byte	.LLST16
 1262 0674 19       		.uleb128 0x19
 1263 0675 737A00   		.ascii	"sz\000"
 1264 0678 01       		.byte	0x1
 1265 0679 FC       		.byte	0xfc
 1266 067a 2C000000 		.4byte	0x2c
 1267 067e 76030000 		.4byte	.LLST17
 1268 0682 1B       		.uleb128 0x1b
 1269 0683 14000000 		.4byte	.LVL42
 1270 0687 C2060000 		.4byte	0x6c2
 1271 068b 96060000 		.4byte	0x696
 1272 068f 16       		.uleb128 0x16
 1273 0690 01       		.uleb128 0x1
 1274 0691 50       		.byte	0x50
 1275 0692 02       		.uleb128 0x2
 1276 0693 74       		.byte	0x74
 1277 0694 10       		.sleb128 16
 1278 0695 00       		.byte	0
 1279 0696 1C       		.uleb128 0x1c
 1280 0697 30000000 		.4byte	.LVL47
 1281 069b CD060000 		.4byte	0x6cd
 1282 069f 00       		.byte	0
 1283 06a0 09       		.uleb128 0x9
 1284 06a1 04       		.byte	0x4
 1285 06a2 2C000000 		.4byte	0x2c
 1286 06a6 20       		.uleb128 0x20
 1287 06a7 69030000 		.4byte	.LASF79
 1288 06ab 01       		.byte	0x1
 1289 06ac 44       		.byte	0x44
 1290 06ad 95030000 		.4byte	0x395
 1291 06b1 05       		.uleb128 0x5
 1292 06b2 03       		.byte	0x3
 1293 06b3 00000000 		.4byte	default_heap
 1294 06b7 21       		.uleb128 0x21
 1295 06b8 BE030000 		.4byte	.LASF80
 1296 06bc BE030000 		.4byte	.LASF80
 1297 06c0 09       		.byte	0x9
 1298 06c1 38       		.byte	0x38
 1299 06c2 21       		.uleb128 0x21
 1300 06c3 82020000 		.4byte	.LASF81
 1301 06c7 82020000 		.4byte	.LASF81
 1302 06cb 09       		.byte	0x9
 1303 06cc 39       		.byte	0x39
 1304 06cd 21       		.uleb128 0x21
 1305 06ce 3B010000 		.4byte	.LASF82
 1306 06d2 3B010000 		.4byte	.LASF82
 1307 06d6 09       		.byte	0x9
ARM GAS  /tmp/ccPjDltF.s 			page 24


 1308 06d7 3D       		.byte	0x3d
 1309 06d8 00       		.byte	0
 1310              		.section	.debug_abbrev,"",%progbits
 1311              	.Ldebug_abbrev0:
 1312 0000 01       		.uleb128 0x1
 1313 0001 11       		.uleb128 0x11
 1314 0002 01       		.byte	0x1
 1315 0003 25       		.uleb128 0x25
 1316 0004 0E       		.uleb128 0xe
 1317 0005 13       		.uleb128 0x13
 1318 0006 0B       		.uleb128 0xb
 1319 0007 03       		.uleb128 0x3
 1320 0008 0E       		.uleb128 0xe
 1321 0009 1B       		.uleb128 0x1b
 1322 000a 0E       		.uleb128 0xe
 1323 000b 55       		.uleb128 0x55
 1324 000c 17       		.uleb128 0x17
 1325 000d 11       		.uleb128 0x11
 1326 000e 01       		.uleb128 0x1
 1327 000f 10       		.uleb128 0x10
 1328 0010 17       		.uleb128 0x17
 1329 0011 00       		.byte	0
 1330 0012 00       		.byte	0
 1331 0013 02       		.uleb128 0x2
 1332 0014 24       		.uleb128 0x24
 1333 0015 00       		.byte	0
 1334 0016 0B       		.uleb128 0xb
 1335 0017 0B       		.uleb128 0xb
 1336 0018 3E       		.uleb128 0x3e
 1337 0019 0B       		.uleb128 0xb
 1338 001a 03       		.uleb128 0x3
 1339 001b 08       		.uleb128 0x8
 1340 001c 00       		.byte	0
 1341 001d 00       		.byte	0
 1342 001e 03       		.uleb128 0x3
 1343 001f 16       		.uleb128 0x16
 1344 0020 00       		.byte	0
 1345 0021 03       		.uleb128 0x3
 1346 0022 0E       		.uleb128 0xe
 1347 0023 3A       		.uleb128 0x3a
 1348 0024 0B       		.uleb128 0xb
 1349 0025 3B       		.uleb128 0x3b
 1350 0026 0B       		.uleb128 0xb
 1351 0027 49       		.uleb128 0x49
 1352 0028 13       		.uleb128 0x13
 1353 0029 00       		.byte	0
 1354 002a 00       		.byte	0
 1355 002b 04       		.uleb128 0x4
 1356 002c 24       		.uleb128 0x24
 1357 002d 00       		.byte	0
 1358 002e 0B       		.uleb128 0xb
 1359 002f 0B       		.uleb128 0xb
 1360 0030 3E       		.uleb128 0x3e
 1361 0031 0B       		.uleb128 0xb
 1362 0032 03       		.uleb128 0x3
 1363 0033 0E       		.uleb128 0xe
 1364 0034 00       		.byte	0
ARM GAS  /tmp/ccPjDltF.s 			page 25


 1365 0035 00       		.byte	0
 1366 0036 05       		.uleb128 0x5
 1367 0037 13       		.uleb128 0x13
 1368 0038 01       		.byte	0x1
 1369 0039 03       		.uleb128 0x3
 1370 003a 0E       		.uleb128 0xe
 1371 003b 0B       		.uleb128 0xb
 1372 003c 0B       		.uleb128 0xb
 1373 003d 3A       		.uleb128 0x3a
 1374 003e 0B       		.uleb128 0xb
 1375 003f 3B       		.uleb128 0x3b
 1376 0040 0B       		.uleb128 0xb
 1377 0041 01       		.uleb128 0x1
 1378 0042 13       		.uleb128 0x13
 1379 0043 00       		.byte	0
 1380 0044 00       		.byte	0
 1381 0045 06       		.uleb128 0x6
 1382 0046 0D       		.uleb128 0xd
 1383 0047 00       		.byte	0
 1384 0048 03       		.uleb128 0x3
 1385 0049 0E       		.uleb128 0xe
 1386 004a 3A       		.uleb128 0x3a
 1387 004b 0B       		.uleb128 0xb
 1388 004c 3B       		.uleb128 0x3b
 1389 004d 0B       		.uleb128 0xb
 1390 004e 49       		.uleb128 0x49
 1391 004f 13       		.uleb128 0x13
 1392 0050 38       		.uleb128 0x38
 1393 0051 0B       		.uleb128 0xb
 1394 0052 00       		.byte	0
 1395 0053 00       		.byte	0
 1396 0054 07       		.uleb128 0x7
 1397 0055 0D       		.uleb128 0xd
 1398 0056 00       		.byte	0
 1399 0057 03       		.uleb128 0x3
 1400 0058 08       		.uleb128 0x8
 1401 0059 3A       		.uleb128 0x3a
 1402 005a 0B       		.uleb128 0xb
 1403 005b 3B       		.uleb128 0x3b
 1404 005c 0B       		.uleb128 0xb
 1405 005d 49       		.uleb128 0x49
 1406 005e 13       		.uleb128 0x13
 1407 005f 38       		.uleb128 0x38
 1408 0060 0B       		.uleb128 0xb
 1409 0061 00       		.byte	0
 1410 0062 00       		.byte	0
 1411 0063 08       		.uleb128 0x8
 1412 0064 13       		.uleb128 0x13
 1413 0065 01       		.byte	0x1
 1414 0066 0B       		.uleb128 0xb
 1415 0067 0B       		.uleb128 0xb
 1416 0068 3A       		.uleb128 0x3a
 1417 0069 0B       		.uleb128 0xb
 1418 006a 3B       		.uleb128 0x3b
 1419 006b 0B       		.uleb128 0xb
 1420 006c 01       		.uleb128 0x1
 1421 006d 13       		.uleb128 0x13
ARM GAS  /tmp/ccPjDltF.s 			page 26


 1422 006e 00       		.byte	0
 1423 006f 00       		.byte	0
 1424 0070 09       		.uleb128 0x9
 1425 0071 0F       		.uleb128 0xf
 1426 0072 00       		.byte	0
 1427 0073 0B       		.uleb128 0xb
 1428 0074 0B       		.uleb128 0xb
 1429 0075 49       		.uleb128 0x49
 1430 0076 13       		.uleb128 0x13
 1431 0077 00       		.byte	0
 1432 0078 00       		.byte	0
 1433 0079 0A       		.uleb128 0xa
 1434 007a 0F       		.uleb128 0xf
 1435 007b 00       		.byte	0
 1436 007c 0B       		.uleb128 0xb
 1437 007d 0B       		.uleb128 0xb
 1438 007e 00       		.byte	0
 1439 007f 00       		.byte	0
 1440 0080 0B       		.uleb128 0xb
 1441 0081 13       		.uleb128 0x13
 1442 0082 01       		.byte	0x1
 1443 0083 03       		.uleb128 0x3
 1444 0084 0E       		.uleb128 0xe
 1445 0085 0B       		.uleb128 0xb
 1446 0086 0B       		.uleb128 0xb
 1447 0087 3A       		.uleb128 0x3a
 1448 0088 0B       		.uleb128 0xb
 1449 0089 3B       		.uleb128 0x3b
 1450 008a 05       		.uleb128 0x5
 1451 008b 01       		.uleb128 0x1
 1452 008c 13       		.uleb128 0x13
 1453 008d 00       		.byte	0
 1454 008e 00       		.byte	0
 1455 008f 0C       		.uleb128 0xc
 1456 0090 0D       		.uleb128 0xd
 1457 0091 00       		.byte	0
 1458 0092 03       		.uleb128 0x3
 1459 0093 08       		.uleb128 0x8
 1460 0094 3A       		.uleb128 0x3a
 1461 0095 0B       		.uleb128 0xb
 1462 0096 3B       		.uleb128 0x3b
 1463 0097 05       		.uleb128 0x5
 1464 0098 49       		.uleb128 0x49
 1465 0099 13       		.uleb128 0x13
 1466 009a 38       		.uleb128 0x38
 1467 009b 0B       		.uleb128 0xb
 1468 009c 00       		.byte	0
 1469 009d 00       		.byte	0
 1470 009e 0D       		.uleb128 0xd
 1471 009f 15       		.uleb128 0x15
 1472 00a0 01       		.byte	0x1
 1473 00a1 27       		.uleb128 0x27
 1474 00a2 19       		.uleb128 0x19
 1475 00a3 49       		.uleb128 0x49
 1476 00a4 13       		.uleb128 0x13
 1477 00a5 01       		.uleb128 0x1
 1478 00a6 13       		.uleb128 0x13
ARM GAS  /tmp/ccPjDltF.s 			page 27


 1479 00a7 00       		.byte	0
 1480 00a8 00       		.byte	0
 1481 00a9 0E       		.uleb128 0xe
 1482 00aa 05       		.uleb128 0x5
 1483 00ab 00       		.byte	0
 1484 00ac 49       		.uleb128 0x49
 1485 00ad 13       		.uleb128 0x13
 1486 00ae 00       		.byte	0
 1487 00af 00       		.byte	0
 1488 00b0 0F       		.uleb128 0xf
 1489 00b1 17       		.uleb128 0x17
 1490 00b2 01       		.byte	0x1
 1491 00b3 0B       		.uleb128 0xb
 1492 00b4 0B       		.uleb128 0xb
 1493 00b5 3A       		.uleb128 0x3a
 1494 00b6 0B       		.uleb128 0xb
 1495 00b7 3B       		.uleb128 0x3b
 1496 00b8 0B       		.uleb128 0xb
 1497 00b9 01       		.uleb128 0x1
 1498 00ba 13       		.uleb128 0x13
 1499 00bb 00       		.byte	0
 1500 00bc 00       		.byte	0
 1501 00bd 10       		.uleb128 0x10
 1502 00be 0D       		.uleb128 0xd
 1503 00bf 00       		.byte	0
 1504 00c0 03       		.uleb128 0x3
 1505 00c1 0E       		.uleb128 0xe
 1506 00c2 3A       		.uleb128 0x3a
 1507 00c3 0B       		.uleb128 0xb
 1508 00c4 3B       		.uleb128 0x3b
 1509 00c5 0B       		.uleb128 0xb
 1510 00c6 49       		.uleb128 0x49
 1511 00c7 13       		.uleb128 0x13
 1512 00c8 00       		.byte	0
 1513 00c9 00       		.byte	0
 1514 00ca 11       		.uleb128 0x11
 1515 00cb 17       		.uleb128 0x17
 1516 00cc 01       		.byte	0x1
 1517 00cd 03       		.uleb128 0x3
 1518 00ce 0E       		.uleb128 0xe
 1519 00cf 0B       		.uleb128 0xb
 1520 00d0 0B       		.uleb128 0xb
 1521 00d1 3A       		.uleb128 0x3a
 1522 00d2 0B       		.uleb128 0xb
 1523 00d3 3B       		.uleb128 0x3b
 1524 00d4 0B       		.uleb128 0xb
 1525 00d5 01       		.uleb128 0x1
 1526 00d6 13       		.uleb128 0x13
 1527 00d7 00       		.byte	0
 1528 00d8 00       		.byte	0
 1529 00d9 12       		.uleb128 0x12
 1530 00da 0D       		.uleb128 0xd
 1531 00db 00       		.byte	0
 1532 00dc 03       		.uleb128 0x3
 1533 00dd 08       		.uleb128 0x8
 1534 00de 3A       		.uleb128 0x3a
 1535 00df 0B       		.uleb128 0xb
ARM GAS  /tmp/ccPjDltF.s 			page 28


 1536 00e0 3B       		.uleb128 0x3b
 1537 00e1 0B       		.uleb128 0xb
 1538 00e2 49       		.uleb128 0x49
 1539 00e3 13       		.uleb128 0x13
 1540 00e4 00       		.byte	0
 1541 00e5 00       		.byte	0
 1542 00e6 13       		.uleb128 0x13
 1543 00e7 26       		.uleb128 0x26
 1544 00e8 00       		.byte	0
 1545 00e9 49       		.uleb128 0x49
 1546 00ea 13       		.uleb128 0x13
 1547 00eb 00       		.byte	0
 1548 00ec 00       		.byte	0
 1549 00ed 14       		.uleb128 0x14
 1550 00ee 2E       		.uleb128 0x2e
 1551 00ef 01       		.byte	0x1
 1552 00f0 3F       		.uleb128 0x3f
 1553 00f1 19       		.uleb128 0x19
 1554 00f2 03       		.uleb128 0x3
 1555 00f3 0E       		.uleb128 0xe
 1556 00f4 3A       		.uleb128 0x3a
 1557 00f5 0B       		.uleb128 0xb
 1558 00f6 3B       		.uleb128 0x3b
 1559 00f7 0B       		.uleb128 0xb
 1560 00f8 27       		.uleb128 0x27
 1561 00f9 19       		.uleb128 0x19
 1562 00fa 11       		.uleb128 0x11
 1563 00fb 01       		.uleb128 0x1
 1564 00fc 12       		.uleb128 0x12
 1565 00fd 06       		.uleb128 0x6
 1566 00fe 40       		.uleb128 0x40
 1567 00ff 18       		.uleb128 0x18
 1568 0100 9742     		.uleb128 0x2117
 1569 0102 19       		.uleb128 0x19
 1570 0103 01       		.uleb128 0x1
 1571 0104 13       		.uleb128 0x13
 1572 0105 00       		.byte	0
 1573 0106 00       		.byte	0
 1574 0107 15       		.uleb128 0x15
 1575 0108 898201   		.uleb128 0x4109
 1576 010b 01       		.byte	0x1
 1577 010c 11       		.uleb128 0x11
 1578 010d 01       		.uleb128 0x1
 1579 010e 9542     		.uleb128 0x2115
 1580 0110 19       		.uleb128 0x19
 1581 0111 31       		.uleb128 0x31
 1582 0112 13       		.uleb128 0x13
 1583 0113 00       		.byte	0
 1584 0114 00       		.byte	0
 1585 0115 16       		.uleb128 0x16
 1586 0116 8A8201   		.uleb128 0x410a
 1587 0119 00       		.byte	0
 1588 011a 02       		.uleb128 0x2
 1589 011b 18       		.uleb128 0x18
 1590 011c 9142     		.uleb128 0x2111
 1591 011e 18       		.uleb128 0x18
 1592 011f 00       		.byte	0
ARM GAS  /tmp/ccPjDltF.s 			page 29


 1593 0120 00       		.byte	0
 1594 0121 17       		.uleb128 0x17
 1595 0122 05       		.uleb128 0x5
 1596 0123 00       		.byte	0
 1597 0124 03       		.uleb128 0x3
 1598 0125 0E       		.uleb128 0xe
 1599 0126 3A       		.uleb128 0x3a
 1600 0127 0B       		.uleb128 0xb
 1601 0128 3B       		.uleb128 0x3b
 1602 0129 0B       		.uleb128 0xb
 1603 012a 49       		.uleb128 0x49
 1604 012b 13       		.uleb128 0x13
 1605 012c 02       		.uleb128 0x2
 1606 012d 17       		.uleb128 0x17
 1607 012e 00       		.byte	0
 1608 012f 00       		.byte	0
 1609 0130 18       		.uleb128 0x18
 1610 0131 05       		.uleb128 0x5
 1611 0132 00       		.byte	0
 1612 0133 03       		.uleb128 0x3
 1613 0134 08       		.uleb128 0x8
 1614 0135 3A       		.uleb128 0x3a
 1615 0136 0B       		.uleb128 0xb
 1616 0137 3B       		.uleb128 0x3b
 1617 0138 0B       		.uleb128 0xb
 1618 0139 49       		.uleb128 0x49
 1619 013a 13       		.uleb128 0x13
 1620 013b 02       		.uleb128 0x2
 1621 013c 17       		.uleb128 0x17
 1622 013d 00       		.byte	0
 1623 013e 00       		.byte	0
 1624 013f 19       		.uleb128 0x19
 1625 0140 34       		.uleb128 0x34
 1626 0141 00       		.byte	0
 1627 0142 03       		.uleb128 0x3
 1628 0143 08       		.uleb128 0x8
 1629 0144 3A       		.uleb128 0x3a
 1630 0145 0B       		.uleb128 0xb
 1631 0146 3B       		.uleb128 0x3b
 1632 0147 0B       		.uleb128 0xb
 1633 0148 49       		.uleb128 0x49
 1634 0149 13       		.uleb128 0x13
 1635 014a 02       		.uleb128 0x2
 1636 014b 17       		.uleb128 0x17
 1637 014c 00       		.byte	0
 1638 014d 00       		.byte	0
 1639 014e 1A       		.uleb128 0x1a
 1640 014f 2E       		.uleb128 0x2e
 1641 0150 01       		.byte	0x1
 1642 0151 3F       		.uleb128 0x3f
 1643 0152 19       		.uleb128 0x19
 1644 0153 03       		.uleb128 0x3
 1645 0154 0E       		.uleb128 0xe
 1646 0155 3A       		.uleb128 0x3a
 1647 0156 0B       		.uleb128 0xb
 1648 0157 3B       		.uleb128 0x3b
 1649 0158 0B       		.uleb128 0xb
ARM GAS  /tmp/ccPjDltF.s 			page 30


 1650 0159 27       		.uleb128 0x27
 1651 015a 19       		.uleb128 0x19
 1652 015b 49       		.uleb128 0x49
 1653 015c 13       		.uleb128 0x13
 1654 015d 11       		.uleb128 0x11
 1655 015e 01       		.uleb128 0x1
 1656 015f 12       		.uleb128 0x12
 1657 0160 06       		.uleb128 0x6
 1658 0161 40       		.uleb128 0x40
 1659 0162 18       		.uleb128 0x18
 1660 0163 9742     		.uleb128 0x2117
 1661 0165 19       		.uleb128 0x19
 1662 0166 01       		.uleb128 0x1
 1663 0167 13       		.uleb128 0x13
 1664 0168 00       		.byte	0
 1665 0169 00       		.byte	0
 1666 016a 1B       		.uleb128 0x1b
 1667 016b 898201   		.uleb128 0x4109
 1668 016e 01       		.byte	0x1
 1669 016f 11       		.uleb128 0x11
 1670 0170 01       		.uleb128 0x1
 1671 0171 31       		.uleb128 0x31
 1672 0172 13       		.uleb128 0x13
 1673 0173 01       		.uleb128 0x1
 1674 0174 13       		.uleb128 0x13
 1675 0175 00       		.byte	0
 1676 0176 00       		.byte	0
 1677 0177 1C       		.uleb128 0x1c
 1678 0178 898201   		.uleb128 0x4109
 1679 017b 00       		.byte	0
 1680 017c 11       		.uleb128 0x11
 1681 017d 01       		.uleb128 0x1
 1682 017e 31       		.uleb128 0x31
 1683 017f 13       		.uleb128 0x13
 1684 0180 00       		.byte	0
 1685 0181 00       		.byte	0
 1686 0182 1D       		.uleb128 0x1d
 1687 0183 898201   		.uleb128 0x4109
 1688 0186 01       		.byte	0x1
 1689 0187 11       		.uleb128 0x11
 1690 0188 01       		.uleb128 0x1
 1691 0189 01       		.uleb128 0x1
 1692 018a 13       		.uleb128 0x13
 1693 018b 00       		.byte	0
 1694 018c 00       		.byte	0
 1695 018d 1E       		.uleb128 0x1e
 1696 018e 34       		.uleb128 0x34
 1697 018f 00       		.byte	0
 1698 0190 03       		.uleb128 0x3
 1699 0191 0E       		.uleb128 0xe
 1700 0192 3A       		.uleb128 0x3a
 1701 0193 0B       		.uleb128 0xb
 1702 0194 3B       		.uleb128 0x3b
 1703 0195 0B       		.uleb128 0xb
 1704 0196 49       		.uleb128 0x49
 1705 0197 13       		.uleb128 0x13
 1706 0198 02       		.uleb128 0x2
ARM GAS  /tmp/ccPjDltF.s 			page 31


 1707 0199 17       		.uleb128 0x17
 1708 019a 00       		.byte	0
 1709 019b 00       		.byte	0
 1710 019c 1F       		.uleb128 0x1f
 1711 019d 898201   		.uleb128 0x4109
 1712 01a0 00       		.byte	0
 1713 01a1 11       		.uleb128 0x11
 1714 01a2 01       		.uleb128 0x1
 1715 01a3 9542     		.uleb128 0x2115
 1716 01a5 19       		.uleb128 0x19
 1717 01a6 31       		.uleb128 0x31
 1718 01a7 13       		.uleb128 0x13
 1719 01a8 00       		.byte	0
 1720 01a9 00       		.byte	0
 1721 01aa 20       		.uleb128 0x20
 1722 01ab 34       		.uleb128 0x34
 1723 01ac 00       		.byte	0
 1724 01ad 03       		.uleb128 0x3
 1725 01ae 0E       		.uleb128 0xe
 1726 01af 3A       		.uleb128 0x3a
 1727 01b0 0B       		.uleb128 0xb
 1728 01b1 3B       		.uleb128 0x3b
 1729 01b2 0B       		.uleb128 0xb
 1730 01b3 49       		.uleb128 0x49
 1731 01b4 13       		.uleb128 0x13
 1732 01b5 02       		.uleb128 0x2
 1733 01b6 18       		.uleb128 0x18
 1734 01b7 00       		.byte	0
 1735 01b8 00       		.byte	0
 1736 01b9 21       		.uleb128 0x21
 1737 01ba 2E       		.uleb128 0x2e
 1738 01bb 00       		.byte	0
 1739 01bc 3F       		.uleb128 0x3f
 1740 01bd 19       		.uleb128 0x19
 1741 01be 3C       		.uleb128 0x3c
 1742 01bf 19       		.uleb128 0x19
 1743 01c0 6E       		.uleb128 0x6e
 1744 01c1 0E       		.uleb128 0xe
 1745 01c2 03       		.uleb128 0x3
 1746 01c3 0E       		.uleb128 0xe
 1747 01c4 3A       		.uleb128 0x3a
 1748 01c5 0B       		.uleb128 0xb
 1749 01c6 3B       		.uleb128 0x3b
 1750 01c7 0B       		.uleb128 0xb
 1751 01c8 00       		.byte	0
 1752 01c9 00       		.byte	0
 1753 01ca 00       		.byte	0
 1754              		.section	.debug_loc,"",%progbits
 1755              	.Ldebug_loc0:
 1756              	.LLST0:
 1757 0000 00000000 		.4byte	.LVL1
 1758 0004 0C000000 		.4byte	.LVL4
 1759 0008 0100     		.2byte	0x1
 1760 000a 50       		.byte	0x50
 1761 000b 0C000000 		.4byte	.LVL4
 1762 000f 13000000 		.4byte	.LVL5-1
 1763 0013 0300     		.2byte	0x3
ARM GAS  /tmp/ccPjDltF.s 			page 32


 1764 0015 70       		.byte	0x70
 1765 0016 70       		.sleb128 -16
 1766 0017 9F       		.byte	0x9f
 1767 0018 13000000 		.4byte	.LVL5-1
 1768 001c 14000000 		.4byte	.LFE8
 1769 0020 0400     		.2byte	0x4
 1770 0022 F3       		.byte	0xf3
 1771 0023 01       		.uleb128 0x1
 1772 0024 50       		.byte	0x50
 1773 0025 9F       		.byte	0x9f
 1774 0026 00000000 		.4byte	0
 1775 002a 00000000 		.4byte	0
 1776              	.LLST1:
 1777 002e 00000000 		.4byte	.LVL1
 1778 0032 13000000 		.4byte	.LVL5-1
 1779 0036 0100     		.2byte	0x1
 1780 0038 51       		.byte	0x51
 1781 0039 13000000 		.4byte	.LVL5-1
 1782 003d 14000000 		.4byte	.LFE8
 1783 0041 0400     		.2byte	0x4
 1784 0043 F3       		.byte	0xf3
 1785 0044 01       		.uleb128 0x1
 1786 0045 51       		.byte	0x51
 1787 0046 9F       		.byte	0x9f
 1788 0047 00000000 		.4byte	0
 1789 004b 00000000 		.4byte	0
 1790              	.LLST2:
 1791 004f 00000000 		.4byte	.LVL1
 1792 0053 04000000 		.4byte	.LVL2
 1793 0057 0100     		.2byte	0x1
 1794 0059 52       		.byte	0x52
 1795 005a 04000000 		.4byte	.LVL2
 1796 005e 13000000 		.4byte	.LVL5-1
 1797 0062 0300     		.2byte	0x3
 1798 0064 72       		.byte	0x72
 1799 0065 08       		.sleb128 8
 1800 0066 9F       		.byte	0x9f
 1801 0067 13000000 		.4byte	.LVL5-1
 1802 006b 14000000 		.4byte	.LFE8
 1803 006f 0400     		.2byte	0x4
 1804 0071 F3       		.byte	0xf3
 1805 0072 01       		.uleb128 0x1
 1806 0073 52       		.byte	0x52
 1807 0074 9F       		.byte	0x9f
 1808 0075 00000000 		.4byte	0
 1809 0079 00000000 		.4byte	0
 1810              	.LLST3:
 1811 007d 08000000 		.4byte	.LVL3
 1812 0081 13000000 		.4byte	.LVL5-1
 1813 0085 0100     		.2byte	0x1
 1814 0087 51       		.byte	0x51
 1815 0088 13000000 		.4byte	.LVL5-1
 1816 008c 14000000 		.4byte	.LFE8
 1817 0090 0400     		.2byte	0x4
 1818 0092 F3       		.byte	0xf3
 1819 0093 01       		.uleb128 0x1
 1820 0094 51       		.byte	0x51
ARM GAS  /tmp/ccPjDltF.s 			page 33


 1821 0095 9F       		.byte	0x9f
 1822 0096 00000000 		.4byte	0
 1823 009a 00000000 		.4byte	0
 1824              	.LLST4:
 1825 009e 00000000 		.4byte	.LVL6
 1826 00a2 0A000000 		.4byte	.LVL7
 1827 00a6 0100     		.2byte	0x1
 1828 00a8 50       		.byte	0x50
 1829 00a9 0A000000 		.4byte	.LVL7
 1830 00ad 80000000 		.4byte	.LFE9
 1831 00b1 0100     		.2byte	0x1
 1832 00b3 56       		.byte	0x56
 1833 00b4 00000000 		.4byte	0
 1834 00b8 00000000 		.4byte	0
 1835              	.LLST5:
 1836 00bc 00000000 		.4byte	.LVL6
 1837 00c0 0C000000 		.4byte	.LVL8
 1838 00c4 0100     		.2byte	0x1
 1839 00c6 51       		.byte	0x51
 1840 00c7 0C000000 		.4byte	.LVL8
 1841 00cb 14000000 		.4byte	.LVL9
 1842 00cf 0300     		.2byte	0x3
 1843 00d1 71       		.byte	0x71
 1844 00d2 79       		.sleb128 -7
 1845 00d3 9F       		.byte	0x9f
 1846 00d4 14000000 		.4byte	.LVL9
 1847 00d8 80000000 		.4byte	.LFE9
 1848 00dc 0100     		.2byte	0x1
 1849 00de 55       		.byte	0x55
 1850 00df 00000000 		.4byte	0
 1851 00e3 00000000 		.4byte	0
 1852              	.LLST6:
 1853 00e7 18000000 		.4byte	.LVL10
 1854 00eb 44000000 		.4byte	.LVL17
 1855 00ef 0100     		.2byte	0x1
 1856 00f1 54       		.byte	0x54
 1857 00f2 48000000 		.4byte	.LVL18
 1858 00f6 56000000 		.4byte	.LVL19
 1859 00fa 0100     		.2byte	0x1
 1860 00fc 54       		.byte	0x54
 1861 00fd 62000000 		.4byte	.LVL21
 1862 0101 7A000000 		.4byte	.LVL24
 1863 0105 0100     		.2byte	0x1
 1864 0107 54       		.byte	0x54
 1865 0108 00000000 		.4byte	0
 1866 010c 00000000 		.4byte	0
 1867              	.LLST7:
 1868 0110 1E000000 		.4byte	.LVL12
 1869 0114 26000000 		.4byte	.LVL13
 1870 0118 0100     		.2byte	0x1
 1871 011a 50       		.byte	0x50
 1872 011b 28000000 		.4byte	.LVL14
 1873 011f 2F000000 		.4byte	.LVL15-1
 1874 0123 0100     		.2byte	0x1
 1875 0125 50       		.byte	0x50
 1876 0126 3A000000 		.4byte	.LVL16
 1877 012a 44000000 		.4byte	.LVL17
ARM GAS  /tmp/ccPjDltF.s 			page 34


 1878 012e 0100     		.2byte	0x1
 1879 0130 50       		.byte	0x50
 1880 0131 48000000 		.4byte	.LVL18
 1881 0135 5D000000 		.4byte	.LVL20-1
 1882 0139 0100     		.2byte	0x1
 1883 013b 50       		.byte	0x50
 1884 013c 5D000000 		.4byte	.LVL20-1
 1885 0140 62000000 		.4byte	.LVL21
 1886 0144 0300     		.2byte	0x3
 1887 0146 74       		.byte	0x74
 1888 0147 78       		.sleb128 -8
 1889 0148 9F       		.byte	0x9f
 1890 0149 62000000 		.4byte	.LVL21
 1891 014d 78000000 		.4byte	.LVL23
 1892 0151 0100     		.2byte	0x1
 1893 0153 50       		.byte	0x50
 1894 0154 00000000 		.4byte	0
 1895 0158 00000000 		.4byte	0
 1896              	.LLST8:
 1897 015c 6A000000 		.4byte	.LVL22
 1898 0160 78000000 		.4byte	.LVL23
 1899 0164 0100     		.2byte	0x1
 1900 0166 57       		.byte	0x57
 1901 0167 00000000 		.4byte	0
 1902 016b 00000000 		.4byte	0
 1903              	.LLST9:
 1904 016f 00000000 		.4byte	.LVL25
 1905 0173 0C000000 		.4byte	.LVL27
 1906 0177 0100     		.2byte	0x1
 1907 0179 50       		.byte	0x50
 1908 017a 0C000000 		.4byte	.LVL27
 1909 017e 5A000000 		.4byte	.LVL36
 1910 0182 0100     		.2byte	0x1
 1911 0184 56       		.byte	0x56
 1912 0185 5A000000 		.4byte	.LVL36
 1913 0189 5E000000 		.4byte	.LVL37
 1914 018d 0400     		.2byte	0x4
 1915 018f F3       		.byte	0xf3
 1916 0190 01       		.uleb128 0x1
 1917 0191 50       		.byte	0x50
 1918 0192 9F       		.byte	0x9f
 1919 0193 5E000000 		.4byte	.LVL37
 1920 0197 8E000000 		.4byte	.LVL38
 1921 019b 0100     		.2byte	0x1
 1922 019d 56       		.byte	0x56
 1923 019e 8E000000 		.4byte	.LVL38
 1924 01a2 92000000 		.4byte	.LFE10
 1925 01a6 0400     		.2byte	0x4
 1926 01a8 F3       		.byte	0xf3
 1927 01a9 01       		.uleb128 0x1
 1928 01aa 50       		.byte	0x50
 1929 01ab 9F       		.byte	0x9f
 1930 01ac 00000000 		.4byte	0
 1931 01b0 00000000 		.4byte	0
 1932              	.LLST10:
 1933 01b4 10000000 		.4byte	.LVL28
 1934 01b8 18000000 		.4byte	.LVL31
ARM GAS  /tmp/ccPjDltF.s 			page 35


 1935 01bc 0100     		.2byte	0x1
 1936 01be 55       		.byte	0x55
 1937 01bf 18000000 		.4byte	.LVL31
 1938 01c3 30000000 		.4byte	.LVL33
 1939 01c7 0100     		.2byte	0x1
 1940 01c9 53       		.byte	0x53
 1941 01ca 32000000 		.4byte	.LVL34
 1942 01ce 5D000000 		.4byte	.LVL37-1
 1943 01d2 0100     		.2byte	0x1
 1944 01d4 53       		.byte	0x53
 1945 01d5 5E000000 		.4byte	.LVL37
 1946 01d9 91000000 		.4byte	.LVL39-1
 1947 01dd 0100     		.2byte	0x1
 1948 01df 53       		.byte	0x53
 1949 01e0 00000000 		.4byte	0
 1950 01e4 00000000 		.4byte	0
 1951              	.LLST11:
 1952 01e8 08000000 		.4byte	.LVL26
 1953 01ec 5A000000 		.4byte	.LVL36
 1954 01f0 0100     		.2byte	0x1
 1955 01f2 54       		.byte	0x54
 1956 01f3 5A000000 		.4byte	.LVL36
 1957 01f7 5E000000 		.4byte	.LVL37
 1958 01fb 0600     		.2byte	0x6
 1959 01fd F3       		.byte	0xf3
 1960 01fe 01       		.uleb128 0x1
 1961 01ff 50       		.byte	0x50
 1962 0200 38       		.byte	0x38
 1963 0201 1C       		.byte	0x1c
 1964 0202 9F       		.byte	0x9f
 1965 0203 5E000000 		.4byte	.LVL37
 1966 0207 8E000000 		.4byte	.LVL38
 1967 020b 0100     		.2byte	0x1
 1968 020d 54       		.byte	0x54
 1969 020e 8E000000 		.4byte	.LVL38
 1970 0212 92000000 		.4byte	.LFE10
 1971 0216 0600     		.2byte	0x6
 1972 0218 F3       		.byte	0xf3
 1973 0219 01       		.uleb128 0x1
 1974 021a 50       		.byte	0x50
 1975 021b 38       		.byte	0x38
 1976 021c 1C       		.byte	0x1c
 1977 021d 9F       		.byte	0x9f
 1978 021e 00000000 		.4byte	0
 1979 0222 00000000 		.4byte	0
 1980              	.LLST12:
 1981 0226 0C000000 		.4byte	.LVL27
 1982 022a 12000000 		.4byte	.LVL29
 1983 022e 0100     		.2byte	0x1
 1984 0230 50       		.byte	0x50
 1985 0231 12000000 		.4byte	.LVL29
 1986 0235 15000000 		.4byte	.LVL30-1
 1987 0239 0200     		.2byte	0x2
 1988 023b 74       		.byte	0x74
 1989 023c 00       		.sleb128 0
 1990 023d 15000000 		.4byte	.LVL30-1
 1991 0241 40000000 		.4byte	.LVL35
ARM GAS  /tmp/ccPjDltF.s 			page 36


 1992 0245 0300     		.2byte	0x3
 1993 0247 75       		.byte	0x75
 1994 0248 78       		.sleb128 -8
 1995 0249 9F       		.byte	0x9f
 1996 024a 00000000 		.4byte	0
 1997 024e 00000000 		.4byte	0
 1998              	.LLST13:
 1999 0252 00000000 		.4byte	.LVL40
 2000 0256 0A000000 		.4byte	.LVL41
 2001 025a 0100     		.2byte	0x1
 2002 025c 50       		.byte	0x50
 2003 025d 0A000000 		.4byte	.LVL41
 2004 0261 1C000000 		.4byte	.LVL43
 2005 0265 0100     		.2byte	0x1
 2006 0267 54       		.byte	0x54
 2007 0268 1C000000 		.4byte	.LVL43
 2008 026c 34000000 		.4byte	.LVL48
 2009 0270 1300     		.2byte	0x13
 2010 0272 F3       		.byte	0xf3
 2011 0273 01       		.uleb128 0x1
 2012 0274 50       		.byte	0x50
 2013 0275 03       		.byte	0x3
 2014 0276 00000000 		.4byte	.LANCHOR0
 2015 027a F3       		.byte	0xf3
 2016 027b 01       		.uleb128 0x1
 2017 027c 50       		.byte	0x50
 2018 027d 30       		.byte	0x30
 2019 027e 2E       		.byte	0x2e
 2020 027f 28       		.byte	0x28
 2021 0280 0100     		.2byte	0x1
 2022 0282 16       		.byte	0x16
 2023 0283 13       		.byte	0x13
 2024 0284 9F       		.byte	0x9f
 2025 0285 34000000 		.4byte	.LVL48
 2026 0289 38000000 		.4byte	.LVL49
 2027 028d 0100     		.2byte	0x1
 2028 028f 54       		.byte	0x54
 2029 0290 38000000 		.4byte	.LVL49
 2030 0294 40000000 		.4byte	.LFE11
 2031 0298 1300     		.2byte	0x13
 2032 029a F3       		.byte	0xf3
 2033 029b 01       		.uleb128 0x1
 2034 029c 50       		.byte	0x50
 2035 029d 03       		.byte	0x3
 2036 029e 00000000 		.4byte	.LANCHOR0
 2037 02a2 F3       		.byte	0xf3
 2038 02a3 01       		.uleb128 0x1
 2039 02a4 50       		.byte	0x50
 2040 02a5 30       		.byte	0x30
 2041 02a6 2E       		.byte	0x2e
 2042 02a7 28       		.byte	0x28
 2043 02a8 0100     		.2byte	0x1
 2044 02aa 16       		.byte	0x16
 2045 02ab 13       		.byte	0x13
 2046 02ac 9F       		.byte	0x9f
 2047 02ad 00000000 		.4byte	0
 2048 02b1 00000000 		.4byte	0
ARM GAS  /tmp/ccPjDltF.s 			page 37


 2049              	.LLST14:
 2050 02b5 00000000 		.4byte	.LVL40
 2051 02b9 13000000 		.4byte	.LVL42-1
 2052 02bd 0100     		.2byte	0x1
 2053 02bf 51       		.byte	0x51
 2054 02c0 13000000 		.4byte	.LVL42-1
 2055 02c4 40000000 		.4byte	.LFE11
 2056 02c8 0100     		.2byte	0x1
 2057 02ca 55       		.byte	0x55
 2058 02cb 00000000 		.4byte	0
 2059 02cf 00000000 		.4byte	0
 2060              	.LLST15:
 2061 02d3 14000000 		.4byte	.LVL42
 2062 02d7 1C000000 		.4byte	.LVL43
 2063 02db 0300     		.2byte	0x3
 2064 02dd 74       		.byte	0x74
 2065 02de 08       		.sleb128 8
 2066 02df 9F       		.byte	0x9f
 2067 02e0 1C000000 		.4byte	.LVL43
 2068 02e4 24000000 		.4byte	.LVL45
 2069 02e8 1500     		.2byte	0x15
 2070 02ea F3       		.byte	0xf3
 2071 02eb 01       		.uleb128 0x1
 2072 02ec 50       		.byte	0x50
 2073 02ed 03       		.byte	0x3
 2074 02ee 00000000 		.4byte	.LANCHOR0
 2075 02f2 F3       		.byte	0xf3
 2076 02f3 01       		.uleb128 0x1
 2077 02f4 50       		.byte	0x50
 2078 02f5 30       		.byte	0x30
 2079 02f6 2E       		.byte	0x2e
 2080 02f7 28       		.byte	0x28
 2081 02f8 0100     		.2byte	0x1
 2082 02fa 16       		.byte	0x16
 2083 02fb 13       		.byte	0x13
 2084 02fc 23       		.byte	0x23
 2085 02fd 08       		.uleb128 0x8
 2086 02fe 9F       		.byte	0x9f
 2087 02ff 34000000 		.4byte	.LVL48
 2088 0303 38000000 		.4byte	.LVL49
 2089 0307 0300     		.2byte	0x3
 2090 0309 74       		.byte	0x74
 2091 030a 08       		.sleb128 8
 2092 030b 9F       		.byte	0x9f
 2093 030c 38000000 		.4byte	.LVL49
 2094 0310 40000000 		.4byte	.LFE11
 2095 0314 1500     		.2byte	0x15
 2096 0316 F3       		.byte	0xf3
 2097 0317 01       		.uleb128 0x1
 2098 0318 50       		.byte	0x50
 2099 0319 03       		.byte	0x3
 2100 031a 00000000 		.4byte	.LANCHOR0
 2101 031e F3       		.byte	0xf3
 2102 031f 01       		.uleb128 0x1
 2103 0320 50       		.byte	0x50
 2104 0321 30       		.byte	0x30
 2105 0322 2E       		.byte	0x2e
ARM GAS  /tmp/ccPjDltF.s 			page 38


 2106 0323 28       		.byte	0x28
 2107 0324 0100     		.2byte	0x1
 2108 0326 16       		.byte	0x16
 2109 0327 13       		.byte	0x13
 2110 0328 23       		.byte	0x23
 2111 0329 08       		.uleb128 0x8
 2112 032a 9F       		.byte	0x9f
 2113 032b 00000000 		.4byte	0
 2114 032f 00000000 		.4byte	0
 2115              	.LLST16:
 2116 0333 14000000 		.4byte	.LVL42
 2117 0337 1C000000 		.4byte	.LVL43
 2118 033b 0200     		.2byte	0x2
 2119 033d 30       		.byte	0x30
 2120 033e 9F       		.byte	0x9f
 2121 033f 1C000000 		.4byte	.LVL43
 2122 0343 22000000 		.4byte	.LVL44
 2123 0347 0100     		.2byte	0x1
 2124 0349 54       		.byte	0x54
 2125 034a 22000000 		.4byte	.LVL44
 2126 034e 24000000 		.4byte	.LVL45
 2127 0352 0300     		.2byte	0x3
 2128 0354 74       		.byte	0x74
 2129 0355 7F       		.sleb128 -1
 2130 0356 9F       		.byte	0x9f
 2131 0357 24000000 		.4byte	.LVL45
 2132 035b 28000000 		.4byte	.LVL46
 2133 035f 0100     		.2byte	0x1
 2134 0361 54       		.byte	0x54
 2135 0362 34000000 		.4byte	.LVL48
 2136 0366 40000000 		.4byte	.LFE11
 2137 036a 0200     		.2byte	0x2
 2138 036c 30       		.byte	0x30
 2139 036d 9F       		.byte	0x9f
 2140 036e 00000000 		.4byte	0
 2141 0372 00000000 		.4byte	0
 2142              	.LLST17:
 2143 0376 14000000 		.4byte	.LVL42
 2144 037a 1C000000 		.4byte	.LVL43
 2145 037e 0200     		.2byte	0x2
 2146 0380 30       		.byte	0x30
 2147 0381 9F       		.byte	0x9f
 2148 0382 1C000000 		.4byte	.LVL43
 2149 0386 28000000 		.4byte	.LVL46
 2150 038a 0100     		.2byte	0x1
 2151 038c 52       		.byte	0x52
 2152 038d 34000000 		.4byte	.LVL48
 2153 0391 40000000 		.4byte	.LFE11
 2154 0395 0200     		.2byte	0x2
 2155 0397 30       		.byte	0x30
 2156 0398 9F       		.byte	0x9f
 2157 0399 00000000 		.4byte	0
 2158 039d 00000000 		.4byte	0
 2159              		.section	.debug_aranges,"",%progbits
 2160 0000 3C000000 		.4byte	0x3c
 2161 0004 0200     		.2byte	0x2
 2162 0006 00000000 		.4byte	.Ldebug_info0
ARM GAS  /tmp/ccPjDltF.s 			page 39


 2163 000a 04       		.byte	0x4
 2164 000b 00       		.byte	0
 2165 000c 0000     		.2byte	0
 2166 000e 0000     		.2byte	0
 2167 0010 00000000 		.4byte	.LFB7
 2168 0014 1C000000 		.4byte	.LFE7-.LFB7
 2169 0018 00000000 		.4byte	.LFB8
 2170 001c 14000000 		.4byte	.LFE8-.LFB8
 2171 0020 00000000 		.4byte	.LFB9
 2172 0024 80000000 		.4byte	.LFE9-.LFB9
 2173 0028 00000000 		.4byte	.LFB10
 2174 002c 92000000 		.4byte	.LFE10-.LFB10
 2175 0030 00000000 		.4byte	.LFB11
 2176 0034 40000000 		.4byte	.LFE11-.LFB11
 2177 0038 00000000 		.4byte	0
 2178 003c 00000000 		.4byte	0
 2179              		.section	.debug_ranges,"",%progbits
 2180              	.Ldebug_ranges0:
 2181 0000 00000000 		.4byte	.LFB7
 2182 0004 1C000000 		.4byte	.LFE7
 2183 0008 00000000 		.4byte	.LFB8
 2184 000c 14000000 		.4byte	.LFE8
 2185 0010 00000000 		.4byte	.LFB9
 2186 0014 80000000 		.4byte	.LFE9
 2187 0018 00000000 		.4byte	.LFB10
 2188 001c 92000000 		.4byte	.LFE10
 2189 0020 00000000 		.4byte	.LFB11
 2190 0024 40000000 		.4byte	.LFE11
 2191 0028 00000000 		.4byte	0
 2192 002c 00000000 		.4byte	0
 2193              		.section	.debug_line,"",%progbits
 2194              	.Ldebug_line0:
 2195 0000 D0020000 		.section	.debug_str,"MS",%progbits,1
 2195      0200E601 
 2195      00000201 
 2195      FB0E0D00 
 2195      01010101 
 2196              	.LASF41:
 2197 0000 705F6D73 		.ascii	"p_msg\000"
 2197      6700
 2198              	.LASF4:
 2199 0006 73697A65 		.ascii	"size_t\000"
 2199      5F7400
 2200              	.LASF67:
 2201 000d 7264796D 		.ascii	"rdymsg\000"
 2201      736700
 2202              	.LASF18:
 2203 0014 75696E74 		.ascii	"uint64_t\000"
 2203      36345F74 
 2203      00
 2204              	.LASF5:
 2205 001d 5F5F7569 		.ascii	"__uint8_t\000"
 2205      6E74385F 
 2205      7400
 2206              	.LASF83:
 2207 0027 474E5520 		.ascii	"GNU C11 5.4.1 20160919 (release) [ARM/embedded-5-br"
 2207      43313120 
ARM GAS  /tmp/ccPjDltF.s 			page 40


 2207      352E342E 
 2207      31203230 
 2207      31363039 
 2208 005a 616E6368 		.ascii	"anch revision 240496] -mcpu=cortex-m4 -mno-thumb-in"
 2208      20726576 
 2208      6973696F 
 2208      6E203234 
 2208      30343936 
 2209 008d 74657277 		.ascii	"terwork -mthumb -ggdb -O2 -fomit-frame-pointer -fal"
 2209      6F726B20 
 2209      2D6D7468 
 2209      756D6220 
 2209      2D676764 
 2210 00c0 69676E2D 		.ascii	"ign-functions=16 -ffunction-sections -fdata-section"
 2210      66756E63 
 2210      74696F6E 
 2210      733D3136 
 2210      202D6666 
 2211 00f3 73202D66 		.ascii	"s -fno-common\000"
 2211      6E6F2D63 
 2211      6F6D6D6F 
 2211      6E00
 2212              	.LASF57:
 2213 0101 6D656D67 		.ascii	"memgetfunc_t\000"
 2213      65746675 
 2213      6E635F74 
 2213      00
 2214              	.LASF14:
 2215 010e 6C6F6E67 		.ascii	"long long unsigned int\000"
 2215      206C6F6E 
 2215      6720756E 
 2215      7369676E 
 2215      65642069 
 2216              	.LASF68:
 2217 0125 65786974 		.ascii	"exitcode\000"
 2217      636F6465 
 2217      00
 2218              	.LASF61:
 2219 012e 685F6672 		.ascii	"h_free\000"
 2219      656500
 2220              	.LASF74:
 2221 0135 68656170 		.ascii	"heapp\000"
 2221      7000
 2222              	.LASF82:
 2223 013b 63684D74 		.ascii	"chMtxUnlock\000"
 2223      78556E6C 
 2223      6F636B00 
 2224              	.LASF73:
 2225 0147 63684865 		.ascii	"chHeapInit\000"
 2225      6170496E 
 2225      697400
 2226              	.LASF63:
 2227 0152 6E657874 		.ascii	"next\000"
 2227      00
 2228              	.LASF30:
 2229 0157 705F7072 		.ascii	"p_prio\000"
 2229      696F00
ARM GAS  /tmp/ccPjDltF.s 			page 41


 2230              	.LASF1:
 2231 015e 6C6F6E67 		.ascii	"long long int\000"
 2231      206C6F6E 
 2231      6720696E 
 2231      7400
 2232              	.LASF3:
 2233 016c 7369676E 		.ascii	"signed char\000"
 2233      65642063 
 2233      68617200 
 2234              	.LASF62:
 2235 0178 685F6D74 		.ascii	"h_mtx\000"
 2235      7800
 2236              	.LASF45:
 2237 017e 705F6D70 		.ascii	"p_mpool\000"
 2237      6F6F6C00 
 2238              	.LASF54:
 2239 0186 6D5F7175 		.ascii	"m_queue\000"
 2239      65756500 
 2240              	.LASF75:
 2241 018e 63684865 		.ascii	"chHeapFree\000"
 2241      61704672 
 2241      656500
 2242              	.LASF23:
 2243 0199 74736C69 		.ascii	"tslices_t\000"
 2243      6365735F 
 2243      7400
 2244              	.LASF10:
 2245 01a3 6C6F6E67 		.ascii	"long int\000"
 2245      20696E74 
 2245      00
 2246              	.LASF21:
 2247 01ac 74737461 		.ascii	"tstate_t\000"
 2247      74655F74 
 2247      00
 2248              	.LASF32:
 2249 01b5 705F6E65 		.ascii	"p_newer\000"
 2249      77657200 
 2250              	.LASF11:
 2251 01bd 5F5F7569 		.ascii	"__uint32_t\000"
 2251      6E743332 
 2251      5F7400
 2252              	.LASF48:
 2253 01c8 72656761 		.ascii	"regarm_t\000"
 2253      726D5F74 
 2253      00
 2254              	.LASF84:
 2255 01d1 2E2E2F43 		.ascii	"../ChibiOS_2.6.9/os/kernel/src/chheap.c\000"
 2255      68696269 
 2255      4F535F32 
 2255      2E362E39 
 2255      2F6F732F 
 2256              	.LASF65:
 2257 01f9 616C6967 		.ascii	"align\000"
 2257      6E00
 2258              	.LASF0:
 2259 01ff 756E7369 		.ascii	"unsigned int\000"
 2259      676E6564 
ARM GAS  /tmp/ccPjDltF.s 			page 42


 2259      20696E74 
 2259      00
 2260              	.LASF12:
 2261 020c 6C6F6E67 		.ascii	"long unsigned int\000"
 2261      20756E73 
 2261      69676E65 
 2261      6420696E 
 2261      7400
 2262              	.LASF66:
 2263 021e 73697A65 		.ascii	"size\000"
 2263      00
 2264              	.LASF8:
 2265 0223 73686F72 		.ascii	"short unsigned int\000"
 2265      7420756E 
 2265      7369676E 
 2265      65642069 
 2265      6E7400
 2266              	.LASF25:
 2267 0236 6D73675F 		.ascii	"msg_t\000"
 2267      7400
 2268              	.LASF20:
 2269 023c 746D6F64 		.ascii	"tmode_t\000"
 2269      655F7400 
 2270              	.LASF47:
 2271 0244 54687265 		.ascii	"ThreadsList\000"
 2271      6164734C 
 2271      69737400 
 2272              	.LASF26:
 2273 0250 6576656E 		.ascii	"eventmask_t\000"
 2273      746D6173 
 2273      6B5F7400 
 2274              	.LASF53:
 2275 025c 4D757465 		.ascii	"Mutex\000"
 2275      7800
 2276              	.LASF49:
 2277 0262 73746B61 		.ascii	"stkalign_t\000"
 2277      6C69676E 
 2277      5F7400
 2278              	.LASF52:
 2279 026d 73697A65 		.ascii	"sizetype\000"
 2279      74797065 
 2279      00
 2280              	.LASF2:
 2281 0276 6C6F6E67 		.ascii	"long double\000"
 2281      20646F75 
 2281      626C6500 
 2282              	.LASF81:
 2283 0282 63684D74 		.ascii	"chMtxLock\000"
 2283      784C6F63 
 2283      6B00
 2284              	.LASF33:
 2285 028c 705F6F6C 		.ascii	"p_older\000"
 2285      64657200 
 2286              	.LASF46:
 2287 0294 54687265 		.ascii	"ThreadsQueue\000"
 2287      61647351 
 2287      75657565 
ARM GAS  /tmp/ccPjDltF.s 			page 43


 2287      00
 2288              	.LASF58:
 2289 02a1 4D656D6F 		.ascii	"MemoryHeap\000"
 2289      72794865 
 2289      617000
 2290              	.LASF13:
 2291 02ac 5F5F7569 		.ascii	"__uint64_t\000"
 2291      6E743634 
 2291      5F7400
 2292              	.LASF22:
 2293 02b7 74726566 		.ascii	"trefs_t\000"
 2293      735F7400 
 2294              	.LASF29:
 2295 02bf 705F7072 		.ascii	"p_prev\000"
 2295      657600
 2296              	.LASF24:
 2297 02c6 74707269 		.ascii	"tprio_t\000"
 2297      6F5F7400 
 2298              	.LASF19:
 2299 02ce 5F426F6F 		.ascii	"_Bool\000"
 2299      6C00
 2300              	.LASF16:
 2301 02d4 696E7433 		.ascii	"int32_t\000"
 2301      325F7400 
 2302              	.LASF6:
 2303 02dc 756E7369 		.ascii	"unsigned char\000"
 2303      676E6564 
 2303      20636861 
 2303      7200
 2304              	.LASF60:
 2305 02ea 685F7072 		.ascii	"h_provider\000"
 2305      6F766964 
 2305      657200
 2306              	.LASF43:
 2307 02f5 705F6D74 		.ascii	"p_mtxlist\000"
 2307      786C6973 
 2307      7400
 2308              	.LASF7:
 2309 02ff 73686F72 		.ascii	"short int\000"
 2309      7420696E 
 2309      7400
 2310              	.LASF35:
 2311 0309 705F7374 		.ascii	"p_state\000"
 2311      61746500 
 2312              	.LASF38:
 2313 0311 705F7072 		.ascii	"p_preempt\000"
 2313      65656D70 
 2313      7400
 2314              	.LASF86:
 2315 031b 68656170 		.ascii	"heap_header\000"
 2315      5F686561 
 2315      64657200 
 2316              	.LASF70:
 2317 0327 65776D61 		.ascii	"ewmask\000"
 2317      736B00
 2318              	.LASF28:
 2319 032e 705F6E65 		.ascii	"p_next\000"
ARM GAS  /tmp/ccPjDltF.s 			page 44


 2319      787400
 2320              	.LASF36:
 2321 0335 705F666C 		.ascii	"p_flags\000"
 2321      61677300 
 2322              	.LASF27:
 2323 033d 54687265 		.ascii	"Thread\000"
 2323      616400
 2324              	.LASF76:
 2325 0344 63684865 		.ascii	"chHeapAlloc\000"
 2325      6170416C 
 2325      6C6F6300 
 2326              	.LASF42:
 2327 0350 705F6570 		.ascii	"p_epending\000"
 2327      656E6469 
 2327      6E6700
 2328              	.LASF17:
 2329 035b 75696E74 		.ascii	"uint32_t\000"
 2329      33325F74 
 2329      00
 2330              	.LASF64:
 2331 0364 68656170 		.ascii	"heap\000"
 2331      00
 2332              	.LASF79:
 2333 0369 64656661 		.ascii	"default_heap\000"
 2333      756C745F 
 2333      68656170 
 2333      00
 2334              	.LASF71:
 2335 0376 63686172 		.ascii	"char\000"
 2335      00
 2336              	.LASF77:
 2337 037b 63684865 		.ascii	"chHeapStatus\000"
 2337      61705374 
 2337      61747573 
 2337      00
 2338              	.LASF56:
 2339 0388 6D5F6E65 		.ascii	"m_next\000"
 2339      787400
 2340              	.LASF44:
 2341 038f 705F7265 		.ascii	"p_realprio\000"
 2341      616C7072 
 2341      696F00
 2342              	.LASF9:
 2343 039a 5F5F696E 		.ascii	"__int32_t\000"
 2343      7433325F 
 2343      7400
 2344              	.LASF51:
 2345 03a4 636F6E74 		.ascii	"context\000"
 2345      65787400 
 2346              	.LASF50:
 2347 03ac 696E7463 		.ascii	"intctx\000"
 2347      747800
 2348              	.LASF40:
 2349 03b3 705F6D73 		.ascii	"p_msgqueue\000"
 2349      67717565 
 2349      756500
 2350              	.LASF80:
ARM GAS  /tmp/ccPjDltF.s 			page 45


 2351 03be 63684D74 		.ascii	"chMtxInit\000"
 2351      78496E69 
 2351      7400
 2352              	.LASF37:
 2353 03c8 705F7265 		.ascii	"p_refs\000"
 2353      667300
 2354              	.LASF85:
 2355 03cf 2F686F6D 		.ascii	"/home/mark/repos/pc_gamecontroller\000"
 2355      652F6D61 
 2355      726B2F72 
 2355      65706F73 
 2355      2F70635F 
 2356              	.LASF15:
 2357 03f2 75696E74 		.ascii	"uint8_t\000"
 2357      385F7400 
 2358              	.LASF69:
 2359 03fa 77746F62 		.ascii	"wtobjp\000"
 2359      6A7000
 2360              	.LASF78:
 2361 0401 73697A65 		.ascii	"sizep\000"
 2361      7000
 2362              	.LASF34:
 2363 0407 705F6E61 		.ascii	"p_name\000"
 2363      6D6500
 2364              	.LASF72:
 2365 040e 5F686561 		.ascii	"_heap_init\000"
 2365      705F696E 
 2365      697400
 2366              	.LASF55:
 2367 0419 6D5F6F77 		.ascii	"m_owner\000"
 2367      6E657200 
 2368              	.LASF31:
 2369 0421 705F6374 		.ascii	"p_ctx\000"
 2369      7800
 2370              	.LASF39:
 2371 0427 705F7761 		.ascii	"p_waiting\000"
 2371      6974696E 
 2371      6700
 2372              	.LASF59:
 2373 0431 6D656D6F 		.ascii	"memory_heap\000"
 2373      72795F68 
 2373      65617000 
 2374              		.ident	"GCC: (GNU Tools for ARM Embedded Processors) 5.4.1 20160919 (release) [ARM/embedded-5-bran
ARM GAS  /tmp/ccPjDltF.s 			page 46


DEFINED SYMBOLS
                            *ABS*:00000000 chheap.c
     /tmp/ccPjDltF.s:20     .text._heap_init:00000000 $t
     /tmp/ccPjDltF.s:26     .text._heap_init:00000000 _heap_init
     /tmp/ccPjDltF.s:51     .text._heap_init:00000014 $d
     /tmp/ccPjDltF.s:57     .text.chHeapInit:00000000 $t
     /tmp/ccPjDltF.s:63     .text.chHeapInit:00000000 chHeapInit
     /tmp/ccPjDltF.s:97     .text.chHeapAlloc:00000000 $t
     /tmp/ccPjDltF.s:103    .text.chHeapAlloc:00000000 chHeapAlloc
     /tmp/ccPjDltF.s:226    .text.chHeapAlloc:0000007c $d
     /tmp/ccPjDltF.s:231    .text.chHeapFree:00000000 $t
     /tmp/ccPjDltF.s:237    .text.chHeapFree:00000000 chHeapFree
     /tmp/ccPjDltF.s:367    .text.chHeapStatus:00000000 $t
     /tmp/ccPjDltF.s:373    .text.chHeapStatus:00000000 chHeapStatus
     /tmp/ccPjDltF.s:443    .text.chHeapStatus:0000003c $d
     /tmp/ccPjDltF.s:448    .bss.default_heap:00000000 $d
     /tmp/ccPjDltF.s:452    .bss.default_heap:00000000 default_heap
                     .debug_frame:00000010 $d

UNDEFINED SYMBOLS
chMtxInit
chCoreAlloc
chMtxLock
chMtxUnlock
