ARM GAS  /tmp/cc2B3bT0.s 			page 1


   1              		.syntax unified
   2              		.cpu cortex-m4
   3              		.fpu softvfp
   4              		.eabi_attribute 20, 1
   5              		.eabi_attribute 21, 1
   6              		.eabi_attribute 23, 3
   7              		.eabi_attribute 24, 1
   8              		.eabi_attribute 25, 1
   9              		.eabi_attribute 26, 1
  10              		.eabi_attribute 30, 2
  11              		.eabi_attribute 34, 1
  12              		.eabi_attribute 18, 4
  13              		.thumb
  14              		.syntax unified
  15              		.file	"chregistry.c"
  16              		.text
  17              	.Ltext0:
  18              		.cfi_sections	.debug_frame
  19              		.section	.text.chRegFirstThread,"ax",%progbits
  20              		.align	2
  21              		.p2align 4,,15
  22              		.global	chRegFirstThread
  23              		.thumb
  24              		.thumb_func
  25              		.type	chRegFirstThread, %function
  26              	chRegFirstThread:
  27              	.LFB7:
  28              		.file 1 "../ChibiOS_2.6.9/os/kernel/src/chregistry.c"
  29              		.loc 1 117 0
  30              		.cfi_startproc
  31              		@ args = 0, pretend = 0, frame = 0
  32              		@ frame_needed = 0, uses_anonymous_args = 0
  33              		@ link register save eliminated.
  34              	.LBB2:
  35              		.loc 1 120 0
  36 0000 2023     		movs	r3, #32
  37              		.syntax unified
  38              	@ 120 "../ChibiOS_2.6.9/os/kernel/src/chregistry.c" 1
  39 0002 83F31188 		msr     BASEPRI, r3
  40              	@ 0 "" 2
  41              		.thumb
  42              		.syntax unified
  43              	.LBE2:
  44              		.loc 1 121 0
  45 0006 044B     		ldr	r3, .L2
  46 0008 1869     		ldr	r0, [r3, #16]
  47              	.LVL0:
  48              		.loc 1 123 0
  49 000a 837F     		ldrb	r3, [r0, #30]	@ zero_extendqisi2
  50 000c 0133     		adds	r3, r3, #1
  51 000e 8377     		strb	r3, [r0, #30]
  52              	.LBB3:
  53              		.loc 1 125 0
  54 0010 0023     		movs	r3, #0
  55              		.syntax unified
  56              	@ 125 "../ChibiOS_2.6.9/os/kernel/src/chregistry.c" 1
  57 0012 83F31188 		msr     BASEPRI, r3
ARM GAS  /tmp/cc2B3bT0.s 			page 2


  58              	@ 0 "" 2
  59              		.thumb
  60              		.syntax unified
  61              	.LBE3:
  62              		.loc 1 127 0
  63 0016 7047     		bx	lr
  64              	.L3:
  65              		.align	2
  66              	.L2:
  67 0018 00000000 		.word	rlist
  68              		.cfi_endproc
  69              	.LFE7:
  70              		.size	chRegFirstThread, .-chRegFirstThread
  71              		.section	.text.chRegNextThread,"ax",%progbits
  72              		.align	2
  73              		.p2align 4,,15
  74              		.global	chRegNextThread
  75              		.thumb
  76              		.thumb_func
  77              		.type	chRegNextThread, %function
  78              	chRegNextThread:
  79              	.LFB8:
  80              		.loc 1 140 0
  81              		.cfi_startproc
  82              		@ args = 0, pretend = 0, frame = 0
  83              		@ frame_needed = 0, uses_anonymous_args = 0
  84              	.LVL1:
  85 0000 10B5     		push	{r4, lr}
  86              		.cfi_def_cfa_offset 8
  87              		.cfi_offset 4, -8
  88              		.cfi_offset 14, -4
  89              	.LBB4:
  90              		.loc 1 143 0
  91 0002 2023     		movs	r3, #32
  92              		.syntax unified
  93              	@ 143 "../ChibiOS_2.6.9/os/kernel/src/chregistry.c" 1
  94 0004 83F31188 		msr     BASEPRI, r3
  95              	@ 0 "" 2
  96              		.thumb
  97              		.syntax unified
  98              	.LBE4:
  99              		.loc 1 145 0
 100 0008 074B     		ldr	r3, .L9
 101              		.loc 1 144 0
 102 000a 0469     		ldr	r4, [r0, #16]
 103              	.LVL2:
 104              		.loc 1 145 0
 105 000c 9C42     		cmp	r4, r3
 106              		.loc 1 151 0
 107 000e 1DBF     		ittte	ne
 108 0010 A37F     		ldrbne	r3, [r4, #30]	@ zero_extendqisi2
 109 0012 0133     		addne	r3, r3, #1
 110 0014 A377     		strbne	r3, [r4, #30]
 111              		.loc 1 146 0
 112 0016 0024     		moveq	r4, #0
 113              	.LVL3:
 114              	.LBB5:
ARM GAS  /tmp/cc2B3bT0.s 			page 3


 115              		.loc 1 154 0
 116 0018 0023     		movs	r3, #0
 117              		.syntax unified
 118              	@ 154 "../ChibiOS_2.6.9/os/kernel/src/chregistry.c" 1
 119 001a 83F31188 		msr     BASEPRI, r3
 120              	@ 0 "" 2
 121              		.thumb
 122              		.syntax unified
 123              	.LBE5:
 124              		.loc 1 156 0
 125 001e FFF7FEFF 		bl	chThdRelease
 126              	.LVL4:
 127              		.loc 1 159 0
 128 0022 2046     		mov	r0, r4
 129 0024 10BD     		pop	{r4, pc}
 130              	.LVL5:
 131              	.L10:
 132 0026 00BF     		.align	2
 133              	.L9:
 134 0028 00000000 		.word	rlist
 135              		.cfi_endproc
 136              	.LFE8:
 137              		.size	chRegNextThread, .-chRegNextThread
 138              		.global	ch_debug
 139              		.section	.rodata.ch_debug,"a",%progbits
 140              		.align	2
 141              		.type	ch_debug, %object
 142              		.size	ch_debug, 22
 143              	ch_debug:
 144 0000 6D61696E 		.ascii	"main"
 145 0004 00       		.byte	0
 146 0005 16       		.byte	22
 147 0006 8911     		.short	4489
 148 0008 04       		.byte	4
 149 0009 04       		.byte	4
 150 000a 44       		.byte	68
 151 000b 08       		.byte	8
 152 000c 0C       		.byte	12
 153 000d 10       		.byte	16
 154 000e 14       		.byte	20
 155 000f 18       		.byte	24
 156 0010 00       		.byte	0
 157 0011 1C       		.byte	28
 158 0012 1D       		.byte	29
 159 0013 1E       		.byte	30
 160 0014 1F       		.byte	31
 161 0015 00       		.byte	0
 162              		.text
 163              	.Letext0:
 164              		.file 2 "/usr/local/gcc-arm-none-eabi-5_4-2016q3/lib/gcc/arm-none-eabi/5.4.1/include/stddef.h"
 165              		.file 3 "/usr/local/gcc-arm-none-eabi-5_4-2016q3/arm-none-eabi/include/machine/_default_types.h"
 166              		.file 4 "/usr/local/gcc-arm-none-eabi-5_4-2016q3/arm-none-eabi/include/sys/_stdint.h"
 167              		.file 5 "../ChibiOS_2.6.9/os/ports/GCC/ARMCMx/chtypes.h"
 168              		.file 6 "../ChibiOS_2.6.9/os/kernel/include/chlists.h"
 169              		.file 7 "../ChibiOS_2.6.9/os/kernel/include/chthreads.h"
 170              		.file 8 "../ChibiOS_2.6.9/os/ports/GCC/ARMCMx/chcore_v7m.h"
 171              		.file 9 "../ChibiOS_2.6.9/os/kernel/include/chschd.h"
ARM GAS  /tmp/cc2B3bT0.s 			page 4


 172              		.file 10 "../ChibiOS_2.6.9/os/kernel/include/chmtx.h"
 173              		.file 11 "../ChibiOS_2.6.9/os/kernel/include/chregistry.h"
 174              		.file 12 "../ChibiOS_2.6.9/os/kernel/include/chdynamic.h"
 175              		.section	.debug_info,"",%progbits
 176              	.Ldebug_info0:
 177 0000 0E060000 		.4byte	0x60e
 178 0004 0400     		.2byte	0x4
 179 0006 00000000 		.4byte	.Ldebug_abbrev0
 180 000a 04       		.byte	0x4
 181 000b 01       		.uleb128 0x1
 182 000c 2B000000 		.4byte	.LASF91
 183 0010 0C       		.byte	0xc
 184 0011 FE030000 		.4byte	.LASF92
 185 0015 60040000 		.4byte	.LASF93
 186 0019 00000000 		.4byte	.Ldebug_ranges0+0
 187 001d 00000000 		.4byte	0
 188 0021 00000000 		.4byte	.Ldebug_line0
 189 0025 02       		.uleb128 0x2
 190 0026 04       		.byte	0x4
 191 0027 05       		.byte	0x5
 192 0028 696E7400 		.ascii	"int\000"
 193 002c 03       		.uleb128 0x3
 194 002d 13000000 		.4byte	.LASF4
 195 0031 02       		.byte	0x2
 196 0032 D8       		.byte	0xd8
 197 0033 37000000 		.4byte	0x37
 198 0037 04       		.uleb128 0x4
 199 0038 04       		.byte	0x4
 200 0039 07       		.byte	0x7
 201 003a EA010000 		.4byte	.LASF0
 202 003e 04       		.uleb128 0x4
 203 003f 08       		.byte	0x8
 204 0040 05       		.byte	0x5
 205 0041 58010000 		.4byte	.LASF1
 206 0045 04       		.uleb128 0x4
 207 0046 08       		.byte	0x8
 208 0047 04       		.byte	0x4
 209 0048 84020000 		.4byte	.LASF2
 210 004c 04       		.uleb128 0x4
 211 004d 01       		.byte	0x1
 212 004e 06       		.byte	0x6
 213 004f 66010000 		.4byte	.LASF3
 214 0053 03       		.uleb128 0x3
 215 0054 21000000 		.4byte	.LASF5
 216 0058 03       		.byte	0x3
 217 0059 1D       		.byte	0x1d
 218 005a 5E000000 		.4byte	0x5e
 219 005e 04       		.uleb128 0x4
 220 005f 01       		.byte	0x1
 221 0060 08       		.byte	0x8
 222 0061 0D030000 		.4byte	.LASF6
 223 0065 04       		.uleb128 0x4
 224 0066 02       		.byte	0x2
 225 0067 05       		.byte	0x5
 226 0068 25030000 		.4byte	.LASF7
 227 006c 03       		.uleb128 0x3
 228 006d D7030000 		.4byte	.LASF8
ARM GAS  /tmp/cc2B3bT0.s 			page 5


 229 0071 03       		.byte	0x3
 230 0072 2B       		.byte	0x2b
 231 0073 77000000 		.4byte	0x77
 232 0077 04       		.uleb128 0x4
 233 0078 02       		.byte	0x2
 234 0079 07       		.byte	0x7
 235 007a 20020000 		.4byte	.LASF9
 236 007e 03       		.uleb128 0x3
 237 007f F4030000 		.4byte	.LASF10
 238 0083 03       		.byte	0x3
 239 0084 3F       		.byte	0x3f
 240 0085 89000000 		.4byte	0x89
 241 0089 04       		.uleb128 0x4
 242 008a 04       		.byte	0x4
 243 008b 05       		.byte	0x5
 244 008c A9010000 		.4byte	.LASF11
 245 0090 03       		.uleb128 0x3
 246 0091 D6010000 		.4byte	.LASF12
 247 0095 03       		.byte	0x3
 248 0096 41       		.byte	0x41
 249 0097 9B000000 		.4byte	0x9b
 250 009b 04       		.uleb128 0x4
 251 009c 04       		.byte	0x4
 252 009d 07       		.byte	0x7
 253 009e F7010000 		.4byte	.LASF13
 254 00a2 04       		.uleb128 0x4
 255 00a3 08       		.byte	0x8
 256 00a4 07       		.byte	0x7
 257 00a5 05010000 		.4byte	.LASF14
 258 00a9 03       		.uleb128 0x3
 259 00aa 89040000 		.4byte	.LASF15
 260 00ae 04       		.byte	0x4
 261 00af 18       		.byte	0x18
 262 00b0 53000000 		.4byte	0x53
 263 00b4 03       		.uleb128 0x3
 264 00b5 BB010000 		.4byte	.LASF16
 265 00b9 04       		.byte	0x4
 266 00ba 24       		.byte	0x24
 267 00bb 6C000000 		.4byte	0x6c
 268 00bf 03       		.uleb128 0x3
 269 00c0 05030000 		.4byte	.LASF17
 270 00c4 04       		.byte	0x4
 271 00c5 2C       		.byte	0x2c
 272 00c6 7E000000 		.4byte	0x7e
 273 00ca 03       		.uleb128 0x3
 274 00cb A5030000 		.4byte	.LASF18
 275 00cf 04       		.byte	0x4
 276 00d0 30       		.byte	0x30
 277 00d1 90000000 		.4byte	0x90
 278 00d5 04       		.uleb128 0x4
 279 00d6 01       		.byte	0x1
 280 00d7 02       		.byte	0x2
 281 00d8 FF020000 		.4byte	.LASF19
 282 00dc 03       		.uleb128 0x3
 283 00dd 41020000 		.4byte	.LASF20
 284 00e1 05       		.byte	0x5
 285 00e2 2C       		.byte	0x2c
ARM GAS  /tmp/cc2B3bT0.s 			page 6


 286 00e3 A9000000 		.4byte	0xa9
 287 00e7 03       		.uleb128 0x3
 288 00e8 B2010000 		.4byte	.LASF21
 289 00ec 05       		.byte	0x5
 290 00ed 2D       		.byte	0x2d
 291 00ee A9000000 		.4byte	0xa9
 292 00f2 03       		.uleb128 0x3
 293 00f3 DD020000 		.4byte	.LASF22
 294 00f7 05       		.byte	0x5
 295 00f8 2E       		.byte	0x2e
 296 00f9 A9000000 		.4byte	0xa9
 297 00fd 03       		.uleb128 0x3
 298 00fe 9F010000 		.4byte	.LASF23
 299 0102 05       		.byte	0x5
 300 0103 2F       		.byte	0x2f
 301 0104 A9000000 		.4byte	0xa9
 302 0108 03       		.uleb128 0x3
 303 0109 F7020000 		.4byte	.LASF24
 304 010d 05       		.byte	0x5
 305 010e 30       		.byte	0x30
 306 010f CA000000 		.4byte	0xca
 307 0113 03       		.uleb128 0x3
 308 0114 33020000 		.4byte	.LASF25
 309 0118 05       		.byte	0x5
 310 0119 31       		.byte	0x31
 311 011a BF000000 		.4byte	0xbf
 312 011e 03       		.uleb128 0x3
 313 011f 55020000 		.4byte	.LASF26
 314 0123 05       		.byte	0x5
 315 0124 33       		.byte	0x33
 316 0125 CA000000 		.4byte	0xca
 317 0129 03       		.uleb128 0x3
 318 012a 86030000 		.4byte	.LASF27
 319 012e 06       		.byte	0x6
 320 012f 2A       		.byte	0x2a
 321 0130 34010000 		.4byte	0x134
 322 0134 05       		.uleb128 0x5
 323 0135 86030000 		.4byte	.LASF27
 324 0139 44       		.byte	0x44
 325 013a 07       		.byte	0x7
 326 013b 5E       		.byte	0x5e
 327 013c 25020000 		.4byte	0x225
 328 0140 06       		.uleb128 0x6
 329 0141 5B030000 		.4byte	.LASF28
 330 0145 07       		.byte	0x7
 331 0146 5F       		.byte	0x5f
 332 0147 46020000 		.4byte	0x246
 333 014b 00       		.byte	0
 334 014c 06       		.uleb128 0x6
 335 014d F0020000 		.4byte	.LASF29
 336 0151 07       		.byte	0x7
 337 0152 61       		.byte	0x61
 338 0153 46020000 		.4byte	0x246
 339 0157 04       		.byte	0x4
 340 0158 06       		.uleb128 0x6
 341 0159 44010000 		.4byte	.LASF30
 342 015d 07       		.byte	0x7
ARM GAS  /tmp/cc2B3bT0.s 			page 7


 343 015e 63       		.byte	0x63
 344 015f 08010000 		.4byte	0x108
 345 0163 08       		.byte	0x8
 346 0164 06       		.uleb128 0x6
 347 0165 B2040000 		.4byte	.LASF31
 348 0169 07       		.byte	0x7
 349 016a 64       		.byte	0x64
 350 016b 00030000 		.4byte	0x300
 351 016f 0C       		.byte	0xc
 352 0170 06       		.uleb128 0x6
 353 0171 CE010000 		.4byte	.LASF32
 354 0175 07       		.byte	0x7
 355 0176 66       		.byte	0x66
 356 0177 46020000 		.4byte	0x246
 357 017b 10       		.byte	0x10
 358 017c 06       		.uleb128 0x6
 359 017d A8020000 		.4byte	.LASF33
 360 0181 07       		.byte	0x7
 361 0182 67       		.byte	0x67
 362 0183 46020000 		.4byte	0x246
 363 0187 14       		.byte	0x14
 364 0188 06       		.uleb128 0x6
 365 0189 98040000 		.4byte	.LASF34
 366 018d 07       		.byte	0x7
 367 018e 6E       		.byte	0x6e
 368 018f FB030000 		.4byte	0x3fb
 369 0193 18       		.byte	0x18
 370 0194 06       		.uleb128 0x6
 371 0195 2F030000 		.4byte	.LASF35
 372 0199 07       		.byte	0x7
 373 019a 79       		.byte	0x79
 374 019b E7000000 		.4byte	0xe7
 375 019f 1C       		.byte	0x1c
 376 01a0 06       		.uleb128 0x6
 377 01a1 71030000 		.4byte	.LASF36
 378 01a5 07       		.byte	0x7
 379 01a6 7D       		.byte	0x7d
 380 01a7 DC000000 		.4byte	0xdc
 381 01ab 1D       		.byte	0x1d
 382 01ac 06       		.uleb128 0x6
 383 01ad 4F040000 		.4byte	.LASF37
 384 01b1 07       		.byte	0x7
 385 01b2 82       		.byte	0x82
 386 01b3 F2000000 		.4byte	0xf2
 387 01b7 1E       		.byte	0x1e
 388 01b8 06       		.uleb128 0x6
 389 01b9 37030000 		.4byte	.LASF38
 390 01bd 07       		.byte	0x7
 391 01be 88       		.byte	0x88
 392 01bf FD000000 		.4byte	0xfd
 393 01c3 1F       		.byte	0x1f
 394 01c4 07       		.uleb128 0x7
 395 01c5 705F7500 		.ascii	"p_u\000"
 396 01c9 07       		.byte	0x7
 397 01ca B4       		.byte	0xb4
 398 01cb C6030000 		.4byte	0x3c6
 399 01cf 20       		.byte	0x20
ARM GAS  /tmp/cc2B3bT0.s 			page 8


 400 01d0 06       		.uleb128 0x6
 401 01d1 B8040000 		.4byte	.LASF39
 402 01d5 07       		.byte	0x7
 403 01d6 B9       		.byte	0xb9
 404 01d7 6C020000 		.4byte	0x26c
 405 01db 24       		.byte	0x24
 406 01dc 06       		.uleb128 0x6
 407 01dd 39040000 		.4byte	.LASF40
 408 01e1 07       		.byte	0x7
 409 01e2 BF       		.byte	0xbf
 410 01e3 4C020000 		.4byte	0x24c
 411 01e7 28       		.byte	0x28
 412 01e8 06       		.uleb128 0x6
 413 01e9 0D000000 		.4byte	.LASF41
 414 01ed 07       		.byte	0x7
 415 01ee C3       		.byte	0xc3
 416 01ef 13010000 		.4byte	0x113
 417 01f3 30       		.byte	0x30
 418 01f4 06       		.uleb128 0x6
 419 01f5 9A030000 		.4byte	.LASF42
 420 01f9 07       		.byte	0x7
 421 01fa C9       		.byte	0xc9
 422 01fb 1E010000 		.4byte	0x11e
 423 01ff 34       		.byte	0x34
 424 0200 06       		.uleb128 0x6
 425 0201 1B030000 		.4byte	.LASF43
 426 0205 07       		.byte	0x7
 427 0206 D0       		.byte	0xd0
 428 0207 0D040000 		.4byte	0x40d
 429 020b 38       		.byte	0x38
 430 020c 06       		.uleb128 0x6
 431 020d E9030000 		.4byte	.LASF44
 432 0211 07       		.byte	0x7
 433 0212 D4       		.byte	0xd4
 434 0213 08010000 		.4byte	0x108
 435 0217 3C       		.byte	0x3c
 436 0218 06       		.uleb128 0x6
 437 0219 8F010000 		.4byte	.LASF45
 438 021d 07       		.byte	0x7
 439 021e DA       		.byte	0xda
 440 021f 82020000 		.4byte	0x282
 441 0223 40       		.byte	0x40
 442 0224 00       		.byte	0
 443 0225 08       		.uleb128 0x8
 444 0226 08       		.byte	0x8
 445 0227 06       		.byte	0x6
 446 0228 61       		.byte	0x61
 447 0229 46020000 		.4byte	0x246
 448 022d 06       		.uleb128 0x6
 449 022e 5B030000 		.4byte	.LASF28
 450 0232 06       		.byte	0x6
 451 0233 62       		.byte	0x62
 452 0234 46020000 		.4byte	0x246
 453 0238 00       		.byte	0
 454 0239 06       		.uleb128 0x6
 455 023a F0020000 		.4byte	.LASF29
 456 023e 06       		.byte	0x6
ARM GAS  /tmp/cc2B3bT0.s 			page 9


 457 023f 64       		.byte	0x64
 458 0240 46020000 		.4byte	0x246
 459 0244 04       		.byte	0x4
 460 0245 00       		.byte	0
 461 0246 09       		.uleb128 0x9
 462 0247 04       		.byte	0x4
 463 0248 29010000 		.4byte	0x129
 464 024c 03       		.uleb128 0x3
 465 024d B6020000 		.4byte	.LASF46
 466 0251 06       		.byte	0x6
 467 0252 66       		.byte	0x66
 468 0253 25020000 		.4byte	0x225
 469 0257 08       		.uleb128 0x8
 470 0258 04       		.byte	0x4
 471 0259 06       		.byte	0x6
 472 025a 6B       		.byte	0x6b
 473 025b 6C020000 		.4byte	0x26c
 474 025f 06       		.uleb128 0x6
 475 0260 5B030000 		.4byte	.LASF28
 476 0264 06       		.byte	0x6
 477 0265 6D       		.byte	0x6d
 478 0266 46020000 		.4byte	0x246
 479 026a 00       		.byte	0
 480 026b 00       		.byte	0
 481 026c 03       		.uleb128 0x3
 482 026d 49020000 		.4byte	.LASF47
 483 0271 06       		.byte	0x6
 484 0272 70       		.byte	0x70
 485 0273 57020000 		.4byte	0x257
 486 0277 03       		.uleb128 0x3
 487 0278 E1010000 		.4byte	.LASF48
 488 027c 08       		.byte	0x8
 489 027d E5       		.byte	0xe5
 490 027e 82020000 		.4byte	0x282
 491 0282 0A       		.uleb128 0xa
 492 0283 04       		.byte	0x4
 493 0284 0B       		.uleb128 0xb
 494 0285 32040000 		.4byte	.LASF49
 495 0289 24       		.byte	0x24
 496 028a 08       		.byte	0x8
 497 028b 0C01     		.2byte	0x10c
 498 028d 00030000 		.4byte	0x300
 499 0291 0C       		.uleb128 0xc
 500 0292 723400   		.ascii	"r4\000"
 501 0295 08       		.byte	0x8
 502 0296 1F01     		.2byte	0x11f
 503 0298 77020000 		.4byte	0x277
 504 029c 00       		.byte	0
 505 029d 0C       		.uleb128 0xc
 506 029e 723500   		.ascii	"r5\000"
 507 02a1 08       		.byte	0x8
 508 02a2 2001     		.2byte	0x120
 509 02a4 77020000 		.4byte	0x277
 510 02a8 04       		.byte	0x4
 511 02a9 0C       		.uleb128 0xc
 512 02aa 723600   		.ascii	"r6\000"
 513 02ad 08       		.byte	0x8
ARM GAS  /tmp/cc2B3bT0.s 			page 10


 514 02ae 2101     		.2byte	0x121
 515 02b0 77020000 		.4byte	0x277
 516 02b4 08       		.byte	0x8
 517 02b5 0C       		.uleb128 0xc
 518 02b6 723700   		.ascii	"r7\000"
 519 02b9 08       		.byte	0x8
 520 02ba 2201     		.2byte	0x122
 521 02bc 77020000 		.4byte	0x277
 522 02c0 0C       		.byte	0xc
 523 02c1 0C       		.uleb128 0xc
 524 02c2 723800   		.ascii	"r8\000"
 525 02c5 08       		.byte	0x8
 526 02c6 2301     		.2byte	0x123
 527 02c8 77020000 		.4byte	0x277
 528 02cc 10       		.byte	0x10
 529 02cd 0C       		.uleb128 0xc
 530 02ce 723900   		.ascii	"r9\000"
 531 02d1 08       		.byte	0x8
 532 02d2 2401     		.2byte	0x124
 533 02d4 77020000 		.4byte	0x277
 534 02d8 14       		.byte	0x14
 535 02d9 0C       		.uleb128 0xc
 536 02da 72313000 		.ascii	"r10\000"
 537 02de 08       		.byte	0x8
 538 02df 2501     		.2byte	0x125
 539 02e1 77020000 		.4byte	0x277
 540 02e5 18       		.byte	0x18
 541 02e6 0C       		.uleb128 0xc
 542 02e7 72313100 		.ascii	"r11\000"
 543 02eb 08       		.byte	0x8
 544 02ec 2601     		.2byte	0x126
 545 02ee 77020000 		.4byte	0x277
 546 02f2 1C       		.byte	0x1c
 547 02f3 0C       		.uleb128 0xc
 548 02f4 6C7200   		.ascii	"lr\000"
 549 02f7 08       		.byte	0x8
 550 02f8 2701     		.2byte	0x127
 551 02fa 77020000 		.4byte	0x277
 552 02fe 20       		.byte	0x20
 553 02ff 00       		.byte	0
 554 0300 0B       		.uleb128 0xb
 555 0301 2A040000 		.4byte	.LASF50
 556 0305 04       		.byte	0x4
 557 0306 08       		.byte	0x8
 558 0307 3101     		.2byte	0x131
 559 0309 1B030000 		.4byte	0x31b
 560 030d 0C       		.uleb128 0xc
 561 030e 72313300 		.ascii	"r13\000"
 562 0312 08       		.byte	0x8
 563 0313 3201     		.2byte	0x132
 564 0315 1B030000 		.4byte	0x31b
 565 0319 00       		.byte	0
 566 031a 00       		.byte	0
 567 031b 09       		.uleb128 0x9
 568 031c 04       		.byte	0x4
 569 031d 84020000 		.4byte	0x284
 570 0321 04       		.uleb128 0x4
ARM GAS  /tmp/cc2B3bT0.s 			page 11


 571 0322 04       		.byte	0x4
 572 0323 07       		.byte	0x7
 573 0324 7B020000 		.4byte	.LASF51
 574 0328 08       		.uleb128 0x8
 575 0329 1C       		.byte	0x1c
 576 032a 09       		.byte	0x9
 577 032b 5E       		.byte	0x5e
 578 032c 79030000 		.4byte	0x379
 579 0330 06       		.uleb128 0x6
 580 0331 BA030000 		.4byte	.LASF52
 581 0335 09       		.byte	0x9
 582 0336 5F       		.byte	0x5f
 583 0337 4C020000 		.4byte	0x24c
 584 033b 00       		.byte	0
 585 033c 06       		.uleb128 0x6
 586 033d 4D030000 		.4byte	.LASF53
 587 0341 09       		.byte	0x9
 588 0342 60       		.byte	0x60
 589 0343 08010000 		.4byte	0x108
 590 0347 08       		.byte	0x8
 591 0348 06       		.uleb128 0x6
 592 0349 B0020000 		.4byte	.LASF54
 593 034d 09       		.byte	0x9
 594 034e 62       		.byte	0x62
 595 034f 00030000 		.4byte	0x300
 596 0353 0C       		.byte	0xc
 597 0354 06       		.uleb128 0x6
 598 0355 39020000 		.4byte	.LASF55
 599 0359 09       		.byte	0x9
 600 035a 65       		.byte	0x65
 601 035b 46020000 		.4byte	0x246
 602 035f 10       		.byte	0x10
 603 0360 06       		.uleb128 0x6
 604 0361 D5020000 		.4byte	.LASF56
 605 0365 09       		.byte	0x9
 606 0366 66       		.byte	0x66
 607 0367 46020000 		.4byte	0x246
 608 036b 14       		.byte	0x14
 609 036c 06       		.uleb128 0x6
 610 036d CB020000 		.4byte	.LASF57
 611 0371 09       		.byte	0x9
 612 0372 69       		.byte	0x69
 613 0373 46020000 		.4byte	0x246
 614 0377 18       		.byte	0x18
 615 0378 00       		.byte	0
 616 0379 03       		.uleb128 0x3
 617 037a 56040000 		.4byte	.LASF58
 618 037e 09       		.byte	0x9
 619 037f 6B       		.byte	0x6b
 620 0380 28030000 		.4byte	0x328
 621 0384 05       		.uleb128 0x5
 622 0385 61020000 		.4byte	.LASF59
 623 0389 10       		.byte	0x10
 624 038a 0A       		.byte	0xa
 625 038b 2C       		.byte	0x2c
 626 038c B5030000 		.4byte	0x3b5
 627 0390 06       		.uleb128 0x6
ARM GAS  /tmp/cc2B3bT0.s 			page 12


 628 0391 97010000 		.4byte	.LASF60
 629 0395 0A       		.byte	0xa
 630 0396 2D       		.byte	0x2d
 631 0397 4C020000 		.4byte	0x24c
 632 039b 00       		.byte	0
 633 039c 06       		.uleb128 0x6
 634 039d AA040000 		.4byte	.LASF61
 635 03a1 0A       		.byte	0xa
 636 03a2 2F       		.byte	0x2f
 637 03a3 46020000 		.4byte	0x246
 638 03a7 08       		.byte	0x8
 639 03a8 06       		.uleb128 0x6
 640 03a9 E2030000 		.4byte	.LASF62
 641 03ad 0A       		.byte	0xa
 642 03ae 31       		.byte	0x31
 643 03af B5030000 		.4byte	0x3b5
 644 03b3 0C       		.byte	0xc
 645 03b4 00       		.byte	0
 646 03b5 09       		.uleb128 0x9
 647 03b6 04       		.byte	0x4
 648 03b7 84030000 		.4byte	0x384
 649 03bb 03       		.uleb128 0x3
 650 03bc 61020000 		.4byte	.LASF59
 651 03c0 0A       		.byte	0xa
 652 03c1 33       		.byte	0x33
 653 03c2 84030000 		.4byte	0x384
 654 03c6 0D       		.uleb128 0xd
 655 03c7 04       		.byte	0x4
 656 03c8 07       		.byte	0x7
 657 03c9 96       		.byte	0x96
 658 03ca FB030000 		.4byte	0x3fb
 659 03ce 0E       		.uleb128 0xe
 660 03cf 1A000000 		.4byte	.LASF63
 661 03d3 07       		.byte	0x7
 662 03d4 9D       		.byte	0x9d
 663 03d5 13010000 		.4byte	0x113
 664 03d9 0E       		.uleb128 0xe
 665 03da 2A010000 		.4byte	.LASF64
 666 03de 07       		.byte	0x7
 667 03df A4       		.byte	0xa4
 668 03e0 13010000 		.4byte	0x113
 669 03e4 0E       		.uleb128 0xe
 670 03e5 91040000 		.4byte	.LASF65
 671 03e9 07       		.byte	0x7
 672 03ea AB       		.byte	0xab
 673 03eb 82020000 		.4byte	0x282
 674 03ef 0E       		.uleb128 0xe
 675 03f0 54030000 		.4byte	.LASF66
 676 03f4 07       		.byte	0x7
 677 03f5 B2       		.byte	0xb2
 678 03f6 1E010000 		.4byte	0x11e
 679 03fa 00       		.byte	0
 680 03fb 09       		.uleb128 0x9
 681 03fc 04       		.byte	0x4
 682 03fd 08040000 		.4byte	0x408
 683 0401 04       		.uleb128 0x4
 684 0402 01       		.byte	0x1
ARM GAS  /tmp/cc2B3bT0.s 			page 13


 685 0403 08       		.byte	0x8
 686 0404 C2030000 		.4byte	.LASF67
 687 0408 0F       		.uleb128 0xf
 688 0409 01040000 		.4byte	0x401
 689 040d 09       		.uleb128 0x9
 690 040e 04       		.byte	0x4
 691 040f BB030000 		.4byte	0x3bb
 692 0413 08       		.uleb128 0x8
 693 0414 16       		.byte	0x16
 694 0415 0B       		.byte	0xb
 695 0416 2C       		.byte	0x2c
 696 0417 F4040000 		.4byte	0x4f4
 697 041b 06       		.uleb128 0x6
 698 041c 12020000 		.4byte	.LASF68
 699 0420 0B       		.byte	0xb
 700 0421 2D       		.byte	0x2d
 701 0422 F4040000 		.4byte	0x4f4
 702 0426 00       		.byte	0
 703 0427 06       		.uleb128 0x6
 704 0428 67020000 		.4byte	.LASF69
 705 042c 0B       		.byte	0xb
 706 042d 2E       		.byte	0x2e
 707 042e A9000000 		.4byte	0xa9
 708 0432 04       		.byte	0x4
 709 0433 06       		.uleb128 0x6
 710 0434 C3020000 		.4byte	.LASF70
 711 0438 0B       		.byte	0xb
 712 0439 2F       		.byte	0x2f
 713 043a A9000000 		.4byte	0xa9
 714 043e 05       		.byte	0x5
 715 043f 06       		.uleb128 0x6
 716 0440 9F040000 		.4byte	.LASF71
 717 0444 0B       		.byte	0xb
 718 0445 30       		.byte	0x30
 719 0446 B4000000 		.4byte	0xb4
 720 044a 06       		.byte	0x6
 721 044b 06       		.uleb128 0x6
 722 044c E5020000 		.4byte	.LASF72
 723 0450 0B       		.byte	0xb
 724 0451 31       		.byte	0x31
 725 0452 A9000000 		.4byte	0xa9
 726 0456 08       		.byte	0x8
 727 0457 06       		.uleb128 0x6
 728 0458 90020000 		.4byte	.LASF73
 729 045c 0B       		.byte	0xb
 730 045d 32       		.byte	0x32
 731 045e A9000000 		.4byte	0xa9
 732 0462 09       		.byte	0x9
 733 0463 06       		.uleb128 0x6
 734 0464 1C010000 		.4byte	.LASF74
 735 0468 0B       		.byte	0xb
 736 0469 33       		.byte	0x33
 737 046a A9000000 		.4byte	0xa9
 738 046e 0A       		.byte	0xa
 739 046f 06       		.uleb128 0x6
 740 0470 AE030000 		.4byte	.LASF75
 741 0474 0B       		.byte	0xb
ARM GAS  /tmp/cc2B3bT0.s 			page 14


 742 0475 34       		.byte	0x34
 743 0476 A9000000 		.4byte	0xa9
 744 047a 0B       		.byte	0xb
 745 047b 06       		.uleb128 0x6
 746 047c 44040000 		.4byte	.LASF76
 747 0480 0B       		.byte	0xb
 748 0481 35       		.byte	0x35
 749 0482 A9000000 		.4byte	0xa9
 750 0486 0C       		.byte	0xc
 751 0487 06       		.uleb128 0x6
 752 0488 8D030000 		.4byte	.LASF77
 753 048c 0B       		.byte	0xb
 754 048d 36       		.byte	0x36
 755 048e A9000000 		.4byte	0xa9
 756 0492 0D       		.byte	0xd
 757 0493 06       		.uleb128 0x6
 758 0494 00000000 		.4byte	.LASF78
 759 0498 0B       		.byte	0xb
 760 0499 37       		.byte	0x37
 761 049a A9000000 		.4byte	0xa9
 762 049e 0E       		.byte	0xe
 763 049f 06       		.uleb128 0x6
 764 04a0 9C020000 		.4byte	.LASF79
 765 04a4 0B       		.byte	0xb
 766 04a5 38       		.byte	0x38
 767 04a6 A9000000 		.4byte	0xa9
 768 04aa 0F       		.byte	0xf
 769 04ab 06       		.uleb128 0x6
 770 04ac 72010000 		.4byte	.LASF80
 771 04b0 0B       		.byte	0xb
 772 04b1 39       		.byte	0x39
 773 04b2 A9000000 		.4byte	0xa9
 774 04b6 10       		.byte	0x10
 775 04b7 06       		.uleb128 0x6
 776 04b8 4B010000 		.4byte	.LASF81
 777 04bc 0B       		.byte	0xb
 778 04bd 3B       		.byte	0x3b
 779 04be A9000000 		.4byte	0xa9
 780 04c2 11       		.byte	0x11
 781 04c3 06       		.uleb128 0x6
 782 04c4 82010000 		.4byte	.LASF82
 783 04c8 0B       		.byte	0xb
 784 04c9 3C       		.byte	0x3c
 785 04ca A9000000 		.4byte	0xa9
 786 04ce 12       		.byte	0x12
 787 04cf 06       		.uleb128 0x6
 788 04d0 6F020000 		.4byte	.LASF83
 789 04d4 0B       		.byte	0xb
 790 04d5 3D       		.byte	0x3d
 791 04d6 A9000000 		.4byte	0xa9
 792 04da 13       		.byte	0x13
 793 04db 06       		.uleb128 0x6
 794 04dc 62030000 		.4byte	.LASF84
 795 04e0 0B       		.byte	0xb
 796 04e1 3E       		.byte	0x3e
 797 04e2 A9000000 		.4byte	0xa9
 798 04e6 14       		.byte	0x14
ARM GAS  /tmp/cc2B3bT0.s 			page 15


 799 04e7 06       		.uleb128 0x6
 800 04e8 41030000 		.4byte	.LASF85
 801 04ec 0B       		.byte	0xb
 802 04ed 40       		.byte	0x40
 803 04ee A9000000 		.4byte	0xa9
 804 04f2 15       		.byte	0x15
 805 04f3 00       		.byte	0
 806 04f4 10       		.uleb128 0x10
 807 04f5 01040000 		.4byte	0x401
 808 04f9 04050000 		.4byte	0x504
 809 04fd 11       		.uleb128 0x11
 810 04fe 21030000 		.4byte	0x321
 811 0502 03       		.byte	0x3
 812 0503 00       		.byte	0
 813 0504 03       		.uleb128 0x3
 814 0505 C4010000 		.4byte	.LASF86
 815 0509 0B       		.byte	0xb
 816 050a 41       		.byte	0x41
 817 050b 13040000 		.4byte	0x413
 818 050f 12       		.uleb128 0x12
 819 0510 33010000 		.4byte	.LASF87
 820 0514 01       		.byte	0x1
 821 0515 75       		.byte	0x75
 822 0516 46020000 		.4byte	0x246
 823 051a 00000000 		.4byte	.LFB7
 824 051e 1C000000 		.4byte	.LFE7-.LFB7
 825 0522 01       		.uleb128 0x1
 826 0523 9C       		.byte	0x9c
 827 0524 67050000 		.4byte	0x567
 828 0528 13       		.uleb128 0x13
 829 0529 747000   		.ascii	"tp\000"
 830 052c 01       		.byte	0x1
 831 052d 76       		.byte	0x76
 832 052e 46020000 		.4byte	0x246
 833 0532 01       		.uleb128 0x1
 834 0533 50       		.byte	0x50
 835 0534 14       		.uleb128 0x14
 836 0535 00000000 		.4byte	.LBB2
 837 0539 06000000 		.4byte	.LBE2-.LBB2
 838 053d 4F050000 		.4byte	0x54f
 839 0541 13       		.uleb128 0x13
 840 0542 746D7000 		.ascii	"tmp\000"
 841 0546 01       		.byte	0x1
 842 0547 78       		.byte	0x78
 843 0548 CA000000 		.4byte	0xca
 844 054c 01       		.uleb128 0x1
 845 054d 53       		.byte	0x53
 846 054e 00       		.byte	0
 847 054f 15       		.uleb128 0x15
 848 0550 10000000 		.4byte	.LBB3
 849 0554 06000000 		.4byte	.LBE3-.LBB3
 850 0558 13       		.uleb128 0x13
 851 0559 746D7000 		.ascii	"tmp\000"
 852 055d 01       		.byte	0x1
 853 055e 7D       		.byte	0x7d
 854 055f CA000000 		.4byte	0xca
 855 0563 01       		.uleb128 0x1
ARM GAS  /tmp/cc2B3bT0.s 			page 16


 856 0564 53       		.byte	0x53
 857 0565 00       		.byte	0
 858 0566 00       		.byte	0
 859 0567 12       		.uleb128 0x12
 860 0568 C7030000 		.4byte	.LASF88
 861 056c 01       		.byte	0x1
 862 056d 8C       		.byte	0x8c
 863 056e 46020000 		.4byte	0x246
 864 0572 00000000 		.4byte	.LFB8
 865 0576 2C000000 		.4byte	.LFE8-.LFB8
 866 057a 01       		.uleb128 0x1
 867 057b 9C       		.byte	0x9c
 868 057c E5050000 		.4byte	0x5e5
 869 0580 16       		.uleb128 0x16
 870 0581 747000   		.ascii	"tp\000"
 871 0584 01       		.byte	0x1
 872 0585 8C       		.byte	0x8c
 873 0586 46020000 		.4byte	0x246
 874 058a 00000000 		.4byte	.LLST0
 875 058e 17       		.uleb128 0x17
 876 058f 6E747000 		.ascii	"ntp\000"
 877 0593 01       		.byte	0x1
 878 0594 8D       		.byte	0x8d
 879 0595 46020000 		.4byte	0x246
 880 0599 21000000 		.4byte	.LLST1
 881 059d 14       		.uleb128 0x14
 882 059e 02000000 		.4byte	.LBB4
 883 05a2 06000000 		.4byte	.LBE4-.LBB4
 884 05a6 B8050000 		.4byte	0x5b8
 885 05aa 13       		.uleb128 0x13
 886 05ab 746D7000 		.ascii	"tmp\000"
 887 05af 01       		.byte	0x1
 888 05b0 8F       		.byte	0x8f
 889 05b1 CA000000 		.4byte	0xca
 890 05b5 01       		.uleb128 0x1
 891 05b6 53       		.byte	0x53
 892 05b7 00       		.byte	0
 893 05b8 14       		.uleb128 0x14
 894 05b9 18000000 		.4byte	.LBB5
 895 05bd 06000000 		.4byte	.LBE5-.LBB5
 896 05c1 D3050000 		.4byte	0x5d3
 897 05c5 13       		.uleb128 0x13
 898 05c6 746D7000 		.ascii	"tmp\000"
 899 05ca 01       		.byte	0x1
 900 05cb 9A       		.byte	0x9a
 901 05cc CA000000 		.4byte	0xca
 902 05d0 01       		.uleb128 0x1
 903 05d1 53       		.byte	0x53
 904 05d2 00       		.byte	0
 905 05d3 18       		.uleb128 0x18
 906 05d4 22000000 		.4byte	.LVL4
 907 05d8 06060000 		.4byte	0x606
 908 05dc 19       		.uleb128 0x19
 909 05dd 01       		.uleb128 0x1
 910 05de 50       		.byte	0x50
 911 05df 03       		.uleb128 0x3
 912 05e0 F3       		.byte	0xf3
ARM GAS  /tmp/cc2B3bT0.s 			page 17


 913 05e1 01       		.uleb128 0x1
 914 05e2 50       		.byte	0x50
 915 05e3 00       		.byte	0
 916 05e4 00       		.byte	0
 917 05e5 1A       		.uleb128 0x1a
 918 05e6 83040000 		.4byte	.LASF89
 919 05ea 09       		.byte	0x9
 920 05eb 6F       		.byte	0x6f
 921 05ec 79030000 		.4byte	0x379
 922 05f0 1B       		.uleb128 0x1b
 923 05f1 09020000 		.4byte	.LASF90
 924 05f5 01       		.byte	0x1
 925 05f6 42       		.byte	0x42
 926 05f7 01060000 		.4byte	0x601
 927 05fb 05       		.uleb128 0x5
 928 05fc 03       		.byte	0x3
 929 05fd 00000000 		.4byte	ch_debug
 930 0601 0F       		.uleb128 0xf
 931 0602 04050000 		.4byte	0x504
 932 0606 1C       		.uleb128 0x1c
 933 0607 79030000 		.4byte	.LASF94
 934 060b 79030000 		.4byte	.LASF94
 935 060f 0C       		.byte	0xc
 936 0610 3A       		.byte	0x3a
 937 0611 00       		.byte	0
 938              		.section	.debug_abbrev,"",%progbits
 939              	.Ldebug_abbrev0:
 940 0000 01       		.uleb128 0x1
 941 0001 11       		.uleb128 0x11
 942 0002 01       		.byte	0x1
 943 0003 25       		.uleb128 0x25
 944 0004 0E       		.uleb128 0xe
 945 0005 13       		.uleb128 0x13
 946 0006 0B       		.uleb128 0xb
 947 0007 03       		.uleb128 0x3
 948 0008 0E       		.uleb128 0xe
 949 0009 1B       		.uleb128 0x1b
 950 000a 0E       		.uleb128 0xe
 951 000b 55       		.uleb128 0x55
 952 000c 17       		.uleb128 0x17
 953 000d 11       		.uleb128 0x11
 954 000e 01       		.uleb128 0x1
 955 000f 10       		.uleb128 0x10
 956 0010 17       		.uleb128 0x17
 957 0011 00       		.byte	0
 958 0012 00       		.byte	0
 959 0013 02       		.uleb128 0x2
 960 0014 24       		.uleb128 0x24
 961 0015 00       		.byte	0
 962 0016 0B       		.uleb128 0xb
 963 0017 0B       		.uleb128 0xb
 964 0018 3E       		.uleb128 0x3e
 965 0019 0B       		.uleb128 0xb
 966 001a 03       		.uleb128 0x3
 967 001b 08       		.uleb128 0x8
 968 001c 00       		.byte	0
 969 001d 00       		.byte	0
ARM GAS  /tmp/cc2B3bT0.s 			page 18


 970 001e 03       		.uleb128 0x3
 971 001f 16       		.uleb128 0x16
 972 0020 00       		.byte	0
 973 0021 03       		.uleb128 0x3
 974 0022 0E       		.uleb128 0xe
 975 0023 3A       		.uleb128 0x3a
 976 0024 0B       		.uleb128 0xb
 977 0025 3B       		.uleb128 0x3b
 978 0026 0B       		.uleb128 0xb
 979 0027 49       		.uleb128 0x49
 980 0028 13       		.uleb128 0x13
 981 0029 00       		.byte	0
 982 002a 00       		.byte	0
 983 002b 04       		.uleb128 0x4
 984 002c 24       		.uleb128 0x24
 985 002d 00       		.byte	0
 986 002e 0B       		.uleb128 0xb
 987 002f 0B       		.uleb128 0xb
 988 0030 3E       		.uleb128 0x3e
 989 0031 0B       		.uleb128 0xb
 990 0032 03       		.uleb128 0x3
 991 0033 0E       		.uleb128 0xe
 992 0034 00       		.byte	0
 993 0035 00       		.byte	0
 994 0036 05       		.uleb128 0x5
 995 0037 13       		.uleb128 0x13
 996 0038 01       		.byte	0x1
 997 0039 03       		.uleb128 0x3
 998 003a 0E       		.uleb128 0xe
 999 003b 0B       		.uleb128 0xb
 1000 003c 0B       		.uleb128 0xb
 1001 003d 3A       		.uleb128 0x3a
 1002 003e 0B       		.uleb128 0xb
 1003 003f 3B       		.uleb128 0x3b
 1004 0040 0B       		.uleb128 0xb
 1005 0041 01       		.uleb128 0x1
 1006 0042 13       		.uleb128 0x13
 1007 0043 00       		.byte	0
 1008 0044 00       		.byte	0
 1009 0045 06       		.uleb128 0x6
 1010 0046 0D       		.uleb128 0xd
 1011 0047 00       		.byte	0
 1012 0048 03       		.uleb128 0x3
 1013 0049 0E       		.uleb128 0xe
 1014 004a 3A       		.uleb128 0x3a
 1015 004b 0B       		.uleb128 0xb
 1016 004c 3B       		.uleb128 0x3b
 1017 004d 0B       		.uleb128 0xb
 1018 004e 49       		.uleb128 0x49
 1019 004f 13       		.uleb128 0x13
 1020 0050 38       		.uleb128 0x38
 1021 0051 0B       		.uleb128 0xb
 1022 0052 00       		.byte	0
 1023 0053 00       		.byte	0
 1024 0054 07       		.uleb128 0x7
 1025 0055 0D       		.uleb128 0xd
 1026 0056 00       		.byte	0
ARM GAS  /tmp/cc2B3bT0.s 			page 19


 1027 0057 03       		.uleb128 0x3
 1028 0058 08       		.uleb128 0x8
 1029 0059 3A       		.uleb128 0x3a
 1030 005a 0B       		.uleb128 0xb
 1031 005b 3B       		.uleb128 0x3b
 1032 005c 0B       		.uleb128 0xb
 1033 005d 49       		.uleb128 0x49
 1034 005e 13       		.uleb128 0x13
 1035 005f 38       		.uleb128 0x38
 1036 0060 0B       		.uleb128 0xb
 1037 0061 00       		.byte	0
 1038 0062 00       		.byte	0
 1039 0063 08       		.uleb128 0x8
 1040 0064 13       		.uleb128 0x13
 1041 0065 01       		.byte	0x1
 1042 0066 0B       		.uleb128 0xb
 1043 0067 0B       		.uleb128 0xb
 1044 0068 3A       		.uleb128 0x3a
 1045 0069 0B       		.uleb128 0xb
 1046 006a 3B       		.uleb128 0x3b
 1047 006b 0B       		.uleb128 0xb
 1048 006c 01       		.uleb128 0x1
 1049 006d 13       		.uleb128 0x13
 1050 006e 00       		.byte	0
 1051 006f 00       		.byte	0
 1052 0070 09       		.uleb128 0x9
 1053 0071 0F       		.uleb128 0xf
 1054 0072 00       		.byte	0
 1055 0073 0B       		.uleb128 0xb
 1056 0074 0B       		.uleb128 0xb
 1057 0075 49       		.uleb128 0x49
 1058 0076 13       		.uleb128 0x13
 1059 0077 00       		.byte	0
 1060 0078 00       		.byte	0
 1061 0079 0A       		.uleb128 0xa
 1062 007a 0F       		.uleb128 0xf
 1063 007b 00       		.byte	0
 1064 007c 0B       		.uleb128 0xb
 1065 007d 0B       		.uleb128 0xb
 1066 007e 00       		.byte	0
 1067 007f 00       		.byte	0
 1068 0080 0B       		.uleb128 0xb
 1069 0081 13       		.uleb128 0x13
 1070 0082 01       		.byte	0x1
 1071 0083 03       		.uleb128 0x3
 1072 0084 0E       		.uleb128 0xe
 1073 0085 0B       		.uleb128 0xb
 1074 0086 0B       		.uleb128 0xb
 1075 0087 3A       		.uleb128 0x3a
 1076 0088 0B       		.uleb128 0xb
 1077 0089 3B       		.uleb128 0x3b
 1078 008a 05       		.uleb128 0x5
 1079 008b 01       		.uleb128 0x1
 1080 008c 13       		.uleb128 0x13
 1081 008d 00       		.byte	0
 1082 008e 00       		.byte	0
 1083 008f 0C       		.uleb128 0xc
ARM GAS  /tmp/cc2B3bT0.s 			page 20


 1084 0090 0D       		.uleb128 0xd
 1085 0091 00       		.byte	0
 1086 0092 03       		.uleb128 0x3
 1087 0093 08       		.uleb128 0x8
 1088 0094 3A       		.uleb128 0x3a
 1089 0095 0B       		.uleb128 0xb
 1090 0096 3B       		.uleb128 0x3b
 1091 0097 05       		.uleb128 0x5
 1092 0098 49       		.uleb128 0x49
 1093 0099 13       		.uleb128 0x13
 1094 009a 38       		.uleb128 0x38
 1095 009b 0B       		.uleb128 0xb
 1096 009c 00       		.byte	0
 1097 009d 00       		.byte	0
 1098 009e 0D       		.uleb128 0xd
 1099 009f 17       		.uleb128 0x17
 1100 00a0 01       		.byte	0x1
 1101 00a1 0B       		.uleb128 0xb
 1102 00a2 0B       		.uleb128 0xb
 1103 00a3 3A       		.uleb128 0x3a
 1104 00a4 0B       		.uleb128 0xb
 1105 00a5 3B       		.uleb128 0x3b
 1106 00a6 0B       		.uleb128 0xb
 1107 00a7 01       		.uleb128 0x1
 1108 00a8 13       		.uleb128 0x13
 1109 00a9 00       		.byte	0
 1110 00aa 00       		.byte	0
 1111 00ab 0E       		.uleb128 0xe
 1112 00ac 0D       		.uleb128 0xd
 1113 00ad 00       		.byte	0
 1114 00ae 03       		.uleb128 0x3
 1115 00af 0E       		.uleb128 0xe
 1116 00b0 3A       		.uleb128 0x3a
 1117 00b1 0B       		.uleb128 0xb
 1118 00b2 3B       		.uleb128 0x3b
 1119 00b3 0B       		.uleb128 0xb
 1120 00b4 49       		.uleb128 0x49
 1121 00b5 13       		.uleb128 0x13
 1122 00b6 00       		.byte	0
 1123 00b7 00       		.byte	0
 1124 00b8 0F       		.uleb128 0xf
 1125 00b9 26       		.uleb128 0x26
 1126 00ba 00       		.byte	0
 1127 00bb 49       		.uleb128 0x49
 1128 00bc 13       		.uleb128 0x13
 1129 00bd 00       		.byte	0
 1130 00be 00       		.byte	0
 1131 00bf 10       		.uleb128 0x10
 1132 00c0 01       		.uleb128 0x1
 1133 00c1 01       		.byte	0x1
 1134 00c2 49       		.uleb128 0x49
 1135 00c3 13       		.uleb128 0x13
 1136 00c4 01       		.uleb128 0x1
 1137 00c5 13       		.uleb128 0x13
 1138 00c6 00       		.byte	0
 1139 00c7 00       		.byte	0
 1140 00c8 11       		.uleb128 0x11
ARM GAS  /tmp/cc2B3bT0.s 			page 21


 1141 00c9 21       		.uleb128 0x21
 1142 00ca 00       		.byte	0
 1143 00cb 49       		.uleb128 0x49
 1144 00cc 13       		.uleb128 0x13
 1145 00cd 2F       		.uleb128 0x2f
 1146 00ce 0B       		.uleb128 0xb
 1147 00cf 00       		.byte	0
 1148 00d0 00       		.byte	0
 1149 00d1 12       		.uleb128 0x12
 1150 00d2 2E       		.uleb128 0x2e
 1151 00d3 01       		.byte	0x1
 1152 00d4 3F       		.uleb128 0x3f
 1153 00d5 19       		.uleb128 0x19
 1154 00d6 03       		.uleb128 0x3
 1155 00d7 0E       		.uleb128 0xe
 1156 00d8 3A       		.uleb128 0x3a
 1157 00d9 0B       		.uleb128 0xb
 1158 00da 3B       		.uleb128 0x3b
 1159 00db 0B       		.uleb128 0xb
 1160 00dc 27       		.uleb128 0x27
 1161 00dd 19       		.uleb128 0x19
 1162 00de 49       		.uleb128 0x49
 1163 00df 13       		.uleb128 0x13
 1164 00e0 11       		.uleb128 0x11
 1165 00e1 01       		.uleb128 0x1
 1166 00e2 12       		.uleb128 0x12
 1167 00e3 06       		.uleb128 0x6
 1168 00e4 40       		.uleb128 0x40
 1169 00e5 18       		.uleb128 0x18
 1170 00e6 9742     		.uleb128 0x2117
 1171 00e8 19       		.uleb128 0x19
 1172 00e9 01       		.uleb128 0x1
 1173 00ea 13       		.uleb128 0x13
 1174 00eb 00       		.byte	0
 1175 00ec 00       		.byte	0
 1176 00ed 13       		.uleb128 0x13
 1177 00ee 34       		.uleb128 0x34
 1178 00ef 00       		.byte	0
 1179 00f0 03       		.uleb128 0x3
 1180 00f1 08       		.uleb128 0x8
 1181 00f2 3A       		.uleb128 0x3a
 1182 00f3 0B       		.uleb128 0xb
 1183 00f4 3B       		.uleb128 0x3b
 1184 00f5 0B       		.uleb128 0xb
 1185 00f6 49       		.uleb128 0x49
 1186 00f7 13       		.uleb128 0x13
 1187 00f8 02       		.uleb128 0x2
 1188 00f9 18       		.uleb128 0x18
 1189 00fa 00       		.byte	0
 1190 00fb 00       		.byte	0
 1191 00fc 14       		.uleb128 0x14
 1192 00fd 0B       		.uleb128 0xb
 1193 00fe 01       		.byte	0x1
 1194 00ff 11       		.uleb128 0x11
 1195 0100 01       		.uleb128 0x1
 1196 0101 12       		.uleb128 0x12
 1197 0102 06       		.uleb128 0x6
ARM GAS  /tmp/cc2B3bT0.s 			page 22


 1198 0103 01       		.uleb128 0x1
 1199 0104 13       		.uleb128 0x13
 1200 0105 00       		.byte	0
 1201 0106 00       		.byte	0
 1202 0107 15       		.uleb128 0x15
 1203 0108 0B       		.uleb128 0xb
 1204 0109 01       		.byte	0x1
 1205 010a 11       		.uleb128 0x11
 1206 010b 01       		.uleb128 0x1
 1207 010c 12       		.uleb128 0x12
 1208 010d 06       		.uleb128 0x6
 1209 010e 00       		.byte	0
 1210 010f 00       		.byte	0
 1211 0110 16       		.uleb128 0x16
 1212 0111 05       		.uleb128 0x5
 1213 0112 00       		.byte	0
 1214 0113 03       		.uleb128 0x3
 1215 0114 08       		.uleb128 0x8
 1216 0115 3A       		.uleb128 0x3a
 1217 0116 0B       		.uleb128 0xb
 1218 0117 3B       		.uleb128 0x3b
 1219 0118 0B       		.uleb128 0xb
 1220 0119 49       		.uleb128 0x49
 1221 011a 13       		.uleb128 0x13
 1222 011b 02       		.uleb128 0x2
 1223 011c 17       		.uleb128 0x17
 1224 011d 00       		.byte	0
 1225 011e 00       		.byte	0
 1226 011f 17       		.uleb128 0x17
 1227 0120 34       		.uleb128 0x34
 1228 0121 00       		.byte	0
 1229 0122 03       		.uleb128 0x3
 1230 0123 08       		.uleb128 0x8
 1231 0124 3A       		.uleb128 0x3a
 1232 0125 0B       		.uleb128 0xb
 1233 0126 3B       		.uleb128 0x3b
 1234 0127 0B       		.uleb128 0xb
 1235 0128 49       		.uleb128 0x49
 1236 0129 13       		.uleb128 0x13
 1237 012a 02       		.uleb128 0x2
 1238 012b 17       		.uleb128 0x17
 1239 012c 00       		.byte	0
 1240 012d 00       		.byte	0
 1241 012e 18       		.uleb128 0x18
 1242 012f 898201   		.uleb128 0x4109
 1243 0132 01       		.byte	0x1
 1244 0133 11       		.uleb128 0x11
 1245 0134 01       		.uleb128 0x1
 1246 0135 31       		.uleb128 0x31
 1247 0136 13       		.uleb128 0x13
 1248 0137 00       		.byte	0
 1249 0138 00       		.byte	0
 1250 0139 19       		.uleb128 0x19
 1251 013a 8A8201   		.uleb128 0x410a
 1252 013d 00       		.byte	0
 1253 013e 02       		.uleb128 0x2
 1254 013f 18       		.uleb128 0x18
ARM GAS  /tmp/cc2B3bT0.s 			page 23


 1255 0140 9142     		.uleb128 0x2111
 1256 0142 18       		.uleb128 0x18
 1257 0143 00       		.byte	0
 1258 0144 00       		.byte	0
 1259 0145 1A       		.uleb128 0x1a
 1260 0146 34       		.uleb128 0x34
 1261 0147 00       		.byte	0
 1262 0148 03       		.uleb128 0x3
 1263 0149 0E       		.uleb128 0xe
 1264 014a 3A       		.uleb128 0x3a
 1265 014b 0B       		.uleb128 0xb
 1266 014c 3B       		.uleb128 0x3b
 1267 014d 0B       		.uleb128 0xb
 1268 014e 49       		.uleb128 0x49
 1269 014f 13       		.uleb128 0x13
 1270 0150 3F       		.uleb128 0x3f
 1271 0151 19       		.uleb128 0x19
 1272 0152 3C       		.uleb128 0x3c
 1273 0153 19       		.uleb128 0x19
 1274 0154 00       		.byte	0
 1275 0155 00       		.byte	0
 1276 0156 1B       		.uleb128 0x1b
 1277 0157 34       		.uleb128 0x34
 1278 0158 00       		.byte	0
 1279 0159 03       		.uleb128 0x3
 1280 015a 0E       		.uleb128 0xe
 1281 015b 3A       		.uleb128 0x3a
 1282 015c 0B       		.uleb128 0xb
 1283 015d 3B       		.uleb128 0x3b
 1284 015e 0B       		.uleb128 0xb
 1285 015f 49       		.uleb128 0x49
 1286 0160 13       		.uleb128 0x13
 1287 0161 3F       		.uleb128 0x3f
 1288 0162 19       		.uleb128 0x19
 1289 0163 02       		.uleb128 0x2
 1290 0164 18       		.uleb128 0x18
 1291 0165 00       		.byte	0
 1292 0166 00       		.byte	0
 1293 0167 1C       		.uleb128 0x1c
 1294 0168 2E       		.uleb128 0x2e
 1295 0169 00       		.byte	0
 1296 016a 3F       		.uleb128 0x3f
 1297 016b 19       		.uleb128 0x19
 1298 016c 3C       		.uleb128 0x3c
 1299 016d 19       		.uleb128 0x19
 1300 016e 6E       		.uleb128 0x6e
 1301 016f 0E       		.uleb128 0xe
 1302 0170 03       		.uleb128 0x3
 1303 0171 0E       		.uleb128 0xe
 1304 0172 3A       		.uleb128 0x3a
 1305 0173 0B       		.uleb128 0xb
 1306 0174 3B       		.uleb128 0x3b
 1307 0175 0B       		.uleb128 0xb
 1308 0176 00       		.byte	0
 1309 0177 00       		.byte	0
 1310 0178 00       		.byte	0
 1311              		.section	.debug_loc,"",%progbits
ARM GAS  /tmp/cc2B3bT0.s 			page 24


 1312              	.Ldebug_loc0:
 1313              	.LLST0:
 1314 0000 00000000 		.4byte	.LVL1
 1315 0004 21000000 		.4byte	.LVL4-1
 1316 0008 0100     		.2byte	0x1
 1317 000a 50       		.byte	0x50
 1318 000b 21000000 		.4byte	.LVL4-1
 1319 000f 2C000000 		.4byte	.LFE8
 1320 0013 0400     		.2byte	0x4
 1321 0015 F3       		.byte	0xf3
 1322 0016 01       		.uleb128 0x1
 1323 0017 50       		.byte	0x50
 1324 0018 9F       		.byte	0x9f
 1325 0019 00000000 		.4byte	0
 1326 001d 00000000 		.4byte	0
 1327              	.LLST1:
 1328 0021 0C000000 		.4byte	.LVL2
 1329 0025 26000000 		.4byte	.LVL5
 1330 0029 0100     		.2byte	0x1
 1331 002b 54       		.byte	0x54
 1332 002c 26000000 		.4byte	.LVL5
 1333 0030 2C000000 		.4byte	.LFE8
 1334 0034 0100     		.2byte	0x1
 1335 0036 50       		.byte	0x50
 1336 0037 00000000 		.4byte	0
 1337 003b 00000000 		.4byte	0
 1338              		.section	.debug_aranges,"",%progbits
 1339 0000 24000000 		.4byte	0x24
 1340 0004 0200     		.2byte	0x2
 1341 0006 00000000 		.4byte	.Ldebug_info0
 1342 000a 04       		.byte	0x4
 1343 000b 00       		.byte	0
 1344 000c 0000     		.2byte	0
 1345 000e 0000     		.2byte	0
 1346 0010 00000000 		.4byte	.LFB7
 1347 0014 1C000000 		.4byte	.LFE7-.LFB7
 1348 0018 00000000 		.4byte	.LFB8
 1349 001c 2C000000 		.4byte	.LFE8-.LFB8
 1350 0020 00000000 		.4byte	0
 1351 0024 00000000 		.4byte	0
 1352              		.section	.debug_ranges,"",%progbits
 1353              	.Ldebug_ranges0:
 1354 0000 00000000 		.4byte	.LFB7
 1355 0004 1C000000 		.4byte	.LFE7
 1356 0008 00000000 		.4byte	.LFB8
 1357 000c 2C000000 		.4byte	.LFE8
 1358 0010 00000000 		.4byte	0
 1359 0014 00000000 		.4byte	0
 1360              		.section	.debug_line,"",%progbits
 1361              	.Ldebug_line0:
 1362 0000 2E020000 		.section	.debug_str,"MS",%progbits,1
 1362      0200FA01 
 1362      00000201 
 1362      FB0E0D00 
 1362      01010101 
 1363              	.LASF78:
 1364 0000 63665F6F 		.ascii	"cf_off_older\000"
ARM GAS  /tmp/cc2B3bT0.s 			page 25


 1364      66665F6F 
 1364      6C646572 
 1364      00
 1365              	.LASF41:
 1366 000d 705F6D73 		.ascii	"p_msg\000"
 1366      6700
 1367              	.LASF4:
 1368 0013 73697A65 		.ascii	"size_t\000"
 1368      5F7400
 1369              	.LASF63:
 1370 001a 7264796D 		.ascii	"rdymsg\000"
 1370      736700
 1371              	.LASF5:
 1372 0021 5F5F7569 		.ascii	"__uint8_t\000"
 1372      6E74385F 
 1372      7400
 1373              	.LASF91:
 1374 002b 474E5520 		.ascii	"GNU C11 5.4.1 20160919 (release) [ARM/embedded-5-br"
 1374      43313120 
 1374      352E342E 
 1374      31203230 
 1374      31363039 
 1375 005e 616E6368 		.ascii	"anch revision 240496] -mcpu=cortex-m4 -mno-thumb-in"
 1375      20726576 
 1375      6973696F 
 1375      6E203234 
 1375      30343936 
 1376 0091 74657277 		.ascii	"terwork -mthumb -ggdb -O2 -fomit-frame-pointer -fal"
 1376      6F726B20 
 1376      2D6D7468 
 1376      756D6220 
 1376      2D676764 
 1377 00c4 69676E2D 		.ascii	"ign-functions=16 -ffunction-sections -fdata-section"
 1377      66756E63 
 1377      74696F6E 
 1377      733D3136 
 1377      202D6666 
 1378 00f7 73202D66 		.ascii	"s -fno-common\000"
 1378      6E6F2D63 
 1378      6F6D6D6F 
 1378      6E00
 1379              	.LASF14:
 1380 0105 6C6F6E67 		.ascii	"long long unsigned int\000"
 1380      206C6F6E 
 1380      6720756E 
 1380      7369676E 
 1380      65642069 
 1381              	.LASF74:
 1382 011c 63685F74 		.ascii	"ch_threadsize\000"
 1382      68726561 
 1382      6473697A 
 1382      6500
 1383              	.LASF64:
 1384 012a 65786974 		.ascii	"exitcode\000"
 1384      636F6465 
 1384      00
 1385              	.LASF87:
ARM GAS  /tmp/cc2B3bT0.s 			page 26


 1386 0133 63685265 		.ascii	"chRegFirstThread\000"
 1386      67466972 
 1386      73745468 
 1386      72656164 
 1386      00
 1387              	.LASF30:
 1388 0144 705F7072 		.ascii	"p_prio\000"
 1388      696F00
 1389              	.LASF81:
 1390 014b 63665F6F 		.ascii	"cf_off_state\000"
 1390      66665F73 
 1390      74617465 
 1390      00
 1391              	.LASF1:
 1392 0158 6C6F6E67 		.ascii	"long long int\000"
 1392      206C6F6E 
 1392      6720696E 
 1392      7400
 1393              	.LASF3:
 1394 0166 7369676E 		.ascii	"signed char\000"
 1394      65642063 
 1394      68617200 
 1395              	.LASF80:
 1396 0172 63665F6F 		.ascii	"cf_off_stklimit\000"
 1396      66665F73 
 1396      746B6C69 
 1396      6D697400 
 1397              	.LASF82:
 1398 0182 63665F6F 		.ascii	"cf_off_flags\000"
 1398      66665F66 
 1398      6C616773 
 1398      00
 1399              	.LASF45:
 1400 018f 705F6D70 		.ascii	"p_mpool\000"
 1400      6F6F6C00 
 1401              	.LASF60:
 1402 0197 6D5F7175 		.ascii	"m_queue\000"
 1402      65756500 
 1403              	.LASF23:
 1404 019f 74736C69 		.ascii	"tslices_t\000"
 1404      6365735F 
 1404      7400
 1405              	.LASF11:
 1406 01a9 6C6F6E67 		.ascii	"long int\000"
 1406      20696E74 
 1406      00
 1407              	.LASF21:
 1408 01b2 74737461 		.ascii	"tstate_t\000"
 1408      74655F74 
 1408      00
 1409              	.LASF16:
 1410 01bb 75696E74 		.ascii	"uint16_t\000"
 1410      31365F74 
 1410      00
 1411              	.LASF86:
 1412 01c4 63686465 		.ascii	"chdebug_t\000"
 1412      6275675F 
ARM GAS  /tmp/cc2B3bT0.s 			page 27


 1412      7400
 1413              	.LASF32:
 1414 01ce 705F6E65 		.ascii	"p_newer\000"
 1414      77657200 
 1415              	.LASF12:
 1416 01d6 5F5F7569 		.ascii	"__uint32_t\000"
 1416      6E743332 
 1416      5F7400
 1417              	.LASF48:
 1418 01e1 72656761 		.ascii	"regarm_t\000"
 1418      726D5F74 
 1418      00
 1419              	.LASF0:
 1420 01ea 756E7369 		.ascii	"unsigned int\000"
 1420      676E6564 
 1420      20696E74 
 1420      00
 1421              	.LASF13:
 1422 01f7 6C6F6E67 		.ascii	"long unsigned int\000"
 1422      20756E73 
 1422      69676E65 
 1422      6420696E 
 1422      7400
 1423              	.LASF90:
 1424 0209 63685F64 		.ascii	"ch_debug\000"
 1424      65627567 
 1424      00
 1425              	.LASF68:
 1426 0212 63685F69 		.ascii	"ch_identifier\000"
 1426      64656E74 
 1426      69666965 
 1426      7200
 1427              	.LASF9:
 1428 0220 73686F72 		.ascii	"short unsigned int\000"
 1428      7420756E 
 1428      7369676E 
 1428      65642069 
 1428      6E7400
 1429              	.LASF25:
 1430 0233 6D73675F 		.ascii	"msg_t\000"
 1430      7400
 1431              	.LASF55:
 1432 0239 725F6E65 		.ascii	"r_newer\000"
 1432      77657200 
 1433              	.LASF20:
 1434 0241 746D6F64 		.ascii	"tmode_t\000"
 1434      655F7400 
 1435              	.LASF47:
 1436 0249 54687265 		.ascii	"ThreadsList\000"
 1436      6164734C 
 1436      69737400 
 1437              	.LASF26:
 1438 0255 6576656E 		.ascii	"eventmask_t\000"
 1438      746D6173 
 1438      6B5F7400 
 1439              	.LASF59:
 1440 0261 4D757465 		.ascii	"Mutex\000"
ARM GAS  /tmp/cc2B3bT0.s 			page 28


 1440      7800
 1441              	.LASF69:
 1442 0267 63685F7A 		.ascii	"ch_zero\000"
 1442      65726F00 
 1443              	.LASF83:
 1444 026f 63665F6F 		.ascii	"cf_off_refs\000"
 1444      66665F72 
 1444      65667300 
 1445              	.LASF51:
 1446 027b 73697A65 		.ascii	"sizetype\000"
 1446      74797065 
 1446      00
 1447              	.LASF2:
 1448 0284 6C6F6E67 		.ascii	"long double\000"
 1448      20646F75 
 1448      626C6500 
 1449              	.LASF73:
 1450 0290 63685F74 		.ascii	"ch_timesize\000"
 1450      696D6573 
 1450      697A6500 
 1451              	.LASF79:
 1452 029c 63665F6F 		.ascii	"cf_off_name\000"
 1452      66665F6E 
 1452      616D6500 
 1453              	.LASF33:
 1454 02a8 705F6F6C 		.ascii	"p_older\000"
 1454      64657200 
 1455              	.LASF54:
 1456 02b0 725F6374 		.ascii	"r_ctx\000"
 1456      7800
 1457              	.LASF46:
 1458 02b6 54687265 		.ascii	"ThreadsQueue\000"
 1458      61647351 
 1458      75657565 
 1458      00
 1459              	.LASF70:
 1460 02c3 63685F73 		.ascii	"ch_size\000"
 1460      697A6500 
 1461              	.LASF57:
 1462 02cb 725F6375 		.ascii	"r_current\000"
 1462      7272656E 
 1462      7400
 1463              	.LASF56:
 1464 02d5 725F6F6C 		.ascii	"r_older\000"
 1464      64657200 
 1465              	.LASF22:
 1466 02dd 74726566 		.ascii	"trefs_t\000"
 1466      735F7400 
 1467              	.LASF72:
 1468 02e5 63685F70 		.ascii	"ch_ptrsize\000"
 1468      74727369 
 1468      7A6500
 1469              	.LASF29:
 1470 02f0 705F7072 		.ascii	"p_prev\000"
 1470      657600
 1471              	.LASF24:
 1472 02f7 74707269 		.ascii	"tprio_t\000"
ARM GAS  /tmp/cc2B3bT0.s 			page 29


 1472      6F5F7400 
 1473              	.LASF19:
 1474 02ff 5F426F6F 		.ascii	"_Bool\000"
 1474      6C00
 1475              	.LASF17:
 1476 0305 696E7433 		.ascii	"int32_t\000"
 1476      325F7400 
 1477              	.LASF6:
 1478 030d 756E7369 		.ascii	"unsigned char\000"
 1478      676E6564 
 1478      20636861 
 1478      7200
 1479              	.LASF43:
 1480 031b 705F6D74 		.ascii	"p_mtxlist\000"
 1480      786C6973 
 1480      7400
 1481              	.LASF7:
 1482 0325 73686F72 		.ascii	"short int\000"
 1482      7420696E 
 1482      7400
 1483              	.LASF35:
 1484 032f 705F7374 		.ascii	"p_state\000"
 1484      61746500 
 1485              	.LASF38:
 1486 0337 705F7072 		.ascii	"p_preempt\000"
 1486      65656D70 
 1486      7400
 1487              	.LASF85:
 1488 0341 63665F6F 		.ascii	"cf_off_time\000"
 1488      66665F74 
 1488      696D6500 
 1489              	.LASF53:
 1490 034d 725F7072 		.ascii	"r_prio\000"
 1490      696F00
 1491              	.LASF66:
 1492 0354 65776D61 		.ascii	"ewmask\000"
 1492      736B00
 1493              	.LASF28:
 1494 035b 705F6E65 		.ascii	"p_next\000"
 1494      787400
 1495              	.LASF84:
 1496 0362 63665F6F 		.ascii	"cf_off_preempt\000"
 1496      66665F70 
 1496      7265656D 
 1496      707400
 1497              	.LASF36:
 1498 0371 705F666C 		.ascii	"p_flags\000"
 1498      61677300 
 1499              	.LASF94:
 1500 0379 63685468 		.ascii	"chThdRelease\000"
 1500      6452656C 
 1500      65617365 
 1500      00
 1501              	.LASF27:
 1502 0386 54687265 		.ascii	"Thread\000"
 1502      616400
 1503              	.LASF77:
ARM GAS  /tmp/cc2B3bT0.s 			page 30


 1504 038d 63665F6F 		.ascii	"cf_off_newer\000"
 1504      66665F6E 
 1504      65776572 
 1504      00
 1505              	.LASF42:
 1506 039a 705F6570 		.ascii	"p_epending\000"
 1506      656E6469 
 1506      6E6700
 1507              	.LASF18:
 1508 03a5 75696E74 		.ascii	"uint32_t\000"
 1508      33325F74 
 1508      00
 1509              	.LASF75:
 1510 03ae 63665F6F 		.ascii	"cf_off_prio\000"
 1510      66665F70 
 1510      72696F00 
 1511              	.LASF52:
 1512 03ba 725F7175 		.ascii	"r_queue\000"
 1512      65756500 
 1513              	.LASF67:
 1514 03c2 63686172 		.ascii	"char\000"
 1514      00
 1515              	.LASF88:
 1516 03c7 63685265 		.ascii	"chRegNextThread\000"
 1516      674E6578 
 1516      74546872 
 1516      65616400 
 1517              	.LASF8:
 1518 03d7 5F5F7569 		.ascii	"__uint16_t\000"
 1518      6E743136 
 1518      5F7400
 1519              	.LASF62:
 1520 03e2 6D5F6E65 		.ascii	"m_next\000"
 1520      787400
 1521              	.LASF44:
 1522 03e9 705F7265 		.ascii	"p_realprio\000"
 1522      616C7072 
 1522      696F00
 1523              	.LASF10:
 1524 03f4 5F5F696E 		.ascii	"__int32_t\000"
 1524      7433325F 
 1524      7400
 1525              	.LASF92:
 1526 03fe 2E2E2F43 		.ascii	"../ChibiOS_2.6.9/os/kernel/src/chregistry.c\000"
 1526      68696269 
 1526      4F535F32 
 1526      2E362E39 
 1526      2F6F732F 
 1527              	.LASF50:
 1528 042a 636F6E74 		.ascii	"context\000"
 1528      65787400 
 1529              	.LASF49:
 1530 0432 696E7463 		.ascii	"intctx\000"
 1530      747800
 1531              	.LASF40:
 1532 0439 705F6D73 		.ascii	"p_msgqueue\000"
 1532      67717565 
ARM GAS  /tmp/cc2B3bT0.s 			page 31


 1532      756500
 1533              	.LASF76:
 1534 0444 63665F6F 		.ascii	"cf_off_ctx\000"
 1534      66665F63 
 1534      747800
 1535              	.LASF37:
 1536 044f 705F7265 		.ascii	"p_refs\000"
 1536      667300
 1537              	.LASF58:
 1538 0456 52656164 		.ascii	"ReadyList\000"
 1538      794C6973 
 1538      7400
 1539              	.LASF93:
 1540 0460 2F686F6D 		.ascii	"/home/mark/repos/pc_gamecontroller\000"
 1540      652F6D61 
 1540      726B2F72 
 1540      65706F73 
 1540      2F70635F 
 1541              	.LASF89:
 1542 0483 726C6973 		.ascii	"rlist\000"
 1542      7400
 1543              	.LASF15:
 1544 0489 75696E74 		.ascii	"uint8_t\000"
 1544      385F7400 
 1545              	.LASF65:
 1546 0491 77746F62 		.ascii	"wtobjp\000"
 1546      6A7000
 1547              	.LASF34:
 1548 0498 705F6E61 		.ascii	"p_name\000"
 1548      6D6500
 1549              	.LASF71:
 1550 049f 63685F76 		.ascii	"ch_version\000"
 1550      65727369 
 1550      6F6E00
 1551              	.LASF61:
 1552 04aa 6D5F6F77 		.ascii	"m_owner\000"
 1552      6E657200 
 1553              	.LASF31:
 1554 04b2 705F6374 		.ascii	"p_ctx\000"
 1554      7800
 1555              	.LASF39:
 1556 04b8 705F7761 		.ascii	"p_waiting\000"
 1556      6974696E 
 1556      6700
 1557              		.ident	"GCC: (GNU Tools for ARM Embedded Processors) 5.4.1 20160919 (release) [ARM/embedded-5-bran
ARM GAS  /tmp/cc2B3bT0.s 			page 32


DEFINED SYMBOLS
                            *ABS*:00000000 chregistry.c
     /tmp/cc2B3bT0.s:20     .text.chRegFirstThread:00000000 $t
     /tmp/cc2B3bT0.s:26     .text.chRegFirstThread:00000000 chRegFirstThread
     /tmp/cc2B3bT0.s:67     .text.chRegFirstThread:00000018 $d
     /tmp/cc2B3bT0.s:72     .text.chRegNextThread:00000000 $t
     /tmp/cc2B3bT0.s:78     .text.chRegNextThread:00000000 chRegNextThread
     /tmp/cc2B3bT0.s:134    .text.chRegNextThread:00000028 $d
     /tmp/cc2B3bT0.s:143    .rodata.ch_debug:00000000 ch_debug
     /tmp/cc2B3bT0.s:140    .rodata.ch_debug:00000000 $d
                     .debug_frame:00000010 $d

UNDEFINED SYMBOLS
rlist
chThdRelease
