ARM GAS  /tmp/cc4QvDLz.s 			page 1


   1              		.syntax unified
   2              		.cpu cortex-m4
   3              		.fpu softvfp
   4              		.eabi_attribute 20, 1
   5              		.eabi_attribute 21, 1
   6              		.eabi_attribute 23, 3
   7              		.eabi_attribute 24, 1
   8              		.eabi_attribute 25, 1
   9              		.eabi_attribute 26, 1
  10              		.eabi_attribute 30, 2
  11              		.eabi_attribute 34, 1
  12              		.eabi_attribute 18, 4
  13              		.thumb
  14              		.syntax unified
  15              		.file	"chsys.c"
  16              		.text
  17              	.Ltext0:
  18              		.cfi_sections	.debug_frame
  19              		.section	.text._idle_thread,"ax",%progbits
  20              		.align	2
  21              		.p2align 4,,15
  22              		.global	_idle_thread
  23              		.thumb
  24              		.thumb_func
  25              		.type	_idle_thread, %function
  26              	_idle_thread:
  27              	.LFB7:
  28              		.file 1 "../ChibiOS_2.6.9/os/kernel/src/chsys.c"
  29              		.loc 1 61 0
  30              		.cfi_startproc
  31              		@ Volatile: function does not return.
  32              		@ args = 0, pretend = 0, frame = 0
  33              		@ frame_needed = 0, uses_anonymous_args = 0
  34              		@ link register save eliminated.
  35              	.LVL0:
  36              		.loc 1 64 0
  37 0000 024B     		ldr	r3, .L4
  38 0002 034A     		ldr	r2, .L4+4
  39 0004 9B69     		ldr	r3, [r3, #24]
  40 0006 9A61     		str	r2, [r3, #24]
  41              	.L2:
  42 0008 FEE7     		b	.L2
  43              	.L5:
  44 000a 00BF     		.align	2
  45              	.L4:
  46 000c 00000000 		.word	rlist
  47 0010 00000000 		.word	.LC0
  48              		.cfi_endproc
  49              	.LFE7:
  50              		.size	_idle_thread, .-_idle_thread
  51              		.section	.text.chSysInit,"ax",%progbits
  52              		.align	2
  53              		.p2align 4,,15
  54              		.global	chSysInit
  55              		.thumb
  56              		.thumb_func
  57              		.type	chSysInit, %function
ARM GAS  /tmp/cc4QvDLz.s 			page 2


  58              	chSysInit:
  59              	.LFB8:
  60              		.loc 1 84 0
  61              		.cfi_startproc
  62              		@ args = 0, pretend = 0, frame = 0
  63              		@ frame_needed = 0, uses_anonymous_args = 0
  64 0000 00B5     		push	{lr}
  65              		.cfi_def_cfa_offset 4
  66              		.cfi_offset 14, -4
  67 0002 83B0     		sub	sp, sp, #12
  68              		.cfi_def_cfa_offset 16
  69              		.loc 1 90 0
  70 0004 FFF7FEFF 		bl	_port_init
  71              	.LVL1:
  72              		.loc 1 91 0
  73 0008 FFF7FEFF 		bl	_scheduler_init
  74              	.LVL2:
  75              		.loc 1 92 0
  76 000c FFF7FEFF 		bl	_vt_init
  77              	.LVL3:
  78              		.loc 1 94 0
  79 0010 FFF7FEFF 		bl	_core_init
  80              	.LVL4:
  81              		.loc 1 97 0
  82 0014 FFF7FEFF 		bl	_heap_init
  83              	.LVL5:
  84              		.loc 1 104 0
  85 0018 4021     		movs	r1, #64
  86 001a 0B48     		ldr	r0, .L8
  87 001c FFF7FEFF 		bl	_thread_init
  88              	.LVL6:
  89 0020 0A49     		ldr	r1, .L8+4
  90              		.loc 1 105 0
  91 0022 0122     		movs	r2, #1
  92              		.loc 1 104 0
  93 0024 8861     		str	r0, [r1, #24]
  94              		.loc 1 105 0
  95 0026 0277     		strb	r2, [r0, #28]
  96              	.LBB2:
  97              		.loc 1 111 0
  98 0028 0023     		movs	r3, #0
  99              		.syntax unified
 100              	@ 111 "../ChibiOS_2.6.9/os/kernel/src/chsys.c" 1
 101 002a 83F31188 		msr     BASEPRI, r3                    
 102 002e 62B6     		cpsie   i
 103              	@ 0 "" 2
 104              		.thumb
 105              		.syntax unified
 106              	.LBE2:
 107              		.loc 1 115 0
 108 0030 8969     		ldr	r1, [r1, #24]
 109 0032 0748     		ldr	r0, .L8+8
 110 0034 8861     		str	r0, [r1, #24]
 111              		.loc 1 121 0
 112 0036 0093     		str	r3, [sp]
 113 0038 D821     		movs	r1, #216
 114 003a 064B     		ldr	r3, .L8+12
ARM GAS  /tmp/cc4QvDLz.s 			page 3


 115 003c 0648     		ldr	r0, .L8+16
 116 003e FFF7FEFF 		bl	chThdCreateStatic
 117              	.LVL7:
 118              		.loc 1 124 0
 119 0042 03B0     		add	sp, sp, #12
 120              		.cfi_def_cfa_offset 4
 121              		@ sp needed
 122 0044 5DF804FB 		ldr	pc, [sp], #4
 123              	.L9:
 124              		.align	2
 125              	.L8:
 126 0048 00000000 		.word	.LANCHOR0
 127 004c 00000000 		.word	rlist
 128 0050 00000000 		.word	ch_debug
 129 0054 00000000 		.word	_idle_thread
 130 0058 00000000 		.word	.LANCHOR1
 131              		.cfi_endproc
 132              	.LFE8:
 133              		.size	chSysInit, .-chSysInit
 134              		.section	.text.chSysTimerHandlerI,"ax",%progbits
 135              		.align	2
 136              		.p2align 4,,15
 137              		.global	chSysTimerHandlerI
 138              		.thumb
 139              		.thumb_func
 140              		.type	chSysTimerHandlerI, %function
 141              	chSysTimerHandlerI:
 142              	.LFB9:
 143              		.loc 1 137 0
 144              		.cfi_startproc
 145              		@ args = 0, pretend = 0, frame = 0
 146              		@ frame_needed = 0, uses_anonymous_args = 0
 147 0000 70B5     		push	{r4, r5, r6, lr}
 148              		.cfi_def_cfa_offset 16
 149              		.cfi_offset 4, -16
 150              		.cfi_offset 5, -12
 151              		.cfi_offset 6, -8
 152              		.cfi_offset 14, -4
 153              		.loc 1 143 0
 154 0002 114B     		ldr	r3, .L21
 155 0004 9A69     		ldr	r2, [r3, #24]
 156 0006 D37F     		ldrb	r3, [r2, #31]	@ zero_extendqisi2
 157 0008 0BB1     		cbz	r3, .L11
 158              		.loc 1 145 0
 159 000a 013B     		subs	r3, r3, #1
 160 000c D377     		strb	r3, [r2, #31]
 161              	.L11:
 162              		.loc 1 150 0
 163 000e 0F4C     		ldr	r4, .L21+4
 164 0010 E368     		ldr	r3, [r4, #12]
 165 0012 2268     		ldr	r2, [r4]
 166 0014 0133     		adds	r3, r3, #1
 167 0016 A242     		cmp	r2, r4
 168 0018 E360     		str	r3, [r4, #12]
 169 001a 14D0     		beq	.L10
 170              	.LBB3:
 171              		.loc 1 150 0 is_stmt 0 discriminator 1
ARM GAS  /tmp/cc4QvDLz.s 			page 4


 172 001c 9668     		ldr	r6, [r2, #8]
 173 001e 013E     		subs	r6, r6, #1
 174 0020 9660     		str	r6, [r2, #8]
 175              	.LVL8:
 176 0022 86B9     		cbnz	r6, .L10
 177              	.L14:
 178              	.LBB4:
 179              		.loc 1 150 0 discriminator 4
 180 0024 1168     		ldr	r1, [r2]
 181 0026 D568     		ldr	r5, [r2, #12]
 182              	.LVL9:
 183 0028 2160     		str	r1, [r4]
 184 002a D660     		str	r6, [r2, #12]
 185              	.LBB5:
 186 002c 0023     		movs	r3, #0
 187              	.LBE5:
 188 002e 4C60     		str	r4, [r1, #4]
 189              	.LBB6:
 190              		.syntax unified
 191              	@ 150 "../ChibiOS_2.6.9/os/kernel/src/chsys.c" 1
 192 0030 83F31188 		msr     BASEPRI, r3
 193              	@ 0 "" 2
 194              		.thumb
 195              		.syntax unified
 196              	.LBE6:
 197 0034 1069     		ldr	r0, [r2, #16]
 198 0036 A847     		blx	r5
 199              	.LVL10:
 200              	.LBB7:
 201 0038 2023     		movs	r3, #32
 202              		.syntax unified
 203              	@ 150 "../ChibiOS_2.6.9/os/kernel/src/chsys.c" 1
 204 003a 83F31188 		msr     BASEPRI, r3
 205              	@ 0 "" 2
 206              		.thumb
 207              		.syntax unified
 208              	.LBE7:
 209              	.LBE4:
 210 003e 2268     		ldr	r2, [r4]
 211              	.LVL11:
 212 0040 9368     		ldr	r3, [r2, #8]
 213 0042 002B     		cmp	r3, #0
 214 0044 EED0     		beq	.L14
 215              	.LVL12:
 216              	.L10:
 217 0046 70BD     		pop	{r4, r5, r6, pc}
 218              	.L22:
 219              		.align	2
 220              	.L21:
 221 0048 00000000 		.word	rlist
 222 004c 00000000 		.word	vtlist
 223              	.LBE3:
 224              		.cfi_endproc
 225              	.LFE9:
 226              		.size	chSysTimerHandlerI, .-chSysTimerHandlerI
 227              		.global	_idle_thread_wa
 228              		.section	.rodata.str1.4,"aMS",%progbits,1
ARM GAS  /tmp/cc4QvDLz.s 			page 5


 229              		.align	2
 230              	.LC0:
 231 0000 69646C65 		.ascii	"idle\000"
 231      00
 232              		.section	.bss.mainthread.4903,"aw",%nobits
 233              		.align	2
 234              		.set	.LANCHOR0,. + 0
 235              		.type	mainthread.4903, %object
 236              		.size	mainthread.4903, 68
 237              	mainthread.4903:
 238 0000 00000000 		.space	68
 238      00000000 
 238      00000000 
 238      00000000 
 238      00000000 
 239              		.section	.bss._idle_thread_wa,"aw",%nobits
 240              		.align	3
 241              		.set	.LANCHOR1,. + 0
 242              		.type	_idle_thread_wa, %object
 243              		.size	_idle_thread_wa, 216
 244              	_idle_thread_wa:
 245 0000 00000000 		.space	216
 245      00000000 
 245      00000000 
 245      00000000 
 245      00000000 
 246              		.text
 247              	.Letext0:
 248              		.file 2 "/usr/local/gcc-arm-none-eabi-5_4-2016q3/arm-none-eabi/include/machine/_default_types.h"
 249              		.file 3 "/usr/local/gcc-arm-none-eabi-5_4-2016q3/arm-none-eabi/include/sys/_stdint.h"
 250              		.file 4 "../ChibiOS_2.6.9/os/ports/GCC/ARMCMx/chtypes.h"
 251              		.file 5 "../ChibiOS_2.6.9/os/kernel/include/chlists.h"
 252              		.file 6 "../ChibiOS_2.6.9/os/kernel/include/chthreads.h"
 253              		.file 7 "../ChibiOS_2.6.9/os/ports/GCC/ARMCMx/chcore_v7m.h"
 254              		.file 8 "../ChibiOS_2.6.9/os/kernel/include/chvt.h"
 255              		.file 9 "../ChibiOS_2.6.9/os/kernel/include/chschd.h"
 256              		.file 10 "../ChibiOS_2.6.9/os/kernel/include/chmtx.h"
 257              		.file 11 "../ChibiOS_2.6.9/os/kernel/include/chregistry.h"
 258              		.file 12 "../ChibiOS_2.6.9/os/kernel/include/chmemcore.h"
 259              		.file 13 "../ChibiOS_2.6.9/os/kernel/include/chheap.h"
 260              		.section	.debug_info,"",%progbits
 261              	.Ldebug_info0:
 262 0000 FE070000 		.4byte	0x7fe
 263 0004 0400     		.2byte	0x4
 264 0006 00000000 		.4byte	.Ldebug_abbrev0
 265 000a 04       		.byte	0x4
 266 000b 01       		.uleb128 0x1
 267 000c 50000000 		.4byte	.LASF114
 268 0010 0C       		.byte	0xc
 269 0011 BB020000 		.4byte	.LASF115
 270 0015 2E050000 		.4byte	.LASF116
 271 0019 18000000 		.4byte	.Ldebug_ranges0+0x18
 272 001d 00000000 		.4byte	0
 273 0021 00000000 		.4byte	.Ldebug_line0
 274 0025 02       		.uleb128 0x2
 275 0026 04       		.byte	0x4
 276 0027 05       		.byte	0x5
ARM GAS  /tmp/cc4QvDLz.s 			page 6


 277 0028 696E7400 		.ascii	"int\000"
 278 002c 03       		.uleb128 0x3
 279 002d 04       		.byte	0x4
 280 002e 07       		.byte	0x7
 281 002f 46020000 		.4byte	.LASF0
 282 0033 03       		.uleb128 0x3
 283 0034 08       		.byte	0x8
 284 0035 05       		.byte	0x5
 285 0036 87010000 		.4byte	.LASF1
 286 003a 03       		.uleb128 0x3
 287 003b 08       		.byte	0x8
 288 003c 04       		.byte	0x4
 289 003d 4A030000 		.4byte	.LASF2
 290 0041 03       		.uleb128 0x3
 291 0042 01       		.byte	0x1
 292 0043 06       		.byte	0x6
 293 0044 95010000 		.4byte	.LASF3
 294 0048 04       		.uleb128 0x4
 295 0049 2C000000 		.4byte	.LASF6
 296 004d 02       		.byte	0x2
 297 004e 1D       		.byte	0x1d
 298 004f 53000000 		.4byte	0x53
 299 0053 03       		.uleb128 0x3
 300 0054 01       		.byte	0x1
 301 0055 08       		.byte	0x8
 302 0056 EB030000 		.4byte	.LASF4
 303 005a 03       		.uleb128 0x3
 304 005b 02       		.byte	0x2
 305 005c 05       		.byte	0x5
 306 005d 0E040000 		.4byte	.LASF5
 307 0061 04       		.uleb128 0x4
 308 0062 B0040000 		.4byte	.LASF7
 309 0066 02       		.byte	0x2
 310 0067 2B       		.byte	0x2b
 311 0068 6C000000 		.4byte	0x6c
 312 006c 03       		.uleb128 0x3
 313 006d 02       		.byte	0x2
 314 006e 07       		.byte	0x7
 315 006f 9A020000 		.4byte	.LASF8
 316 0073 04       		.uleb128 0x4
 317 0074 D7040000 		.4byte	.LASF9
 318 0078 02       		.byte	0x2
 319 0079 3F       		.byte	0x3f
 320 007a 7E000000 		.4byte	0x7e
 321 007e 03       		.uleb128 0x3
 322 007f 04       		.byte	0x4
 323 0080 05       		.byte	0x5
 324 0081 D8010000 		.4byte	.LASF10
 325 0085 04       		.uleb128 0x4
 326 0086 15020000 		.4byte	.LASF11
 327 008a 02       		.byte	0x2
 328 008b 41       		.byte	0x41
 329 008c 90000000 		.4byte	0x90
 330 0090 03       		.uleb128 0x3
 331 0091 04       		.byte	0x4
 332 0092 07       		.byte	0x7
 333 0093 68020000 		.4byte	.LASF12
ARM GAS  /tmp/cc4QvDLz.s 			page 7


 334 0097 04       		.uleb128 0x4
 335 0098 B0030000 		.4byte	.LASF13
 336 009c 02       		.byte	0x2
 337 009d 5B       		.byte	0x5b
 338 009e A2000000 		.4byte	0xa2
 339 00a2 03       		.uleb128 0x3
 340 00a3 08       		.byte	0x8
 341 00a4 07       		.byte	0x7
 342 00a5 2A010000 		.4byte	.LASF14
 343 00a9 04       		.uleb128 0x4
 344 00aa 57050000 		.4byte	.LASF15
 345 00ae 03       		.byte	0x3
 346 00af 18       		.byte	0x18
 347 00b0 48000000 		.4byte	0x48
 348 00b4 04       		.uleb128 0x4
 349 00b5 EA010000 		.4byte	.LASF16
 350 00b9 03       		.byte	0x3
 351 00ba 24       		.byte	0x24
 352 00bb 61000000 		.4byte	0x61
 353 00bf 04       		.uleb128 0x4
 354 00c0 E3030000 		.4byte	.LASF17
 355 00c4 03       		.byte	0x3
 356 00c5 2C       		.byte	0x2c
 357 00c6 73000000 		.4byte	0x73
 358 00ca 04       		.uleb128 0x4
 359 00cb 81040000 		.4byte	.LASF18
 360 00cf 03       		.byte	0x3
 361 00d0 30       		.byte	0x30
 362 00d1 85000000 		.4byte	0x85
 363 00d5 04       		.uleb128 0x4
 364 00d6 23000000 		.4byte	.LASF19
 365 00da 03       		.byte	0x3
 366 00db 3C       		.byte	0x3c
 367 00dc 97000000 		.4byte	0x97
 368 00e0 03       		.uleb128 0x3
 369 00e1 01       		.byte	0x1
 370 00e2 02       		.byte	0x2
 371 00e3 DD030000 		.4byte	.LASF20
 372 00e7 04       		.uleb128 0x4
 373 00e8 E2020000 		.4byte	.LASF21
 374 00ec 04       		.byte	0x4
 375 00ed 2C       		.byte	0x2c
 376 00ee A9000000 		.4byte	0xa9
 377 00f2 04       		.uleb128 0x4
 378 00f3 E1010000 		.4byte	.LASF22
 379 00f7 04       		.byte	0x4
 380 00f8 2D       		.byte	0x2d
 381 00f9 A9000000 		.4byte	0xa9
 382 00fd 04       		.uleb128 0x4
 383 00fe BB030000 		.4byte	.LASF23
 384 0102 04       		.byte	0x4
 385 0103 2E       		.byte	0x2e
 386 0104 A9000000 		.4byte	0xa9
 387 0108 04       		.uleb128 0x4
 388 0109 CE010000 		.4byte	.LASF24
 389 010d 04       		.byte	0x4
 390 010e 2F       		.byte	0x2f
ARM GAS  /tmp/cc4QvDLz.s 			page 8


 391 010f A9000000 		.4byte	0xa9
 392 0113 04       		.uleb128 0x4
 393 0114 D5030000 		.4byte	.LASF25
 394 0118 04       		.byte	0x4
 395 0119 30       		.byte	0x30
 396 011a CA000000 		.4byte	0xca
 397 011e 04       		.uleb128 0x4
 398 011f AD020000 		.4byte	.LASF26
 399 0123 04       		.byte	0x4
 400 0124 31       		.byte	0x31
 401 0125 BF000000 		.4byte	0xbf
 402 0129 04       		.uleb128 0x4
 403 012a F6020000 		.4byte	.LASF27
 404 012e 04       		.byte	0x4
 405 012f 33       		.byte	0x33
 406 0130 CA000000 		.4byte	0xca
 407 0134 04       		.uleb128 0x4
 408 0135 C2040000 		.4byte	.LASF28
 409 0139 04       		.byte	0x4
 410 013a 35       		.byte	0x35
 411 013b CA000000 		.4byte	0xca
 412 013f 04       		.uleb128 0x4
 413 0140 62040000 		.4byte	.LASF29
 414 0144 05       		.byte	0x5
 415 0145 2A       		.byte	0x2a
 416 0146 4A010000 		.4byte	0x14a
 417 014a 05       		.uleb128 0x5
 418 014b 62040000 		.4byte	.LASF29
 419 014f 44       		.byte	0x44
 420 0150 06       		.byte	0x6
 421 0151 5E       		.byte	0x5e
 422 0152 3B020000 		.4byte	0x23b
 423 0156 06       		.uleb128 0x6
 424 0157 44040000 		.4byte	.LASF30
 425 015b 06       		.byte	0x6
 426 015c 5F       		.byte	0x5f
 427 015d 5C020000 		.4byte	0x25c
 428 0161 00       		.byte	0
 429 0162 06       		.uleb128 0x6
 430 0163 CE030000 		.4byte	.LASF31
 431 0167 06       		.byte	0x6
 432 0168 61       		.byte	0x61
 433 0169 5C020000 		.4byte	0x25c
 434 016d 04       		.byte	0x4
 435 016e 06       		.uleb128 0x6
 436 016f 63010000 		.4byte	.LASF32
 437 0173 06       		.byte	0x6
 438 0174 63       		.byte	0x63
 439 0175 13010000 		.4byte	0x113
 440 0179 08       		.byte	0x8
 441 017a 06       		.uleb128 0x6
 442 017b 9D050000 		.4byte	.LASF33
 443 017f 06       		.byte	0x6
 444 0180 64       		.byte	0x64
 445 0181 21030000 		.4byte	0x321
 446 0185 0C       		.byte	0xc
 447 0186 06       		.uleb128 0x6
ARM GAS  /tmp/cc4QvDLz.s 			page 9


 448 0187 FD010000 		.4byte	.LASF34
 449 018b 06       		.byte	0x6
 450 018c 66       		.byte	0x66
 451 018d 5C020000 		.4byte	0x25c
 452 0191 10       		.byte	0x10
 453 0192 06       		.uleb128 0x6
 454 0193 6E030000 		.4byte	.LASF35
 455 0197 06       		.byte	0x6
 456 0198 67       		.byte	0x67
 457 0199 5C020000 		.4byte	0x25c
 458 019d 14       		.byte	0x14
 459 019e 06       		.uleb128 0x6
 460 019f 71050000 		.4byte	.LASF36
 461 01a3 06       		.byte	0x6
 462 01a4 6E       		.byte	0x6e
 463 01a5 DB040000 		.4byte	0x4db
 464 01a9 18       		.byte	0x18
 465 01aa 06       		.uleb128 0x6
 466 01ab 18040000 		.4byte	.LASF37
 467 01af 06       		.byte	0x6
 468 01b0 79       		.byte	0x79
 469 01b1 F2000000 		.4byte	0xf2
 470 01b5 1C       		.byte	0x1c
 471 01b6 06       		.uleb128 0x6
 472 01b7 5A040000 		.4byte	.LASF38
 473 01bb 06       		.byte	0x6
 474 01bc 7D       		.byte	0x7d
 475 01bd E7000000 		.4byte	0xe7
 476 01c1 1D       		.byte	0x1d
 477 01c2 06       		.uleb128 0x6
 478 01c3 1D050000 		.4byte	.LASF39
 479 01c7 06       		.byte	0x6
 480 01c8 82       		.byte	0x82
 481 01c9 FD000000 		.4byte	0xfd
 482 01cd 1E       		.byte	0x1e
 483 01ce 06       		.uleb128 0x6
 484 01cf 20040000 		.4byte	.LASF40
 485 01d3 06       		.byte	0x6
 486 01d4 88       		.byte	0x88
 487 01d5 08010000 		.4byte	0x108
 488 01d9 1F       		.byte	0x1f
 489 01da 07       		.uleb128 0x7
 490 01db 705F7500 		.ascii	"p_u\000"
 491 01df 06       		.byte	0x6
 492 01e0 B4       		.byte	0xb4
 493 01e1 A6040000 		.4byte	0x4a6
 494 01e5 20       		.byte	0x20
 495 01e6 06       		.uleb128 0x6
 496 01e7 A3050000 		.4byte	.LASF41
 497 01eb 06       		.byte	0x6
 498 01ec B9       		.byte	0xb9
 499 01ed 82020000 		.4byte	0x282
 500 01f1 24       		.byte	0x24
 501 01f2 06       		.uleb128 0x6
 502 01f3 F9040000 		.4byte	.LASF42
 503 01f7 06       		.byte	0x6
 504 01f8 BF       		.byte	0xbf
ARM GAS  /tmp/cc4QvDLz.s 			page 10


 505 01f9 62020000 		.4byte	0x262
 506 01fd 28       		.byte	0x28
 507 01fe 06       		.uleb128 0x6
 508 01ff 15000000 		.4byte	.LASF43
 509 0203 06       		.byte	0x6
 510 0204 C3       		.byte	0xc3
 511 0205 1E010000 		.4byte	0x11e
 512 0209 30       		.byte	0x30
 513 020a 06       		.uleb128 0x6
 514 020b 76040000 		.4byte	.LASF44
 515 020f 06       		.byte	0x6
 516 0210 C9       		.byte	0xc9
 517 0211 29010000 		.4byte	0x129
 518 0215 34       		.byte	0x34
 519 0216 06       		.uleb128 0x6
 520 0217 04040000 		.4byte	.LASF45
 521 021b 06       		.byte	0x6
 522 021c D0       		.byte	0xd0
 523 021d ED040000 		.4byte	0x4ed
 524 0221 38       		.byte	0x38
 525 0222 06       		.uleb128 0x6
 526 0223 CC040000 		.4byte	.LASF46
 527 0227 06       		.byte	0x6
 528 0228 D4       		.byte	0xd4
 529 0229 13010000 		.4byte	0x113
 530 022d 3C       		.byte	0x3c
 531 022e 06       		.uleb128 0x6
 532 022f BE010000 		.4byte	.LASF47
 533 0233 06       		.byte	0x6
 534 0234 DA       		.byte	0xda
 535 0235 98020000 		.4byte	0x298
 536 0239 40       		.byte	0x40
 537 023a 00       		.byte	0
 538 023b 08       		.uleb128 0x8
 539 023c 08       		.byte	0x8
 540 023d 05       		.byte	0x5
 541 023e 61       		.byte	0x61
 542 023f 5C020000 		.4byte	0x25c
 543 0243 06       		.uleb128 0x6
 544 0244 44040000 		.4byte	.LASF30
 545 0248 05       		.byte	0x5
 546 0249 62       		.byte	0x62
 547 024a 5C020000 		.4byte	0x25c
 548 024e 00       		.byte	0
 549 024f 06       		.uleb128 0x6
 550 0250 CE030000 		.4byte	.LASF31
 551 0254 05       		.byte	0x5
 552 0255 64       		.byte	0x64
 553 0256 5C020000 		.4byte	0x25c
 554 025a 04       		.byte	0x4
 555 025b 00       		.byte	0
 556 025c 09       		.uleb128 0x9
 557 025d 04       		.byte	0x4
 558 025e 3F010000 		.4byte	0x13f
 559 0262 04       		.uleb128 0x4
 560 0263 7C030000 		.4byte	.LASF48
 561 0267 05       		.byte	0x5
ARM GAS  /tmp/cc4QvDLz.s 			page 11


 562 0268 66       		.byte	0x66
 563 0269 3B020000 		.4byte	0x23b
 564 026d 08       		.uleb128 0x8
 565 026e 04       		.byte	0x4
 566 026f 05       		.byte	0x5
 567 0270 6B       		.byte	0x6b
 568 0271 82020000 		.4byte	0x282
 569 0275 06       		.uleb128 0x6
 570 0276 44040000 		.4byte	.LASF30
 571 027a 05       		.byte	0x5
 572 027b 6D       		.byte	0x6d
 573 027c 5C020000 		.4byte	0x25c
 574 0280 00       		.byte	0
 575 0281 00       		.byte	0
 576 0282 04       		.uleb128 0x4
 577 0283 EA020000 		.4byte	.LASF49
 578 0287 05       		.byte	0x5
 579 0288 70       		.byte	0x70
 580 0289 6D020000 		.4byte	0x26d
 581 028d 04       		.uleb128 0x4
 582 028e 20020000 		.4byte	.LASF50
 583 0292 07       		.byte	0x7
 584 0293 E5       		.byte	0xe5
 585 0294 98020000 		.4byte	0x298
 586 0298 0A       		.uleb128 0xa
 587 0299 04       		.byte	0x4
 588 029a 04       		.uleb128 0x4
 589 029b 08030000 		.4byte	.LASF51
 590 029f 07       		.byte	0x7
 591 02a0 EB       		.byte	0xeb
 592 02a1 D5000000 		.4byte	0xd5
 593 02a5 0B       		.uleb128 0xb
 594 02a6 F2040000 		.4byte	.LASF52
 595 02aa 24       		.byte	0x24
 596 02ab 07       		.byte	0x7
 597 02ac 0C01     		.2byte	0x10c
 598 02ae 21030000 		.4byte	0x321
 599 02b2 0C       		.uleb128 0xc
 600 02b3 723400   		.ascii	"r4\000"
 601 02b6 07       		.byte	0x7
 602 02b7 1F01     		.2byte	0x11f
 603 02b9 8D020000 		.4byte	0x28d
 604 02bd 00       		.byte	0
 605 02be 0C       		.uleb128 0xc
 606 02bf 723500   		.ascii	"r5\000"
 607 02c2 07       		.byte	0x7
 608 02c3 2001     		.2byte	0x120
 609 02c5 8D020000 		.4byte	0x28d
 610 02c9 04       		.byte	0x4
 611 02ca 0C       		.uleb128 0xc
 612 02cb 723600   		.ascii	"r6\000"
 613 02ce 07       		.byte	0x7
 614 02cf 2101     		.2byte	0x121
 615 02d1 8D020000 		.4byte	0x28d
 616 02d5 08       		.byte	0x8
 617 02d6 0C       		.uleb128 0xc
 618 02d7 723700   		.ascii	"r7\000"
ARM GAS  /tmp/cc4QvDLz.s 			page 12


 619 02da 07       		.byte	0x7
 620 02db 2201     		.2byte	0x122
 621 02dd 8D020000 		.4byte	0x28d
 622 02e1 0C       		.byte	0xc
 623 02e2 0C       		.uleb128 0xc
 624 02e3 723800   		.ascii	"r8\000"
 625 02e6 07       		.byte	0x7
 626 02e7 2301     		.2byte	0x123
 627 02e9 8D020000 		.4byte	0x28d
 628 02ed 10       		.byte	0x10
 629 02ee 0C       		.uleb128 0xc
 630 02ef 723900   		.ascii	"r9\000"
 631 02f2 07       		.byte	0x7
 632 02f3 2401     		.2byte	0x124
 633 02f5 8D020000 		.4byte	0x28d
 634 02f9 14       		.byte	0x14
 635 02fa 0C       		.uleb128 0xc
 636 02fb 72313000 		.ascii	"r10\000"
 637 02ff 07       		.byte	0x7
 638 0300 2501     		.2byte	0x125
 639 0302 8D020000 		.4byte	0x28d
 640 0306 18       		.byte	0x18
 641 0307 0C       		.uleb128 0xc
 642 0308 72313100 		.ascii	"r11\000"
 643 030c 07       		.byte	0x7
 644 030d 2601     		.2byte	0x126
 645 030f 8D020000 		.4byte	0x28d
 646 0313 1C       		.byte	0x1c
 647 0314 0C       		.uleb128 0xc
 648 0315 6C7200   		.ascii	"lr\000"
 649 0318 07       		.byte	0x7
 650 0319 2701     		.2byte	0x127
 651 031b 8D020000 		.4byte	0x28d
 652 031f 20       		.byte	0x20
 653 0320 00       		.byte	0
 654 0321 0B       		.uleb128 0xb
 655 0322 EA040000 		.4byte	.LASF53
 656 0326 04       		.byte	0x4
 657 0327 07       		.byte	0x7
 658 0328 3101     		.2byte	0x131
 659 032a 3C030000 		.4byte	0x33c
 660 032e 0C       		.uleb128 0xc
 661 032f 72313300 		.ascii	"r13\000"
 662 0333 07       		.byte	0x7
 663 0334 3201     		.2byte	0x132
 664 0336 3C030000 		.4byte	0x33c
 665 033a 00       		.byte	0
 666 033b 00       		.byte	0
 667 033c 09       		.uleb128 0x9
 668 033d 04       		.byte	0x4
 669 033e A5020000 		.4byte	0x2a5
 670 0342 03       		.uleb128 0x3
 671 0343 04       		.byte	0x4
 672 0344 07       		.byte	0x7
 673 0345 41030000 		.4byte	.LASF54
 674 0349 04       		.uleb128 0x4
 675 034a 83020000 		.4byte	.LASF55
ARM GAS  /tmp/cc4QvDLz.s 			page 13


 676 034e 08       		.byte	0x8
 677 034f 58       		.byte	0x58
 678 0350 54030000 		.4byte	0x354
 679 0354 09       		.uleb128 0x9
 680 0355 04       		.byte	0x4
 681 0356 5A030000 		.4byte	0x35a
 682 035a 0D       		.uleb128 0xd
 683 035b 65030000 		.4byte	0x365
 684 035f 0E       		.uleb128 0xe
 685 0360 98020000 		.4byte	0x298
 686 0364 00       		.byte	0
 687 0365 04       		.uleb128 0x4
 688 0366 9E040000 		.4byte	.LASF56
 689 036a 08       		.byte	0x8
 690 036b 5D       		.byte	0x5d
 691 036c 70030000 		.4byte	0x370
 692 0370 05       		.uleb128 0x5
 693 0371 9E040000 		.4byte	.LASF56
 694 0375 14       		.byte	0x14
 695 0376 08       		.byte	0x8
 696 0377 64       		.byte	0x64
 697 0378 B9030000 		.4byte	0x3b9
 698 037c 06       		.uleb128 0x6
 699 037d 60020000 		.4byte	.LASF57
 700 0381 08       		.byte	0x8
 701 0382 65       		.byte	0x65
 702 0383 B9030000 		.4byte	0x3b9
 703 0387 00       		.byte	0
 704 0388 06       		.uleb128 0x6
 705 0389 29020000 		.4byte	.LASF58
 706 038d 08       		.byte	0x8
 707 038e 67       		.byte	0x67
 708 038f B9030000 		.4byte	0x3b9
 709 0393 04       		.byte	0x4
 710 0394 06       		.uleb128 0x6
 711 0395 39030000 		.4byte	.LASF59
 712 0399 08       		.byte	0x8
 713 039a 69       		.byte	0x69
 714 039b 34010000 		.4byte	0x134
 715 039f 08       		.byte	0x8
 716 03a0 06       		.uleb128 0x6
 717 03a1 1B000000 		.4byte	.LASF60
 718 03a5 08       		.byte	0x8
 719 03a6 6A       		.byte	0x6a
 720 03a7 49030000 		.4byte	0x349
 721 03ab 0C       		.byte	0xc
 722 03ac 06       		.uleb128 0x6
 723 03ad 04050000 		.4byte	.LASF61
 724 03b1 08       		.byte	0x8
 725 03b2 6C       		.byte	0x6c
 726 03b3 98020000 		.4byte	0x298
 727 03b7 10       		.byte	0x10
 728 03b8 00       		.byte	0
 729 03b9 09       		.uleb128 0x9
 730 03ba 04       		.byte	0x4
 731 03bb 65030000 		.4byte	0x365
 732 03bf 08       		.uleb128 0x8
ARM GAS  /tmp/cc4QvDLz.s 			page 14


 733 03c0 10       		.byte	0x10
 734 03c1 08       		.byte	0x8
 735 03c2 76       		.byte	0x76
 736 03c3 F8030000 		.4byte	0x3f8
 737 03c7 06       		.uleb128 0x6
 738 03c8 60020000 		.4byte	.LASF57
 739 03cc 08       		.byte	0x8
 740 03cd 77       		.byte	0x77
 741 03ce B9030000 		.4byte	0x3b9
 742 03d2 00       		.byte	0
 743 03d3 06       		.uleb128 0x6
 744 03d4 29020000 		.4byte	.LASF58
 745 03d8 08       		.byte	0x8
 746 03d9 79       		.byte	0x79
 747 03da B9030000 		.4byte	0x3b9
 748 03de 04       		.byte	0x4
 749 03df 06       		.uleb128 0x6
 750 03e0 39030000 		.4byte	.LASF59
 751 03e4 08       		.byte	0x8
 752 03e5 7B       		.byte	0x7b
 753 03e6 34010000 		.4byte	0x134
 754 03ea 08       		.byte	0x8
 755 03eb 06       		.uleb128 0x6
 756 03ec 78050000 		.4byte	.LASF62
 757 03f0 08       		.byte	0x8
 758 03f1 7C       		.byte	0x7c
 759 03f2 F8030000 		.4byte	0x3f8
 760 03f6 0C       		.byte	0xc
 761 03f7 00       		.byte	0
 762 03f8 0F       		.uleb128 0xf
 763 03f9 34010000 		.4byte	0x134
 764 03fd 04       		.uleb128 0x4
 765 03fe 8E050000 		.4byte	.LASF63
 766 0402 08       		.byte	0x8
 767 0403 7D       		.byte	0x7d
 768 0404 BF030000 		.4byte	0x3bf
 769 0408 08       		.uleb128 0x8
 770 0409 1C       		.byte	0x1c
 771 040a 09       		.byte	0x9
 772 040b 5E       		.byte	0x5e
 773 040c 59040000 		.4byte	0x459
 774 0410 06       		.uleb128 0x6
 775 0411 96040000 		.4byte	.LASF64
 776 0415 09       		.byte	0x9
 777 0416 5F       		.byte	0x5f
 778 0417 62020000 		.4byte	0x262
 779 041b 00       		.byte	0
 780 041c 06       		.uleb128 0x6
 781 041d 36040000 		.4byte	.LASF65
 782 0421 09       		.byte	0x9
 783 0422 60       		.byte	0x60
 784 0423 13010000 		.4byte	0x113
 785 0427 08       		.byte	0x8
 786 0428 06       		.uleb128 0x6
 787 0429 76030000 		.4byte	.LASF66
 788 042d 09       		.byte	0x9
 789 042e 62       		.byte	0x62
ARM GAS  /tmp/cc4QvDLz.s 			page 15


 790 042f 21030000 		.4byte	0x321
 791 0433 0C       		.byte	0xc
 792 0434 06       		.uleb128 0x6
 793 0435 B3020000 		.4byte	.LASF67
 794 0439 09       		.byte	0x9
 795 043a 65       		.byte	0x65
 796 043b 5C020000 		.4byte	0x25c
 797 043f 10       		.byte	0x10
 798 0440 06       		.uleb128 0x6
 799 0441 9B030000 		.4byte	.LASF68
 800 0445 09       		.byte	0x9
 801 0446 66       		.byte	0x66
 802 0447 5C020000 		.4byte	0x25c
 803 044b 14       		.byte	0x14
 804 044c 06       		.uleb128 0x6
 805 044d 91030000 		.4byte	.LASF69
 806 0451 09       		.byte	0x9
 807 0452 69       		.byte	0x69
 808 0453 5C020000 		.4byte	0x25c
 809 0457 18       		.byte	0x18
 810 0458 00       		.byte	0
 811 0459 04       		.uleb128 0x4
 812 045a 24050000 		.4byte	.LASF70
 813 045e 09       		.byte	0x9
 814 045f 6B       		.byte	0x6b
 815 0460 08040000 		.4byte	0x408
 816 0464 05       		.uleb128 0x5
 817 0465 02030000 		.4byte	.LASF71
 818 0469 10       		.byte	0x10
 819 046a 0A       		.byte	0xa
 820 046b 2C       		.byte	0x2c
 821 046c 95040000 		.4byte	0x495
 822 0470 06       		.uleb128 0x6
 823 0471 C6010000 		.4byte	.LASF72
 824 0475 0A       		.byte	0xa
 825 0476 2D       		.byte	0x2d
 826 0477 62020000 		.4byte	0x262
 827 047b 00       		.byte	0
 828 047c 06       		.uleb128 0x6
 829 047d 95050000 		.4byte	.LASF73
 830 0481 0A       		.byte	0xa
 831 0482 2F       		.byte	0x2f
 832 0483 5C020000 		.4byte	0x25c
 833 0487 08       		.byte	0x8
 834 0488 06       		.uleb128 0x6
 835 0489 BB040000 		.4byte	.LASF74
 836 048d 0A       		.byte	0xa
 837 048e 31       		.byte	0x31
 838 048f 95040000 		.4byte	0x495
 839 0493 0C       		.byte	0xc
 840 0494 00       		.byte	0
 841 0495 09       		.uleb128 0x9
 842 0496 04       		.byte	0x4
 843 0497 64040000 		.4byte	0x464
 844 049b 04       		.uleb128 0x4
 845 049c 02030000 		.4byte	.LASF71
 846 04a0 0A       		.byte	0xa
ARM GAS  /tmp/cc4QvDLz.s 			page 16


 847 04a1 33       		.byte	0x33
 848 04a2 64040000 		.4byte	0x464
 849 04a6 10       		.uleb128 0x10
 850 04a7 04       		.byte	0x4
 851 04a8 06       		.byte	0x6
 852 04a9 96       		.byte	0x96
 853 04aa DB040000 		.4byte	0x4db
 854 04ae 11       		.uleb128 0x11
 855 04af 16050000 		.4byte	.LASF75
 856 04b3 06       		.byte	0x6
 857 04b4 9D       		.byte	0x9d
 858 04b5 1E010000 		.4byte	0x11e
 859 04b9 11       		.uleb128 0x11
 860 04ba 4F010000 		.4byte	.LASF76
 861 04be 06       		.byte	0x6
 862 04bf A4       		.byte	0xa4
 863 04c0 1E010000 		.4byte	0x11e
 864 04c4 11       		.uleb128 0x11
 865 04c5 6A050000 		.4byte	.LASF77
 866 04c9 06       		.byte	0x6
 867 04ca AB       		.byte	0xab
 868 04cb 98020000 		.4byte	0x298
 869 04cf 11       		.uleb128 0x11
 870 04d0 3D040000 		.4byte	.LASF78
 871 04d4 06       		.byte	0x6
 872 04d5 B2       		.byte	0xb2
 873 04d6 29010000 		.4byte	0x129
 874 04da 00       		.byte	0
 875 04db 09       		.uleb128 0x9
 876 04dc 04       		.byte	0x4
 877 04dd E8040000 		.4byte	0x4e8
 878 04e1 03       		.uleb128 0x3
 879 04e2 01       		.byte	0x1
 880 04e3 08       		.byte	0x8
 881 04e4 AB040000 		.4byte	.LASF79
 882 04e8 12       		.uleb128 0x12
 883 04e9 E1040000 		.4byte	0x4e1
 884 04ed 09       		.uleb128 0x9
 885 04ee 04       		.byte	0x4
 886 04ef 9B040000 		.4byte	0x49b
 887 04f3 04       		.uleb128 0x4
 888 04f4 00000000 		.4byte	.LASF80
 889 04f8 06       		.byte	0x6
 890 04f9 E5       		.byte	0xe5
 891 04fa FE040000 		.4byte	0x4fe
 892 04fe 09       		.uleb128 0x9
 893 04ff 04       		.byte	0x4
 894 0500 04050000 		.4byte	0x504
 895 0504 13       		.uleb128 0x13
 896 0505 1E010000 		.4byte	0x11e
 897 0509 13050000 		.4byte	0x513
 898 050d 0E       		.uleb128 0xe
 899 050e 98020000 		.4byte	0x298
 900 0512 00       		.byte	0
 901 0513 08       		.uleb128 0x8
 902 0514 16       		.byte	0x16
 903 0515 0B       		.byte	0xb
ARM GAS  /tmp/cc4QvDLz.s 			page 17


 904 0516 2C       		.byte	0x2c
 905 0517 F4050000 		.4byte	0x5f4
 906 051b 06       		.uleb128 0x6
 907 051c 8C020000 		.4byte	.LASF81
 908 0520 0B       		.byte	0xb
 909 0521 2D       		.byte	0x2d
 910 0522 F4050000 		.4byte	0x5f4
 911 0526 00       		.byte	0
 912 0527 06       		.uleb128 0x6
 913 0528 25030000 		.4byte	.LASF82
 914 052c 0B       		.byte	0xb
 915 052d 2E       		.byte	0x2e
 916 052e A9000000 		.4byte	0xa9
 917 0532 04       		.byte	0x4
 918 0533 06       		.uleb128 0x6
 919 0534 89030000 		.4byte	.LASF83
 920 0538 0B       		.byte	0xb
 921 0539 2F       		.byte	0x2f
 922 053a A9000000 		.4byte	0xa9
 923 053e 05       		.byte	0x5
 924 053f 06       		.uleb128 0x6
 925 0540 83050000 		.4byte	.LASF84
 926 0544 0B       		.byte	0xb
 927 0545 30       		.byte	0x30
 928 0546 B4000000 		.4byte	0xb4
 929 054a 06       		.byte	0x6
 930 054b 06       		.uleb128 0x6
 931 054c C3030000 		.4byte	.LASF85
 932 0550 0B       		.byte	0xb
 933 0551 31       		.byte	0x31
 934 0552 A9000000 		.4byte	0xa9
 935 0556 08       		.byte	0x8
 936 0557 06       		.uleb128 0x6
 937 0558 56030000 		.4byte	.LASF86
 938 055c 0B       		.byte	0xb
 939 055d 32       		.byte	0x32
 940 055e A9000000 		.4byte	0xa9
 941 0562 09       		.byte	0x9
 942 0563 06       		.uleb128 0x6
 943 0564 41010000 		.4byte	.LASF87
 944 0568 0B       		.byte	0xb
 945 0569 33       		.byte	0x33
 946 056a A9000000 		.4byte	0xa9
 947 056e 0A       		.byte	0xa
 948 056f 06       		.uleb128 0x6
 949 0570 8A040000 		.4byte	.LASF88
 950 0574 0B       		.byte	0xb
 951 0575 34       		.byte	0x34
 952 0576 A9000000 		.4byte	0xa9
 953 057a 0B       		.byte	0xb
 954 057b 06       		.uleb128 0x6
 955 057c 0B050000 		.4byte	.LASF89
 956 0580 0B       		.byte	0xb
 957 0581 35       		.byte	0x35
 958 0582 A9000000 		.4byte	0xa9
 959 0586 0C       		.byte	0xc
 960 0587 06       		.uleb128 0x6
ARM GAS  /tmp/cc4QvDLz.s 			page 18


 961 0588 69040000 		.4byte	.LASF90
 962 058c 0B       		.byte	0xb
 963 058d 36       		.byte	0x36
 964 058e A9000000 		.4byte	0xa9
 965 0592 0D       		.byte	0xd
 966 0593 06       		.uleb128 0x6
 967 0594 08000000 		.4byte	.LASF91
 968 0598 0B       		.byte	0xb
 969 0599 37       		.byte	0x37
 970 059a A9000000 		.4byte	0xa9
 971 059e 0E       		.byte	0xe
 972 059f 06       		.uleb128 0x6
 973 05a0 62030000 		.4byte	.LASF92
 974 05a4 0B       		.byte	0xb
 975 05a5 38       		.byte	0x38
 976 05a6 A9000000 		.4byte	0xa9
 977 05aa 0F       		.byte	0xf
 978 05ab 06       		.uleb128 0x6
 979 05ac A1010000 		.4byte	.LASF93
 980 05b0 0B       		.byte	0xb
 981 05b1 39       		.byte	0x39
 982 05b2 A9000000 		.4byte	0xa9
 983 05b6 10       		.byte	0x10
 984 05b7 06       		.uleb128 0x6
 985 05b8 6A010000 		.4byte	.LASF94
 986 05bc 0B       		.byte	0xb
 987 05bd 3B       		.byte	0x3b
 988 05be A9000000 		.4byte	0xa9
 989 05c2 11       		.byte	0x11
 990 05c3 06       		.uleb128 0x6
 991 05c4 B1010000 		.4byte	.LASF95
 992 05c8 0B       		.byte	0xb
 993 05c9 3C       		.byte	0x3c
 994 05ca A9000000 		.4byte	0xa9
 995 05ce 12       		.byte	0x12
 996 05cf 06       		.uleb128 0x6
 997 05d0 2D030000 		.4byte	.LASF96
 998 05d4 0B       		.byte	0xb
 999 05d5 3D       		.byte	0x3d
 1000 05d6 A9000000 		.4byte	0xa9
 1001 05da 13       		.byte	0x13
 1002 05db 06       		.uleb128 0x6
 1003 05dc 4B040000 		.4byte	.LASF97
 1004 05e0 0B       		.byte	0xb
 1005 05e1 3E       		.byte	0x3e
 1006 05e2 A9000000 		.4byte	0xa9
 1007 05e6 14       		.byte	0x14
 1008 05e7 06       		.uleb128 0x6
 1009 05e8 2A040000 		.4byte	.LASF98
 1010 05ec 0B       		.byte	0xb
 1011 05ed 40       		.byte	0x40
 1012 05ee A9000000 		.4byte	0xa9
 1013 05f2 15       		.byte	0x15
 1014 05f3 00       		.byte	0
 1015 05f4 14       		.uleb128 0x14
 1016 05f5 E1040000 		.4byte	0x4e1
 1017 05f9 04060000 		.4byte	0x604
ARM GAS  /tmp/cc4QvDLz.s 			page 19


 1018 05fd 15       		.uleb128 0x15
 1019 05fe 42030000 		.4byte	0x342
 1020 0602 03       		.byte	0x3
 1021 0603 00       		.byte	0
 1022 0604 04       		.uleb128 0x4
 1023 0605 F3010000 		.4byte	.LASF99
 1024 0609 0B       		.byte	0xb
 1025 060a 41       		.byte	0x41
 1026 060b 13050000 		.4byte	0x513
 1027 060f 16       		.uleb128 0x16
 1028 0610 A3030000 		.4byte	.LASF117
 1029 0614 01       		.byte	0x1
 1030 0615 3D       		.byte	0x3d
 1031 0616 00000000 		.4byte	.LFB7
 1032 061a 14000000 		.4byte	.LFE7-.LFB7
 1033 061e 01       		.uleb128 0x1
 1034 061f 9C       		.byte	0x9c
 1035 0620 30060000 		.4byte	0x630
 1036 0624 17       		.uleb128 0x17
 1037 0625 7000     		.ascii	"p\000"
 1038 0627 01       		.byte	0x1
 1039 0628 3D       		.byte	0x3d
 1040 0629 98020000 		.4byte	0x298
 1041 062d 01       		.uleb128 0x1
 1042 062e 50       		.byte	0x50
 1043 062f 00       		.byte	0
 1044 0630 18       		.uleb128 0x18
 1045 0631 31020000 		.4byte	.LASF101
 1046 0635 01       		.byte	0x1
 1047 0636 54       		.byte	0x54
 1048 0637 00000000 		.4byte	.LFB8
 1049 063b 5C000000 		.4byte	.LFE8-.LFB8
 1050 063f 01       		.uleb128 0x1
 1051 0640 9C       		.byte	0x9c
 1052 0641 E9060000 		.4byte	0x6e9
 1053 0645 19       		.uleb128 0x19
 1054 0646 58010000 		.4byte	.LASF100
 1055 064a 01       		.byte	0x1
 1056 064b 55       		.byte	0x55
 1057 064c 3F010000 		.4byte	0x13f
 1058 0650 05       		.uleb128 0x5
 1059 0651 03       		.byte	0x3
 1060 0652 00000000 		.4byte	mainthread.4903
 1061 0656 1A       		.uleb128 0x1a
 1062 0657 28000000 		.4byte	.LBB2
 1063 065b 08000000 		.4byte	.LBE2-.LBB2
 1064 065f 71060000 		.4byte	0x671
 1065 0663 1B       		.uleb128 0x1b
 1066 0664 746D7000 		.ascii	"tmp\000"
 1067 0668 01       		.byte	0x1
 1068 0669 6F       		.byte	0x6f
 1069 066a CA000000 		.4byte	0xca
 1070 066e 01       		.uleb128 0x1
 1071 066f 53       		.byte	0x53
 1072 0670 00       		.byte	0
 1073 0671 1C       		.uleb128 0x1c
 1074 0672 08000000 		.4byte	.LVL1
ARM GAS  /tmp/cc4QvDLz.s 			page 20


 1075 0676 B1070000 		.4byte	0x7b1
 1076 067a 1C       		.uleb128 0x1c
 1077 067b 0C000000 		.4byte	.LVL2
 1078 067f BD070000 		.4byte	0x7bd
 1079 0683 1C       		.uleb128 0x1c
 1080 0684 10000000 		.4byte	.LVL3
 1081 0688 C8070000 		.4byte	0x7c8
 1082 068c 1C       		.uleb128 0x1c
 1083 068d 14000000 		.4byte	.LVL4
 1084 0691 D3070000 		.4byte	0x7d3
 1085 0695 1C       		.uleb128 0x1c
 1086 0696 18000000 		.4byte	.LVL5
 1087 069a DE070000 		.4byte	0x7de
 1088 069e 1D       		.uleb128 0x1d
 1089 069f 20000000 		.4byte	.LVL6
 1090 06a3 E9070000 		.4byte	0x7e9
 1091 06a7 BB060000 		.4byte	0x6bb
 1092 06ab 1E       		.uleb128 0x1e
 1093 06ac 01       		.uleb128 0x1
 1094 06ad 50       		.byte	0x50
 1095 06ae 05       		.uleb128 0x5
 1096 06af 03       		.byte	0x3
 1097 06b0 00000000 		.4byte	.LANCHOR0
 1098 06b4 1E       		.uleb128 0x1e
 1099 06b5 01       		.uleb128 0x1
 1100 06b6 51       		.byte	0x51
 1101 06b7 02       		.uleb128 0x2
 1102 06b8 08       		.byte	0x8
 1103 06b9 40       		.byte	0x40
 1104 06ba 00       		.byte	0
 1105 06bb 1F       		.uleb128 0x1f
 1106 06bc 42000000 		.4byte	.LVL7
 1107 06c0 F5070000 		.4byte	0x7f5
 1108 06c4 1E       		.uleb128 0x1e
 1109 06c5 01       		.uleb128 0x1
 1110 06c6 50       		.byte	0x50
 1111 06c7 05       		.uleb128 0x5
 1112 06c8 03       		.byte	0x3
 1113 06c9 00000000 		.4byte	.LANCHOR1
 1114 06cd 1E       		.uleb128 0x1e
 1115 06ce 01       		.uleb128 0x1
 1116 06cf 51       		.byte	0x51
 1117 06d0 02       		.uleb128 0x2
 1118 06d1 08       		.byte	0x8
 1119 06d2 D8       		.byte	0xd8
 1120 06d3 1E       		.uleb128 0x1e
 1121 06d4 01       		.uleb128 0x1
 1122 06d5 52       		.byte	0x52
 1123 06d6 01       		.uleb128 0x1
 1124 06d7 31       		.byte	0x31
 1125 06d8 1E       		.uleb128 0x1e
 1126 06d9 01       		.uleb128 0x1
 1127 06da 53       		.byte	0x53
 1128 06db 05       		.uleb128 0x5
 1129 06dc 03       		.byte	0x3
 1130 06dd 00000000 		.4byte	_idle_thread
 1131 06e1 1E       		.uleb128 0x1e
ARM GAS  /tmp/cc4QvDLz.s 			page 21


 1132 06e2 02       		.uleb128 0x2
 1133 06e3 7D       		.byte	0x7d
 1134 06e4 00       		.sleb128 0
 1135 06e5 01       		.uleb128 0x1
 1136 06e6 30       		.byte	0x30
 1137 06e7 00       		.byte	0
 1138 06e8 00       		.byte	0
 1139 06e9 18       		.uleb128 0x18
 1140 06ea 3D000000 		.4byte	.LASF102
 1141 06ee 01       		.byte	0x1
 1142 06ef 89       		.byte	0x89
 1143 06f0 00000000 		.4byte	.LFB9
 1144 06f4 50000000 		.4byte	.LFE9-.LFB9
 1145 06f8 01       		.uleb128 0x1
 1146 06f9 9C       		.byte	0x9c
 1147 06fa 6A070000 		.4byte	0x76a
 1148 06fe 20       		.uleb128 0x20
 1149 06ff 1C000000 		.4byte	.LBB3
 1150 0703 34000000 		.4byte	.LBE3-.LBB3
 1151 0707 21       		.uleb128 0x21
 1152 0708 76747000 		.ascii	"vtp\000"
 1153 070c 01       		.byte	0x1
 1154 070d 96       		.byte	0x96
 1155 070e B9030000 		.4byte	0x3b9
 1156 0712 00000000 		.4byte	.LLST0
 1157 0716 20       		.uleb128 0x20
 1158 0717 24000000 		.4byte	.LBB4
 1159 071b 1A000000 		.4byte	.LBE4-.LBB4
 1160 071f 21       		.uleb128 0x21
 1161 0720 666E00   		.ascii	"fn\000"
 1162 0723 01       		.byte	0x1
 1163 0724 96       		.byte	0x96
 1164 0725 49030000 		.4byte	0x349
 1165 0729 1E000000 		.4byte	.LLST1
 1166 072d 22       		.uleb128 0x22
 1167 072e 00000000 		.4byte	.Ldebug_ranges0+0
 1168 0732 44070000 		.4byte	0x744
 1169 0736 1B       		.uleb128 0x1b
 1170 0737 746D7000 		.ascii	"tmp\000"
 1171 073b 01       		.byte	0x1
 1172 073c 96       		.byte	0x96
 1173 073d CA000000 		.4byte	0xca
 1174 0741 01       		.uleb128 0x1
 1175 0742 53       		.byte	0x53
 1176 0743 00       		.byte	0
 1177 0744 1A       		.uleb128 0x1a
 1178 0745 38000000 		.4byte	.LBB7
 1179 0749 06000000 		.4byte	.LBE7-.LBB7
 1180 074d 5F070000 		.4byte	0x75f
 1181 0751 1B       		.uleb128 0x1b
 1182 0752 746D7000 		.ascii	"tmp\000"
 1183 0756 01       		.byte	0x1
 1184 0757 96       		.byte	0x96
 1185 0758 CA000000 		.4byte	0xca
 1186 075c 01       		.uleb128 0x1
 1187 075d 53       		.byte	0x53
 1188 075e 00       		.byte	0
ARM GAS  /tmp/cc4QvDLz.s 			page 22


 1189 075f 23       		.uleb128 0x23
 1190 0760 38000000 		.4byte	.LVL10
 1191 0764 02       		.uleb128 0x2
 1192 0765 75       		.byte	0x75
 1193 0766 00       		.sleb128 0
 1194 0767 00       		.byte	0
 1195 0768 00       		.byte	0
 1196 0769 00       		.byte	0
 1197 076a 24       		.uleb128 0x24
 1198 076b 36000000 		.4byte	.LASF103
 1199 076f 08       		.byte	0x8
 1200 0770 F5       		.byte	0xf5
 1201 0771 FD030000 		.4byte	0x3fd
 1202 0775 24       		.uleb128 0x24
 1203 0776 51050000 		.4byte	.LASF104
 1204 077a 09       		.byte	0x9
 1205 077b 6F       		.byte	0x6f
 1206 077c 59040000 		.4byte	0x459
 1207 0780 24       		.uleb128 0x24
 1208 0781 7A020000 		.4byte	.LASF105
 1209 0785 0B       		.byte	0xb
 1210 0786 7E       		.byte	0x7e
 1211 0787 8B070000 		.4byte	0x78b
 1212 078b 12       		.uleb128 0x12
 1213 078c 04060000 		.4byte	0x604
 1214 0790 14       		.uleb128 0x14
 1215 0791 9A020000 		.4byte	0x29a
 1216 0795 A0070000 		.4byte	0x7a0
 1217 0799 15       		.uleb128 0x15
 1218 079a 42030000 		.4byte	0x342
 1219 079e 1A       		.byte	0x1a
 1220 079f 00       		.byte	0
 1221 07a0 25       		.uleb128 0x25
 1222 07a1 05020000 		.4byte	.LASF106
 1223 07a5 01       		.byte	0x1
 1224 07a6 31       		.byte	0x31
 1225 07a7 90070000 		.4byte	0x790
 1226 07ab 05       		.uleb128 0x5
 1227 07ac 03       		.byte	0x3
 1228 07ad 00000000 		.4byte	_idle_thread_wa
 1229 07b1 26       		.uleb128 0x26
 1230 07b2 5F050000 		.4byte	.LASF107
 1231 07b6 5F050000 		.4byte	.LASF107
 1232 07ba 07       		.byte	0x7
 1233 07bb 0202     		.2byte	0x202
 1234 07bd 27       		.uleb128 0x27
 1235 07be 77010000 		.4byte	.LASF108
 1236 07c2 77010000 		.4byte	.LASF108
 1237 07c6 09       		.byte	0x9
 1238 07c7 8E       		.byte	0x8e
 1239 07c8 27       		.uleb128 0x27
 1240 07c9 E1040000 		.4byte	.LASF109
 1241 07cd E1040000 		.4byte	.LASF109
 1242 07d1 08       		.byte	0x8
 1243 07d2 FD       		.byte	0xfd
 1244 07d3 27       		.uleb128 0x27
 1245 07d4 F9030000 		.4byte	.LASF110
ARM GAS  /tmp/cc4QvDLz.s 			page 23


 1246 07d8 F9030000 		.4byte	.LASF110
 1247 07dc 0C       		.byte	0xc
 1248 07dd 51       		.byte	0x51
 1249 07de 27       		.uleb128 0x27
 1250 07df 3B020000 		.4byte	.LASF111
 1251 07e3 3B020000 		.4byte	.LASF111
 1252 07e7 0D       		.byte	0xd
 1253 07e8 55       		.byte	0x55
 1254 07e9 26       		.uleb128 0x26
 1255 07ea 53020000 		.4byte	.LASF112
 1256 07ee 53020000 		.4byte	.LASF112
 1257 07f2 06       		.byte	0x6
 1258 07f3 6A01     		.2byte	0x16a
 1259 07f5 26       		.uleb128 0x26
 1260 07f6 13030000 		.4byte	.LASF113
 1261 07fa 13030000 		.4byte	.LASF113
 1262 07fe 06       		.byte	0x6
 1263 07ff 7001     		.2byte	0x170
 1264 0801 00       		.byte	0
 1265              		.section	.debug_abbrev,"",%progbits
 1266              	.Ldebug_abbrev0:
 1267 0000 01       		.uleb128 0x1
 1268 0001 11       		.uleb128 0x11
 1269 0002 01       		.byte	0x1
 1270 0003 25       		.uleb128 0x25
 1271 0004 0E       		.uleb128 0xe
 1272 0005 13       		.uleb128 0x13
 1273 0006 0B       		.uleb128 0xb
 1274 0007 03       		.uleb128 0x3
 1275 0008 0E       		.uleb128 0xe
 1276 0009 1B       		.uleb128 0x1b
 1277 000a 0E       		.uleb128 0xe
 1278 000b 55       		.uleb128 0x55
 1279 000c 17       		.uleb128 0x17
 1280 000d 11       		.uleb128 0x11
 1281 000e 01       		.uleb128 0x1
 1282 000f 10       		.uleb128 0x10
 1283 0010 17       		.uleb128 0x17
 1284 0011 00       		.byte	0
 1285 0012 00       		.byte	0
 1286 0013 02       		.uleb128 0x2
 1287 0014 24       		.uleb128 0x24
 1288 0015 00       		.byte	0
 1289 0016 0B       		.uleb128 0xb
 1290 0017 0B       		.uleb128 0xb
 1291 0018 3E       		.uleb128 0x3e
 1292 0019 0B       		.uleb128 0xb
 1293 001a 03       		.uleb128 0x3
 1294 001b 08       		.uleb128 0x8
 1295 001c 00       		.byte	0
 1296 001d 00       		.byte	0
 1297 001e 03       		.uleb128 0x3
 1298 001f 24       		.uleb128 0x24
 1299 0020 00       		.byte	0
 1300 0021 0B       		.uleb128 0xb
 1301 0022 0B       		.uleb128 0xb
 1302 0023 3E       		.uleb128 0x3e
ARM GAS  /tmp/cc4QvDLz.s 			page 24


 1303 0024 0B       		.uleb128 0xb
 1304 0025 03       		.uleb128 0x3
 1305 0026 0E       		.uleb128 0xe
 1306 0027 00       		.byte	0
 1307 0028 00       		.byte	0
 1308 0029 04       		.uleb128 0x4
 1309 002a 16       		.uleb128 0x16
 1310 002b 00       		.byte	0
 1311 002c 03       		.uleb128 0x3
 1312 002d 0E       		.uleb128 0xe
 1313 002e 3A       		.uleb128 0x3a
 1314 002f 0B       		.uleb128 0xb
 1315 0030 3B       		.uleb128 0x3b
 1316 0031 0B       		.uleb128 0xb
 1317 0032 49       		.uleb128 0x49
 1318 0033 13       		.uleb128 0x13
 1319 0034 00       		.byte	0
 1320 0035 00       		.byte	0
 1321 0036 05       		.uleb128 0x5
 1322 0037 13       		.uleb128 0x13
 1323 0038 01       		.byte	0x1
 1324 0039 03       		.uleb128 0x3
 1325 003a 0E       		.uleb128 0xe
 1326 003b 0B       		.uleb128 0xb
 1327 003c 0B       		.uleb128 0xb
 1328 003d 3A       		.uleb128 0x3a
 1329 003e 0B       		.uleb128 0xb
 1330 003f 3B       		.uleb128 0x3b
 1331 0040 0B       		.uleb128 0xb
 1332 0041 01       		.uleb128 0x1
 1333 0042 13       		.uleb128 0x13
 1334 0043 00       		.byte	0
 1335 0044 00       		.byte	0
 1336 0045 06       		.uleb128 0x6
 1337 0046 0D       		.uleb128 0xd
 1338 0047 00       		.byte	0
 1339 0048 03       		.uleb128 0x3
 1340 0049 0E       		.uleb128 0xe
 1341 004a 3A       		.uleb128 0x3a
 1342 004b 0B       		.uleb128 0xb
 1343 004c 3B       		.uleb128 0x3b
 1344 004d 0B       		.uleb128 0xb
 1345 004e 49       		.uleb128 0x49
 1346 004f 13       		.uleb128 0x13
 1347 0050 38       		.uleb128 0x38
 1348 0051 0B       		.uleb128 0xb
 1349 0052 00       		.byte	0
 1350 0053 00       		.byte	0
 1351 0054 07       		.uleb128 0x7
 1352 0055 0D       		.uleb128 0xd
 1353 0056 00       		.byte	0
 1354 0057 03       		.uleb128 0x3
 1355 0058 08       		.uleb128 0x8
 1356 0059 3A       		.uleb128 0x3a
 1357 005a 0B       		.uleb128 0xb
 1358 005b 3B       		.uleb128 0x3b
 1359 005c 0B       		.uleb128 0xb
ARM GAS  /tmp/cc4QvDLz.s 			page 25


 1360 005d 49       		.uleb128 0x49
 1361 005e 13       		.uleb128 0x13
 1362 005f 38       		.uleb128 0x38
 1363 0060 0B       		.uleb128 0xb
 1364 0061 00       		.byte	0
 1365 0062 00       		.byte	0
 1366 0063 08       		.uleb128 0x8
 1367 0064 13       		.uleb128 0x13
 1368 0065 01       		.byte	0x1
 1369 0066 0B       		.uleb128 0xb
 1370 0067 0B       		.uleb128 0xb
 1371 0068 3A       		.uleb128 0x3a
 1372 0069 0B       		.uleb128 0xb
 1373 006a 3B       		.uleb128 0x3b
 1374 006b 0B       		.uleb128 0xb
 1375 006c 01       		.uleb128 0x1
 1376 006d 13       		.uleb128 0x13
 1377 006e 00       		.byte	0
 1378 006f 00       		.byte	0
 1379 0070 09       		.uleb128 0x9
 1380 0071 0F       		.uleb128 0xf
 1381 0072 00       		.byte	0
 1382 0073 0B       		.uleb128 0xb
 1383 0074 0B       		.uleb128 0xb
 1384 0075 49       		.uleb128 0x49
 1385 0076 13       		.uleb128 0x13
 1386 0077 00       		.byte	0
 1387 0078 00       		.byte	0
 1388 0079 0A       		.uleb128 0xa
 1389 007a 0F       		.uleb128 0xf
 1390 007b 00       		.byte	0
 1391 007c 0B       		.uleb128 0xb
 1392 007d 0B       		.uleb128 0xb
 1393 007e 00       		.byte	0
 1394 007f 00       		.byte	0
 1395 0080 0B       		.uleb128 0xb
 1396 0081 13       		.uleb128 0x13
 1397 0082 01       		.byte	0x1
 1398 0083 03       		.uleb128 0x3
 1399 0084 0E       		.uleb128 0xe
 1400 0085 0B       		.uleb128 0xb
 1401 0086 0B       		.uleb128 0xb
 1402 0087 3A       		.uleb128 0x3a
 1403 0088 0B       		.uleb128 0xb
 1404 0089 3B       		.uleb128 0x3b
 1405 008a 05       		.uleb128 0x5
 1406 008b 01       		.uleb128 0x1
 1407 008c 13       		.uleb128 0x13
 1408 008d 00       		.byte	0
 1409 008e 00       		.byte	0
 1410 008f 0C       		.uleb128 0xc
 1411 0090 0D       		.uleb128 0xd
 1412 0091 00       		.byte	0
 1413 0092 03       		.uleb128 0x3
 1414 0093 08       		.uleb128 0x8
 1415 0094 3A       		.uleb128 0x3a
 1416 0095 0B       		.uleb128 0xb
ARM GAS  /tmp/cc4QvDLz.s 			page 26


 1417 0096 3B       		.uleb128 0x3b
 1418 0097 05       		.uleb128 0x5
 1419 0098 49       		.uleb128 0x49
 1420 0099 13       		.uleb128 0x13
 1421 009a 38       		.uleb128 0x38
 1422 009b 0B       		.uleb128 0xb
 1423 009c 00       		.byte	0
 1424 009d 00       		.byte	0
 1425 009e 0D       		.uleb128 0xd
 1426 009f 15       		.uleb128 0x15
 1427 00a0 01       		.byte	0x1
 1428 00a1 27       		.uleb128 0x27
 1429 00a2 19       		.uleb128 0x19
 1430 00a3 01       		.uleb128 0x1
 1431 00a4 13       		.uleb128 0x13
 1432 00a5 00       		.byte	0
 1433 00a6 00       		.byte	0
 1434 00a7 0E       		.uleb128 0xe
 1435 00a8 05       		.uleb128 0x5
 1436 00a9 00       		.byte	0
 1437 00aa 49       		.uleb128 0x49
 1438 00ab 13       		.uleb128 0x13
 1439 00ac 00       		.byte	0
 1440 00ad 00       		.byte	0
 1441 00ae 0F       		.uleb128 0xf
 1442 00af 35       		.uleb128 0x35
 1443 00b0 00       		.byte	0
 1444 00b1 49       		.uleb128 0x49
 1445 00b2 13       		.uleb128 0x13
 1446 00b3 00       		.byte	0
 1447 00b4 00       		.byte	0
 1448 00b5 10       		.uleb128 0x10
 1449 00b6 17       		.uleb128 0x17
 1450 00b7 01       		.byte	0x1
 1451 00b8 0B       		.uleb128 0xb
 1452 00b9 0B       		.uleb128 0xb
 1453 00ba 3A       		.uleb128 0x3a
 1454 00bb 0B       		.uleb128 0xb
 1455 00bc 3B       		.uleb128 0x3b
 1456 00bd 0B       		.uleb128 0xb
 1457 00be 01       		.uleb128 0x1
 1458 00bf 13       		.uleb128 0x13
 1459 00c0 00       		.byte	0
 1460 00c1 00       		.byte	0
 1461 00c2 11       		.uleb128 0x11
 1462 00c3 0D       		.uleb128 0xd
 1463 00c4 00       		.byte	0
 1464 00c5 03       		.uleb128 0x3
 1465 00c6 0E       		.uleb128 0xe
 1466 00c7 3A       		.uleb128 0x3a
 1467 00c8 0B       		.uleb128 0xb
 1468 00c9 3B       		.uleb128 0x3b
 1469 00ca 0B       		.uleb128 0xb
 1470 00cb 49       		.uleb128 0x49
 1471 00cc 13       		.uleb128 0x13
 1472 00cd 00       		.byte	0
 1473 00ce 00       		.byte	0
ARM GAS  /tmp/cc4QvDLz.s 			page 27


 1474 00cf 12       		.uleb128 0x12
 1475 00d0 26       		.uleb128 0x26
 1476 00d1 00       		.byte	0
 1477 00d2 49       		.uleb128 0x49
 1478 00d3 13       		.uleb128 0x13
 1479 00d4 00       		.byte	0
 1480 00d5 00       		.byte	0
 1481 00d6 13       		.uleb128 0x13
 1482 00d7 15       		.uleb128 0x15
 1483 00d8 01       		.byte	0x1
 1484 00d9 27       		.uleb128 0x27
 1485 00da 19       		.uleb128 0x19
 1486 00db 49       		.uleb128 0x49
 1487 00dc 13       		.uleb128 0x13
 1488 00dd 01       		.uleb128 0x1
 1489 00de 13       		.uleb128 0x13
 1490 00df 00       		.byte	0
 1491 00e0 00       		.byte	0
 1492 00e1 14       		.uleb128 0x14
 1493 00e2 01       		.uleb128 0x1
 1494 00e3 01       		.byte	0x1
 1495 00e4 49       		.uleb128 0x49
 1496 00e5 13       		.uleb128 0x13
 1497 00e6 01       		.uleb128 0x1
 1498 00e7 13       		.uleb128 0x13
 1499 00e8 00       		.byte	0
 1500 00e9 00       		.byte	0
 1501 00ea 15       		.uleb128 0x15
 1502 00eb 21       		.uleb128 0x21
 1503 00ec 00       		.byte	0
 1504 00ed 49       		.uleb128 0x49
 1505 00ee 13       		.uleb128 0x13
 1506 00ef 2F       		.uleb128 0x2f
 1507 00f0 0B       		.uleb128 0xb
 1508 00f1 00       		.byte	0
 1509 00f2 00       		.byte	0
 1510 00f3 16       		.uleb128 0x16
 1511 00f4 2E       		.uleb128 0x2e
 1512 00f5 01       		.byte	0x1
 1513 00f6 3F       		.uleb128 0x3f
 1514 00f7 19       		.uleb128 0x19
 1515 00f8 03       		.uleb128 0x3
 1516 00f9 0E       		.uleb128 0xe
 1517 00fa 3A       		.uleb128 0x3a
 1518 00fb 0B       		.uleb128 0xb
 1519 00fc 3B       		.uleb128 0x3b
 1520 00fd 0B       		.uleb128 0xb
 1521 00fe 27       		.uleb128 0x27
 1522 00ff 19       		.uleb128 0x19
 1523 0100 8701     		.uleb128 0x87
 1524 0102 19       		.uleb128 0x19
 1525 0103 11       		.uleb128 0x11
 1526 0104 01       		.uleb128 0x1
 1527 0105 12       		.uleb128 0x12
 1528 0106 06       		.uleb128 0x6
 1529 0107 40       		.uleb128 0x40
 1530 0108 18       		.uleb128 0x18
ARM GAS  /tmp/cc4QvDLz.s 			page 28


 1531 0109 9742     		.uleb128 0x2117
 1532 010b 19       		.uleb128 0x19
 1533 010c 01       		.uleb128 0x1
 1534 010d 13       		.uleb128 0x13
 1535 010e 00       		.byte	0
 1536 010f 00       		.byte	0
 1537 0110 17       		.uleb128 0x17
 1538 0111 05       		.uleb128 0x5
 1539 0112 00       		.byte	0
 1540 0113 03       		.uleb128 0x3
 1541 0114 08       		.uleb128 0x8
 1542 0115 3A       		.uleb128 0x3a
 1543 0116 0B       		.uleb128 0xb
 1544 0117 3B       		.uleb128 0x3b
 1545 0118 0B       		.uleb128 0xb
 1546 0119 49       		.uleb128 0x49
 1547 011a 13       		.uleb128 0x13
 1548 011b 02       		.uleb128 0x2
 1549 011c 18       		.uleb128 0x18
 1550 011d 00       		.byte	0
 1551 011e 00       		.byte	0
 1552 011f 18       		.uleb128 0x18
 1553 0120 2E       		.uleb128 0x2e
 1554 0121 01       		.byte	0x1
 1555 0122 3F       		.uleb128 0x3f
 1556 0123 19       		.uleb128 0x19
 1557 0124 03       		.uleb128 0x3
 1558 0125 0E       		.uleb128 0xe
 1559 0126 3A       		.uleb128 0x3a
 1560 0127 0B       		.uleb128 0xb
 1561 0128 3B       		.uleb128 0x3b
 1562 0129 0B       		.uleb128 0xb
 1563 012a 27       		.uleb128 0x27
 1564 012b 19       		.uleb128 0x19
 1565 012c 11       		.uleb128 0x11
 1566 012d 01       		.uleb128 0x1
 1567 012e 12       		.uleb128 0x12
 1568 012f 06       		.uleb128 0x6
 1569 0130 40       		.uleb128 0x40
 1570 0131 18       		.uleb128 0x18
 1571 0132 9742     		.uleb128 0x2117
 1572 0134 19       		.uleb128 0x19
 1573 0135 01       		.uleb128 0x1
 1574 0136 13       		.uleb128 0x13
 1575 0137 00       		.byte	0
 1576 0138 00       		.byte	0
 1577 0139 19       		.uleb128 0x19
 1578 013a 34       		.uleb128 0x34
 1579 013b 00       		.byte	0
 1580 013c 03       		.uleb128 0x3
 1581 013d 0E       		.uleb128 0xe
 1582 013e 3A       		.uleb128 0x3a
 1583 013f 0B       		.uleb128 0xb
 1584 0140 3B       		.uleb128 0x3b
 1585 0141 0B       		.uleb128 0xb
 1586 0142 49       		.uleb128 0x49
 1587 0143 13       		.uleb128 0x13
ARM GAS  /tmp/cc4QvDLz.s 			page 29


 1588 0144 02       		.uleb128 0x2
 1589 0145 18       		.uleb128 0x18
 1590 0146 00       		.byte	0
 1591 0147 00       		.byte	0
 1592 0148 1A       		.uleb128 0x1a
 1593 0149 0B       		.uleb128 0xb
 1594 014a 01       		.byte	0x1
 1595 014b 11       		.uleb128 0x11
 1596 014c 01       		.uleb128 0x1
 1597 014d 12       		.uleb128 0x12
 1598 014e 06       		.uleb128 0x6
 1599 014f 01       		.uleb128 0x1
 1600 0150 13       		.uleb128 0x13
 1601 0151 00       		.byte	0
 1602 0152 00       		.byte	0
 1603 0153 1B       		.uleb128 0x1b
 1604 0154 34       		.uleb128 0x34
 1605 0155 00       		.byte	0
 1606 0156 03       		.uleb128 0x3
 1607 0157 08       		.uleb128 0x8
 1608 0158 3A       		.uleb128 0x3a
 1609 0159 0B       		.uleb128 0xb
 1610 015a 3B       		.uleb128 0x3b
 1611 015b 0B       		.uleb128 0xb
 1612 015c 49       		.uleb128 0x49
 1613 015d 13       		.uleb128 0x13
 1614 015e 02       		.uleb128 0x2
 1615 015f 18       		.uleb128 0x18
 1616 0160 00       		.byte	0
 1617 0161 00       		.byte	0
 1618 0162 1C       		.uleb128 0x1c
 1619 0163 898201   		.uleb128 0x4109
 1620 0166 00       		.byte	0
 1621 0167 11       		.uleb128 0x11
 1622 0168 01       		.uleb128 0x1
 1623 0169 31       		.uleb128 0x31
 1624 016a 13       		.uleb128 0x13
 1625 016b 00       		.byte	0
 1626 016c 00       		.byte	0
 1627 016d 1D       		.uleb128 0x1d
 1628 016e 898201   		.uleb128 0x4109
 1629 0171 01       		.byte	0x1
 1630 0172 11       		.uleb128 0x11
 1631 0173 01       		.uleb128 0x1
 1632 0174 31       		.uleb128 0x31
 1633 0175 13       		.uleb128 0x13
 1634 0176 01       		.uleb128 0x1
 1635 0177 13       		.uleb128 0x13
 1636 0178 00       		.byte	0
 1637 0179 00       		.byte	0
 1638 017a 1E       		.uleb128 0x1e
 1639 017b 8A8201   		.uleb128 0x410a
 1640 017e 00       		.byte	0
 1641 017f 02       		.uleb128 0x2
 1642 0180 18       		.uleb128 0x18
 1643 0181 9142     		.uleb128 0x2111
 1644 0183 18       		.uleb128 0x18
ARM GAS  /tmp/cc4QvDLz.s 			page 30


 1645 0184 00       		.byte	0
 1646 0185 00       		.byte	0
 1647 0186 1F       		.uleb128 0x1f
 1648 0187 898201   		.uleb128 0x4109
 1649 018a 01       		.byte	0x1
 1650 018b 11       		.uleb128 0x11
 1651 018c 01       		.uleb128 0x1
 1652 018d 31       		.uleb128 0x31
 1653 018e 13       		.uleb128 0x13
 1654 018f 00       		.byte	0
 1655 0190 00       		.byte	0
 1656 0191 20       		.uleb128 0x20
 1657 0192 0B       		.uleb128 0xb
 1658 0193 01       		.byte	0x1
 1659 0194 11       		.uleb128 0x11
 1660 0195 01       		.uleb128 0x1
 1661 0196 12       		.uleb128 0x12
 1662 0197 06       		.uleb128 0x6
 1663 0198 00       		.byte	0
 1664 0199 00       		.byte	0
 1665 019a 21       		.uleb128 0x21
 1666 019b 34       		.uleb128 0x34
 1667 019c 00       		.byte	0
 1668 019d 03       		.uleb128 0x3
 1669 019e 08       		.uleb128 0x8
 1670 019f 3A       		.uleb128 0x3a
 1671 01a0 0B       		.uleb128 0xb
 1672 01a1 3B       		.uleb128 0x3b
 1673 01a2 0B       		.uleb128 0xb
 1674 01a3 49       		.uleb128 0x49
 1675 01a4 13       		.uleb128 0x13
 1676 01a5 02       		.uleb128 0x2
 1677 01a6 17       		.uleb128 0x17
 1678 01a7 00       		.byte	0
 1679 01a8 00       		.byte	0
 1680 01a9 22       		.uleb128 0x22
 1681 01aa 0B       		.uleb128 0xb
 1682 01ab 01       		.byte	0x1
 1683 01ac 55       		.uleb128 0x55
 1684 01ad 17       		.uleb128 0x17
 1685 01ae 01       		.uleb128 0x1
 1686 01af 13       		.uleb128 0x13
 1687 01b0 00       		.byte	0
 1688 01b1 00       		.byte	0
 1689 01b2 23       		.uleb128 0x23
 1690 01b3 898201   		.uleb128 0x4109
 1691 01b6 00       		.byte	0
 1692 01b7 11       		.uleb128 0x11
 1693 01b8 01       		.uleb128 0x1
 1694 01b9 9342     		.uleb128 0x2113
 1695 01bb 18       		.uleb128 0x18
 1696 01bc 00       		.byte	0
 1697 01bd 00       		.byte	0
 1698 01be 24       		.uleb128 0x24
 1699 01bf 34       		.uleb128 0x34
 1700 01c0 00       		.byte	0
 1701 01c1 03       		.uleb128 0x3
ARM GAS  /tmp/cc4QvDLz.s 			page 31


 1702 01c2 0E       		.uleb128 0xe
 1703 01c3 3A       		.uleb128 0x3a
 1704 01c4 0B       		.uleb128 0xb
 1705 01c5 3B       		.uleb128 0x3b
 1706 01c6 0B       		.uleb128 0xb
 1707 01c7 49       		.uleb128 0x49
 1708 01c8 13       		.uleb128 0x13
 1709 01c9 3F       		.uleb128 0x3f
 1710 01ca 19       		.uleb128 0x19
 1711 01cb 3C       		.uleb128 0x3c
 1712 01cc 19       		.uleb128 0x19
 1713 01cd 00       		.byte	0
 1714 01ce 00       		.byte	0
 1715 01cf 25       		.uleb128 0x25
 1716 01d0 34       		.uleb128 0x34
 1717 01d1 00       		.byte	0
 1718 01d2 03       		.uleb128 0x3
 1719 01d3 0E       		.uleb128 0xe
 1720 01d4 3A       		.uleb128 0x3a
 1721 01d5 0B       		.uleb128 0xb
 1722 01d6 3B       		.uleb128 0x3b
 1723 01d7 0B       		.uleb128 0xb
 1724 01d8 49       		.uleb128 0x49
 1725 01d9 13       		.uleb128 0x13
 1726 01da 3F       		.uleb128 0x3f
 1727 01db 19       		.uleb128 0x19
 1728 01dc 02       		.uleb128 0x2
 1729 01dd 18       		.uleb128 0x18
 1730 01de 00       		.byte	0
 1731 01df 00       		.byte	0
 1732 01e0 26       		.uleb128 0x26
 1733 01e1 2E       		.uleb128 0x2e
 1734 01e2 00       		.byte	0
 1735 01e3 3F       		.uleb128 0x3f
 1736 01e4 19       		.uleb128 0x19
 1737 01e5 3C       		.uleb128 0x3c
 1738 01e6 19       		.uleb128 0x19
 1739 01e7 6E       		.uleb128 0x6e
 1740 01e8 0E       		.uleb128 0xe
 1741 01e9 03       		.uleb128 0x3
 1742 01ea 0E       		.uleb128 0xe
 1743 01eb 3A       		.uleb128 0x3a
 1744 01ec 0B       		.uleb128 0xb
 1745 01ed 3B       		.uleb128 0x3b
 1746 01ee 05       		.uleb128 0x5
 1747 01ef 00       		.byte	0
 1748 01f0 00       		.byte	0
 1749 01f1 27       		.uleb128 0x27
 1750 01f2 2E       		.uleb128 0x2e
 1751 01f3 00       		.byte	0
 1752 01f4 3F       		.uleb128 0x3f
 1753 01f5 19       		.uleb128 0x19
 1754 01f6 3C       		.uleb128 0x3c
 1755 01f7 19       		.uleb128 0x19
 1756 01f8 6E       		.uleb128 0x6e
 1757 01f9 0E       		.uleb128 0xe
 1758 01fa 03       		.uleb128 0x3
ARM GAS  /tmp/cc4QvDLz.s 			page 32


 1759 01fb 0E       		.uleb128 0xe
 1760 01fc 3A       		.uleb128 0x3a
 1761 01fd 0B       		.uleb128 0xb
 1762 01fe 3B       		.uleb128 0x3b
 1763 01ff 0B       		.uleb128 0xb
 1764 0200 00       		.byte	0
 1765 0201 00       		.byte	0
 1766 0202 00       		.byte	0
 1767              		.section	.debug_loc,"",%progbits
 1768              	.Ldebug_loc0:
 1769              	.LLST0:
 1770 0000 22000000 		.4byte	.LVL8
 1771 0004 37000000 		.4byte	.LVL10-1
 1772 0008 0100     		.2byte	0x1
 1773 000a 52       		.byte	0x52
 1774 000b 40000000 		.4byte	.LVL11
 1775 000f 46000000 		.4byte	.LVL12
 1776 0013 0100     		.2byte	0x1
 1777 0015 52       		.byte	0x52
 1778 0016 00000000 		.4byte	0
 1779 001a 00000000 		.4byte	0
 1780              	.LLST1:
 1781 001e 28000000 		.4byte	.LVL9
 1782 0022 46000000 		.4byte	.LVL12
 1783 0026 0100     		.2byte	0x1
 1784 0028 55       		.byte	0x55
 1785 0029 00000000 		.4byte	0
 1786 002d 00000000 		.4byte	0
 1787              		.section	.debug_aranges,"",%progbits
 1788 0000 2C000000 		.4byte	0x2c
 1789 0004 0200     		.2byte	0x2
 1790 0006 00000000 		.4byte	.Ldebug_info0
 1791 000a 04       		.byte	0x4
 1792 000b 00       		.byte	0
 1793 000c 0000     		.2byte	0
 1794 000e 0000     		.2byte	0
 1795 0010 00000000 		.4byte	.LFB7
 1796 0014 14000000 		.4byte	.LFE7-.LFB7
 1797 0018 00000000 		.4byte	.LFB8
 1798 001c 5C000000 		.4byte	.LFE8-.LFB8
 1799 0020 00000000 		.4byte	.LFB9
 1800 0024 50000000 		.4byte	.LFE9-.LFB9
 1801 0028 00000000 		.4byte	0
 1802 002c 00000000 		.4byte	0
 1803              		.section	.debug_ranges,"",%progbits
 1804              	.Ldebug_ranges0:
 1805 0000 2C000000 		.4byte	.LBB5
 1806 0004 2E000000 		.4byte	.LBE5
 1807 0008 30000000 		.4byte	.LBB6
 1808 000c 34000000 		.4byte	.LBE6
 1809 0010 00000000 		.4byte	0
 1810 0014 00000000 		.4byte	0
 1811 0018 00000000 		.4byte	.LFB7
 1812 001c 14000000 		.4byte	.LFE7
 1813 0020 00000000 		.4byte	.LFB8
 1814 0024 5C000000 		.4byte	.LFE8
 1815 0028 00000000 		.4byte	.LFB9
ARM GAS  /tmp/cc4QvDLz.s 			page 33


 1816 002c 50000000 		.4byte	.LFE9
 1817 0030 00000000 		.4byte	0
 1818 0034 00000000 		.4byte	0
 1819              		.section	.debug_line,"",%progbits
 1820              	.Ldebug_line0:
 1821 0000 04020000 		.section	.debug_str,"MS",%progbits,1
 1821      0200B301 
 1821      00000201 
 1821      FB0E0D00 
 1821      01010101 
 1822              	.LASF80:
 1823 0000 7466756E 		.ascii	"tfunc_t\000"
 1823      635F7400 
 1824              	.LASF91:
 1825 0008 63665F6F 		.ascii	"cf_off_older\000"
 1825      66665F6F 
 1825      6C646572 
 1825      00
 1826              	.LASF43:
 1827 0015 705F6D73 		.ascii	"p_msg\000"
 1827      6700
 1828              	.LASF60:
 1829 001b 76745F66 		.ascii	"vt_func\000"
 1829      756E6300 
 1830              	.LASF19:
 1831 0023 75696E74 		.ascii	"uint64_t\000"
 1831      36345F74 
 1831      00
 1832              	.LASF6:
 1833 002c 5F5F7569 		.ascii	"__uint8_t\000"
 1833      6E74385F 
 1833      7400
 1834              	.LASF103:
 1835 0036 76746C69 		.ascii	"vtlist\000"
 1835      737400
 1836              	.LASF102:
 1837 003d 63685379 		.ascii	"chSysTimerHandlerI\000"
 1837      7354696D 
 1837      65724861 
 1837      6E646C65 
 1837      724900
 1838              	.LASF114:
 1839 0050 474E5520 		.ascii	"GNU C11 5.4.1 20160919 (release) [ARM/embedded-5-br"
 1839      43313120 
 1839      352E342E 
 1839      31203230 
 1839      31363039 
 1840 0083 616E6368 		.ascii	"anch revision 240496] -mcpu=cortex-m4 -mno-thumb-in"
 1840      20726576 
 1840      6973696F 
 1840      6E203234 
 1840      30343936 
 1841 00b6 74657277 		.ascii	"terwork -mthumb -ggdb -O2 -fomit-frame-pointer -fal"
 1841      6F726B20 
 1841      2D6D7468 
 1841      756D6220 
 1841      2D676764 
ARM GAS  /tmp/cc4QvDLz.s 			page 34


 1842 00e9 69676E2D 		.ascii	"ign-functions=16 -ffunction-sections -fdata-section"
 1842      66756E63 
 1842      74696F6E 
 1842      733D3136 
 1842      202D6666 
 1843 011c 73202D66 		.ascii	"s -fno-common\000"
 1843      6E6F2D63 
 1843      6F6D6D6F 
 1843      6E00
 1844              	.LASF14:
 1845 012a 6C6F6E67 		.ascii	"long long unsigned int\000"
 1845      206C6F6E 
 1845      6720756E 
 1845      7369676E 
 1845      65642069 
 1846              	.LASF87:
 1847 0141 63685F74 		.ascii	"ch_threadsize\000"
 1847      68726561 
 1847      6473697A 
 1847      6500
 1848              	.LASF76:
 1849 014f 65786974 		.ascii	"exitcode\000"
 1849      636F6465 
 1849      00
 1850              	.LASF100:
 1851 0158 6D61696E 		.ascii	"mainthread\000"
 1851      74687265 
 1851      616400
 1852              	.LASF32:
 1853 0163 705F7072 		.ascii	"p_prio\000"
 1853      696F00
 1854              	.LASF94:
 1855 016a 63665F6F 		.ascii	"cf_off_state\000"
 1855      66665F73 
 1855      74617465 
 1855      00
 1856              	.LASF108:
 1857 0177 5F736368 		.ascii	"_scheduler_init\000"
 1857      6564756C 
 1857      65725F69 
 1857      6E697400 
 1858              	.LASF1:
 1859 0187 6C6F6E67 		.ascii	"long long int\000"
 1859      206C6F6E 
 1859      6720696E 
 1859      7400
 1860              	.LASF3:
 1861 0195 7369676E 		.ascii	"signed char\000"
 1861      65642063 
 1861      68617200 
 1862              	.LASF93:
 1863 01a1 63665F6F 		.ascii	"cf_off_stklimit\000"
 1863      66665F73 
 1863      746B6C69 
 1863      6D697400 
 1864              	.LASF95:
 1865 01b1 63665F6F 		.ascii	"cf_off_flags\000"
ARM GAS  /tmp/cc4QvDLz.s 			page 35


 1865      66665F66 
 1865      6C616773 
 1865      00
 1866              	.LASF47:
 1867 01be 705F6D70 		.ascii	"p_mpool\000"
 1867      6F6F6C00 
 1868              	.LASF72:
 1869 01c6 6D5F7175 		.ascii	"m_queue\000"
 1869      65756500 
 1870              	.LASF24:
 1871 01ce 74736C69 		.ascii	"tslices_t\000"
 1871      6365735F 
 1871      7400
 1872              	.LASF10:
 1873 01d8 6C6F6E67 		.ascii	"long int\000"
 1873      20696E74 
 1873      00
 1874              	.LASF22:
 1875 01e1 74737461 		.ascii	"tstate_t\000"
 1875      74655F74 
 1875      00
 1876              	.LASF16:
 1877 01ea 75696E74 		.ascii	"uint16_t\000"
 1877      31365F74 
 1877      00
 1878              	.LASF99:
 1879 01f3 63686465 		.ascii	"chdebug_t\000"
 1879      6275675F 
 1879      7400
 1880              	.LASF34:
 1881 01fd 705F6E65 		.ascii	"p_newer\000"
 1881      77657200 
 1882              	.LASF106:
 1883 0205 5F69646C 		.ascii	"_idle_thread_wa\000"
 1883      655F7468 
 1883      72656164 
 1883      5F776100 
 1884              	.LASF11:
 1885 0215 5F5F7569 		.ascii	"__uint32_t\000"
 1885      6E743332 
 1885      5F7400
 1886              	.LASF50:
 1887 0220 72656761 		.ascii	"regarm_t\000"
 1887      726D5F74 
 1887      00
 1888              	.LASF58:
 1889 0229 76745F70 		.ascii	"vt_prev\000"
 1889      72657600 
 1890              	.LASF101:
 1891 0231 63685379 		.ascii	"chSysInit\000"
 1891      73496E69 
 1891      7400
 1892              	.LASF111:
 1893 023b 5F686561 		.ascii	"_heap_init\000"
 1893      705F696E 
 1893      697400
 1894              	.LASF0:
ARM GAS  /tmp/cc4QvDLz.s 			page 36


 1895 0246 756E7369 		.ascii	"unsigned int\000"
 1895      676E6564 
 1895      20696E74 
 1895      00
 1896              	.LASF112:
 1897 0253 5F746872 		.ascii	"_thread_init\000"
 1897      6561645F 
 1897      696E6974 
 1897      00
 1898              	.LASF57:
 1899 0260 76745F6E 		.ascii	"vt_next\000"
 1899      65787400 
 1900              	.LASF12:
 1901 0268 6C6F6E67 		.ascii	"long unsigned int\000"
 1901      20756E73 
 1901      69676E65 
 1901      6420696E 
 1901      7400
 1902              	.LASF105:
 1903 027a 63685F64 		.ascii	"ch_debug\000"
 1903      65627567 
 1903      00
 1904              	.LASF55:
 1905 0283 76746675 		.ascii	"vtfunc_t\000"
 1905      6E635F74 
 1905      00
 1906              	.LASF81:
 1907 028c 63685F69 		.ascii	"ch_identifier\000"
 1907      64656E74 
 1907      69666965 
 1907      7200
 1908              	.LASF8:
 1909 029a 73686F72 		.ascii	"short unsigned int\000"
 1909      7420756E 
 1909      7369676E 
 1909      65642069 
 1909      6E7400
 1910              	.LASF26:
 1911 02ad 6D73675F 		.ascii	"msg_t\000"
 1911      7400
 1912              	.LASF67:
 1913 02b3 725F6E65 		.ascii	"r_newer\000"
 1913      77657200 
 1914              	.LASF115:
 1915 02bb 2E2E2F43 		.ascii	"../ChibiOS_2.6.9/os/kernel/src/chsys.c\000"
 1915      68696269 
 1915      4F535F32 
 1915      2E362E39 
 1915      2F6F732F 
 1916              	.LASF21:
 1917 02e2 746D6F64 		.ascii	"tmode_t\000"
 1917      655F7400 
 1918              	.LASF49:
 1919 02ea 54687265 		.ascii	"ThreadsList\000"
 1919      6164734C 
 1919      69737400 
 1920              	.LASF27:
ARM GAS  /tmp/cc4QvDLz.s 			page 37


 1921 02f6 6576656E 		.ascii	"eventmask_t\000"
 1921      746D6173 
 1921      6B5F7400 
 1922              	.LASF71:
 1923 0302 4D757465 		.ascii	"Mutex\000"
 1923      7800
 1924              	.LASF51:
 1925 0308 73746B61 		.ascii	"stkalign_t\000"
 1925      6C69676E 
 1925      5F7400
 1926              	.LASF113:
 1927 0313 63685468 		.ascii	"chThdCreateStatic\000"
 1927      64437265 
 1927      61746553 
 1927      74617469 
 1927      6300
 1928              	.LASF82:
 1929 0325 63685F7A 		.ascii	"ch_zero\000"
 1929      65726F00 
 1930              	.LASF96:
 1931 032d 63665F6F 		.ascii	"cf_off_refs\000"
 1931      66665F72 
 1931      65667300 
 1932              	.LASF59:
 1933 0339 76745F74 		.ascii	"vt_time\000"
 1933      696D6500 
 1934              	.LASF54:
 1935 0341 73697A65 		.ascii	"sizetype\000"
 1935      74797065 
 1935      00
 1936              	.LASF2:
 1937 034a 6C6F6E67 		.ascii	"long double\000"
 1937      20646F75 
 1937      626C6500 
 1938              	.LASF86:
 1939 0356 63685F74 		.ascii	"ch_timesize\000"
 1939      696D6573 
 1939      697A6500 
 1940              	.LASF92:
 1941 0362 63665F6F 		.ascii	"cf_off_name\000"
 1941      66665F6E 
 1941      616D6500 
 1942              	.LASF35:
 1943 036e 705F6F6C 		.ascii	"p_older\000"
 1943      64657200 
 1944              	.LASF66:
 1945 0376 725F6374 		.ascii	"r_ctx\000"
 1945      7800
 1946              	.LASF48:
 1947 037c 54687265 		.ascii	"ThreadsQueue\000"
 1947      61647351 
 1947      75657565 
 1947      00
 1948              	.LASF83:
 1949 0389 63685F73 		.ascii	"ch_size\000"
 1949      697A6500 
 1950              	.LASF69:
ARM GAS  /tmp/cc4QvDLz.s 			page 38


 1951 0391 725F6375 		.ascii	"r_current\000"
 1951      7272656E 
 1951      7400
 1952              	.LASF68:
 1953 039b 725F6F6C 		.ascii	"r_older\000"
 1953      64657200 
 1954              	.LASF117:
 1955 03a3 5F69646C 		.ascii	"_idle_thread\000"
 1955      655F7468 
 1955      72656164 
 1955      00
 1956              	.LASF13:
 1957 03b0 5F5F7569 		.ascii	"__uint64_t\000"
 1957      6E743634 
 1957      5F7400
 1958              	.LASF23:
 1959 03bb 74726566 		.ascii	"trefs_t\000"
 1959      735F7400 
 1960              	.LASF85:
 1961 03c3 63685F70 		.ascii	"ch_ptrsize\000"
 1961      74727369 
 1961      7A6500
 1962              	.LASF31:
 1963 03ce 705F7072 		.ascii	"p_prev\000"
 1963      657600
 1964              	.LASF25:
 1965 03d5 74707269 		.ascii	"tprio_t\000"
 1965      6F5F7400 
 1966              	.LASF20:
 1967 03dd 5F426F6F 		.ascii	"_Bool\000"
 1967      6C00
 1968              	.LASF17:
 1969 03e3 696E7433 		.ascii	"int32_t\000"
 1969      325F7400 
 1970              	.LASF4:
 1971 03eb 756E7369 		.ascii	"unsigned char\000"
 1971      676E6564 
 1971      20636861 
 1971      7200
 1972              	.LASF110:
 1973 03f9 5F636F72 		.ascii	"_core_init\000"
 1973      655F696E 
 1973      697400
 1974              	.LASF45:
 1975 0404 705F6D74 		.ascii	"p_mtxlist\000"
 1975      786C6973 
 1975      7400
 1976              	.LASF5:
 1977 040e 73686F72 		.ascii	"short int\000"
 1977      7420696E 
 1977      7400
 1978              	.LASF37:
 1979 0418 705F7374 		.ascii	"p_state\000"
 1979      61746500 
 1980              	.LASF40:
 1981 0420 705F7072 		.ascii	"p_preempt\000"
 1981      65656D70 
ARM GAS  /tmp/cc4QvDLz.s 			page 39


 1981      7400
 1982              	.LASF98:
 1983 042a 63665F6F 		.ascii	"cf_off_time\000"
 1983      66665F74 
 1983      696D6500 
 1984              	.LASF65:
 1985 0436 725F7072 		.ascii	"r_prio\000"
 1985      696F00
 1986              	.LASF78:
 1987 043d 65776D61 		.ascii	"ewmask\000"
 1987      736B00
 1988              	.LASF30:
 1989 0444 705F6E65 		.ascii	"p_next\000"
 1989      787400
 1990              	.LASF97:
 1991 044b 63665F6F 		.ascii	"cf_off_preempt\000"
 1991      66665F70 
 1991      7265656D 
 1991      707400
 1992              	.LASF38:
 1993 045a 705F666C 		.ascii	"p_flags\000"
 1993      61677300 
 1994              	.LASF29:
 1995 0462 54687265 		.ascii	"Thread\000"
 1995      616400
 1996              	.LASF90:
 1997 0469 63665F6F 		.ascii	"cf_off_newer\000"
 1997      66665F6E 
 1997      65776572 
 1997      00
 1998              	.LASF44:
 1999 0476 705F6570 		.ascii	"p_epending\000"
 1999      656E6469 
 1999      6E6700
 2000              	.LASF18:
 2001 0481 75696E74 		.ascii	"uint32_t\000"
 2001      33325F74 
 2001      00
 2002              	.LASF88:
 2003 048a 63665F6F 		.ascii	"cf_off_prio\000"
 2003      66665F70 
 2003      72696F00 
 2004              	.LASF64:
 2005 0496 725F7175 		.ascii	"r_queue\000"
 2005      65756500 
 2006              	.LASF56:
 2007 049e 56697274 		.ascii	"VirtualTimer\000"
 2007      75616C54 
 2007      696D6572 
 2007      00
 2008              	.LASF79:
 2009 04ab 63686172 		.ascii	"char\000"
 2009      00
 2010              	.LASF7:
 2011 04b0 5F5F7569 		.ascii	"__uint16_t\000"
 2011      6E743136 
 2011      5F7400
ARM GAS  /tmp/cc4QvDLz.s 			page 40


 2012              	.LASF74:
 2013 04bb 6D5F6E65 		.ascii	"m_next\000"
 2013      787400
 2014              	.LASF28:
 2015 04c2 73797374 		.ascii	"systime_t\000"
 2015      696D655F 
 2015      7400
 2016              	.LASF46:
 2017 04cc 705F7265 		.ascii	"p_realprio\000"
 2017      616C7072 
 2017      696F00
 2018              	.LASF9:
 2019 04d7 5F5F696E 		.ascii	"__int32_t\000"
 2019      7433325F 
 2019      7400
 2020              	.LASF109:
 2021 04e1 5F76745F 		.ascii	"_vt_init\000"
 2021      696E6974 
 2021      00
 2022              	.LASF53:
 2023 04ea 636F6E74 		.ascii	"context\000"
 2023      65787400 
 2024              	.LASF52:
 2025 04f2 696E7463 		.ascii	"intctx\000"
 2025      747800
 2026              	.LASF42:
 2027 04f9 705F6D73 		.ascii	"p_msgqueue\000"
 2027      67717565 
 2027      756500
 2028              	.LASF61:
 2029 0504 76745F70 		.ascii	"vt_par\000"
 2029      617200
 2030              	.LASF89:
 2031 050b 63665F6F 		.ascii	"cf_off_ctx\000"
 2031      66665F63 
 2031      747800
 2032              	.LASF75:
 2033 0516 7264796D 		.ascii	"rdymsg\000"
 2033      736700
 2034              	.LASF39:
 2035 051d 705F7265 		.ascii	"p_refs\000"
 2035      667300
 2036              	.LASF70:
 2037 0524 52656164 		.ascii	"ReadyList\000"
 2037      794C6973 
 2037      7400
 2038              	.LASF116:
 2039 052e 2F686F6D 		.ascii	"/home/mark/repos/pc_gamecontroller\000"
 2039      652F6D61 
 2039      726B2F72 
 2039      65706F73 
 2039      2F70635F 
 2040              	.LASF104:
 2041 0551 726C6973 		.ascii	"rlist\000"
 2041      7400
 2042              	.LASF15:
 2043 0557 75696E74 		.ascii	"uint8_t\000"
ARM GAS  /tmp/cc4QvDLz.s 			page 41


 2043      385F7400 
 2044              	.LASF107:
 2045 055f 5F706F72 		.ascii	"_port_init\000"
 2045      745F696E 
 2045      697400
 2046              	.LASF77:
 2047 056a 77746F62 		.ascii	"wtobjp\000"
 2047      6A7000
 2048              	.LASF36:
 2049 0571 705F6E61 		.ascii	"p_name\000"
 2049      6D6500
 2050              	.LASF62:
 2051 0578 76745F73 		.ascii	"vt_systime\000"
 2051      79737469 
 2051      6D6500
 2052              	.LASF84:
 2053 0583 63685F76 		.ascii	"ch_version\000"
 2053      65727369 
 2053      6F6E00
 2054              	.LASF63:
 2055 058e 56544C69 		.ascii	"VTList\000"
 2055      737400
 2056              	.LASF73:
 2057 0595 6D5F6F77 		.ascii	"m_owner\000"
 2057      6E657200 
 2058              	.LASF33:
 2059 059d 705F6374 		.ascii	"p_ctx\000"
 2059      7800
 2060              	.LASF41:
 2061 05a3 705F7761 		.ascii	"p_waiting\000"
 2061      6974696E 
 2061      6700
 2062              		.ident	"GCC: (GNU Tools for ARM Embedded Processors) 5.4.1 20160919 (release) [ARM/embedded-5-bran
ARM GAS  /tmp/cc4QvDLz.s 			page 42


DEFINED SYMBOLS
                            *ABS*:00000000 chsys.c
     /tmp/cc4QvDLz.s:20     .text._idle_thread:00000000 $t
     /tmp/cc4QvDLz.s:26     .text._idle_thread:00000000 _idle_thread
     /tmp/cc4QvDLz.s:46     .text._idle_thread:0000000c $d
     /tmp/cc4QvDLz.s:52     .text.chSysInit:00000000 $t
     /tmp/cc4QvDLz.s:58     .text.chSysInit:00000000 chSysInit
     /tmp/cc4QvDLz.s:126    .text.chSysInit:00000048 $d
     /tmp/cc4QvDLz.s:135    .text.chSysTimerHandlerI:00000000 $t
     /tmp/cc4QvDLz.s:141    .text.chSysTimerHandlerI:00000000 chSysTimerHandlerI
     /tmp/cc4QvDLz.s:221    .text.chSysTimerHandlerI:00000048 $d
     /tmp/cc4QvDLz.s:244    .bss._idle_thread_wa:00000000 _idle_thread_wa
     /tmp/cc4QvDLz.s:229    .rodata.str1.4:00000000 $d
     /tmp/cc4QvDLz.s:233    .bss.mainthread.4903:00000000 $d
     /tmp/cc4QvDLz.s:237    .bss.mainthread.4903:00000000 mainthread.4903
     /tmp/cc4QvDLz.s:240    .bss._idle_thread_wa:00000000 $d
                     .debug_frame:00000010 $d

UNDEFINED SYMBOLS
rlist
_port_init
_scheduler_init
_vt_init
_core_init
_heap_init
_thread_init
chThdCreateStatic
ch_debug
vtlist
