ARM GAS  /tmp/ccymEPqV.s 			page 1


   1              		.syntax unified
   2              		.cpu cortex-m4
   3              		.fpu softvfp
   4              		.eabi_attribute 20, 1
   5              		.eabi_attribute 21, 1
   6              		.eabi_attribute 23, 3
   7              		.eabi_attribute 24, 1
   8              		.eabi_attribute 25, 1
   9              		.eabi_attribute 26, 1
  10              		.eabi_attribute 30, 2
  11              		.eabi_attribute 34, 1
  12              		.eabi_attribute 18, 4
  13              		.thumb
  14              		.syntax unified
  15              		.file	"ext_lld_isr.c"
  16              		.text
  17              	.Ltext0:
  18              		.cfi_sections	.debug_frame
  19              	.Letext0:
  20              		.file 1 "/usr/local/gcc-arm-none-eabi-5_4-2016q3/arm-none-eabi/include/machine/_default_types.h"
  21              		.file 2 "/usr/local/gcc-arm-none-eabi-5_4-2016q3/arm-none-eabi/include/sys/_stdint.h"
  22              		.file 3 "../ChibiOS_2.6.9/os/ports/common/ARMCMx/CMSIS/include/core_cm4.h"
  23              		.section	.debug_info,"",%progbits
  24              	.Ldebug_info0:
  25 0000 A3000000 		.4byte	0xa3
  26 0004 0400     		.2byte	0x4
  27 0006 00000000 		.4byte	.Ldebug_abbrev0
  28 000a 04       		.byte	0x4
  29 000b 01       		.uleb128 0x1
  30 000c 55000000 		.4byte	.LASF15
  31 0010 0C       		.byte	0xc
  32 0011 46010000 		.4byte	.LASF16
  33 0015 00000000 		.4byte	.LASF17
  34 0019 00000000 		.4byte	.Ldebug_line0
  35 001d 02       		.uleb128 0x2
  36 001e 04       		.byte	0x4
  37 001f 05       		.byte	0x5
  38 0020 696E7400 		.ascii	"int\000"
  39 0024 03       		.uleb128 0x3
  40 0025 04       		.byte	0x4
  41 0026 07       		.byte	0x7
  42 0027 36000000 		.4byte	.LASF0
  43 002b 03       		.uleb128 0x3
  44 002c 08       		.byte	0x8
  45 002d 05       		.byte	0x5
  46 002e A2010000 		.4byte	.LASF1
  47 0032 03       		.uleb128 0x3
  48 0033 08       		.byte	0x8
  49 0034 04       		.byte	0x4
  50 0035 D3010000 		.4byte	.LASF2
  51 0039 03       		.uleb128 0x3
  52 003a 01       		.byte	0x1
  53 003b 06       		.byte	0x6
  54 003c BD010000 		.4byte	.LASF3
  55 0040 03       		.uleb128 0x3
  56 0041 01       		.byte	0x1
  57 0042 08       		.byte	0x8
ARM GAS  /tmp/ccymEPqV.s 			page 2


  58 0043 80010000 		.4byte	.LASF4
  59 0047 03       		.uleb128 0x3
  60 0048 02       		.byte	0x2
  61 0049 05       		.byte	0x5
  62 004a DF010000 		.4byte	.LASF5
  63 004e 03       		.uleb128 0x3
  64 004f 02       		.byte	0x2
  65 0050 07       		.byte	0x7
  66 0051 23000000 		.4byte	.LASF6
  67 0055 04       		.uleb128 0x4
  68 0056 C9010000 		.4byte	.LASF10
  69 005a 01       		.byte	0x1
  70 005b 3F       		.byte	0x3f
  71 005c 60000000 		.4byte	0x60
  72 0060 03       		.uleb128 0x3
  73 0061 04       		.byte	0x4
  74 0062 05       		.byte	0x5
  75 0063 93010000 		.4byte	.LASF7
  76 0067 03       		.uleb128 0x3
  77 0068 04       		.byte	0x4
  78 0069 07       		.byte	0x7
  79 006a 43000000 		.4byte	.LASF8
  80 006e 03       		.uleb128 0x3
  81 006f 08       		.byte	0x8
  82 0070 07       		.byte	0x7
  83 0071 2F010000 		.4byte	.LASF9
  84 0075 04       		.uleb128 0x4
  85 0076 E9010000 		.4byte	.LASF11
  86 007a 02       		.byte	0x2
  87 007b 2C       		.byte	0x2c
  88 007c 55000000 		.4byte	0x55
  89 0080 03       		.uleb128 0x3
  90 0081 01       		.byte	0x1
  91 0082 02       		.byte	0x2
  92 0083 9C010000 		.4byte	.LASF12
  93 0087 03       		.uleb128 0x3
  94 0088 04       		.byte	0x4
  95 0089 07       		.byte	0x7
  96 008a F1010000 		.4byte	.LASF13
  97 008e 03       		.uleb128 0x3
  98 008f 01       		.byte	0x1
  99 0090 08       		.byte	0x8
 100 0091 8E010000 		.4byte	.LASF14
 101 0095 05       		.uleb128 0x5
 102 0096 75000000 		.4byte	0x75
 103 009a 06       		.uleb128 0x6
 104 009b B0010000 		.4byte	.LASF18
 105 009f 03       		.byte	0x3
 106 00a0 9806     		.2byte	0x698
 107 00a2 95000000 		.4byte	0x95
 108 00a6 00       		.byte	0
 109              		.section	.debug_abbrev,"",%progbits
 110              	.Ldebug_abbrev0:
 111 0000 01       		.uleb128 0x1
 112 0001 11       		.uleb128 0x11
 113 0002 01       		.byte	0x1
 114 0003 25       		.uleb128 0x25
ARM GAS  /tmp/ccymEPqV.s 			page 3


 115 0004 0E       		.uleb128 0xe
 116 0005 13       		.uleb128 0x13
 117 0006 0B       		.uleb128 0xb
 118 0007 03       		.uleb128 0x3
 119 0008 0E       		.uleb128 0xe
 120 0009 1B       		.uleb128 0x1b
 121 000a 0E       		.uleb128 0xe
 122 000b 10       		.uleb128 0x10
 123 000c 17       		.uleb128 0x17
 124 000d 00       		.byte	0
 125 000e 00       		.byte	0
 126 000f 02       		.uleb128 0x2
 127 0010 24       		.uleb128 0x24
 128 0011 00       		.byte	0
 129 0012 0B       		.uleb128 0xb
 130 0013 0B       		.uleb128 0xb
 131 0014 3E       		.uleb128 0x3e
 132 0015 0B       		.uleb128 0xb
 133 0016 03       		.uleb128 0x3
 134 0017 08       		.uleb128 0x8
 135 0018 00       		.byte	0
 136 0019 00       		.byte	0
 137 001a 03       		.uleb128 0x3
 138 001b 24       		.uleb128 0x24
 139 001c 00       		.byte	0
 140 001d 0B       		.uleb128 0xb
 141 001e 0B       		.uleb128 0xb
 142 001f 3E       		.uleb128 0x3e
 143 0020 0B       		.uleb128 0xb
 144 0021 03       		.uleb128 0x3
 145 0022 0E       		.uleb128 0xe
 146 0023 00       		.byte	0
 147 0024 00       		.byte	0
 148 0025 04       		.uleb128 0x4
 149 0026 16       		.uleb128 0x16
 150 0027 00       		.byte	0
 151 0028 03       		.uleb128 0x3
 152 0029 0E       		.uleb128 0xe
 153 002a 3A       		.uleb128 0x3a
 154 002b 0B       		.uleb128 0xb
 155 002c 3B       		.uleb128 0x3b
 156 002d 0B       		.uleb128 0xb
 157 002e 49       		.uleb128 0x49
 158 002f 13       		.uleb128 0x13
 159 0030 00       		.byte	0
 160 0031 00       		.byte	0
 161 0032 05       		.uleb128 0x5
 162 0033 35       		.uleb128 0x35
 163 0034 00       		.byte	0
 164 0035 49       		.uleb128 0x49
 165 0036 13       		.uleb128 0x13
 166 0037 00       		.byte	0
 167 0038 00       		.byte	0
 168 0039 06       		.uleb128 0x6
 169 003a 34       		.uleb128 0x34
 170 003b 00       		.byte	0
 171 003c 03       		.uleb128 0x3
ARM GAS  /tmp/ccymEPqV.s 			page 4


 172 003d 0E       		.uleb128 0xe
 173 003e 3A       		.uleb128 0x3a
 174 003f 0B       		.uleb128 0xb
 175 0040 3B       		.uleb128 0x3b
 176 0041 05       		.uleb128 0x5
 177 0042 49       		.uleb128 0x49
 178 0043 13       		.uleb128 0x13
 179 0044 3F       		.uleb128 0x3f
 180 0045 19       		.uleb128 0x19
 181 0046 3C       		.uleb128 0x3c
 182 0047 19       		.uleb128 0x19
 183 0048 00       		.byte	0
 184 0049 00       		.byte	0
 185 004a 00       		.byte	0
 186              		.section	.debug_aranges,"",%progbits
 187 0000 14000000 		.4byte	0x14
 188 0004 0200     		.2byte	0x2
 189 0006 00000000 		.4byte	.Ldebug_info0
 190 000a 04       		.byte	0x4
 191 000b 00       		.byte	0
 192 000c 0000     		.2byte	0
 193 000e 0000     		.2byte	0
 194 0010 00000000 		.4byte	0
 195 0014 00000000 		.4byte	0
 196              		.section	.debug_line,"",%progbits
 197              	.Ldebug_line0:
 198 0000 06010000 		.section	.debug_str,"MS",%progbits,1
 198      02000001 
 198      00000201 
 198      FB0E0D00 
 198      01010101 
 199              	.LASF17:
 200 0000 2F686F6D 		.ascii	"/home/mark/repos/pc_gamecontroller\000"
 200      652F6D61 
 200      726B2F72 
 200      65706F73 
 200      2F70635F 
 201              	.LASF6:
 202 0023 73686F72 		.ascii	"short unsigned int\000"
 202      7420756E 
 202      7369676E 
 202      65642069 
 202      6E7400
 203              	.LASF0:
 204 0036 756E7369 		.ascii	"unsigned int\000"
 204      676E6564 
 204      20696E74 
 204      00
 205              	.LASF8:
 206 0043 6C6F6E67 		.ascii	"long unsigned int\000"
 206      20756E73 
 206      69676E65 
 206      6420696E 
 206      7400
 207              	.LASF15:
 208 0055 474E5520 		.ascii	"GNU C11 5.4.1 20160919 (release) [ARM/embedded-5-br"
 208      43313120 
ARM GAS  /tmp/ccymEPqV.s 			page 5


 208      352E342E 
 208      31203230 
 208      31363039 
 209 0088 616E6368 		.ascii	"anch revision 240496] -mcpu=cortex-m4 -mno-thumb-in"
 209      20726576 
 209      6973696F 
 209      6E203234 
 209      30343936 
 210 00bb 74657277 		.ascii	"terwork -mthumb -ggdb -O2 -fomit-frame-pointer -fal"
 210      6F726B20 
 210      2D6D7468 
 210      756D6220 
 210      2D676764 
 211 00ee 69676E2D 		.ascii	"ign-functions=16 -ffunction-sections -fdata-section"
 211      66756E63 
 211      74696F6E 
 211      733D3136 
 211      202D6666 
 212 0121 73202D66 		.ascii	"s -fno-common\000"
 212      6E6F2D63 
 212      6F6D6D6F 
 212      6E00
 213              	.LASF9:
 214 012f 6C6F6E67 		.ascii	"long long unsigned int\000"
 214      206C6F6E 
 214      6720756E 
 214      7369676E 
 214      65642069 
 215              	.LASF16:
 216 0146 2E2E2F43 		.ascii	"../ChibiOS_2.6.9/os/hal/platforms/STM32F4xx/ext_lld"
 216      68696269 
 216      4F535F32 
 216      2E362E39 
 216      2F6F732F 
 217 0179 5F697372 		.ascii	"_isr.c\000"
 217      2E6300
 218              	.LASF4:
 219 0180 756E7369 		.ascii	"unsigned char\000"
 219      676E6564 
 219      20636861 
 219      7200
 220              	.LASF14:
 221 018e 63686172 		.ascii	"char\000"
 221      00
 222              	.LASF7:
 223 0193 6C6F6E67 		.ascii	"long int\000"
 223      20696E74 
 223      00
 224              	.LASF12:
 225 019c 5F426F6F 		.ascii	"_Bool\000"
 225      6C00
 226              	.LASF1:
 227 01a2 6C6F6E67 		.ascii	"long long int\000"
 227      206C6F6E 
 227      6720696E 
 227      7400
 228              	.LASF18:
ARM GAS  /tmp/ccymEPqV.s 			page 6


 229 01b0 49544D5F 		.ascii	"ITM_RxBuffer\000"
 229      52784275 
 229      66666572 
 229      00
 230              	.LASF3:
 231 01bd 7369676E 		.ascii	"signed char\000"
 231      65642063 
 231      68617200 
 232              	.LASF10:
 233 01c9 5F5F696E 		.ascii	"__int32_t\000"
 233      7433325F 
 233      7400
 234              	.LASF2:
 235 01d3 6C6F6E67 		.ascii	"long double\000"
 235      20646F75 
 235      626C6500 
 236              	.LASF5:
 237 01df 73686F72 		.ascii	"short int\000"
 237      7420696E 
 237      7400
 238              	.LASF11:
 239 01e9 696E7433 		.ascii	"int32_t\000"
 239      325F7400 
 240              	.LASF13:
 241 01f1 73697A65 		.ascii	"sizetype\000"
 241      74797065 
 241      00
 242              		.ident	"GCC: (GNU Tools for ARM Embedded Processors) 5.4.1 20160919 (release) [ARM/embedded-5-bran
ARM GAS  /tmp/ccymEPqV.s 			page 7


DEFINED SYMBOLS
                            *ABS*:00000000 ext_lld_isr.c

NO UNDEFINED SYMBOLS
